<?xml version="1.0" encoding="UTF-8"?>
<robot generator="Robot 7.1.1 (Python 3.13.1 on darwin)" generated="2025-02-11T11:36:28.023703" rpa="false" schemaversion="5">
<suite id="s1" name="Tests" source="/Users/angeline.rohan/Desktop/QA Automation_Thinx.robot.py/ThinxAutomation1/Thinx-Automation1/tests">
<suite id="s1-s1" name="Registration" source="/Users/angeline.rohan/Desktop/QA Automation_Thinx.robot.py/ThinxAutomation1/Thinx-Automation1/tests/Registration">
<suite id="s1-s1-s1" name="Registration TC002 Test" source="/Users/angeline.rohan/Desktop/QA Automation_Thinx.robot.py/ThinxAutomation1/Thinx-Automation1/tests/Registration/Registration_TC002_Test.robot">
<test id="s1-s1-s1-t1" name="Registration of Thinx" line="21">
<kw name="Open Thinx Homepage Using Chrome Browser" owner="resources" type="SETUP">
<kw name="Open Browser" owner="SeleniumLibrary">
<msg time="2025-02-11T11:36:28.138913" level="INFO">Opening browser 'Chrome' to base url 'https://www.thinx.com/'.</msg>
<arg>${ThinxHomepage}</arg>
<arg>Chrome</arg>
<doc>Opens a new browser instance to the optional ``url``.</doc>
<status status="PASS" start="2025-02-11T11:36:28.138752" elapsed="2.488510"/>
</kw>
<kw name="Maximize Browser Window" owner="SeleniumLibrary">
<doc>Maximizes current browser window.</doc>
<status status="PASS" start="2025-02-11T11:36:30.628132" elapsed="0.377080"/>
</kw>
<status status="PASS" start="2025-02-11T11:36:28.138399" elapsed="2.867174"/>
</kw>
<kw name="Registration Page Opened" owner="Registration_TC001_Pages">
<kw name="Wait Until Element Is Visible" owner="SeleniumLibrary">
<arg>${SignInNav}</arg>
<doc>Waits until the element ``locator`` is visible.</doc>
<status status="PASS" start="2025-02-11T11:36:31.006554" elapsed="0.016872"/>
</kw>
<kw name="Set Focus To Element" owner="SeleniumLibrary">
<arg>${SignInNav}</arg>
<doc>Sets the focus to the element identified by ``locator``.</doc>
<status status="PASS" start="2025-02-11T11:36:31.023734" elapsed="0.014373"/>
</kw>
<kw name="Click Element" owner="SeleniumLibrary">
<msg time="2025-02-11T11:36:31.039090" level="INFO">Clicking element '//header[@class='flex justify-between items-center px-3 h-[3.25rem] lg:h-14.5 lg:px-8 bg-white border-b border-b-brand-tangerine']//a[contains(.,'Sign in')]'.</msg>
<arg>${SignInNav}</arg>
<doc>Click the element identified by ``locator``.</doc>
<status status="PASS" start="2025-02-11T11:36:31.038655" elapsed="0.070952"/>
</kw>
<kw name="Sleep" owner="BuiltIn">
<msg time="2025-02-11T11:36:36.110462" level="INFO">Slept 5 seconds.</msg>
<arg>5</arg>
<doc>Pauses the test executed for the given time.</doc>
<status status="PASS" start="2025-02-11T11:36:31.109882" elapsed="5.000656"/>
</kw>
<kw name="Wait Until Element Is Visible" owner="SeleniumLibrary">
<arg>${CreateAccountLink}</arg>
<doc>Waits until the element ``locator`` is visible.</doc>
<status status="PASS" start="2025-02-11T11:36:36.110649" elapsed="0.016776"/>
</kw>
<kw name="Set Focus To Element" owner="SeleniumLibrary">
<arg>${CreateAccountLink}</arg>
<doc>Sets the focus to the element identified by ``locator``.</doc>
<status status="PASS" start="2025-02-11T11:36:36.127545" elapsed="0.012634"/>
</kw>
<kw name="Click Element" owner="SeleniumLibrary">
<msg time="2025-02-11T11:36:36.140463" level="INFO">Clicking element '//a[contains(.,'Create account')]'.</msg>
<arg>${CreateAccountLink}</arg>
<doc>Click the element identified by ``locator``.</doc>
<status status="PASS" start="2025-02-11T11:36:36.140315" elapsed="0.028211"/>
</kw>
<status status="PASS" start="2025-02-11T11:36:31.006004" elapsed="5.162602"/>
</kw>
<kw name="Generate Timestamped Email" owner="Registration_TC002_Pages">
<kw name="Get Time" owner="BuiltIn">
<msg time="2025-02-11T11:36:36.169824" level="INFO">${timestamp} = 1739291796</msg>
<var>${timestamp}</var>
<arg>epoch</arg>
<doc>Returns the given time in the requested format.</doc>
<status status="PASS" start="2025-02-11T11:36:36.169596" elapsed="0.000252"/>
</kw>
<kw name="Set Variable" owner="BuiltIn">
<msg time="2025-02-11T11:36:36.170247" level="INFO">${RegisterEmail} = email+1739291796@mailinator.com</msg>
<var>${RegisterEmail}</var>
<arg>email+${timestamp}@${EMAIL_DOMAIN}</arg>
<doc>Returns the given values which can then be assigned to a variables.</doc>
<status status="PASS" start="2025-02-11T11:36:36.169964" elapsed="0.000315"/>
</kw>
<return>
<value>${RegisterEmail}</value>
<status status="PASS" start="2025-02-11T11:36:36.170420" elapsed="0.000172"/>
</return>
<status status="PASS" start="2025-02-11T11:36:36.169101" elapsed="0.001668"/>
</kw>
<kw name="Sleep" owner="BuiltIn">
<msg time="2025-02-11T11:36:41.171424" level="INFO">Slept 5 seconds.</msg>
<arg>5</arg>
<doc>Pauses the test executed for the given time.</doc>
<status status="PASS" start="2025-02-11T11:36:36.170965" elapsed="5.000536"/>
</kw>
<kw name="Enter First Name" owner="Registration_TC002_Pages">
<kw name="Sleep" owner="BuiltIn">
<msg time="2025-02-11T11:36:46.173416" level="INFO">Slept 5 seconds.</msg>
<arg>5</arg>
<doc>Pauses the test executed for the given time.</doc>
<status status="PASS" start="2025-02-11T11:36:41.171847" elapsed="5.001677"/>
</kw>
<kw name="Wait Until Element Is Enabled" owner="SeleniumLibrary">
<arg>${Firstname}</arg>
<arg>5</arg>
<doc>Waits until the element ``locator`` is enabled.</doc>
<status status="PASS" start="2025-02-11T11:36:46.173648" elapsed="0.016718"/>
</kw>
<kw name="Scroll Element Into View" owner="SeleniumLibrary">
<arg>locator=${Firstname}</arg>
<doc>Scrolls the element identified by ``locator`` into view.</doc>
<status status="PASS" start="2025-02-11T11:36:46.190470" elapsed="0.266040"/>
</kw>
<kw name="Input Text" owner="SeleniumLibrary">
<msg time="2025-02-11T11:36:46.457483" level="INFO">Typing text 'Test' into text field '//input[@id='RegisterForm-FirstName']'.</msg>
<arg>${Firstname}</arg>
<arg>${FName}</arg>
<doc>Types the given ``text`` into the text field identified by ``locator``.</doc>
<status status="PASS" start="2025-02-11T11:36:46.456832" elapsed="0.113974"/>
</kw>
<arg>${Fname}</arg>
<status status="PASS" start="2025-02-11T11:36:41.171639" elapsed="5.399245"/>
</kw>
<kw name="Enter Last Name" owner="Registration_TC002_Pages">
<kw name="Sleep" owner="BuiltIn">
<msg time="2025-02-11T11:36:51.573170" level="INFO">Slept 5 seconds.</msg>
<arg>5</arg>
<doc>Pauses the test executed for the given time.</doc>
<status status="PASS" start="2025-02-11T11:36:46.571195" elapsed="5.002404"/>
</kw>
<kw name="Scroll Element Into View" owner="SeleniumLibrary">
<arg>locator=${Lastname}</arg>
<doc>Scrolls the element identified by ``locator`` into view.</doc>
<status status="PASS" start="2025-02-11T11:36:51.574161" elapsed="0.295471"/>
</kw>
<kw name="Wait Until Element Is Visible" owner="SeleniumLibrary">
<arg>${Lastname}</arg>
<arg>timeout=10s</arg>
<doc>Waits until the element ``locator`` is visible.</doc>
<status status="PASS" start="2025-02-11T11:36:51.870086" elapsed="0.017297"/>
</kw>
<kw name="Wait Until Element Is Enabled" owner="SeleniumLibrary">
<arg>${Lastname}</arg>
<arg>10</arg>
<doc>Waits until the element ``locator`` is enabled.</doc>
<status status="PASS" start="2025-02-11T11:36:51.887629" elapsed="0.013970"/>
</kw>
<kw name="Input Text" owner="SeleniumLibrary">
<msg time="2025-02-11T11:36:51.901965" level="INFO">Typing text 'Tweet' into text field '//input[@id='RegisterForm-LastName']'.</msg>
<arg>${Lastname}</arg>
<arg>${LName}</arg>
<doc>Types the given ``text`` into the text field identified by ``locator``.</doc>
<status status="PASS" start="2025-02-11T11:36:51.901752" elapsed="0.038892"/>
</kw>
<arg>${Lname}</arg>
<status status="PASS" start="2025-02-11T11:36:46.570995" elapsed="5.369736"/>
</kw>
<kw name="Generate Timestamped Email" owner="Registration_TC002_Pages">
<kw name="Get Time" owner="BuiltIn">
<msg time="2025-02-11T11:36:51.941154" level="INFO">${timestamp} = 1739291811</msg>
<var>${timestamp}</var>
<arg>epoch</arg>
<doc>Returns the given time in the requested format.</doc>
<status status="PASS" start="2025-02-11T11:36:51.941028" elapsed="0.000144"/>
</kw>
<kw name="Set Variable" owner="BuiltIn">
<msg time="2025-02-11T11:36:51.941330" level="INFO">${RegisterEmail} = email+1739291811@mailinator.com</msg>
<var>${RegisterEmail}</var>
<arg>email+${timestamp}@${EMAIL_DOMAIN}</arg>
<doc>Returns the given values which can then be assigned to a variables.</doc>
<status status="PASS" start="2025-02-11T11:36:51.941234" elapsed="0.000270"/>
</kw>
<return>
<value>${RegisterEmail}</value>
<status status="PASS" start="2025-02-11T11:36:51.941548" elapsed="0.000047"/>
</return>
<msg time="2025-02-11T11:36:51.941721" level="INFO">${RegisterEmail} = email+1739291811@mailinator.com</msg>
<var>${RegisterEmail}</var>
<status status="PASS" start="2025-02-11T11:36:51.940851" elapsed="0.000893"/>
</kw>
<kw name="Input Text" owner="SeleniumLibrary">
<msg time="2025-02-11T11:36:51.941944" level="INFO">Typing text 'email+1739291811@mailinator.com' into text field 'id=RegisterForm-email'.</msg>
<arg>id=RegisterForm-email</arg>
<arg>${RegisterEmail}</arg>
<doc>Types the given ``text`` into the text field identified by ``locator``.</doc>
<status status="PASS" start="2025-02-11T11:36:51.941826" elapsed="0.060609"/>
</kw>
<kw name="Enter New Account Email" owner="Registration_TC002_Pages">
<kw name="Sleep" owner="BuiltIn">
<msg time="2025-02-11T11:36:57.003329" level="INFO">Slept 5 seconds.</msg>
<arg>5</arg>
<doc>Pauses the test executed for the given time.</doc>
<status status="PASS" start="2025-02-11T11:36:52.002858" elapsed="5.000762"/>
</kw>
<kw name="Scroll Element Into View" owner="SeleniumLibrary">
<arg>locator=${RegisterEmailAddress}</arg>
<doc>Scrolls the element identified by ``locator`` into view.</doc>
<status status="PASS" start="2025-02-11T11:36:57.004076" elapsed="0.292828"/>
</kw>
<kw name="Wait Until Element Is Visible" owner="SeleniumLibrary">
<arg>${RegisterEmailAddress}</arg>
<arg>timeout=10s</arg>
<doc>Waits until the element ``locator`` is visible.</doc>
<status status="PASS" start="2025-02-11T11:36:57.297430" elapsed="0.017353"/>
</kw>
<kw name="Wait Until Element Is Enabled" owner="SeleniumLibrary">
<arg>${RegisterEmailAddress}</arg>
<arg>10</arg>
<doc>Waits until the element ``locator`` is enabled.</doc>
<status status="PASS" start="2025-02-11T11:36:57.315029" elapsed="0.013471"/>
</kw>
<kw name="Input Text" owner="SeleniumLibrary">
<msg time="2025-02-11T11:36:57.328812" level="INFO">Typing text 'email+1739291811@mailinator.com' into text field '//input[@id='RegisterForm-email']'.</msg>
<arg>${RegisterEmailAddress}</arg>
<arg>${RegisterEmail}</arg>
<doc>Types the given ``text`` into the text field identified by ``locator``.</doc>
<status status="PASS" start="2025-02-11T11:36:57.328624" elapsed="0.062663"/>
</kw>
<arg>${RegisterEmail}</arg>
<status status="PASS" start="2025-02-11T11:36:52.002637" elapsed="5.388720"/>
</kw>
<kw name="Enter New Account Password" owner="Registration_TC002_Pages">
<kw name="Sleep" owner="BuiltIn">
<msg time="2025-02-11T11:37:02.394136" level="INFO">Slept 5 seconds.</msg>
<arg>5</arg>
<doc>Pauses the test executed for the given time.</doc>
<status status="PASS" start="2025-02-11T11:36:57.391626" elapsed="5.002735"/>
</kw>
<kw name="Scroll Element Into View" owner="SeleniumLibrary">
<arg>locator=${RegisterPassword}</arg>
<doc>Scrolls the element identified by ``locator`` into view.</doc>
<status status="PASS" start="2025-02-11T11:37:02.394692" elapsed="0.288637"/>
</kw>
<kw name="Wait Until Element Is Visible" owner="SeleniumLibrary">
<arg>${RegisterPassword}</arg>
<arg>timeout=10s</arg>
<doc>Waits until the element ``locator`` is visible.</doc>
<status status="PASS" start="2025-02-11T11:37:02.683759" elapsed="0.017754"/>
</kw>
<kw name="Wait Until Element Is Enabled" owner="SeleniumLibrary">
<arg>${RegisterPassword}</arg>
<arg>10</arg>
<doc>Waits until the element ``locator`` is enabled.</doc>
<status status="PASS" start="2025-02-11T11:37:02.701754" elapsed="0.013145"/>
</kw>
<kw name="Input Text" owner="SeleniumLibrary">
<msg time="2025-02-11T11:37:02.715257" level="INFO">Typing text 'Welcome@12345' into text field '//input[@id='RegisterForm-password']'.</msg>
<arg>${RegisterPassword}</arg>
<arg>${RegisterPwd}</arg>
<doc>Types the given ``text`` into the text field identified by ``locator``.</doc>
<status status="PASS" start="2025-02-11T11:37:02.715043" elapsed="0.042645"/>
</kw>
<arg>${RegisterPwd}</arg>
<status status="PASS" start="2025-02-11T11:36:57.391453" elapsed="5.366313"/>
</kw>
<kw name="Sleep" owner="BuiltIn">
<msg time="2025-02-11T11:37:07.760626" level="INFO">Slept 5 seconds.</msg>
<arg>5</arg>
<doc>Pauses the test executed for the given time.</doc>
<status status="PASS" start="2025-02-11T11:37:02.757850" elapsed="5.003048"/>
</kw>
<kw name="Check Account Disclaimer Checkbox" owner="Registration_TC002_Pages">
<kw name="Wait Until Element Is Visible" owner="SeleniumLibrary">
<arg>${DisclaimerCheckbox}</arg>
<doc>Waits until the element ``locator`` is visible.</doc>
<status status="PASS" start="2025-02-11T11:37:07.762211" elapsed="0.022362"/>
</kw>
<kw name="Set Focus To Element" owner="SeleniumLibrary">
<arg>${DisclaimerCheckbox}</arg>
<doc>Sets the focus to the element identified by ``locator``.</doc>
<status status="PASS" start="2025-02-11T11:37:07.784784" elapsed="0.014343"/>
</kw>
<kw name="Click Element" owner="SeleniumLibrary">
<msg time="2025-02-11T11:37:07.799493" level="INFO">Clicking element '//input[@id='registration_disclaimer']'.</msg>
<arg>${DisclaimerCheckbox}</arg>
<doc>Click the element identified by ``locator``.</doc>
<status status="PASS" start="2025-02-11T11:37:07.799286" elapsed="0.033314"/>
</kw>
<kw name="Execute Javascript" owner="SeleniumLibrary">
<msg time="2025-02-11T11:37:07.833009" level="INFO">Executing JavaScript:
window.scrollTo(0, document.body.scrollHeight / 2)
Without any arguments.</msg>
<arg>window.scrollTo(0, document.body.scrollHeight / 2)</arg>
<doc>Executes the given JavaScript code with possible arguments.</doc>
<status status="PASS" start="2025-02-11T11:37:07.832707" elapsed="0.002456"/>
</kw>
<kw name="Wait Until Element Is Visible" owner="SeleniumLibrary">
<arg>${CreateAccountCTA}</arg>
<doc>Waits until the element ``locator`` is visible.</doc>
<status status="PASS" start="2025-02-11T11:37:07.835248" elapsed="0.016020"/>
</kw>
<kw name="Set Focus To Element" owner="SeleniumLibrary">
<arg>${CreateAccountCTA}</arg>
<doc>Sets the focus to the element identified by ``locator``.</doc>
<status status="PASS" start="2025-02-11T11:37:07.851377" elapsed="0.009381"/>
</kw>
<kw name="Capture Page Screenshot" owner="SeleniumLibrary">
<msg time="2025-02-11T11:37:07.972540" level="INFO" html="true">&lt;/td&gt;&lt;/tr&gt;&lt;tr&gt;&lt;td colspan="3"&gt;&lt;a href="selenium-screenshot-1.png"&gt;&lt;img src="selenium-screenshot-1.png" width="800px"&gt;&lt;/a&gt;</msg>
<doc>Takes a screenshot of the current page and embeds it into a log file.</doc>
<status status="PASS" start="2025-02-11T11:37:07.860867" elapsed="0.111734"/>
</kw>
<kw name="Click Element" owner="SeleniumLibrary">
<msg time="2025-02-11T11:37:07.972809" level="INFO">Clicking element '//button[@class='w-full button button--primary']'.</msg>
<arg>${CreateAccountCTA}</arg>
<doc>Click the element identified by ``locator``.</doc>
<status status="PASS" start="2025-02-11T11:37:07.972693" elapsed="0.030931"/>
</kw>
<status status="PASS" start="2025-02-11T11:37:07.761439" elapsed="0.242263"/>
</kw>
<kw name="Close Browser" owner="SeleniumLibrary" type="TEARDOWN">
<doc>Closes the current browser.</doc>
<status status="PASS" start="2025-02-11T11:37:08.003853" elapsed="0.220471"/>
</kw>
<status status="PASS" start="2025-02-11T11:36:28.138054" elapsed="40.086334"/>
</test>
<status status="PASS" start="2025-02-11T11:36:28.040383" elapsed="40.184320"/>
</suite>
<status status="PASS" start="2025-02-11T11:36:28.039979" elapsed="40.184995"/>
</suite>
<status status="PASS" start="2025-02-11T11:36:28.034371" elapsed="40.190788"/>
</suite>
<statistics>
<total>
<stat pass="1" fail="0" skip="0">All Tests</stat>
</total>
<tag>
</tag>
<suite>
<stat pass="1" fail="0" skip="0" id="s1" name="Tests">Tests</stat>
<stat pass="1" fail="0" skip="0" id="s1-s1" name="Registration">Tests.Registration</stat>
<stat pass="1" fail="0" skip="0" id="s1-s1-s1" name="Registration TC002 Test">Tests.Registration.Registration TC002 Test</stat>
</suite>
</statistics>
<errors>
</errors>
</robot>
