<?xml version="1.0" encoding="UTF-8"?>
<robot generator="Robot 7.1.1 (Python 3.13.1 on darwin)" generated="2025-02-18T13:17:15.030521" rpa="false" schemaversion="5">
<suite id="s1" name="Tests" source="/Users/angeline.rohan/Desktop/QA Automation_Thinx.robot.py/ThinxAutomation1/Thinx-Automation1/tests">
<suite id="s1-s1" name="PDP" source="/Users/angeline.rohan/Desktop/QA Automation_Thinx.robot.py/ThinxAutomation1/Thinx-Automation1/tests/PDP">
<suite id="s1-s1-s1" name="PDP TC003 Test" source="/Users/angeline.rohan/Desktop/QA Automation_Thinx.robot.py/ThinxAutomation1/Thinx-Automation1/tests/PDP/PDP_TC003_Test.robot">
<test id="s1-s1-s1-t1" name="Open Thinx PDP" line="17">
<kw name="Open Thinx PDP Using Chrome Browser" owner="resources" type="SETUP">
<kw name="Open Browser" owner="SeleniumLibrary">
<msg time="2025-02-18T13:17:15.335371" level="INFO">Opening browser 'Chrome' to base url 'https://www.thinx.com/products/period-all-night-ultra-soft-sleep-shorts?variant=40174028750920'.</msg>
<arg>${ThinxPDP}</arg>
<arg>Chrome</arg>
<doc>Opens a new browser instance to the optional ``url``.</doc>
<status status="PASS" start="2025-02-18T13:17:15.335190" elapsed="9.422448"/>
</kw>
<kw name="Maximize Browser Window" owner="SeleniumLibrary">
<doc>Maximizes current browser window.</doc>
<status status="PASS" start="2025-02-18T13:17:24.758442" elapsed="0.511949"/>
</kw>
<kw name="Sleep" owner="BuiltIn">
<msg time="2025-02-18T13:17:30.272045" level="INFO">Slept 5 seconds.</msg>
<arg>5</arg>
<doc>Pauses the test executed for the given time.</doc>
<status status="PASS" start="2025-02-18T13:17:25.270687" elapsed="5.002028"/>
</kw>
<status status="PASS" start="2025-02-18T13:17:15.334500" elapsed="14.939923"/>
</kw>
<kw name="Click Accept Cookies Button" owner="CookieSettings_TC001_Pages">
<kw name="Wait Until Element Is Visible" owner="SeleniumLibrary">
<arg>${AcceptCookies}</arg>
<doc>Waits until the element ``locator`` is visible.</doc>
<status status="PASS" start="2025-02-18T13:17:30.276693" elapsed="0.077861"/>
</kw>
<kw name="Click Element" owner="SeleniumLibrary">
<msg time="2025-02-18T13:17:30.355547" level="INFO">Clicking element '//button[@id='onetrust-accept-btn-handler']'.</msg>
<arg>${AcceptCookies}</arg>
<doc>Click the element identified by ``locator``.</doc>
<status status="PASS" start="2025-02-18T13:17:30.354688" elapsed="0.103225"/>
</kw>
<kw name="Sleep" owner="BuiltIn">
<msg time="2025-02-18T13:17:33.459481" level="INFO">Slept 3 seconds.</msg>
<arg>3</arg>
<doc>Pauses the test executed for the given time.</doc>
<status status="PASS" start="2025-02-18T13:17:30.458190" elapsed="3.001455"/>
</kw>
<status status="PASS" start="2025-02-18T13:17:30.275598" elapsed="3.184156"/>
</kw>
<kw name="Sleep" owner="BuiltIn">
<msg time="2025-02-18T13:17:38.460876" level="INFO">Slept 5 seconds.</msg>
<arg>5</arg>
<doc>Pauses the test executed for the given time.</doc>
<status status="PASS" start="2025-02-18T13:17:33.459868" elapsed="5.001884"/>
</kw>
<kw name="Accept Cookies and Close Welcome Modal" owner="PDP_TC004_Steps">
<kw name="Sleep" owner="BuiltIn">
<msg time="2025-02-18T13:17:43.464774" level="INFO">Slept 5 seconds.</msg>
<arg>5</arg>
<doc>Pauses the test executed for the given time.</doc>
<status status="PASS" start="2025-02-18T13:17:38.463752" elapsed="5.001284"/>
</kw>
<kw name="Wait Until Page Contains Element" owner="SeleniumLibrary">
<arg>${CloseModal}</arg>
<doc>Waits until the element ``locator`` appears on the current page.</doc>
<status status="PASS" start="2025-02-18T13:17:43.465723" elapsed="0.020633"/>
</kw>
<kw name="Click Element" owner="SeleniumLibrary">
<msg time="2025-02-18T13:17:43.487071" level="INFO">Clicking element '//button[@class='absolute right-3 top-3 [&amp;&gt;svg]:size-6']'.</msg>
<arg>${CloseModal}</arg>
<doc>Click the element identified by ``locator``.</doc>
<status status="PASS" start="2025-02-18T13:17:43.486704" elapsed="0.086150"/>
</kw>
<status status="PASS" start="2025-02-18T13:17:38.462951" elapsed="5.109993"/>
</kw>
<kw name="Validate You Can Increase Quantity on PDP" owner="PDP_TC003_Steps">
<kw name="Sleep" owner="BuiltIn">
<msg time="2025-02-18T13:17:48.574331" level="INFO">Slept 5 seconds.</msg>
<arg>5</arg>
<doc>Pauses the test executed for the given time.</doc>
<status status="PASS" start="2025-02-18T13:17:43.573287" elapsed="5.001759"/>
</kw>
<kw name="Wait Until Page Contains Element" owner="SeleniumLibrary">
<arg>${QuantitySelector}</arg>
<doc>Waits until the element ``locator`` appears on the current page.</doc>
<status status="PASS" start="2025-02-18T13:17:48.575811" elapsed="0.016148"/>
</kw>
<kw name="Element Should Be Visible" owner="SeleniumLibrary">
<msg time="2025-02-18T13:17:48.611019" level="INFO">Element '//div[@class='w-[6.875rem] flex-none w-[6.875rem] flex-none']/div[@class='qty-input body-3 relative flex h-10 content-center justify-between rounded-3xl border px-5']' is displayed.</msg>
<arg>${QuantitySelector}</arg>
<doc>Verifies that the element identified by ``locator`` is visible.</doc>
<status status="PASS" start="2025-02-18T13:17:48.593192" elapsed="0.017910"/>
</kw>
<kw name="Element Should Be Visible" owner="SeleniumLibrary">
<msg time="2025-02-18T13:17:48.626221" level="INFO">Element '//div[@class='w-[6.875rem] flex-none w-[6.875rem] flex-none']//button[2]' is displayed.</msg>
<arg>${AddQuantity}</arg>
<doc>Verifies that the element identified by ``locator`` is visible.</doc>
<status status="PASS" start="2025-02-18T13:17:48.611287" elapsed="0.015005"/>
</kw>
<kw name="Click Element" owner="SeleniumLibrary">
<msg time="2025-02-18T13:17:48.626612" level="INFO">Clicking element '//div[@class='w-[6.875rem] flex-none w-[6.875rem] flex-none']//button[2]'.</msg>
<arg>${AddQuantity}</arg>
<doc>Click the element identified by ``locator``.</doc>
<status status="PASS" start="2025-02-18T13:17:48.626454" elapsed="0.069419"/>
</kw>
<kw name="Sleep" owner="BuiltIn">
<msg time="2025-02-18T13:17:53.699641" level="INFO">Slept 5 seconds.</msg>
<arg>5</arg>
<doc>Pauses the test executed for the given time.</doc>
<status status="PASS" start="2025-02-18T13:17:48.697237" elapsed="5.003122"/>
</kw>
<kw name="Wait Until Page Contains Element" owner="SeleniumLibrary">
<arg>${AddtoBagCTA}</arg>
<doc>Waits until the element ``locator`` appears on the current page.</doc>
<status status="PASS" start="2025-02-18T13:17:53.705949" elapsed="0.012429"/>
</kw>
<kw name="Element Should Be Visible" owner="SeleniumLibrary">
<msg time="2025-02-18T13:17:53.730929" level="INFO">Element '//button[@class='button button--primary flex-1 whitespace-nowrap']' is displayed.</msg>
<arg>${AddtoBagCTA}</arg>
<doc>Verifies that the element identified by ``locator`` is visible.</doc>
<status status="PASS" start="2025-02-18T13:17:53.718804" elapsed="0.012196"/>
</kw>
<kw name="Click Element" owner="SeleniumLibrary">
<msg time="2025-02-18T13:17:53.731712" level="INFO">Clicking element '//button[@class='button button--primary flex-1 whitespace-nowrap']'.</msg>
<arg>${AddtoBagCTA}</arg>
<doc>Click the element identified by ``locator``.</doc>
<status status="PASS" start="2025-02-18T13:17:53.731356" elapsed="0.188197"/>
</kw>
<kw name="Capture Page Screenshot" owner="SeleniumLibrary">
<msg time="2025-02-18T13:17:54.317795" level="INFO" html="true">&lt;/td&gt;&lt;/tr&gt;&lt;tr&gt;&lt;td colspan="3"&gt;&lt;a href="../../results/selenium-screenshot-295.png"&gt;&lt;img src="../../results/selenium-screenshot-295.png" width="800px"&gt;&lt;/a&gt;</msg>
<doc>Takes a screenshot of the current page and embeds it into a log file.</doc>
<status status="PASS" start="2025-02-18T13:17:53.919871" elapsed="0.397995"/>
</kw>
<status status="PASS" start="2025-02-18T13:17:43.573086" elapsed="10.744859"/>
</kw>
<kw name="Validate Cart Count on Add to Cart" owner="PDP_TC003_Steps">
<kw name="Wait Until Page Contains Element" owner="SeleniumLibrary">
<arg>${CartTotal}</arg>
<doc>Waits until the element ``locator`` appears on the current page.</doc>
<status status="PASS" start="2025-02-18T13:17:54.318840" elapsed="0.455395"/>
</kw>
<kw name="Sleep" owner="BuiltIn">
<msg time="2025-02-18T13:17:59.776160" level="INFO">Slept 5 seconds.</msg>
<arg>5</arg>
<doc>Pauses the test executed for the given time.</doc>
<status status="PASS" start="2025-02-18T13:17:54.774381" elapsed="5.001916"/>
</kw>
<kw name="Element Text Should Be" owner="SeleniumLibrary">
<msg time="2025-02-18T13:17:59.776891" level="INFO">Verifying element '//div[@class='flex flex-col content-stretch gap-2 border-t border-t-brand-tangerine px-3 py-5 md:px-8']//div[.='$93.50']' contains exact text '$93.50'.</msg>
<arg>${CartTotal}</arg>
<arg>${Expected_Text_Cart_Total}</arg>
<doc>Verifies that element ``locator`` contains exact the text ``expected``.</doc>
<status status="PASS" start="2025-02-18T13:17:59.776666" elapsed="0.013891"/>
</kw>
<kw name="Go Back" owner="SeleniumLibrary">
<doc>Simulates the user clicking the back button on their browser.</doc>
<status status="PASS" start="2025-02-18T13:17:59.790801" elapsed="0.039722"/>
</kw>
<status status="PASS" start="2025-02-18T13:17:54.318194" elapsed="5.512462"/>
</kw>
<kw name="Close Browser" owner="SeleniumLibrary" type="TEARDOWN">
<doc>Closes the current browser.</doc>
<status status="PASS" start="2025-02-18T13:17:59.831030" elapsed="0.527017"/>
</kw>
<status status="PASS" start="2025-02-18T13:17:15.334024" elapsed="45.024177"/>
</test>
<status status="PASS" start="2025-02-18T13:17:15.071707" elapsed="45.287571"/>
</suite>
<status status="PASS" start="2025-02-18T13:17:15.070780" elapsed="45.289375"/>
</suite>
<status status="PASS" start="2025-02-18T13:17:15.059169" elapsed="45.301664"/>
</suite>
<statistics>
<total>
<stat pass="1" fail="0" skip="0">All Tests</stat>
</total>
<tag>
</tag>
<suite>
<stat pass="1" fail="0" skip="0" id="s1" name="Tests">Tests</stat>
<stat pass="1" fail="0" skip="0" id="s1-s1" name="PDP">Tests.PDP</stat>
<stat pass="1" fail="0" skip="0" id="s1-s1-s1" name="PDP TC003 Test">Tests.PDP.PDP TC003 Test</stat>
</suite>
</statistics>
<errors>
<msg time="2025-02-18T13:17:15.319982" level="ERROR">Error in file '/Users/angeline.rohan/Desktop/QA Automation_Thinx.robot.py/ThinxAutomation1/Thinx-Automation1/steps/PDP/PDP_TC003_Steps.robot' on line 4: Setting 'Suite Setup' is not allowed in resource file.</msg>
<msg time="2025-02-18T13:17:15.327517" level="ERROR">Error in file '/Users/angeline.rohan/Desktop/QA Automation_Thinx.robot.py/ThinxAutomation1/Thinx-Automation1/steps/PDP/PDP_TC004_Steps.robot' on line 4: Setting 'Suite Setup' is not allowed in resource file.</msg>
</errors>
</robot>
