<?xml version="1.0" encoding="UTF-8"?>
<robot generator="Robot 7.1.1 (Python 3.13.1 on darwin)" generated="2025-02-11T11:33:36.784854" rpa="false" schemaversion="5">
<suite id="s1" name="Tests" source="/Users/angeline.rohan/Desktop/QA Automation_Thinx.robot.py/ThinxAutomation1/Thinx-Automation1/tests">
<suite id="s1-s1" name="Footer" source="/Users/angeline.rohan/Desktop/QA Automation_Thinx.robot.py/ThinxAutomation1/Thinx-Automation1/tests/Footer">
<suite id="s1-s1-s1" name="Footer TC002 Test" source="/Users/angeline.rohan/Desktop/QA Automation_Thinx.robot.py/ThinxAutomation1/Thinx-Automation1/tests/Footer/Footer_TC002_Test.robot">
<test id="s1-s1-s1-t1" name="Open Thinx" line="18">
<kw name="Open Thinx Homepage Using Chrome Browser" owner="resources" type="SETUP">
<kw name="Open Browser" owner="SeleniumLibrary">
<msg time="2025-02-11T11:33:36.911292" level="INFO">Opening browser 'Chrome' to base url 'https://www.thinx.com/'.</msg>
<arg>${ThinxHomepage}</arg>
<arg>Chrome</arg>
<doc>Opens a new browser instance to the optional ``url``.</doc>
<status status="PASS" start="2025-02-11T11:33:36.911176" elapsed="2.341474"/>
</kw>
<kw name="Maximize Browser Window" owner="SeleniumLibrary">
<doc>Maximizes current browser window.</doc>
<status status="PASS" start="2025-02-11T11:33:39.253479" elapsed="0.407373"/>
</kw>
<status status="PASS" start="2025-02-11T11:33:36.910851" elapsed="2.750690"/>
</kw>
<kw name="Click Accept Cookies Button" owner="CookieSettings_TC001_Pages">
<kw name="Wait Until Element Is Visible" owner="SeleniumLibrary">
<arg>${AcceptCookies}</arg>
<doc>Waits until the element ``locator`` is visible.</doc>
<status status="PASS" start="2025-02-11T11:33:39.663610" elapsed="0.051130"/>
</kw>
<kw name="Click Element" owner="SeleniumLibrary">
<msg time="2025-02-11T11:33:39.715337" level="INFO">Clicking element '//button[@id='onetrust-accept-btn-handler']'.</msg>
<arg>${AcceptCookies}</arg>
<doc>Click the element identified by ``locator``.</doc>
<status status="PASS" start="2025-02-11T11:33:39.714890" elapsed="0.180291"/>
</kw>
<kw name="Sleep" owner="BuiltIn">
<msg time="2025-02-11T11:33:42.896090" level="INFO">Slept 3 seconds.</msg>
<arg>3</arg>
<doc>Pauses the test executed for the given time.</doc>
<status status="PASS" start="2025-02-11T11:33:39.895371" elapsed="3.000894"/>
</kw>
<status status="PASS" start="2025-02-11T11:33:39.662322" elapsed="3.234193"/>
</kw>
<kw name="Sleep" owner="BuiltIn">
<msg time="2025-02-11T11:33:47.897378" level="INFO">Slept 5 seconds.</msg>
<arg>5</arg>
<doc>Pauses the test executed for the given time.</doc>
<status status="PASS" start="2025-02-11T11:33:42.896740" elapsed="5.000715"/>
</kw>
<kw name="Accept Cookies and Close Welcome Modal" owner="PDP_TC004_Steps">
<kw name="Sleep" owner="BuiltIn">
<msg time="2025-02-11T11:33:52.899501" level="INFO">Slept 5 seconds.</msg>
<arg>5</arg>
<doc>Pauses the test executed for the given time.</doc>
<status status="PASS" start="2025-02-11T11:33:47.897811" elapsed="5.001788"/>
</kw>
<kw name="Wait Until Page Contains Element" owner="SeleniumLibrary">
<arg>${CloseModal}</arg>
<doc>Waits until the element ``locator`` appears on the current page.</doc>
<status status="PASS" start="2025-02-11T11:33:52.899723" elapsed="0.014942"/>
</kw>
<kw name="Click Element" owner="SeleniumLibrary">
<msg time="2025-02-11T11:33:52.914936" level="INFO">Clicking element '//button[@class='absolute right-3 top-3 [&amp;&gt;svg]:size-6']'.</msg>
<arg>${CloseModal}</arg>
<doc>Click the element identified by ``locator``.</doc>
<status status="PASS" start="2025-02-11T11:33:52.914787" elapsed="0.039577"/>
</kw>
<status status="PASS" start="2025-02-11T11:33:47.897623" elapsed="5.056857"/>
</kw>
<kw name="Scroll to the Footer Section" owner="Footer_TC001_Steps">
<kw name="Execute Javascript" owner="SeleniumLibrary">
<msg time="2025-02-11T11:33:52.955459" level="INFO">Executing JavaScript:
window.scrollTo(0,2000)
Without any arguments.</msg>
<arg>window.scrollTo(0,2000)</arg>
<doc>Executes the given JavaScript code with possible arguments.</doc>
<status status="PASS" start="2025-02-11T11:33:52.954926" elapsed="0.003231"/>
</kw>
<kw name="Sleep" owner="BuiltIn">
<msg time="2025-02-11T11:33:55.958638" level="INFO">Slept 3 seconds.</msg>
<arg>3</arg>
<doc>Pauses the test executed for the given time.</doc>
<status status="PASS" start="2025-02-11T11:33:52.958273" elapsed="3.000596"/>
</kw>
<kw name="Execute Javascript" owner="SeleniumLibrary">
<msg time="2025-02-11T11:33:55.959481" level="INFO">Executing JavaScript:
window.scrollTo(0,3000)
Without any arguments.</msg>
<arg>window.scrollTo(0,3000)</arg>
<doc>Executes the given JavaScript code with possible arguments.</doc>
<status status="PASS" start="2025-02-11T11:33:55.959155" elapsed="0.002727"/>
</kw>
<kw name="Sleep" owner="BuiltIn">
<msg time="2025-02-11T11:34:00.963965" level="INFO">Slept 5 seconds.</msg>
<arg>5</arg>
<doc>Pauses the test executed for the given time.</doc>
<status status="PASS" start="2025-02-11T11:33:55.961978" elapsed="5.002086"/>
</kw>
<kw name="Execute Javascript" owner="SeleniumLibrary">
<msg time="2025-02-11T11:34:00.964517" level="INFO">Executing JavaScript:
window.scrollTo(0,4500)
Without any arguments.</msg>
<arg>window.scrollTo(0,4500)</arg>
<doc>Executes the given JavaScript code with possible arguments.</doc>
<status status="PASS" start="2025-02-11T11:34:00.964245" elapsed="0.006093"/>
</kw>
<kw name="Sleep" owner="BuiltIn">
<msg time="2025-02-11T11:34:05.973460" level="INFO">Slept 5 seconds.</msg>
<arg>5</arg>
<doc>Pauses the test executed for the given time.</doc>
<status status="PASS" start="2025-02-11T11:34:00.970556" elapsed="5.002995"/>
</kw>
<status status="PASS" start="2025-02-11T11:33:52.954605" elapsed="13.019017"/>
</kw>
<kw name="Validate Footer Headings Are Visible">
<msg time="2025-02-11T11:34:05.974599" level="FAIL">No keyword with name 'Validate Footer Headings Are Visible' found.</msg>
<status status="FAIL" start="2025-02-11T11:34:05.974536" elapsed="0.000100">No keyword with name 'Validate Footer Headings Are Visible' found.</status>
</kw>
<kw name="Click 1st Set of Footer Links &amp; Ensure They Direct to Correct Pages">
<status status="NOT RUN" start="2025-02-11T11:34:05.974731" elapsed="0.000020"/>
</kw>
<kw name="Validate Currency Selector Is Visible">
<status status="NOT RUN" start="2025-02-11T11:34:05.974798" elapsed="0.000015"/>
</kw>
<kw name="Validate Social Link Icons Section Present on Footer Section" owner="Footer_TC002_Steps">
<status status="NOT RUN" start="2025-02-11T11:34:05.974885" elapsed="0.000017"/>
</kw>
<kw name="Close Browser" owner="SeleniumLibrary" type="TEARDOWN">
<doc>Closes the current browser.</doc>
<status status="PASS" start="2025-02-11T11:34:05.975027" elapsed="0.354472"/>
</kw>
<status status="FAIL" start="2025-02-11T11:33:36.910503" elapsed="29.419099">No keyword with name 'Validate Footer Headings Are Visible' found.</status>
</test>
<status status="FAIL" start="2025-02-11T11:33:36.804555" elapsed="29.525741"/>
</suite>
<status status="FAIL" start="2025-02-11T11:33:36.804124" elapsed="29.526589"/>
</suite>
<status status="FAIL" start="2025-02-11T11:33:36.797408" elapsed="29.533536"/>
</suite>
<statistics>
<total>
<stat pass="0" fail="1" skip="0">All Tests</stat>
</total>
<tag>
</tag>
<suite>
<stat pass="0" fail="1" skip="0" id="s1" name="Tests">Tests</stat>
<stat pass="0" fail="1" skip="0" id="s1-s1" name="Footer">Tests.Footer</stat>
<stat pass="0" fail="1" skip="0" id="s1-s1-s1" name="Footer TC002 Test">Tests.Footer.Footer TC002 Test</stat>
</suite>
</statistics>
<errors>
<msg time="2025-02-11T11:33:36.908489" level="ERROR">Error in file '/Users/angeline.rohan/Desktop/QA Automation_Thinx.robot.py/ThinxAutomation1/Thinx-Automation1/steps/PDP/PDP_TC004_Steps.robot' on line 4: Setting 'Suite Setup' is not allowed in resource file.</msg>
</errors>
</robot>
