==============================================================================
Tests                                                                         
==============================================================================
Tests.CookieSettings                                                          
==============================================================================
Tests.CookieSettings.CookieSettings TC004 Test                                
==============================================================================
Open Thinx                                                              
  Traceback (most recent call last):
    ~~~~~~~~~~~~~~~~~~~~~~~~~~~~~~~~~~~~~~~~~~~~~~~~~~~~~~~~~~~~~~~~~~~~~~~~~~
    File  /Users/angeline.rohan/Desktop/QA Automation_Thinx.robot.py/ThinxAutomation1/Thinx-Automation1/tests/CookieSettings/CookieSettings_TC004_Test.robot:22
    T:  Open Thinx    
    ~~~~~~~~~~~~~~~~~~~~~~~~~~~~~~~~~~~~~~~~~~~~~~~~~~~~~~~~~~~~~~~~~~~~~~~~~~
    File  /Users/angeline.rohan/Desktop/QA Automation_Thinx.robot.py/ThinxAutomation1/Thinx-Automation1/tests/CookieSettings/CookieSettings_TC004_Test.robot:23
      Reject All Cookies    
    ~~~~~~~~~~~~~~~~~~~~~~~~~~~~~~~~~~~~~~~~~~~~~~~~~~~~~~~~~~~~~~~~~~~~~~~~~~
    File  /Users/angeline.rohan/Desktop/QA Automation_Thinx.robot.py/ThinxAutomation1/Thinx-Automation1/steps/CookieSettings/CookieSettings_TC004_Steps.robot:12
      Click Element    locator=${RejectCookies}
      |  locator=${RejectCookies} = locator=//button[@id='onetrust-reject-all-handler'] (str)
______________________________________________________________________________
| FAIL |
ElementClickInterceptedException: Message: element click intercepted: Element is not clickable at point (1146, 764)
  (Session info: chrome=133.0.6943.99)
Stacktrace:
0   chromedriver                        0x0000000102fd6bac cxxbridge1$str$ptr + 2724820
1   chromedriver                        0x0000000102fcf20c cxxbridge1$str$ptr + 2693684
2   chromedriver                        0x0000000102b35afc cxxbridge1$string$len + 93348
3   chromedriver                        0x0000000102b82398 cxxbridge1$string$len + 406848
4   chromedriver                        0x0000000102b80928 cxxbridge1$string$len + 400080
5   chromedriver                        0x0000000102b7e73c cxxbridge1$string$len + 391396
6   chromedriver                        0x0000000102b7db38 cxxbridge1$string$len + 388320
7   chromedriver                        0x0000000102b72630 cxxbridge1$string$len + 341976
    [ Message content over the limit has been removed. ]
...er                        0x0000000102b70ba0 cxxbridge1$string$len + 335176
11  chromedriver                        0x0000000102f9f664 cxxbridge1$str$ptr + 2498188
12  chromedriver                        0x0000000102fa2978 cxxbridge1$str$ptr + 2511264
13  chromedriver                        0x0000000102f84d04 cxxbridge1$str$ptr + 2389292
14  chromedriver                        0x0000000102fa3220 cxxbridge1$str$ptr + 2513480
15  chromedriver                        0x0000000102f75cec cxxbridge1$str$ptr + 2327828
16  chromedriver                        0x0000000102fbf8d4 cxxbridge1$str$ptr + 2629884
17  chromedriver                        0x0000000102fbfa5c cxxbridge1$str$ptr + 2630276
18  chromedriver                        0x0000000102fcee80 cxxbridge1$str$ptr + 2692776
19  libsystem_pthread.dylib             0x00000001893b5f94 _pthread_start + 136
20  libsystem_pthread.dylib             0x00000001893b0d34 thread_start + 8
------------------------------------------------------------------------------
Tests.CookieSettings.CookieSettings TC004 Test                        | FAIL |
1 test, 0 passed, 1 failed
==============================================================================
Tests.CookieSettings                                                  | FAIL |
1 test, 0 passed, 1 failed
==============================================================================
Tests                                                                 | FAIL |
1 test, 0 passed, 1 failed
==============================================================================
Output:  /Users/angeline.rohan/Desktop/QA Automation_Thinx.robot.py/ThinxAutomation1/Thinx-Automation1/pabot_results/9/output.xml
