<?xml version="1.0" encoding="UTF-8"?>
<robot generator="Robot 7.1.1 (Python 3.13.1 on darwin)" generated="2025-02-18T15:59:51.505937" rpa="false" schemaversion="5">
<suite id="s1" name="Tests" source="/Users/angeline.rohan/Desktop/QA Automation_Thinx.robot.py/ThinxAutomation1/Thinx-Automation1/tests">
<suite id="s1-s1" name="DoNotSellOrShareMyInfo" source="/Users/angeline.rohan/Desktop/QA Automation_Thinx.robot.py/ThinxAutomation1/Thinx-Automation1/tests/DoNotSellOrShareMyInfo">
<suite id="s1-s1-s1" name="DoNotSellInfo TC002 Test" source="/Users/angeline.rohan/Desktop/QA Automation_Thinx.robot.py/ThinxAutomation1/Thinx-Automation1/tests/DoNotSellOrShareMyInfo/DoNotSellInfo_TC002_Test.robot">
<test id="s1-s1-s1-t1" name="Open Thinx" line="19">
<kw name="Open Thinx Homepage Using Chrome Browser" owner="resources" type="SETUP">
<kw name="Open Browser" owner="SeleniumLibrary">
<msg time="2025-02-18T15:59:51.900722" level="INFO">Opening browser 'Chrome' to base url 'https://www.thinx.com/'.</msg>
<arg>${ThinxHomepage}</arg>
<arg>Chrome</arg>
<doc>Opens a new browser instance to the optional ``url``.</doc>
<status status="PASS" start="2025-02-18T15:59:51.900358" elapsed="2.787975"/>
</kw>
<kw name="Maximize Browser Window" owner="SeleniumLibrary">
<doc>Maximizes current browser window.</doc>
<status status="PASS" start="2025-02-18T15:59:54.689549" elapsed="3.497820"/>
</kw>
<status status="PASS" start="2025-02-18T15:59:51.899499" elapsed="6.288145"/>
</kw>
<kw name="Accept Cookies" owner="DoNotSellInfo_TC002_Pages">
<kw name="Wait Until Element Is Visible" owner="SeleniumLibrary">
<arg>${AcceptCookies}</arg>
<doc>Waits until the element ``locator`` is visible.</doc>
<status status="PASS" start="2025-02-18T15:59:58.188441" elapsed="0.016689"/>
</kw>
<kw name="Click Element" owner="SeleniumLibrary">
<msg time="2025-02-18T15:59:58.206066" level="INFO">Clicking element '//button[@id='onetrust-accept-btn-handler']'.</msg>
<arg>locator=${AcceptCookies}</arg>
<doc>Click the element identified by ``locator``.</doc>
<status status="PASS" start="2025-02-18T15:59:58.205392" elapsed="0.081568"/>
</kw>
<kw name="Sleep" owner="BuiltIn">
<msg time="2025-02-18T16:00:03.289403" level="INFO">Slept 5 seconds.</msg>
<arg>5</arg>
<doc>Pauses the test executed for the given time.</doc>
<status status="PASS" start="2025-02-18T15:59:58.287180" elapsed="5.003392"/>
</kw>
<status status="PASS" start="2025-02-18T15:59:58.188121" elapsed="5.103735"/>
</kw>
<kw name="Accept Cookies and Close Welcome Modal" owner="PDP_TC004_Steps">
<kw name="Sleep" owner="BuiltIn">
<msg time="2025-02-18T16:00:08.295241" level="INFO">Slept 5 seconds.</msg>
<arg>5</arg>
<doc>Pauses the test executed for the given time.</doc>
<status status="PASS" start="2025-02-18T16:00:03.294439" elapsed="5.001121"/>
</kw>
<kw name="Wait Until Page Contains Element" owner="SeleniumLibrary">
<arg>${CloseModal}</arg>
<doc>Waits until the element ``locator`` appears on the current page.</doc>
<status status="PASS" start="2025-02-18T16:00:08.296014" elapsed="0.020138"/>
</kw>
<kw name="Click Element" owner="SeleniumLibrary">
<msg time="2025-02-18T16:00:08.316987" level="INFO">Clicking element '//button[@class='absolute right-3 top-3 [&amp;&gt;svg]:size-6']'.</msg>
<arg>${CloseModal}</arg>
<doc>Click the element identified by ``locator``.</doc>
<status status="PASS" start="2025-02-18T16:00:08.316581" elapsed="0.068874"/>
</kw>
<status status="PASS" start="2025-02-18T16:00:03.293124" elapsed="5.092491"/>
</kw>
<kw name="Sleep" owner="BuiltIn">
<msg time="2025-02-18T16:00:13.387038" level="INFO">Slept 5 seconds.</msg>
<arg>5</arg>
<doc>Pauses the test executed for the given time.</doc>
<status status="PASS" start="2025-02-18T16:00:08.386054" elapsed="5.001083"/>
</kw>
<kw name="Click on Do Not Sell Info Link from footer section" owner="DoNotSellInfo_TC001_Pages">
<kw name="Execute Javascript" owner="SeleniumLibrary">
<msg time="2025-02-18T16:00:13.388551" level="INFO">Executing JavaScript:
window.scrollTo(0, document.body.scrollHeight)
Without any arguments.</msg>
<arg>window.scrollTo(0, document.body.scrollHeight)</arg>
<doc>Executes the given JavaScript code with possible arguments.</doc>
<status status="PASS" start="2025-02-18T16:00:13.388210" elapsed="0.004081"/>
</kw>
<kw name="Sleep" owner="BuiltIn">
<msg time="2025-02-18T16:00:15.394662" level="INFO">Slept 2 seconds.</msg>
<arg>2</arg>
<doc>Pauses the test executed for the given time.</doc>
<status status="PASS" start="2025-02-18T16:00:13.392433" elapsed="2.002327"/>
</kw>
<kw name="Wait Until Page Contains Element" owner="SeleniumLibrary">
<arg>${DoNotSellInfo}</arg>
<doc>Waits until the element ``locator`` appears on the current page.</doc>
<status status="PASS" start="2025-02-18T16:00:15.394899" elapsed="0.006709"/>
</kw>
<kw name="Element Should Be Visible" owner="SeleniumLibrary">
<msg time="2025-02-18T16:00:15.413805" level="INFO">Element '//a[.='Do not share or sell my personal information']' is displayed.</msg>
<arg>${DoNotSellInfo}</arg>
<doc>Verifies that the element identified by ``locator`` is visible.</doc>
<status status="PASS" start="2025-02-18T16:00:15.401818" elapsed="0.012108"/>
</kw>
<kw name="Click Element" owner="SeleniumLibrary">
<msg time="2025-02-18T16:00:15.414518" level="INFO">Clicking element '//a[.='Do not share or sell my personal information']'.</msg>
<arg>${DoNotSellInfo}</arg>
<doc>Click the element identified by ``locator``.</doc>
<status status="PASS" start="2025-02-18T16:00:15.414139" elapsed="0.057509"/>
</kw>
<kw name="Sleep" owner="BuiltIn">
<msg time="2025-02-18T16:00:20.474090" level="INFO">Slept 5 seconds.</msg>
<arg>5</arg>
<doc>Pauses the test executed for the given time.</doc>
<status status="PASS" start="2025-02-18T16:00:15.471829" elapsed="5.003444"/>
</kw>
<status status="PASS" start="2025-02-18T16:00:13.387754" elapsed="7.088387"/>
</kw>
<kw name="Select both checkboxes of do not sell or share my personal information" owner="DoNotSellInfo_TC002_Pages">
<kw name="Execute Javascript" owner="SeleniumLibrary">
<msg time="2025-02-18T16:00:20.478584" level="INFO">Executing JavaScript:
window.scrollTo(0,600)
Without any arguments.</msg>
<arg>window.scrollTo(0,600)</arg>
<doc>Executes the given JavaScript code with possible arguments.</doc>
<status status="PASS" start="2025-02-18T16:00:20.478104" elapsed="0.014302"/>
</kw>
<kw name="Sleep" owner="BuiltIn">
<msg time="2025-02-18T16:00:25.493426" level="INFO">Slept 5 seconds.</msg>
<arg>5</arg>
<doc>Pauses the test executed for the given time.</doc>
<status status="PASS" start="2025-02-18T16:00:20.492581" elapsed="5.001012"/>
</kw>
<kw name="Wait Until Page Contains Element" owner="SeleniumLibrary">
<arg>${DoNotSellCheckbox}</arg>
<doc>Waits until the element ``locator`` appears on the current page.</doc>
<status status="PASS" start="2025-02-18T16:00:25.493912" elapsed="0.010414"/>
</kw>
<kw name="Element Should Be Visible" owner="SeleniumLibrary">
<msg time="2025-02-18T16:00:25.513560" level="INFO">Element '//div[@class='my-4 flex flex-col gap-1.5']/div[1]/input[@class='input-checkbox']' is displayed.</msg>
<arg>${DoNotSellCheckbox}</arg>
<doc>Verifies that the element identified by ``locator`` is visible.</doc>
<status status="PASS" start="2025-02-18T16:00:25.504652" elapsed="0.009030"/>
</kw>
<kw name="Click Button" owner="SeleniumLibrary">
<msg time="2025-02-18T16:00:25.514130" level="INFO">Clicking button '//div[@class='my-4 flex flex-col gap-1.5']/div[1]/input[@class='input-checkbox']'.</msg>
<arg>${DoNotSellCheckbox}</arg>
<doc>Clicks the button identified by ``locator``.</doc>
<status status="PASS" start="2025-02-18T16:00:25.513910" elapsed="0.059247"/>
</kw>
<kw name="Sleep" owner="BuiltIn">
<msg time="2025-02-18T16:00:30.575554" level="INFO">Slept 5 seconds.</msg>
<arg>5</arg>
<doc>Pauses the test executed for the given time.</doc>
<status status="PASS" start="2025-02-18T16:00:25.573483" elapsed="5.002344"/>
</kw>
<kw name="Wait Until Page Contains Element" owner="SeleniumLibrary">
<arg>${LimitTheUseCheckbox}</arg>
<doc>Waits until the element ``locator`` appears on the current page.</doc>
<status status="PASS" start="2025-02-18T16:00:30.576289" elapsed="0.007722"/>
</kw>
<kw name="Element Should Be Visible" owner="SeleniumLibrary">
<msg time="2025-02-18T16:00:30.595167" level="INFO">Element '//div[@class='my-4 flex flex-col gap-1.5']/div[2]/input[@class='input-checkbox']' is displayed.</msg>
<arg>${LimitTheUseCheckbox}</arg>
<doc>Verifies that the element identified by ``locator`` is visible.</doc>
<status status="PASS" start="2025-02-18T16:00:30.584552" elapsed="0.010694"/>
</kw>
<kw name="Click Button" owner="SeleniumLibrary">
<msg time="2025-02-18T16:00:30.595729" level="INFO">Clicking button '//div[@class='my-4 flex flex-col gap-1.5']/div[2]/input[@class='input-checkbox']'.</msg>
<arg>${LimitTheUseCheckbox}</arg>
<doc>Clicks the button identified by ``locator``.</doc>
<status status="PASS" start="2025-02-18T16:00:30.595371" elapsed="0.044942"/>
</kw>
<kw name="Sleep" owner="BuiltIn">
<msg time="2025-02-18T16:00:40.642120" level="INFO">Slept 10 seconds.</msg>
<arg>10</arg>
<doc>Pauses the test executed for the given time.</doc>
<status status="PASS" start="2025-02-18T16:00:30.640542" elapsed="10.001770"/>
</kw>
<kw name="Capture Page Screenshot" owner="SeleniumLibrary">
<msg time="2025-02-18T16:00:40.814809" level="INFO" html="true">&lt;/td&gt;&lt;/tr&gt;&lt;tr&gt;&lt;td colspan="3"&gt;&lt;a href="selenium-screenshot-1.png"&gt;&lt;img src="selenium-screenshot-1.png" width="800px"&gt;&lt;/a&gt;</msg>
<doc>Takes a screenshot of the current page and embeds it into a log file.</doc>
<status status="PASS" start="2025-02-18T16:00:40.642744" elapsed="0.172178"/>
</kw>
<kw name="Click Button" owner="SeleniumLibrary">
<msg time="2025-02-18T16:00:40.815622" level="INFO">Clicking button '//button[@id='submit-button']'.</msg>
<arg>${SubmitCTA}</arg>
<doc>Clicks the button identified by ``locator``.</doc>
<status status="PASS" start="2025-02-18T16:00:40.815253" elapsed="0.070330"/>
</kw>
<kw name="Sleep" owner="BuiltIn">
<msg time="2025-02-18T16:00:45.886933" level="INFO">Slept 5 seconds.</msg>
<arg>5</arg>
<doc>Pauses the test executed for the given time.</doc>
<status status="PASS" start="2025-02-18T16:00:40.885729" elapsed="5.001563"/>
</kw>
<status status="PASS" start="2025-02-18T16:00:20.477327" elapsed="25.410350"/>
</kw>
<kw name="Sleep" owner="BuiltIn">
<msg time="2025-02-18T16:00:50.892276" level="INFO">Slept 5 seconds.</msg>
<arg>5</arg>
<doc>Pauses the test executed for the given time.</doc>
<status status="PASS" start="2025-02-18T16:00:45.888017" elapsed="5.004506"/>
</kw>
<kw name="Click on Cookie Settings" owner="CookieSettings_TC001_Pages">
<kw name="Execute Javascript" owner="SeleniumLibrary">
<msg time="2025-02-18T16:00:50.895941" level="INFO">Executing JavaScript:
window.scrollTo(0,2000)
Without any arguments.</msg>
<arg>window.scrollTo(0,2000)</arg>
<doc>Executes the given JavaScript code with possible arguments.</doc>
<status status="PASS" start="2025-02-18T16:00:50.895092" elapsed="0.033348"/>
</kw>
<kw name="Sleep" owner="BuiltIn">
<msg time="2025-02-18T16:00:53.929592" level="INFO">Slept 3 seconds.</msg>
<arg>3</arg>
<doc>Pauses the test executed for the given time.</doc>
<status status="PASS" start="2025-02-18T16:00:50.928959" elapsed="3.000719"/>
</kw>
<kw name="Execute Javascript" owner="SeleniumLibrary">
<msg time="2025-02-18T16:00:53.930449" level="INFO">Executing JavaScript:
window.scrollTo(0,3000)
Without any arguments.</msg>
<arg>window.scrollTo(0,3000)</arg>
<doc>Executes the given JavaScript code with possible arguments.</doc>
<status status="PASS" start="2025-02-18T16:00:53.929849" elapsed="0.005341"/>
</kw>
<kw name="Sleep" owner="BuiltIn">
<msg time="2025-02-18T16:00:58.937966" level="INFO">Slept 5 seconds.</msg>
<arg>5</arg>
<doc>Pauses the test executed for the given time.</doc>
<status status="PASS" start="2025-02-18T16:00:53.935461" elapsed="5.002760"/>
</kw>
<kw name="Execute Javascript" owner="SeleniumLibrary">
<msg time="2025-02-18T16:00:58.939015" level="INFO">Executing JavaScript:
window.scrollTo(0,4500)
Without any arguments.</msg>
<arg>window.scrollTo(0,4500)</arg>
<doc>Executes the given JavaScript code with possible arguments.</doc>
<status status="PASS" start="2025-02-18T16:00:58.938498" elapsed="0.003501"/>
</kw>
<kw name="Sleep" owner="BuiltIn">
<msg time="2025-02-18T16:01:03.942401" level="INFO">Slept 5 seconds.</msg>
<arg>5</arg>
<doc>Pauses the test executed for the given time.</doc>
<status status="PASS" start="2025-02-18T16:00:58.942105" elapsed="5.000437"/>
</kw>
<kw name="Wait Until Page Contains Element" owner="SeleniumLibrary">
<arg>${CookieSettings}</arg>
<doc>Waits until the element ``locator`` appears on the current page.</doc>
<status status="PASS" start="2025-02-18T16:01:03.943077" elapsed="0.010185"/>
</kw>
<kw name="Click Element" owner="SeleniumLibrary">
<msg time="2025-02-18T16:01:03.953974" level="INFO">Clicking element '//button[@class='body-3-bold no-underline text-default']'.</msg>
<arg>${CookieSettings}</arg>
<doc>Click the element identified by ``locator``.</doc>
<status status="PASS" start="2025-02-18T16:01:03.953531" elapsed="0.086727"/>
</kw>
<status status="PASS" start="2025-02-18T16:00:50.894158" elapsed="13.147251"/>
</kw>
<kw name="Sleep" owner="BuiltIn">
<msg time="2025-02-18T16:01:09.042631" level="INFO">Slept 5 seconds.</msg>
<arg>5</arg>
<doc>Pauses the test executed for the given time.</doc>
<status status="PASS" start="2025-02-18T16:01:04.041600" elapsed="5.001415"/>
</kw>
<kw name="Validate Marketing cookie should be turned off" owner="DoNotSellInfo_TC002_Pages">
<kw name="Sleep" owner="BuiltIn">
<msg time="2025-02-18T16:01:14.045099" level="INFO">Slept 5 seconds.</msg>
<arg>5</arg>
<doc>Pauses the test executed for the given time.</doc>
<status status="PASS" start="2025-02-18T16:01:09.043946" elapsed="5.001350"/>
</kw>
<kw name="Get Element Attribute" owner="SeleniumLibrary">
<msg time="2025-02-18T16:01:14.059639" level="INFO">${checked_value} = None</msg>
<var>${checked_value}</var>
<arg>id=ot-group-id-C0012</arg>
<arg>checked</arg>
<doc>Returns the value of ``attribute`` from the element ``locator``.</doc>
<status status="PASS" start="2025-02-18T16:01:14.045570" elapsed="0.014115"/>
</kw>
<kw name="Should Be Equal As Strings" owner="BuiltIn">
<msg time="2025-02-18T16:01:14.061005" level="INFO">Argument types are:
&lt;class 'NoneType'&gt;
&lt;class 'str'&gt;</msg>
<arg>${checked_value}</arg>
<arg>None</arg>
<doc>Fails if objects are unequal after converting them to strings.</doc>
<status status="PASS" start="2025-02-18T16:01:14.060409" elapsed="0.000720"/>
</kw>
<status status="PASS" start="2025-02-18T16:01:09.043616" elapsed="5.017617"/>
</kw>
<kw name="Close Browser" owner="SeleniumLibrary" type="TEARDOWN">
<doc>Closes the current browser.</doc>
<status status="PASS" start="2025-02-18T16:01:14.061514" elapsed="5.899303"/>
</kw>
<status status="PASS" start="2025-02-18T15:59:51.898579" elapsed="88.062418"/>
</test>
<status status="PASS" start="2025-02-18T15:59:51.522721" elapsed="88.439338"/>
</suite>
<status status="PASS" start="2025-02-18T15:59:51.522236" elapsed="88.440625"/>
</suite>
<status status="PASS" start="2025-02-18T15:59:51.516184" elapsed="88.447106"/>
</suite>
<statistics>
<total>
<stat pass="1" fail="0" skip="0">All Tests</stat>
</total>
<tag>
</tag>
<suite>
<stat pass="1" fail="0" skip="0" id="s1" name="Tests">Tests</stat>
<stat pass="1" fail="0" skip="0" id="s1-s1" name="DoNotSellOrShareMyInfo">Tests.DoNotSellOrShareMyInfo</stat>
<stat pass="1" fail="0" skip="0" id="s1-s1-s1" name="DoNotSellInfo TC002 Test">Tests.DoNotSellOrShareMyInfo.DoNotSellInfo TC002 Test</stat>
</suite>
</statistics>
<errors>
<msg time="2025-02-18T15:59:51.890692" level="ERROR">Error in file '/Users/angeline.rohan/Desktop/QA Automation_Thinx.robot.py/ThinxAutomation1/Thinx-Automation1/steps/PDP/PDP_TC004_Steps.robot' on line 4: Setting 'Suite Setup' is not allowed in resource file.</msg>
</errors>
</robot>
