<?xml version="1.0" encoding="UTF-8"?>
<robot generator="Robot 7.1.1 (Python 3.13.1 on darwin)" generated="2025-02-25T10:27:21.388368" rpa="false" schemaversion="5">
<suite id="s1" name="Tests" source="/Users/angeline.rohan/Desktop/QA Automation_Thinx.robot.py/ThinxAutomation1/Thinx-Automation1/tests">
<suite id="s1-s1" name="DoNotSellOrShareMyInfo" source="/Users/angeline.rohan/Desktop/QA Automation_Thinx.robot.py/ThinxAutomation1/Thinx-Automation1/tests/DoNotSellOrShareMyInfo">
<suite id="s1-s1-s1" name="DoNotSellInfo TC002 Test" source="/Users/angeline.rohan/Desktop/QA Automation_Thinx.robot.py/ThinxAutomation1/Thinx-Automation1/tests/DoNotSellOrShareMyInfo/DoNotSellInfo_TC002_Test.robot">
<test id="s1-s1-s1-t1" name="Open Thinx" line="18">
<kw name="Open Thinx Homepage Using Chrome Browser" owner="resources" type="SETUP">
<kw name="Open Browser" owner="SeleniumLibrary">
<msg time="2025-02-25T10:27:21.631361" level="INFO">Opening browser 'Chrome' to base url 'https://www.thinx.com/'.</msg>
<arg>${ThinxHomepage}</arg>
<arg>Chrome</arg>
<doc>Opens a new browser instance to the optional ``url``.</doc>
<status status="PASS" start="2025-02-25T10:27:21.631181" elapsed="59.639671"/>
</kw>
<kw name="Maximize Browser Window" owner="SeleniumLibrary">
<doc>Maximizes current browser window.</doc>
<status status="PASS" start="2025-02-25T10:28:21.272307" elapsed="0.397619"/>
</kw>
<status status="PASS" start="2025-02-25T10:27:21.630559" elapsed="60.039544"/>
</kw>
<kw name="Accept Cookies" owner="DoNotSellInfo_TC002_Pages">
<kw name="Wait Until Element Is Visible" owner="SeleniumLibrary">
<arg>${AcceptCookies}</arg>
<doc>Waits until the element ``locator`` is visible.</doc>
<status status="PASS" start="2025-02-25T10:28:21.670885" elapsed="0.016986"/>
</kw>
<kw name="Click Element" owner="SeleniumLibrary">
<msg time="2025-02-25T10:28:21.688405" level="INFO">Clicking element '//button[@id='onetrust-accept-btn-handler']'.</msg>
<arg>locator=${AcceptCookies}</arg>
<doc>Click the element identified by ``locator``.</doc>
<status status="PASS" start="2025-02-25T10:28:21.688028" elapsed="0.070387"/>
</kw>
<kw name="Sleep" owner="BuiltIn">
<msg time="2025-02-25T10:28:26.760633" level="INFO">Slept 5 seconds.</msg>
<arg>5</arg>
<doc>Pauses the test executed for the given time.</doc>
<status status="PASS" start="2025-02-25T10:28:21.758732" elapsed="5.002003"/>
</kw>
<status status="PASS" start="2025-02-25T10:28:21.670422" elapsed="5.090456"/>
</kw>
<kw name="Accept Cookies and Close Welcome Modal" owner="CookieSettings_TC001_Pages">
<kw name="Sleep" owner="BuiltIn">
<msg time="2025-02-25T10:28:31.763751" level="INFO">Slept 5 seconds.</msg>
<arg>5</arg>
<doc>Pauses the test executed for the given time.</doc>
<status status="PASS" start="2025-02-25T10:28:26.761259" elapsed="5.003061"/>
</kw>
<kw name="Wait Until Page Contains Element" owner="SeleniumLibrary">
<arg>${CloseModal}</arg>
<doc>Waits until the element ``locator`` appears on the current page.</doc>
<status status="PASS" start="2025-02-25T10:28:31.764858" elapsed="0.020489"/>
</kw>
<kw name="Click Element" owner="SeleniumLibrary">
<msg time="2025-02-25T10:28:31.786323" level="INFO">Clicking element '//button[@class='absolute right-3 top-3 [&amp;&gt;svg]:size-6']'.</msg>
<arg>${CloseModal}</arg>
<doc>Click the element identified by ``locator``.</doc>
<status status="PASS" start="2025-02-25T10:28:31.785584" elapsed="0.062851"/>
</kw>
<status status="PASS" start="2025-02-25T10:28:26.761019" elapsed="5.087588"/>
</kw>
<kw name="Sleep" owner="BuiltIn">
<msg time="2025-02-25T10:28:36.849476" level="INFO">Slept 5 seconds.</msg>
<arg>5</arg>
<doc>Pauses the test executed for the given time.</doc>
<status status="PASS" start="2025-02-25T10:28:31.848840" elapsed="5.000985"/>
</kw>
<kw name="Click on Do Not Sell Info Link from footer section" owner="DoNotSellInfo_TC001_Pages">
<kw name="Execute Javascript" owner="SeleniumLibrary">
<msg time="2025-02-25T10:28:36.851254" level="INFO">Executing JavaScript:
window.scrollTo(0, document.body.scrollHeight)
Without any arguments.</msg>
<arg>window.scrollTo(0, document.body.scrollHeight)</arg>
<doc>Executes the given JavaScript code with possible arguments.</doc>
<status status="PASS" start="2025-02-25T10:28:36.850860" elapsed="0.003700"/>
</kw>
<kw name="Sleep" owner="BuiltIn">
<msg time="2025-02-25T10:28:38.855224" level="INFO">Slept 2 seconds.</msg>
<arg>2</arg>
<doc>Pauses the test executed for the given time.</doc>
<status status="PASS" start="2025-02-25T10:28:36.854752" elapsed="2.000653"/>
</kw>
<kw name="Wait Until Page Contains Element" owner="SeleniumLibrary">
<arg>${DoNotSellInfo}</arg>
<doc>Waits until the element ``locator`` appears on the current page.</doc>
<status status="PASS" start="2025-02-25T10:28:38.855646" elapsed="0.011749"/>
</kw>
<kw name="Element Should Be Visible" owner="SeleniumLibrary">
<msg time="2025-02-25T10:28:38.882642" level="INFO">Element '//a[.='Do not share or sell my personal information']' is displayed.</msg>
<arg>${DoNotSellInfo}</arg>
<doc>Verifies that the element identified by ``locator`` is visible.</doc>
<status status="PASS" start="2025-02-25T10:28:38.867616" elapsed="0.015109"/>
</kw>
<kw name="Click Element" owner="SeleniumLibrary">
<msg time="2025-02-25T10:28:38.883367" level="INFO">Clicking element '//a[.='Do not share or sell my personal information']'.</msg>
<arg>${DoNotSellInfo}</arg>
<doc>Click the element identified by ``locator``.</doc>
<status status="PASS" start="2025-02-25T10:28:38.883000" elapsed="0.051718"/>
</kw>
<kw name="Sleep" owner="BuiltIn">
<msg time="2025-02-25T10:28:43.936633" level="INFO">Slept 5 seconds.</msg>
<arg>5</arg>
<doc>Pauses the test executed for the given time.</doc>
<status status="PASS" start="2025-02-25T10:28:38.934834" elapsed="5.001883"/>
</kw>
<status status="PASS" start="2025-02-25T10:28:36.850469" elapsed="7.086319"/>
</kw>
<kw name="Select both checkboxes of do not sell or share my personal information" owner="DoNotSellInfo_TC002_Pages">
<kw name="Execute Javascript" owner="SeleniumLibrary">
<msg time="2025-02-25T10:28:43.937386" level="INFO">Executing JavaScript:
window.scrollTo(0,600)
Without any arguments.</msg>
<arg>window.scrollTo(0,600)</arg>
<doc>Executes the given JavaScript code with possible arguments.</doc>
<status status="PASS" start="2025-02-25T10:28:43.937157" elapsed="0.007290"/>
</kw>
<kw name="Sleep" owner="BuiltIn">
<msg time="2025-02-25T10:28:48.945866" level="INFO">Slept 5 seconds.</msg>
<arg>5</arg>
<doc>Pauses the test executed for the given time.</doc>
<status status="PASS" start="2025-02-25T10:28:43.944584" elapsed="5.001379"/>
</kw>
<kw name="Wait Until Page Contains Element" owner="SeleniumLibrary">
<arg>${DoNotSellCheckbox}</arg>
<doc>Waits until the element ``locator`` appears on the current page.</doc>
<status status="PASS" start="2025-02-25T10:28:48.946076" elapsed="0.013578"/>
</kw>
<kw name="Element Should Be Visible" owner="SeleniumLibrary">
<msg time="2025-02-25T10:28:48.964930" level="INFO">Element '//div[@class='my-4 flex flex-col gap-1.5']/div[1]/input[@class='input-checkbox']' is displayed.</msg>
<arg>${DoNotSellCheckbox}</arg>
<doc>Verifies that the element identified by ``locator`` is visible.</doc>
<status status="PASS" start="2025-02-25T10:28:48.959761" elapsed="0.005223"/>
</kw>
<kw name="Click Button" owner="SeleniumLibrary">
<msg time="2025-02-25T10:28:48.965202" level="INFO">Clicking button '//div[@class='my-4 flex flex-col gap-1.5']/div[1]/input[@class='input-checkbox']'.</msg>
<arg>${DoNotSellCheckbox}</arg>
<doc>Clicks the button identified by ``locator``.</doc>
<status status="PASS" start="2025-02-25T10:28:48.965072" elapsed="0.031066"/>
</kw>
<kw name="Sleep" owner="BuiltIn">
<msg time="2025-02-25T10:28:53.996650" level="INFO">Slept 5 seconds.</msg>
<arg>5</arg>
<doc>Pauses the test executed for the given time.</doc>
<status status="PASS" start="2025-02-25T10:28:48.996253" elapsed="5.000599"/>
</kw>
<kw name="Wait Until Page Contains Element" owner="SeleniumLibrary">
<arg>${LimitTheUseCheckbox}</arg>
<doc>Waits until the element ``locator`` appears on the current page.</doc>
<status status="PASS" start="2025-02-25T10:28:53.997145" elapsed="0.014851"/>
</kw>
<kw name="Element Should Be Visible" owner="SeleniumLibrary">
<msg time="2025-02-25T10:28:54.025669" level="INFO">Element '//div[@class='my-4 flex flex-col gap-1.5']/div[2]/input[@class='input-checkbox']' is displayed.</msg>
<arg>${LimitTheUseCheckbox}</arg>
<doc>Verifies that the element identified by ``locator`` is visible.</doc>
<status status="PASS" start="2025-02-25T10:28:54.012541" elapsed="0.013275"/>
</kw>
<kw name="Click Button" owner="SeleniumLibrary">
<msg time="2025-02-25T10:28:54.026278" level="INFO">Clicking button '//div[@class='my-4 flex flex-col gap-1.5']/div[2]/input[@class='input-checkbox']'.</msg>
<arg>${LimitTheUseCheckbox}</arg>
<doc>Clicks the button identified by ``locator``.</doc>
<status status="PASS" start="2025-02-25T10:28:54.026018" elapsed="0.038426"/>
</kw>
<kw name="Sleep" owner="BuiltIn">
<msg time="2025-02-25T10:29:04.065716" level="INFO">Slept 10 seconds.</msg>
<arg>10</arg>
<doc>Pauses the test executed for the given time.</doc>
<status status="PASS" start="2025-02-25T10:28:54.064584" elapsed="10.001197"/>
</kw>
<kw name="Capture Page Screenshot" owner="SeleniumLibrary">
<msg time="2025-02-25T10:29:04.204199" level="INFO" html="true">&lt;/td&gt;&lt;/tr&gt;&lt;tr&gt;&lt;td colspan="3"&gt;&lt;a href="selenium-screenshot-1.png"&gt;&lt;img src="selenium-screenshot-1.png" width="800px"&gt;&lt;/a&gt;</msg>
<doc>Takes a screenshot of the current page and embeds it into a log file.</doc>
<status status="PASS" start="2025-02-25T10:29:04.065896" elapsed="0.138378"/>
</kw>
<kw name="Click Button" owner="SeleniumLibrary">
<msg time="2025-02-25T10:29:04.204530" level="INFO">Clicking button '//button[@id='submit-button']'.</msg>
<arg>${SubmitCTA}</arg>
<doc>Clicks the button identified by ``locator``.</doc>
<status status="PASS" start="2025-02-25T10:29:04.204387" elapsed="0.062042"/>
</kw>
<kw name="Sleep" owner="BuiltIn">
<msg time="2025-02-25T10:29:09.269212" level="INFO">Slept 5 seconds.</msg>
<arg>5</arg>
<doc>Pauses the test executed for the given time.</doc>
<status status="PASS" start="2025-02-25T10:29:04.266550" elapsed="5.002837"/>
</kw>
<status status="PASS" start="2025-02-25T10:28:43.936974" elapsed="25.332640"/>
</kw>
<kw name="Sleep" owner="BuiltIn">
<msg time="2025-02-25T10:29:14.274181" level="INFO">Slept 5 seconds.</msg>
<arg>5</arg>
<doc>Pauses the test executed for the given time.</doc>
<status status="PASS" start="2025-02-25T10:29:09.269817" elapsed="5.007654"/>
</kw>
<kw name="Click on Cookie Settings" owner="CookieSettings_TC001_Pages">
<kw name="Execute Javascript" owner="SeleniumLibrary">
<msg time="2025-02-25T10:29:14.286187" level="INFO">Executing JavaScript:
window.scrollTo(0,2000)
Without any arguments.</msg>
<arg>window.scrollTo(0,2000)</arg>
<doc>Executes the given JavaScript code with possible arguments.</doc>
<status status="PASS" start="2025-02-25T10:29:14.285407" elapsed="0.039219"/>
</kw>
<kw name="Sleep" owner="BuiltIn">
<msg time="2025-02-25T10:29:17.326715" level="INFO">Slept 3 seconds.</msg>
<arg>3</arg>
<doc>Pauses the test executed for the given time.</doc>
<status status="PASS" start="2025-02-25T10:29:14.325075" elapsed="3.001885"/>
</kw>
<kw name="Execute Javascript" owner="SeleniumLibrary">
<msg time="2025-02-25T10:29:17.327770" level="INFO">Executing JavaScript:
window.scrollTo(0,3000)
Without any arguments.</msg>
<arg>window.scrollTo(0,3000)</arg>
<doc>Executes the given JavaScript code with possible arguments.</doc>
<status status="PASS" start="2025-02-25T10:29:17.327205" elapsed="0.004491"/>
</kw>
<kw name="Sleep" owner="BuiltIn">
<msg time="2025-02-25T10:29:22.332731" level="INFO">Slept 5 seconds.</msg>
<arg>5</arg>
<doc>Pauses the test executed for the given time.</doc>
<status status="PASS" start="2025-02-25T10:29:17.331867" elapsed="5.001442"/>
</kw>
<kw name="Execute Javascript" owner="SeleniumLibrary">
<msg time="2025-02-25T10:29:22.334256" level="INFO">Executing JavaScript:
window.scrollTo(0,4500)
Without any arguments.</msg>
<arg>window.scrollTo(0,4500)</arg>
<doc>Executes the given JavaScript code with possible arguments.</doc>
<status status="PASS" start="2025-02-25T10:29:22.333721" elapsed="0.006971"/>
</kw>
<kw name="Sleep" owner="BuiltIn">
<msg time="2025-02-25T10:29:27.341870" level="INFO">Slept 5 seconds.</msg>
<arg>5</arg>
<doc>Pauses the test executed for the given time.</doc>
<status status="PASS" start="2025-02-25T10:29:22.340892" elapsed="5.001087"/>
</kw>
<kw name="Wait Until Page Contains Element" owner="SeleniumLibrary">
<arg>${CookieSettings}</arg>
<doc>Waits until the element ``locator`` appears on the current page.</doc>
<status status="PASS" start="2025-02-25T10:29:27.342315" elapsed="0.015155"/>
</kw>
<kw name="Click Element" owner="SeleniumLibrary">
<msg time="2025-02-25T10:29:27.358028" level="INFO">Clicking element '//button[@class='body-3-bold no-underline text-default']'.</msg>
<arg>${CookieSettings}</arg>
<doc>Click the element identified by ``locator``.</doc>
<status status="PASS" start="2025-02-25T10:29:27.357761" elapsed="0.080606"/>
</kw>
<status status="PASS" start="2025-02-25T10:29:14.283667" elapsed="13.154911"/>
</kw>
<kw name="Sleep" owner="BuiltIn">
<msg time="2025-02-25T10:29:32.439824" level="INFO">Slept 5 seconds.</msg>
<arg>5</arg>
<doc>Pauses the test executed for the given time.</doc>
<status status="PASS" start="2025-02-25T10:29:27.439120" elapsed="5.000916"/>
</kw>
<kw name="Validate Marketing cookie should be turned off" owner="DoNotSellInfo_TC002_Pages">
<kw name="Sleep" owner="BuiltIn">
<msg time="2025-02-25T10:29:37.442770" level="INFO">Slept 5 seconds.</msg>
<arg>5</arg>
<doc>Pauses the test executed for the given time.</doc>
<status status="PASS" start="2025-02-25T10:29:32.441359" elapsed="5.002197"/>
</kw>
<kw name="Get Element Attribute" owner="SeleniumLibrary">
<msg time="2025-02-25T10:29:37.465007" level="INFO">${checked_value} = None</msg>
<var>${checked_value}</var>
<arg>id=ot-group-id-C0012</arg>
<arg>checked</arg>
<doc>Returns the value of ``attribute`` from the element ``locator``.</doc>
<status status="PASS" start="2025-02-25T10:29:37.445084" elapsed="0.019967"/>
</kw>
<kw name="Should Be Equal As Strings" owner="BuiltIn">
<msg time="2025-02-25T10:29:37.466045" level="INFO">Argument types are:
&lt;class 'NoneType'&gt;
&lt;class 'str'&gt;</msg>
<arg>${checked_value}</arg>
<arg>None</arg>
<doc>Fails if objects are unequal after converting them to strings.</doc>
<status status="PASS" start="2025-02-25T10:29:37.465372" elapsed="0.000750"/>
</kw>
<status status="PASS" start="2025-02-25T10:29:32.440704" elapsed="5.025489"/>
</kw>
<kw name="Close Browser" owner="SeleniumLibrary" type="TEARDOWN">
<doc>Closes the current browser.</doc>
<status status="PASS" start="2025-02-25T10:29:37.466553" elapsed="1.066107"/>
</kw>
<status status="PASS" start="2025-02-25T10:27:21.629547" elapsed="136.903188"/>
</test>
<status status="PASS" start="2025-02-25T10:27:21.407363" elapsed="137.125806"/>
</suite>
<status status="PASS" start="2025-02-25T10:27:21.406849" elapsed="137.126739"/>
</suite>
<status status="PASS" start="2025-02-25T10:27:21.400279" elapsed="137.133860"/>
</suite>
<statistics>
<total>
<stat pass="1" fail="0" skip="0">All Tests</stat>
</total>
<tag>
</tag>
<suite>
<stat pass="1" fail="0" skip="0" id="s1" name="Tests">Tests</stat>
<stat pass="1" fail="0" skip="0" id="s1-s1" name="DoNotSellOrShareMyInfo">Tests.DoNotSellOrShareMyInfo</stat>
<stat pass="1" fail="0" skip="0" id="s1-s1-s1" name="DoNotSellInfo TC002 Test">Tests.DoNotSellOrShareMyInfo.DoNotSellInfo TC002 Test</stat>
</suite>
</statistics>
<errors>
</errors>
</robot>
