<?xml version="1.0" encoding="UTF-8"?>
<robot generator="Robot 7.1.1 (Python 3.13.1 on darwin)" generated="2025-02-11T11:34:20.390991" rpa="false" schemaversion="5">
<suite id="s1" name="Tests" source="/Users/angeline.rohan/Desktop/QA Automation_Thinx.robot.py/ThinxAutomation1/Thinx-Automation1/tests">
<suite id="s1-s1" name="ForgotPassword" source="/Users/angeline.rohan/Desktop/QA Automation_Thinx.robot.py/ThinxAutomation1/Thinx-Automation1/tests/ForgotPassword">
<suite id="s1-s1-s1" name="ForgotPassword TC002 Test" source="/Users/angeline.rohan/Desktop/QA Automation_Thinx.robot.py/ThinxAutomation1/Thinx-Automation1/tests/ForgotPassword/ForgotPassword_TC002_Test.robot">
<test id="s1-s1-s1-t1" name="Login to Thinx" line="19">
<kw name="Open Thinx Homepage Using Chrome Browser" owner="resources" type="SETUP">
<kw name="Open Browser" owner="SeleniumLibrary">
<msg time="2025-02-11T11:34:20.499428" level="INFO">Opening browser 'Chrome' to base url 'https://www.thinx.com/'.</msg>
<arg>${ThinxHomepage}</arg>
<arg>Chrome</arg>
<doc>Opens a new browser instance to the optional ``url``.</doc>
<status status="PASS" start="2025-02-11T11:34:20.499300" elapsed="3.148265"/>
</kw>
<kw name="Maximize Browser Window" owner="SeleniumLibrary">
<doc>Maximizes current browser window.</doc>
<status status="PASS" start="2025-02-11T11:34:23.648204" elapsed="0.382608"/>
</kw>
<status status="PASS" start="2025-02-11T11:34:20.498941" elapsed="3.532513"/>
</kw>
<kw name="Login Page Opened" owner="Login_TC001_Pages">
<kw name="Wait Until Element Is Visible" owner="SeleniumLibrary">
<arg>${SignIn_Nav}</arg>
<doc>Waits until the element ``locator`` is visible.</doc>
<status status="PASS" start="2025-02-11T11:34:24.032758" elapsed="0.017354"/>
</kw>
<kw name="Element Should Be Visible" owner="SeleniumLibrary">
<msg time="2025-02-11T11:34:24.060121" level="INFO">Element '//header[@class='flex justify-between items-center px-3 h-[3.25rem] lg:h-14.5 lg:px-8 bg-white border-b border-b-brand-tangerine']//a[contains(.,'Sign in')]' is displayed.</msg>
<arg>${SignIn_Nav}</arg>
<doc>Verifies that the element identified by ``locator`` is visible.</doc>
<status status="PASS" start="2025-02-11T11:34:24.050355" elapsed="0.009845"/>
</kw>
<kw name="Click Element" owner="SeleniumLibrary">
<msg time="2025-02-11T11:34:24.060484" level="INFO">Clicking element '//header[@class='flex justify-between items-center px-3 h-[3.25rem] lg:h-14.5 lg:px-8 bg-white border-b border-b-brand-tangerine']//a[contains(.,'Sign in')]'.</msg>
<arg>${SignIn_Nav}</arg>
<doc>Click the element identified by ``locator``.</doc>
<status status="PASS" start="2025-02-11T11:34:24.060325" elapsed="0.057814"/>
</kw>
<status status="PASS" start="2025-02-11T11:34:24.031950" elapsed="0.086402"/>
</kw>
<kw name="Sleep" owner="BuiltIn">
<msg time="2025-02-11T11:34:34.120053" level="INFO">Slept 10 seconds.</msg>
<arg>10</arg>
<doc>Pauses the test executed for the given time.</doc>
<status status="PASS" start="2025-02-11T11:34:24.118552" elapsed="10.001603"/>
</kw>
<kw name="Click on forgot password link" owner="ForgotPassword_TC001_Pages">
<kw name="Wait Until Element Is Visible" owner="SeleniumLibrary">
<arg>${ForgotPwdLink}</arg>
<doc>Waits until the element ``locator`` is visible.</doc>
<status status="PASS" start="2025-02-11T11:34:34.120819" elapsed="0.018005"/>
</kw>
<kw name="Element Should Be Visible" owner="SeleniumLibrary">
<msg time="2025-02-11T11:34:34.146280" level="INFO">Element '//a[contains(.,'Forgot your password?')]' is displayed.</msg>
<arg>${ForgotPwdLink}</arg>
<doc>Verifies that the element identified by ``locator`` is visible.</doc>
<status status="PASS" start="2025-02-11T11:34:34.138955" elapsed="0.007427"/>
</kw>
<kw name="Click Element" owner="SeleniumLibrary">
<msg time="2025-02-11T11:34:34.146924" level="INFO">Clicking element '//a[contains(.,'Forgot your password?')]'.</msg>
<arg>${ForgotPwdLink}</arg>
<doc>Click the element identified by ``locator``.</doc>
<status status="PASS" start="2025-02-11T11:34:34.146596" elapsed="0.052664"/>
</kw>
<status status="PASS" start="2025-02-11T11:34:34.120367" elapsed="0.079039"/>
</kw>
<kw name="Execute Javascript" owner="SeleniumLibrary">
<msg time="2025-02-11T11:34:34.199957" level="INFO">Executing JavaScript:
window.scrollTo(0, 0)
Without any arguments.</msg>
<arg>window.scrollTo(0, 0)</arg>
<doc>Executes the given JavaScript code with possible arguments.</doc>
<status status="PASS" start="2025-02-11T11:34:34.199549" elapsed="0.002997"/>
</kw>
<kw name="Sleep" owner="BuiltIn">
<msg time="2025-02-11T11:34:44.203398" level="INFO">Slept 10 seconds.</msg>
<arg>10</arg>
<doc>Pauses the test executed for the given time.</doc>
<status status="PASS" start="2025-02-11T11:34:34.202693" elapsed="10.000804"/>
</kw>
<kw name="Enter the email address" owner="ForgotPassword_TC002_Pages">
<kw name="Wait Until Element Is Enabled" owner="SeleniumLibrary">
<arg>${RecoverPasswordField}</arg>
<arg>5</arg>
<doc>Waits until the element ``locator`` is enabled.</doc>
<status status="PASS" start="2025-02-11T11:34:44.204310" elapsed="0.023620"/>
</kw>
<kw name="Input Text" owner="SeleniumLibrary">
<msg time="2025-02-11T11:34:44.228273" level="INFO">Typing text 'abcd@gmail.com' into text field '//input[@id='RecoverEmail']'.</msg>
<arg>${RecoverPasswordField}</arg>
<arg>${EmailAddress}</arg>
<doc>Types the given ``text`` into the text field identified by ``locator``.</doc>
<status status="PASS" start="2025-02-11T11:34:44.228071" elapsed="0.138831"/>
</kw>
<arg>${EmailAddress}</arg>
<status status="PASS" start="2025-02-11T11:34:44.203841" elapsed="0.163314"/>
</kw>
<kw name="Sleep" owner="BuiltIn">
<msg time="2025-02-11T11:34:54.370806" level="INFO">Slept 10 seconds.</msg>
<arg>10</arg>
<doc>Pauses the test executed for the given time.</doc>
<status status="PASS" start="2025-02-11T11:34:44.367795" elapsed="10.003904"/>
</kw>
<kw name="Validate send email CTA is enabled and click on it" owner="ForgotPassword_TC002_Pages">
<kw name="Wait Until Element Is Visible" owner="SeleniumLibrary">
<arg>${SendEmailCTA}</arg>
<doc>Waits until the element ``locator`` is visible.</doc>
<status status="PASS" start="2025-02-11T11:34:54.373175" elapsed="0.017713"/>
</kw>
<kw name="Element Should Be Visible" owner="SeleniumLibrary">
<msg time="2025-02-11T11:34:54.402774" level="INFO">Element '//button[.='Submit']' is displayed.</msg>
<arg>${SendEmailCTA}</arg>
<doc>Verifies that the element identified by ``locator`` is visible.</doc>
<status status="PASS" start="2025-02-11T11:34:54.391377" elapsed="0.011636"/>
</kw>
<kw name="Click Element" owner="SeleniumLibrary">
<msg time="2025-02-11T11:34:54.403767" level="INFO">Clicking element '//button[.='Submit']'.</msg>
<arg>${SendEmailCTA}</arg>
<doc>Click the element identified by ``locator``.</doc>
<status status="PASS" start="2025-02-11T11:34:54.403258" elapsed="0.090548"/>
</kw>
<status status="PASS" start="2025-02-11T11:34:54.372570" elapsed="0.121496"/>
</kw>
<kw name="Sleep" owner="BuiltIn">
<msg time="2025-02-11T11:35:04.497213" level="INFO">Slept 10 seconds.</msg>
<arg>10</arg>
<doc>Pauses the test executed for the given time.</doc>
<status status="PASS" start="2025-02-11T11:34:54.494362" elapsed="10.002954"/>
</kw>
<kw name="Validate the success message after entering email and click on send email" owner="ForgotPassword_TC002_Pages">
<kw name="Wait Until Element Is Visible" owner="SeleniumLibrary">
<msg time="2025-02-11T11:35:09.702976" level="INFO" html="true">&lt;/td&gt;&lt;/tr&gt;&lt;tr&gt;&lt;td colspan="3"&gt;&lt;a href="selenium-screenshot-1.png"&gt;&lt;img src="selenium-screenshot-1.png" width="800px"&gt;&lt;/a&gt;</msg>
<msg time="2025-02-11T11:35:09.703286" level="FAIL">Element '//h1[@id='login']' not visible after 5 seconds.</msg>
<arg>${title}</arg>
<doc>Waits until the element ``locator`` is visible.</doc>
<status status="FAIL" start="2025-02-11T11:35:04.498149" elapsed="5.373030">Element '//h1[@id='login']' not visible after 5 seconds.</status>
</kw>
<kw name="Element Should Be Visible" owner="SeleniumLibrary">
<arg>${SuccessDescription}</arg>
<doc>Verifies that the element identified by ``locator`` is visible.</doc>
<status status="NOT RUN" start="2025-02-11T11:35:09.871579" elapsed="0.000091"/>
</kw>
<kw name="Get Text" owner="SeleniumLibrary">
<var>${title}</var>
<arg>${title}</arg>
<doc>Returns the text value of the element identified by ``locator``.</doc>
<status status="NOT RUN" start="2025-02-11T11:35:09.872109" elapsed="0.000071"/>
</kw>
<kw name="Should Contain" owner="BuiltIn">
<arg>${title}</arg>
<arg>Login</arg>
<doc>Fails if ``container`` does not contain ``item`` one or more times.</doc>
<status status="NOT RUN" start="2025-02-11T11:35:09.872421" elapsed="0.000083"/>
</kw>
<kw name="Wait Until Element Is Visible" owner="SeleniumLibrary">
<arg>${SuccessDescription}</arg>
<doc>Waits until the element ``locator`` is visible.</doc>
<status status="NOT RUN" start="2025-02-11T11:35:09.872678" elapsed="0.000056"/>
</kw>
<kw name="Element Should Be Visible" owner="SeleniumLibrary">
<arg>${SuccessDescription}</arg>
<doc>Verifies that the element identified by ``locator`` is visible.</doc>
<status status="NOT RUN" start="2025-02-11T11:35:09.872844" elapsed="0.000043"/>
</kw>
<kw name="Get Text" owner="SeleniumLibrary">
<var>${SuccessDescription}</var>
<arg>${SuccessDescription}</arg>
<doc>Returns the text value of the element identified by ``locator``.</doc>
<status status="NOT RUN" start="2025-02-11T11:35:09.872984" elapsed="0.000044"/>
</kw>
<kw name="Should Contain" owner="BuiltIn">
<arg>${SuccessDescription}</arg>
<arg>We've sent you an email with a link to update your password.</arg>
<doc>Fails if ``container`` does not contain ``item`` one or more times.</doc>
<status status="NOT RUN" start="2025-02-11T11:35:09.873141" elapsed="0.000047"/>
</kw>
<status status="FAIL" start="2025-02-11T11:35:04.497718" elapsed="5.375714">Element '//h1[@id='login']' not visible after 5 seconds.</status>
</kw>
<kw name="Close Browser" owner="SeleniumLibrary" type="TEARDOWN">
<doc>Closes the current browser.</doc>
<status status="PASS" start="2025-02-11T11:35:09.873846" elapsed="0.397207"/>
</kw>
<status status="FAIL" start="2025-02-11T11:34:20.498588" elapsed="49.772558">Element '//h1[@id='login']' not visible after 5 seconds.</status>
</test>
<status status="FAIL" start="2025-02-11T11:34:20.409287" elapsed="49.862376"/>
</suite>
<status status="FAIL" start="2025-02-11T11:34:20.408829" elapsed="49.863210"/>
</suite>
<status status="FAIL" start="2025-02-11T11:34:20.402433" elapsed="49.869845"/>
</suite>
<statistics>
<total>
<stat pass="0" fail="1" skip="0">All Tests</stat>
</total>
<tag>
</tag>
<suite>
<stat pass="0" fail="1" skip="0" id="s1" name="Tests">Tests</stat>
<stat pass="0" fail="1" skip="0" id="s1-s1" name="ForgotPassword">Tests.ForgotPassword</stat>
<stat pass="0" fail="1" skip="0" id="s1-s1-s1" name="ForgotPassword TC002 Test">Tests.ForgotPassword.ForgotPassword TC002 Test</stat>
</suite>
</statistics>
<errors>
<msg time="2025-02-11T11:34:20.498187" level="ERROR">Error in file '/Users/angeline.rohan/Desktop/QA Automation_Thinx.robot.py/ThinxAutomation1/Thinx-Automation1/tests/ForgotPassword/ForgotPassword_TC002_Test.robot' on line 11: Resource file '../../pages/Registration/Registration_TC004_Pages.robot' does not exist.</msg>
</errors>
</robot>
