<?xml version="1.0" encoding="UTF-8"?>
<robot generator="Robot 7.1.1 (Python 3.13.1 on darwin)" generated="2025-02-18T13:15:45.255095" rpa="false" schemaversion="5">
<suite id="s1" name="Tests" source="/Users/angeline.rohan/Desktop/QA Automation_Thinx.robot.py/ThinxAutomation1/Thinx-Automation1/tests">
<suite id="s1-s1" name="DoNotSellOrShareMyInfo" source="/Users/angeline.rohan/Desktop/QA Automation_Thinx.robot.py/ThinxAutomation1/Thinx-Automation1/tests/DoNotSellOrShareMyInfo">
<suite id="s1-s1-s1" name="DoNotSellInfo TC002 Test" source="/Users/angeline.rohan/Desktop/QA Automation_Thinx.robot.py/ThinxAutomation1/Thinx-Automation1/tests/DoNotSellOrShareMyInfo/DoNotSellInfo_TC002_Test.robot">
<test id="s1-s1-s1-t1" name="Open Thinx" line="19">
<kw name="Open Thinx Homepage Using Chrome Browser" owner="resources" type="SETUP">
<kw name="Open Browser" owner="SeleniumLibrary">
<msg time="2025-02-18T13:15:45.448698" level="INFO">Opening browser 'Chrome' to base url 'https://www.thinx.com/'.</msg>
<arg>${ThinxHomepage}</arg>
<arg>Chrome</arg>
<doc>Opens a new browser instance to the optional ``url``.</doc>
<status status="PASS" start="2025-02-18T13:15:45.448430" elapsed="7.601319"/>
</kw>
<kw name="Maximize Browser Window" owner="SeleniumLibrary">
<doc>Maximizes current browser window.</doc>
<status status="PASS" start="2025-02-18T13:15:53.050732" elapsed="0.377672"/>
</kw>
<status status="PASS" start="2025-02-18T13:15:45.447502" elapsed="7.981166"/>
</kw>
<kw name="Accept Cookies" owner="DoNotSellInfo_TC002_Pages">
<kw name="Wait Until Element Is Visible" owner="SeleniumLibrary">
<arg>${AcceptCookies}</arg>
<doc>Waits until the element ``locator`` is visible.</doc>
<status status="PASS" start="2025-02-18T13:15:53.429950" elapsed="0.023608"/>
</kw>
<kw name="Click Element" owner="SeleniumLibrary">
<msg time="2025-02-18T13:15:53.454454" level="INFO">Clicking element '//button[@id='onetrust-accept-btn-handler']'.</msg>
<arg>locator=${AcceptCookies}</arg>
<doc>Click the element identified by ``locator``.</doc>
<status status="PASS" start="2025-02-18T13:15:53.453764" elapsed="0.067281"/>
</kw>
<kw name="Sleep" owner="BuiltIn">
<msg time="2025-02-18T13:15:58.523408" level="INFO">Slept 5 seconds.</msg>
<arg>5</arg>
<doc>Pauses the test executed for the given time.</doc>
<status status="PASS" start="2025-02-18T13:15:53.521355" elapsed="5.004609"/>
</kw>
<status status="PASS" start="2025-02-18T13:15:53.429301" elapsed="5.097487"/>
</kw>
<kw name="Accept Cookies and Close Welcome Modal" owner="PDP_TC004_Steps">
<kw name="Sleep" owner="BuiltIn">
<msg time="2025-02-18T13:16:03.530369" level="INFO">Slept 5 seconds.</msg>
<arg>5</arg>
<doc>Pauses the test executed for the given time.</doc>
<status status="PASS" start="2025-02-18T13:15:58.529461" elapsed="5.001144"/>
</kw>
<kw name="Wait Until Page Contains Element" owner="SeleniumLibrary">
<arg>${CloseModal}</arg>
<doc>Waits until the element ``locator`` appears on the current page.</doc>
<status status="PASS" start="2025-02-18T13:16:03.531776" elapsed="0.023042"/>
</kw>
<kw name="Click Element" owner="SeleniumLibrary">
<msg time="2025-02-18T13:16:03.555477" level="INFO">Clicking element '//button[@class='absolute right-3 top-3 [&amp;&gt;svg]:size-6']'.</msg>
<arg>${CloseModal}</arg>
<doc>Click the element identified by ``locator``.</doc>
<status status="PASS" start="2025-02-18T13:16:03.555094" elapsed="0.055271"/>
</kw>
<status status="PASS" start="2025-02-18T13:15:58.528509" elapsed="5.081987"/>
</kw>
<kw name="Sleep" owner="BuiltIn">
<msg time="2025-02-18T13:16:08.612865" level="INFO">Slept 5 seconds.</msg>
<arg>5</arg>
<doc>Pauses the test executed for the given time.</doc>
<status status="PASS" start="2025-02-18T13:16:03.610601" elapsed="5.003262"/>
</kw>
<kw name="Click on Do Not Sell Info Link from footer section" owner="DoNotSellInfo_TC001_Pages">
<kw name="Execute Javascript" owner="SeleniumLibrary">
<msg time="2025-02-18T13:16:08.616587" level="INFO">Executing JavaScript:
window.scrollTo(0, document.body.scrollHeight)
Without any arguments.</msg>
<arg>window.scrollTo(0, document.body.scrollHeight)</arg>
<doc>Executes the given JavaScript code with possible arguments.</doc>
<status status="PASS" start="2025-02-18T13:16:08.616043" elapsed="0.006304"/>
</kw>
<kw name="Sleep" owner="BuiltIn">
<msg time="2025-02-18T13:16:10.623917" level="INFO">Slept 2 seconds.</msg>
<arg>2</arg>
<doc>Pauses the test executed for the given time.</doc>
<status status="PASS" start="2025-02-18T13:16:08.622469" elapsed="2.001623"/>
</kw>
<kw name="Wait Until Page Contains Element" owner="SeleniumLibrary">
<arg>${DoNotSellInfo}</arg>
<doc>Waits until the element ``locator`` appears on the current page.</doc>
<status status="PASS" start="2025-02-18T13:16:10.624438" elapsed="0.012059"/>
</kw>
<kw name="Element Should Be Visible" owner="SeleniumLibrary">
<msg time="2025-02-18T13:16:10.650889" level="INFO">Element '//a[.='Do not share or sell my personal information']' is displayed.</msg>
<arg>${DoNotSellInfo}</arg>
<doc>Verifies that the element identified by ``locator`` is visible.</doc>
<status status="PASS" start="2025-02-18T13:16:10.636747" elapsed="0.014218"/>
</kw>
<kw name="Click Element" owner="SeleniumLibrary">
<msg time="2025-02-18T13:16:10.651369" level="INFO">Clicking element '//a[.='Do not share or sell my personal information']'.</msg>
<arg>${DoNotSellInfo}</arg>
<doc>Click the element identified by ``locator``.</doc>
<status status="PASS" start="2025-02-18T13:16:10.651079" elapsed="0.099797"/>
</kw>
<kw name="Sleep" owner="BuiltIn">
<msg time="2025-02-18T13:16:15.755530" level="INFO">Slept 5 seconds.</msg>
<arg>5</arg>
<doc>Pauses the test executed for the given time.</doc>
<status status="PASS" start="2025-02-18T13:16:10.751118" elapsed="5.005472"/>
</kw>
<status status="PASS" start="2025-02-18T13:16:08.614921" elapsed="7.142819"/>
</kw>
<kw name="Select both checkboxes of do not sell or share my personal information" owner="DoNotSellInfo_TC002_Pages">
<kw name="Execute Javascript" owner="SeleniumLibrary">
<msg time="2025-02-18T13:16:15.765281" level="INFO">Executing JavaScript:
window.scrollTo(0,600)
Without any arguments.</msg>
<arg>window.scrollTo(0,600)</arg>
<doc>Executes the given JavaScript code with possible arguments.</doc>
<status status="PASS" start="2025-02-18T13:16:15.762116" elapsed="0.020187"/>
</kw>
<kw name="Sleep" owner="BuiltIn">
<msg time="2025-02-18T13:16:20.783511" level="INFO">Slept 5 seconds.</msg>
<arg>5</arg>
<doc>Pauses the test executed for the given time.</doc>
<status status="PASS" start="2025-02-18T13:16:15.782588" elapsed="5.001003"/>
</kw>
<kw name="Wait Until Page Contains Element" owner="SeleniumLibrary">
<arg>${DoNotSellCheckbox}</arg>
<doc>Waits until the element ``locator`` appears on the current page.</doc>
<status status="PASS" start="2025-02-18T13:16:20.783714" elapsed="0.007489"/>
</kw>
<kw name="Element Should Be Visible" owner="SeleniumLibrary">
<msg time="2025-02-18T13:16:20.799226" level="INFO">Element '//div[@class='my-4 flex flex-col gap-1.5']/div[1]/input[@class='input-checkbox']' is displayed.</msg>
<arg>${DoNotSellCheckbox}</arg>
<doc>Verifies that the element identified by ``locator`` is visible.</doc>
<status status="PASS" start="2025-02-18T13:16:20.791408" elapsed="0.007895"/>
</kw>
<kw name="Click Button" owner="SeleniumLibrary">
<msg time="2025-02-18T13:16:20.799842" level="INFO">Clicking button '//div[@class='my-4 flex flex-col gap-1.5']/div[1]/input[@class='input-checkbox']'.</msg>
<arg>${DoNotSellCheckbox}</arg>
<doc>Clicks the button identified by ``locator``.</doc>
<status status="PASS" start="2025-02-18T13:16:20.799507" elapsed="0.046688"/>
</kw>
<kw name="Sleep" owner="BuiltIn">
<msg time="2025-02-18T13:16:25.847420" level="INFO">Slept 5 seconds.</msg>
<arg>5</arg>
<doc>Pauses the test executed for the given time.</doc>
<status status="PASS" start="2025-02-18T13:16:20.846329" elapsed="5.001383"/>
</kw>
<kw name="Wait Until Page Contains Element" owner="SeleniumLibrary">
<arg>${LimitTheUseCheckbox}</arg>
<doc>Waits until the element ``locator`` appears on the current page.</doc>
<status status="PASS" start="2025-02-18T13:16:25.848024" elapsed="0.006437"/>
</kw>
<kw name="Element Should Be Visible" owner="SeleniumLibrary">
<msg time="2025-02-18T13:16:25.862343" level="INFO">Element '//div[@class='my-4 flex flex-col gap-1.5']/div[2]/input[@class='input-checkbox']' is displayed.</msg>
<arg>${LimitTheUseCheckbox}</arg>
<doc>Verifies that the element identified by ``locator`` is visible.</doc>
<status status="PASS" start="2025-02-18T13:16:25.854811" elapsed="0.007613"/>
</kw>
<kw name="Click Button" owner="SeleniumLibrary">
<msg time="2025-02-18T13:16:25.862696" level="INFO">Clicking button '//div[@class='my-4 flex flex-col gap-1.5']/div[2]/input[@class='input-checkbox']'.</msg>
<arg>${LimitTheUseCheckbox}</arg>
<doc>Clicks the button identified by ``locator``.</doc>
<status status="PASS" start="2025-02-18T13:16:25.862534" elapsed="0.053761"/>
</kw>
<kw name="Sleep" owner="BuiltIn">
<msg time="2025-02-18T13:16:35.917994" level="INFO">Slept 10 seconds.</msg>
<arg>10</arg>
<doc>Pauses the test executed for the given time.</doc>
<status status="PASS" start="2025-02-18T13:16:25.916657" elapsed="10.002035"/>
</kw>
<kw name="Capture Page Screenshot" owner="SeleniumLibrary">
<msg time="2025-02-18T13:16:36.123869" level="INFO" html="true">&lt;/td&gt;&lt;/tr&gt;&lt;tr&gt;&lt;td colspan="3"&gt;&lt;a href="selenium-screenshot-1.png"&gt;&lt;img src="selenium-screenshot-1.png" width="800px"&gt;&lt;/a&gt;</msg>
<doc>Takes a screenshot of the current page and embeds it into a log file.</doc>
<status status="PASS" start="2025-02-18T13:16:35.919485" elapsed="0.204474"/>
</kw>
<kw name="Click Button" owner="SeleniumLibrary">
<msg time="2025-02-18T13:16:36.124779" level="INFO">Clicking button '//button[@id='submit-button']'.</msg>
<arg>${SubmitCTA}</arg>
<doc>Clicks the button identified by ``locator``.</doc>
<status status="PASS" start="2025-02-18T13:16:36.124124" elapsed="0.069899"/>
</kw>
<kw name="Sleep" owner="BuiltIn">
<msg time="2025-02-18T13:16:41.194702" level="INFO">Slept 5 seconds.</msg>
<arg>5</arg>
<doc>Pauses the test executed for the given time.</doc>
<status status="PASS" start="2025-02-18T13:16:36.194227" elapsed="5.000573"/>
</kw>
<status status="PASS" start="2025-02-18T13:16:15.760239" elapsed="25.434689"/>
</kw>
<kw name="Sleep" owner="BuiltIn">
<msg time="2025-02-18T13:16:46.195687" level="INFO">Slept 5 seconds.</msg>
<arg>5</arg>
<doc>Pauses the test executed for the given time.</doc>
<status status="PASS" start="2025-02-18T13:16:41.195098" elapsed="5.001027"/>
</kw>
<kw name="Click on Cookie Settings" owner="CookieSettings_TC001_Pages">
<kw name="Execute Javascript" owner="SeleniumLibrary">
<msg time="2025-02-18T13:16:46.199050" level="INFO">Executing JavaScript:
window.scrollTo(0,2000)
Without any arguments.</msg>
<arg>window.scrollTo(0,2000)</arg>
<doc>Executes the given JavaScript code with possible arguments.</doc>
<status status="PASS" start="2025-02-18T13:16:46.198310" elapsed="0.028018"/>
</kw>
<kw name="Sleep" owner="BuiltIn">
<msg time="2025-02-18T13:16:49.227861" level="INFO">Slept 3 seconds.</msg>
<arg>3</arg>
<doc>Pauses the test executed for the given time.</doc>
<status status="PASS" start="2025-02-18T13:16:46.226558" elapsed="3.001964"/>
</kw>
<kw name="Execute Javascript" owner="SeleniumLibrary">
<msg time="2025-02-18T13:16:49.229339" level="INFO">Executing JavaScript:
window.scrollTo(0,3000)
Without any arguments.</msg>
<arg>window.scrollTo(0,3000)</arg>
<doc>Executes the given JavaScript code with possible arguments.</doc>
<status status="PASS" start="2025-02-18T13:16:49.228710" elapsed="0.010379"/>
</kw>
<kw name="Sleep" owner="BuiltIn">
<msg time="2025-02-18T13:16:54.240697" level="INFO">Slept 5 seconds.</msg>
<arg>5</arg>
<doc>Pauses the test executed for the given time.</doc>
<status status="PASS" start="2025-02-18T13:16:49.239272" elapsed="5.001678"/>
</kw>
<kw name="Execute Javascript" owner="SeleniumLibrary">
<msg time="2025-02-18T13:16:54.241791" level="INFO">Executing JavaScript:
window.scrollTo(0,4500)
Without any arguments.</msg>
<arg>window.scrollTo(0,4500)</arg>
<doc>Executes the given JavaScript code with possible arguments.</doc>
<status status="PASS" start="2025-02-18T13:16:54.241183" elapsed="0.009648"/>
</kw>
<kw name="Sleep" owner="BuiltIn">
<msg time="2025-02-18T13:16:59.256792" level="INFO">Slept 5 seconds.</msg>
<arg>5</arg>
<doc>Pauses the test executed for the given time.</doc>
<status status="PASS" start="2025-02-18T13:16:54.255205" elapsed="5.002231"/>
</kw>
<kw name="Wait Until Page Contains Element" owner="SeleniumLibrary">
<arg>${CookieSettings}</arg>
<doc>Waits until the element ``locator`` appears on the current page.</doc>
<status status="PASS" start="2025-02-18T13:16:59.257951" elapsed="0.014092"/>
</kw>
<kw name="Click Element" owner="SeleniumLibrary">
<msg time="2025-02-18T13:16:59.272607" level="INFO">Clicking element '//button[@class='body-3-bold no-underline text-default']'.</msg>
<arg>${CookieSettings}</arg>
<doc>Click the element identified by ``locator``.</doc>
<status status="PASS" start="2025-02-18T13:16:59.272387" elapsed="0.078176"/>
</kw>
<status status="PASS" start="2025-02-18T13:16:46.196919" elapsed="13.153979"/>
</kw>
<kw name="Sleep" owner="BuiltIn">
<msg time="2025-02-18T13:17:04.353412" level="INFO">Slept 5 seconds.</msg>
<arg>5</arg>
<doc>Pauses the test executed for the given time.</doc>
<status status="PASS" start="2025-02-18T13:16:59.351171" elapsed="5.002570"/>
</kw>
<kw name="Validate Marketing cookie should be turned off" owner="DoNotSellInfo_TC002_Pages">
<kw name="Sleep" owner="BuiltIn">
<msg time="2025-02-18T13:17:09.356267" level="INFO">Slept 5 seconds.</msg>
<arg>5</arg>
<doc>Pauses the test executed for the given time.</doc>
<status status="PASS" start="2025-02-18T13:17:04.354771" elapsed="5.001811"/>
</kw>
<kw name="Get Element Attribute" owner="SeleniumLibrary">
<msg time="2025-02-18T13:17:09.369955" level="INFO">${checked_value} = None</msg>
<var>${checked_value}</var>
<arg>id=ot-group-id-C0012</arg>
<arg>checked</arg>
<doc>Returns the value of ``attribute`` from the element ``locator``.</doc>
<status status="PASS" start="2025-02-18T13:17:09.357005" elapsed="0.013044"/>
</kw>
<kw name="Should Be Equal As Strings" owner="BuiltIn">
<msg time="2025-02-18T13:17:09.370664" level="INFO">Argument types are:
&lt;class 'NoneType'&gt;
&lt;class 'str'&gt;</msg>
<arg>${checked_value}</arg>
<arg>None</arg>
<doc>Fails if objects are unequal after converting them to strings.</doc>
<status status="PASS" start="2025-02-18T13:17:09.370340" elapsed="0.000376"/>
</kw>
<status status="PASS" start="2025-02-18T13:17:04.354289" elapsed="5.016626"/>
</kw>
<kw name="Close Browser" owner="SeleniumLibrary" type="TEARDOWN">
<doc>Closes the current browser.</doc>
<status status="PASS" start="2025-02-18T13:17:09.371215" elapsed="4.543572"/>
</kw>
<status status="PASS" start="2025-02-18T13:15:45.446747" elapsed="88.468141"/>
</test>
<status status="PASS" start="2025-02-18T13:15:45.281007" elapsed="88.634403"/>
</suite>
<status status="PASS" start="2025-02-18T13:15:45.279944" elapsed="88.635804"/>
</suite>
<status status="PASS" start="2025-02-18T13:15:45.268620" elapsed="88.647338"/>
</suite>
<statistics>
<total>
<stat pass="1" fail="0" skip="0">All Tests</stat>
</total>
<tag>
</tag>
<suite>
<stat pass="1" fail="0" skip="0" id="s1" name="Tests">Tests</stat>
<stat pass="1" fail="0" skip="0" id="s1-s1" name="DoNotSellOrShareMyInfo">Tests.DoNotSellOrShareMyInfo</stat>
<stat pass="1" fail="0" skip="0" id="s1-s1-s1" name="DoNotSellInfo TC002 Test">Tests.DoNotSellOrShareMyInfo.DoNotSellInfo TC002 Test</stat>
</suite>
</statistics>
<errors>
<msg time="2025-02-18T13:15:45.444205" level="ERROR">Error in file '/Users/angeline.rohan/Desktop/QA Automation_Thinx.robot.py/ThinxAutomation1/Thinx-Automation1/steps/PDP/PDP_TC004_Steps.robot' on line 4: Setting 'Suite Setup' is not allowed in resource file.</msg>
</errors>
</robot>
