<?xml version="1.0" encoding="UTF-8"?>
<robot generator="Robot 7.1.1 (Python 3.13.1 on darwin)" generated="2025-02-18T16:00:41.430972" rpa="false" schemaversion="5">
<suite id="s1" name="Tests" source="/Users/angeline.rohan/Desktop/QA Automation_Thinx.robot.py/ThinxAutomation1/Thinx-Automation1/tests">
<suite id="s1-s1" name="Login" source="/Users/angeline.rohan/Desktop/QA Automation_Thinx.robot.py/ThinxAutomation1/Thinx-Automation1/tests/Login">
<suite id="s1-s1-s1" name="Login TC002 Test" source="/Users/angeline.rohan/Desktop/QA Automation_Thinx.robot.py/ThinxAutomation1/Thinx-Automation1/tests/Login/Login_TC002_Test.robot">
<test id="s1-s1-s1-t1" name="Login to Thinx" line="17">
<kw name="Open Thinx Homepage Using Chrome Browser" owner="resources" type="SETUP">
<kw name="Open Browser" owner="SeleniumLibrary">
<msg time="2025-02-18T16:00:42.104243" level="INFO">Opening browser 'Chrome' to base url 'https://www.thinx.com/'.</msg>
<arg>${ThinxHomepage}</arg>
<arg>Chrome</arg>
<doc>Opens a new browser instance to the optional ``url``.</doc>
<status status="PASS" start="2025-02-18T16:00:42.104111" elapsed="3.786323"/>
</kw>
<kw name="Maximize Browser Window" owner="SeleniumLibrary">
<doc>Maximizes current browser window.</doc>
<status status="PASS" start="2025-02-18T16:00:45.891849" elapsed="1.996752"/>
</kw>
<status status="PASS" start="2025-02-18T16:00:42.103761" elapsed="5.785078"/>
</kw>
<kw name="Login Page Opened" owner="Login_TC001_Pages">
<kw name="Wait Until Element Is Visible" owner="SeleniumLibrary">
<arg>${SignIn_Nav}</arg>
<doc>Waits until the element ``locator`` is visible.</doc>
<status status="PASS" start="2025-02-18T16:00:47.890417" elapsed="0.015977"/>
</kw>
<kw name="Element Should Be Visible" owner="SeleniumLibrary">
<msg time="2025-02-18T16:00:47.917740" level="INFO">Element '//header[@class='flex justify-between items-center px-3 h-[3.25rem] lg:h-14.5 lg:px-8 bg-white border-b border-b-brand-tangerine']//a[contains(.,'Sign in')]' is displayed.</msg>
<arg>${SignIn_Nav}</arg>
<doc>Verifies that the element identified by ``locator`` is visible.</doc>
<status status="PASS" start="2025-02-18T16:00:47.906740" elapsed="0.011119"/>
</kw>
<kw name="Click Element" owner="SeleniumLibrary">
<msg time="2025-02-18T16:00:47.918270" level="INFO">Clicking element '//header[@class='flex justify-between items-center px-3 h-[3.25rem] lg:h-14.5 lg:px-8 bg-white border-b border-b-brand-tangerine']//a[contains(.,'Sign in')]'.</msg>
<arg>${SignIn_Nav}</arg>
<doc>Click the element identified by ``locator``.</doc>
<status status="PASS" start="2025-02-18T16:00:47.918065" elapsed="0.061291"/>
</kw>
<status status="PASS" start="2025-02-18T16:00:47.889369" elapsed="0.090496"/>
</kw>
<kw name="Sleep" owner="BuiltIn">
<msg time="2025-02-18T16:00:52.981238" level="INFO">Slept 5 seconds.</msg>
<arg>5</arg>
<doc>Pauses the test executed for the given time.</doc>
<status status="PASS" start="2025-02-18T16:00:47.980118" elapsed="5.001258"/>
</kw>
<kw name="Click on forgot password link" owner="Login_TC002_Pages">
<kw name="Wait Until Element Is Visible" owner="SeleniumLibrary">
<arg>${ForgotPwdLink}</arg>
<doc>Waits until the element ``locator`` is visible.</doc>
<status status="PASS" start="2025-02-18T16:00:52.982066" elapsed="0.023482"/>
</kw>
<kw name="Click Element" owner="SeleniumLibrary">
<msg time="2025-02-18T16:00:53.006194" level="INFO">Clicking element '//a[contains(.,'Forgot your password?')]'.</msg>
<arg>${ForgotPwdLink}</arg>
<doc>Click the element identified by ``locator``.</doc>
<status status="PASS" start="2025-02-18T16:00:53.005832" elapsed="0.067781"/>
</kw>
<status status="PASS" start="2025-02-18T16:00:52.981652" elapsed="0.092046"/>
</kw>
<kw name="Validate successfully landed on forgot password page" owner="Login_TC002_Pages">
<kw name="Wait Until Location Is" owner="SeleniumLibrary">
<arg>${ForgotPwdPageURL}</arg>
<arg>10s</arg>
<doc>Waits until the current URL is ``expected``.</doc>
<status status="PASS" start="2025-02-18T16:00:53.074015" elapsed="0.003053"/>
</kw>
<kw name="Location Should Be" owner="SeleniumLibrary">
<msg time="2025-02-18T16:00:53.080562" level="INFO">Current location is 'https://www.thinx.com/account/login#recover'.</msg>
<arg>${ForgotPwdPageURL}</arg>
<doc>Verifies that the current URL is exactly ``url``.</doc>
<status status="PASS" start="2025-02-18T16:00:53.077200" elapsed="0.003435"/>
</kw>
<kw name="Wait Until Element Is Visible" owner="SeleniumLibrary">
<arg>${ForgotPwdPageH1}</arg>
<doc>Waits until the element ``locator`` is visible.</doc>
<status status="PASS" start="2025-02-18T16:00:53.080750" elapsed="0.012634"/>
</kw>
<kw name="Get Text" owner="SeleniumLibrary">
<msg time="2025-02-18T16:00:53.109511" level="INFO">${ForgotPwdPageH1} = Reset your password</msg>
<var>${ForgotPwdPageH1}</var>
<arg>${ForgotPwdPageH1}</arg>
<doc>Returns the text value of the element identified by ``locator``.</doc>
<status status="PASS" start="2025-02-18T16:00:53.093687" elapsed="0.015885"/>
</kw>
<kw name="Should Contain" owner="BuiltIn">
<arg>${ForgotPwdPageH1}</arg>
<arg>Reset your password</arg>
<doc>Fails if ``container`` does not contain ``item`` one or more times.</doc>
<status status="PASS" start="2025-02-18T16:00:53.109804" elapsed="0.000286"/>
</kw>
<status status="PASS" start="2025-02-18T16:00:53.073830" elapsed="0.036390"/>
</kw>
<kw name="Close Browser" owner="SeleniumLibrary" type="TEARDOWN">
<doc>Closes the current browser.</doc>
<status status="PASS" start="2025-02-18T16:00:53.110480" elapsed="2.930679"/>
</kw>
<status status="PASS" start="2025-02-18T16:00:42.103403" elapsed="13.937896"/>
</test>
<status status="PASS" start="2025-02-18T16:00:41.453168" elapsed="14.589113"/>
</suite>
<status status="PASS" start="2025-02-18T16:00:41.452667" elapsed="14.590662"/>
</suite>
<status status="PASS" start="2025-02-18T16:00:41.443368" elapsed="14.600765"/>
</suite>
<statistics>
<total>
<stat pass="1" fail="0" skip="0">All Tests</stat>
</total>
<tag>
</tag>
<suite>
<stat pass="1" fail="0" skip="0" id="s1" name="Tests">Tests</stat>
<stat pass="1" fail="0" skip="0" id="s1-s1" name="Login">Tests.Login</stat>
<stat pass="1" fail="0" skip="0" id="s1-s1-s1" name="Login TC002 Test">Tests.Login.Login TC002 Test</stat>
</suite>
</statistics>
<errors>
<msg time="2025-02-18T16:00:42.101976" level="ERROR">Error in file '/Users/angeline.rohan/Desktop/QA Automation_Thinx.robot.py/ThinxAutomation1/Thinx-Automation1/steps/Login/Login_TC002_Steps.robot' on line 4: Resource file '../../pages/Registration/Registration_TC004_Pages.robot' does not exist.</msg>
</errors>
</robot>
