<?xml version="1.0" encoding="UTF-8"?>
<robot generator="Rebot 7.1.1 (Python 3.13.1 on darwin)" generated="2025-02-21T13:59:36.531781" rpa="false" schemaversion="5">
<suite id="s1" name="Tests" source="/Users/angeline.rohan/Desktop/QA Automation_Thinx.robot.py/ThinxAutomation1/Thinx-Automation1/tests">
<suite id="s1-s1" name="Cart" source="/Users/angeline.rohan/Desktop/QA Automation_Thinx.robot.py/ThinxAutomation1/Thinx-Automation1/tests/Cart">
<suite id="s1-s1-s1" name="Cart TC001 Tests" source="/Users/angeline.rohan/Desktop/QA Automation_Thinx.robot.py/ThinxAutomation1/Thinx-Automation1/tests/Cart/Cart_TC001_Tests.robot">
<test id="s1-s1-s1-t1" name="Open Thinx" line="15">
<kw name="Open Thinx Homepage Using Chrome Browser" owner="resources" type="SETUP">
<kw name="Open Browser" owner="SeleniumLibrary">
<msg time="2025-02-21T13:54:13.118177" level="INFO">Opening browser 'Chrome' to base url 'https://www.thinx.com/'.</msg>
<arg>${ThinxHomepage}</arg>
<arg>Chrome</arg>
<doc>Opens a new browser instance to the optional ``url``.</doc>
<status status="PASS" start="2025-02-21T13:54:13.118050" elapsed="13.243087"/>
</kw>
<kw name="Maximize Browser Window" owner="SeleniumLibrary">
<doc>Maximizes current browser window.</doc>
<status status="PASS" start="2025-02-21T13:54:26.362473" elapsed="0.377098"/>
</kw>
<status status="PASS" start="2025-02-21T13:54:13.117714" elapsed="13.622200"/>
</kw>
<kw name="Click Accept Cookies Button" owner="CookieSettings_TC001_Pages">
<kw name="Wait Until Element Is Visible" owner="SeleniumLibrary">
<arg>${AcceptCookies}</arg>
<doc>Waits until the element ``locator`` is visible.</doc>
<status status="PASS" start="2025-02-21T13:54:26.742193" elapsed="0.031550"/>
</kw>
<kw name="Click Element" owner="SeleniumLibrary">
<msg time="2025-02-21T13:54:26.774820" level="INFO">Clicking element '//button[@id='onetrust-accept-btn-handler']'.</msg>
<arg>${AcceptCookies}</arg>
<doc>Click the element identified by ``locator``.</doc>
<status status="PASS" start="2025-02-21T13:54:26.773985" elapsed="0.107603"/>
</kw>
<kw name="Sleep" owner="BuiltIn">
<msg time="2025-02-21T13:54:29.887294" level="INFO">Slept 3 seconds.</msg>
<arg>3</arg>
<doc>Pauses the test executed for the given time.</doc>
<status status="PASS" start="2025-02-21T13:54:26.884747" elapsed="3.002678"/>
</kw>
<status status="PASS" start="2025-02-21T13:54:26.740963" elapsed="3.146560"/>
</kw>
<kw name="Sleep" owner="BuiltIn">
<msg time="2025-02-21T13:54:34.888985" level="INFO">Slept 5 seconds.</msg>
<arg>5</arg>
<doc>Pauses the test executed for the given time.</doc>
<status status="PASS" start="2025-02-21T13:54:29.887774" elapsed="5.002398"/>
</kw>
<kw name="Accept Cookies and Close Welcome Modal" owner="CookieSettings_TC001_Pages">
<kw name="Sleep" owner="BuiltIn">
<msg time="2025-02-21T13:54:39.893342" level="INFO">Slept 5 seconds.</msg>
<arg>5</arg>
<doc>Pauses the test executed for the given time.</doc>
<status status="PASS" start="2025-02-21T13:54:34.891644" elapsed="5.004522"/>
</kw>
<kw name="Wait Until Page Contains Element" owner="SeleniumLibrary">
<arg>${CloseModal}</arg>
<doc>Waits until the element ``locator`` appears on the current page.</doc>
<status status="PASS" start="2025-02-21T13:54:39.896758" elapsed="0.055440"/>
</kw>
<kw name="Click Element" owner="SeleniumLibrary">
<msg time="2025-02-21T13:54:39.952923" level="INFO">Clicking element '//button[@class='absolute right-3 top-3 [&amp;&gt;svg]:size-6']'.</msg>
<arg>${CloseModal}</arg>
<doc>Click the element identified by ``locator``.</doc>
<status status="PASS" start="2025-02-21T13:54:39.952477" elapsed="0.084829"/>
</kw>
<status status="PASS" start="2025-02-21T13:54:34.891081" elapsed="5.146582"/>
</kw>
<kw name="Sleep" owner="BuiltIn">
<msg time="2025-02-21T13:54:45.039239" level="INFO">Slept 5 seconds.</msg>
<arg>5</arg>
<doc>Pauses the test executed for the given time.</doc>
<status status="PASS" start="2025-02-21T13:54:40.037979" elapsed="5.002265"/>
</kw>
<kw name="Click Cart Icon &amp; Open Cart" owner="Cart_TC001_Steps">
<kw name="Scroll Element Into View" owner="SeleniumLibrary">
<arg>locator=${Cart}</arg>
<doc>Scrolls the element identified by ``locator`` into view.</doc>
<status status="PASS" start="2025-02-21T13:54:45.044099" elapsed="0.284968"/>
</kw>
<kw name="Element Should Be Visible" owner="SeleniumLibrary">
<msg time="2025-02-21T13:54:45.343837" level="INFO">Element '//button[@class='relative mr-4 lg:mr-0 lg:ml-5 group']' is displayed.</msg>
<arg>${Cart}</arg>
<doc>Verifies that the element identified by ``locator`` is visible.</doc>
<status status="PASS" start="2025-02-21T13:54:45.329306" elapsed="0.014612"/>
</kw>
<kw name="Click Element" owner="SeleniumLibrary">
<msg time="2025-02-21T13:54:45.344402" level="INFO">Clicking element '//button[@class='relative mr-4 lg:mr-0 lg:ml-5 group']'.</msg>
<arg>${Cart}</arg>
<doc>Click the element identified by ``locator``.</doc>
<status status="PASS" start="2025-02-21T13:54:45.344038" elapsed="0.092877"/>
</kw>
<kw name="Sleep" owner="BuiltIn">
<msg time="2025-02-21T13:54:50.438835" level="INFO">Slept 5 seconds.</msg>
<arg>5</arg>
<doc>Pauses the test executed for the given time.</doc>
<status status="PASS" start="2025-02-21T13:54:45.437187" elapsed="5.001787"/>
</kw>
<status status="PASS" start="2025-02-21T13:54:45.042064" elapsed="5.396978"/>
</kw>
<kw name="Validate Empty Cart Elements &amp; Content" owner="Cart_TC001_Steps">
<kw name="Wait Until Element Is Visible" owner="SeleniumLibrary">
<arg>${CartHeading}</arg>
<doc>Waits until the element ``locator`` is visible.</doc>
<status status="PASS" start="2025-02-21T13:54:50.439414" elapsed="0.016935"/>
</kw>
<kw name="Wait Until Element Is Visible" owner="SeleniumLibrary">
<arg>${CustomSetDiscountCallout}</arg>
<doc>Waits until the element ``locator`` is visible.</doc>
<status status="PASS" start="2025-02-21T13:54:50.456602" elapsed="0.016919"/>
</kw>
<kw name="Element Should Be Visible" owner="SeleniumLibrary">
<msg time="2025-02-21T13:54:50.483135" level="INFO">Element '//div[@class='color-scheme-6 px-3 py-3 lg:px-8']' is displayed.</msg>
<arg>${CustomSetDiscountCallout}</arg>
<doc>Verifies that the element identified by ``locator`` is visible.</doc>
<status status="PASS" start="2025-02-21T13:54:50.473746" elapsed="0.009515"/>
</kw>
<kw name="Wait Until Element Is Visible" owner="SeleniumLibrary">
<arg>${EmptyBagText}</arg>
<doc>Waits until the element ``locator`` is visible.</doc>
<status status="PASS" start="2025-02-21T13:54:50.483500" elapsed="0.015811"/>
</kw>
<kw name="Get Text" owner="SeleniumLibrary">
<msg time="2025-02-21T13:54:50.522804" level="INFO">${EmptyBagText} = Looks like your bag is empty!</msg>
<var>${EmptyBagText}</var>
<arg>${EmptyBagText}</arg>
<doc>Returns the text value of the element identified by ``locator``.</doc>
<status status="PASS" start="2025-02-21T13:54:50.499566" elapsed="0.023276"/>
</kw>
<kw name="Should Contain" owner="BuiltIn">
<arg>${EmptyBagText}</arg>
<arg>Looks like your bag is empty!</arg>
<doc>Fails if ``container`` does not contain ``item`` one or more times.</doc>
<status status="PASS" start="2025-02-21T13:54:50.523080" elapsed="0.000258"/>
</kw>
<kw name="Wait Until Element Is Visible" owner="SeleniumLibrary">
<arg>${StartShoppingCTA}</arg>
<doc>Waits until the element ``locator`` is visible.</doc>
<status status="PASS" start="2025-02-21T13:54:50.523416" elapsed="0.012884"/>
</kw>
<kw name="Element Should Be Visible" owner="SeleniumLibrary">
<msg time="2025-02-21T13:54:50.545598" level="INFO">Element '//a[.='start shopping']' is displayed.</msg>
<arg>${StartShoppingCTA}</arg>
<doc>Verifies that the element identified by ``locator`` is visible.</doc>
<status status="PASS" start="2025-02-21T13:54:50.536495" elapsed="0.009224"/>
</kw>
<kw name="Scroll Element Into View" owner="SeleniumLibrary">
<arg>${YouMayAlsoLikeHeading}</arg>
<doc>Scrolls the element identified by ``locator`` into view.</doc>
<status status="PASS" start="2025-02-21T13:54:50.545941" elapsed="0.284435"/>
</kw>
<kw name="Wait Until Element Is Visible" owner="SeleniumLibrary">
<arg>${YouMayAlsoLikeHeading}</arg>
<doc>Waits until the element ``locator`` is visible.</doc>
<status status="PASS" start="2025-02-21T13:54:50.830611" elapsed="0.010825"/>
</kw>
<kw name="Element Should Be Visible" owner="SeleniumLibrary">
<msg time="2025-02-21T13:54:50.854427" level="INFO">Element '//div[@class='heading-5']' is displayed.</msg>
<arg>${YouMayAlsoLikeHeading}</arg>
<doc>Verifies that the element identified by ``locator`` is visible.</doc>
<status status="PASS" start="2025-02-21T13:54:50.842166" elapsed="0.012411"/>
</kw>
<kw name="Wait Until Element Is Visible" owner="SeleniumLibrary">
<arg>${ProductCarouselCart}</arg>
<doc>Waits until the element ``locator`` is visible.</doc>
<status status="PASS" start="2025-02-21T13:54:50.854851" elapsed="0.012216"/>
</kw>
<kw name="Element Should Be Visible" owner="SeleniumLibrary">
<msg time="2025-02-21T13:54:50.876553" level="INFO">Element '//div[@id='cart-upsell']' is displayed.</msg>
<arg>${ProductCarouselCart}</arg>
<doc>Verifies that the element identified by ``locator`` is visible.</doc>
<status status="PASS" start="2025-02-21T13:54:50.867187" elapsed="0.009493"/>
</kw>
<kw name="Scroll Element Into View" owner="SeleniumLibrary">
<arg>${StartShoppingCTA}</arg>
<doc>Scrolls the element identified by ``locator`` into view.</doc>
<status status="PASS" start="2025-02-21T13:54:50.876905" elapsed="0.265535"/>
</kw>
<kw name="Click Element" owner="SeleniumLibrary">
<msg time="2025-02-21T13:54:51.142988" level="INFO">Clicking element '//a[.='start shopping']'.</msg>
<arg>${StartShoppingCTA}</arg>
<doc>Click the element identified by ``locator``.</doc>
<status status="PASS" start="2025-02-21T13:54:51.142672" elapsed="0.055184"/>
</kw>
<kw name="Sleep" owner="BuiltIn">
<msg time="2025-02-21T13:54:56.202313" level="INFO">Slept 5 seconds.</msg>
<arg>5</arg>
<doc>Pauses the test executed for the given time.</doc>
<status status="PASS" start="2025-02-21T13:54:51.198109" elapsed="5.005642"/>
</kw>
<kw name="Location Should Be" owner="SeleniumLibrary">
<msg time="2025-02-21T13:55:01.440492" level="INFO">Current location is 'https://www.thinx.com/collections/shop-all'.</msg>
<arg>${StartShoppingLink}</arg>
<doc>Verifies that the current URL is exactly ``url``.</doc>
<status status="PASS" start="2025-02-21T13:54:56.207293" elapsed="5.233827"/>
</kw>
<status status="PASS" start="2025-02-21T13:54:50.439185" elapsed="11.002329"/>
</kw>
<kw name="Close Cart" owner="Cart_TC001_Steps">
<kw name="Wait Until Element Is Visible" owner="SeleniumLibrary">
<arg>${Cart}</arg>
<doc>Waits until the element ``locator`` is visible.</doc>
<status status="PASS" start="2025-02-21T13:55:01.443716" elapsed="0.023590"/>
</kw>
<kw name="Scroll Element Into View" owner="SeleniumLibrary">
<arg>${Cart}</arg>
<doc>Scrolls the element identified by ``locator`` into view.</doc>
<status status="PASS" start="2025-02-21T13:55:01.467501" elapsed="0.273425"/>
</kw>
<kw name="Wait Until Element Is Enabled" owner="SeleniumLibrary">
<arg>${Cart}</arg>
<doc>Waits until the element ``locator`` is enabled.</doc>
<status status="PASS" start="2025-02-21T13:55:01.741167" elapsed="0.025277"/>
</kw>
<kw name="Click Element" owner="SeleniumLibrary">
<msg time="2025-02-21T13:55:01.767129" level="INFO">Clicking element '//button[@class='relative mr-4 lg:mr-0 lg:ml-5 group']'.</msg>
<arg>${Cart}</arg>
<doc>Click the element identified by ``locator``.</doc>
<status status="PASS" start="2025-02-21T13:55:01.766762" elapsed="0.198355"/>
</kw>
<kw name="Sleep" owner="BuiltIn">
<msg time="2025-02-21T13:55:06.968095" level="INFO">Slept 5 seconds.</msg>
<arg>5</arg>
<doc>Pauses the test executed for the given time.</doc>
<status status="PASS" start="2025-02-21T13:55:01.965258" elapsed="5.005321"/>
</kw>
<kw name="Wait Until Element Is Visible" owner="SeleniumLibrary">
<arg>${CartCloseButton}</arg>
<doc>Waits until the element ``locator`` is visible.</doc>
<status status="PASS" start="2025-02-21T13:55:06.977014" elapsed="0.026226"/>
</kw>
<kw name="Scroll Element Into View" owner="SeleniumLibrary">
<arg>${CartCloseButton}</arg>
<doc>Scrolls the element identified by ``locator`` into view.</doc>
<status status="PASS" start="2025-02-21T13:55:07.003730" elapsed="0.277377"/>
</kw>
<kw name="Click Element" owner="SeleniumLibrary">
<msg time="2025-02-21T13:55:07.281882" level="INFO">Clicking element '//button[@class='[&amp;&gt;svg]:size-6']'.</msg>
<arg>${CartCloseButton}</arg>
<doc>Click the element identified by ``locator``.</doc>
<status status="PASS" start="2025-02-21T13:55:07.281506" elapsed="0.061202"/>
</kw>
<status status="PASS" start="2025-02-21T13:55:01.442706" elapsed="5.900721"/>
</kw>
<kw name="Close Browser" owner="SeleniumLibrary" type="TEARDOWN">
<doc>Closes the current browser.</doc>
<status status="PASS" start="2025-02-21T13:55:07.347409" elapsed="3.054892"/>
</kw>
<status status="PASS" start="2025-02-21T13:54:13.117305" elapsed="57.285149"/>
</test>
<status status="PASS" start="2025-02-21T13:54:12.993000" elapsed="57.285000"/>
</suite>
<suite id="s1-s1-s2" name="Cart TC002 Tests" source="/Users/angeline.rohan/Desktop/QA Automation_Thinx.robot.py/ThinxAutomation1/Thinx-Automation1/tests/Cart/Cart_TC002_Tests.robot">
<test id="s1-s1-s2-t1" name="Open Thinx PDP" line="17">
<kw name="Open Thinx PDP Using Chrome Browser" owner="resources" type="SETUP">
<kw name="Open Browser" owner="SeleniumLibrary">
<msg time="2025-02-21T13:54:13.122676" level="INFO">Opening browser 'Chrome' to base url 'https://www.thinx.com/products/period-all-night-ultra-soft-sleep-shorts?variant=40174028750920'.</msg>
<arg>${ThinxPDP}</arg>
<arg>Chrome</arg>
<doc>Opens a new browser instance to the optional ``url``.</doc>
<status status="PASS" start="2025-02-21T13:54:13.122290" elapsed="8.530751"/>
</kw>
<kw name="Maximize Browser Window" owner="SeleniumLibrary">
<doc>Maximizes current browser window.</doc>
<status status="PASS" start="2025-02-21T13:54:21.653817" elapsed="15.744332"/>
</kw>
<kw name="Sleep" owner="BuiltIn">
<msg time="2025-02-21T13:54:42.400964" level="INFO">Slept 5 seconds.</msg>
<arg>5</arg>
<doc>Pauses the test executed for the given time.</doc>
<status status="PASS" start="2025-02-21T13:54:37.399028" elapsed="5.003056"/>
</kw>
<status status="PASS" start="2025-02-21T13:54:13.121905" elapsed="29.281590"/>
</kw>
<kw name="Click Accept Cookies Button" owner="CookieSettings_TC001_Pages">
<kw name="Wait Until Element Is Visible" owner="SeleniumLibrary">
<arg>${AcceptCookies}</arg>
<doc>Waits until the element ``locator`` is visible.</doc>
<status status="PASS" start="2025-02-21T13:54:42.409304" elapsed="0.036771"/>
</kw>
<kw name="Click Element" owner="SeleniumLibrary">
<msg time="2025-02-21T13:54:42.446771" level="INFO">Clicking element '//button[@id='onetrust-accept-btn-handler']'.</msg>
<arg>${AcceptCookies}</arg>
<doc>Click the element identified by ``locator``.</doc>
<status status="PASS" start="2025-02-21T13:54:42.446275" elapsed="0.134164"/>
</kw>
<kw name="Sleep" owner="BuiltIn">
<msg time="2025-02-21T13:54:45.581551" level="INFO">Slept 3 seconds.</msg>
<arg>3</arg>
<doc>Pauses the test executed for the given time.</doc>
<status status="PASS" start="2025-02-21T13:54:42.580854" elapsed="3.000836"/>
</kw>
<status status="PASS" start="2025-02-21T13:54:42.405640" elapsed="3.176239"/>
</kw>
<kw name="Sleep" owner="BuiltIn">
<msg time="2025-02-21T13:54:50.583771" level="INFO">Slept 5 seconds.</msg>
<arg>5</arg>
<doc>Pauses the test executed for the given time.</doc>
<status status="PASS" start="2025-02-21T13:54:45.582092" elapsed="5.002967"/>
</kw>
<kw name="Accept Cookies and Close Welcome Modal" owner="CookieSettings_TC001_Pages">
<kw name="Sleep" owner="BuiltIn">
<msg time="2025-02-21T13:54:55.597471" level="INFO">Slept 5 seconds.</msg>
<arg>5</arg>
<doc>Pauses the test executed for the given time.</doc>
<status status="PASS" start="2025-02-21T13:54:50.587539" elapsed="5.023327"/>
</kw>
<kw name="Wait Until Page Contains Element" owner="SeleniumLibrary">
<arg>${CloseModal}</arg>
<doc>Waits until the element ``locator`` appears on the current page.</doc>
<status status="PASS" start="2025-02-21T13:54:55.613643" elapsed="0.029119"/>
</kw>
<kw name="Click Element" owner="SeleniumLibrary">
<msg time="2025-02-21T13:54:55.643281" level="INFO">Clicking element '//button[@class='absolute right-3 top-3 [&amp;&gt;svg]:size-6']'.</msg>
<arg>${CloseModal}</arg>
<doc>Click the element identified by ``locator``.</doc>
<status status="PASS" start="2025-02-21T13:54:55.643038" elapsed="0.140356"/>
</kw>
<status status="PASS" start="2025-02-21T13:54:50.586539" elapsed="5.197078"/>
</kw>
<kw name="Validate Add to Cart From PDP" owner="PDP_TC002_Steps">
<kw name="Wait Until Page Contains Element" owner="SeleniumLibrary">
<arg>${FirstSize}</arg>
<doc>Waits until the element ``locator`` appears on the current page.</doc>
<status status="PASS" start="2025-02-21T13:54:55.784931" elapsed="0.016754"/>
</kw>
<kw name="Element Should Be Visible" owner="SeleniumLibrary">
<msg time="2025-02-21T13:54:55.819690" level="INFO">Element '//div[@id='product-option-Size']//div[.='XS']' is displayed.</msg>
<arg>${FirstSize}</arg>
<doc>Verifies that the element identified by ``locator`` is visible.</doc>
<status status="PASS" start="2025-02-21T13:54:55.801921" elapsed="0.017891"/>
</kw>
<kw name="Click Element" owner="SeleniumLibrary">
<msg time="2025-02-21T13:54:55.822000" level="INFO">Clicking element '//div[@id='product-option-Size']//div[.='XS']'.</msg>
<arg>${FirstSize}</arg>
<doc>Click the element identified by ``locator``.</doc>
<status status="PASS" start="2025-02-21T13:54:55.820137" elapsed="0.064630"/>
</kw>
<kw name="Sleep" owner="BuiltIn">
<msg time="2025-02-21T13:54:57.887766" level="INFO">Slept 2 seconds.</msg>
<arg>2</arg>
<doc>Pauses the test executed for the given time.</doc>
<status status="PASS" start="2025-02-21T13:54:55.884932" elapsed="2.004043"/>
</kw>
<kw name="Wait Until Page Contains Element" owner="SeleniumLibrary">
<arg>${ColorSwatch}</arg>
<doc>Waits until the element ``locator`` appears on the current page.</doc>
<status status="PASS" start="2025-02-21T13:54:57.889420" elapsed="0.015743"/>
</kw>
<kw name="Element Should Be Visible" owner="SeleniumLibrary">
<msg time="2025-02-21T13:54:57.918156" level="INFO">Element '//div[@id='product-option-Color']' is displayed.</msg>
<arg>${ColorSwatch}</arg>
<doc>Verifies that the element identified by ``locator`` is visible.</doc>
<status status="PASS" start="2025-02-21T13:54:57.905413" elapsed="0.012880"/>
</kw>
<kw name="Sleep" owner="BuiltIn">
<msg time="2025-02-21T13:55:02.920540" level="INFO">Slept 5 seconds.</msg>
<arg>5</arg>
<doc>Pauses the test executed for the given time.</doc>
<status status="PASS" start="2025-02-21T13:54:57.918541" elapsed="5.003635"/>
</kw>
<kw name="Wait Until Page Contains Element" owner="SeleniumLibrary">
<arg>${AddtoBagCTA}</arg>
<doc>Waits until the element ``locator`` appears on the current page.</doc>
<status status="PASS" start="2025-02-21T13:55:02.923714" elapsed="0.107648"/>
</kw>
<kw name="Element Should Be Visible" owner="SeleniumLibrary">
<msg time="2025-02-21T13:55:03.074131" level="INFO">Element '//button[@class='button button--primary flex-1 whitespace-nowrap']' is displayed.</msg>
<arg>${AddtoBagCTA}</arg>
<doc>Verifies that the element identified by ``locator`` is visible.</doc>
<status status="PASS" start="2025-02-21T13:55:03.036714" elapsed="0.043120"/>
</kw>
<kw name="Click Element" owner="SeleniumLibrary">
<msg time="2025-02-21T13:55:03.080786" level="INFO">Clicking element '//button[@class='button button--primary flex-1 whitespace-nowrap']'.</msg>
<arg>${AddtoBagCTA}</arg>
<doc>Click the element identified by ``locator``.</doc>
<status status="PASS" start="2025-02-21T13:55:03.080285" elapsed="0.299409"/>
</kw>
<kw name="Capture Page Screenshot" owner="SeleniumLibrary">
<msg time="2025-02-21T13:55:04.451508" level="INFO" html="true">&lt;/td&gt;&lt;/tr&gt;&lt;tr&gt;&lt;td colspan="3"&gt;&lt;a href="1-selenium-screenshot-1.png"&gt;&lt;img src="1-selenium-screenshot-1.png" width="800px"&gt;&lt;/a&gt;</msg>
<doc>Takes a screenshot of the current page and embeds it into a log file.</doc>
<status status="PASS" start="2025-02-21T13:55:03.380010" elapsed="1.071651"/>
</kw>
<status status="PASS" start="2025-02-21T13:54:55.784209" elapsed="8.671540"/>
</kw>
<kw name="Sleep" owner="BuiltIn">
<msg time="2025-02-21T13:55:09.463169" level="INFO">Slept 5 seconds.</msg>
<arg>5</arg>
<doc>Pauses the test executed for the given time.</doc>
<status status="PASS" start="2025-02-21T13:55:04.459753" elapsed="5.004495"/>
</kw>
<kw name="Remove All Items From Cart" owner="Cart_TC002_Steps">
<kw name="Wait Until Element Is Visible" owner="SeleniumLibrary">
<msg time="2025-02-21T13:55:14.831293" level="INFO" html="true">&lt;/td&gt;&lt;/tr&gt;&lt;tr&gt;&lt;td colspan="3"&gt;&lt;a href="1-selenium-screenshot-2.png"&gt;&lt;img src="1-selenium-screenshot-2.png" width="800px"&gt;&lt;/a&gt;</msg>
<msg time="2025-02-21T13:55:14.831691" level="FAIL">Element '//button[@class='body-3-underline text-grey-dark hover:no-underline']' not visible after 5 seconds.</msg>
<arg>${RemoveItem}</arg>
<doc>Waits until the element ``locator`` is visible.</doc>
<status status="FAIL" start="2025-02-21T13:55:09.466570" elapsed="5.367142">Element '//button[@class='body-3-underline text-grey-dark hover:no-underline']' not visible after 5 seconds.</status>
</kw>
<kw name="Scroll Element Into View" owner="SeleniumLibrary">
<arg>${RemoveItem}</arg>
<doc>Scrolls the element identified by ``locator`` into view.</doc>
<status status="NOT RUN" start="2025-02-21T13:55:14.834250" elapsed="0.000054"/>
</kw>
<kw name="Click Element" owner="SeleniumLibrary">
<arg>${RemoveItem}</arg>
<doc>Click the element identified by ``locator``.</doc>
<status status="NOT RUN" start="2025-02-21T13:55:14.834384" elapsed="0.000020"/>
</kw>
<status status="FAIL" start="2025-02-21T13:55:09.465563" elapsed="5.368919">Element '//button[@class='body-3-underline text-grey-dark hover:no-underline']' not visible after 5 seconds.</status>
</kw>
<kw name="Validate Empty Cart Elements &amp; Content" owner="Cart_TC001_Steps">
<status status="NOT RUN" start="2025-02-21T13:55:14.834599" elapsed="0.000031"/>
</kw>
<kw name="Close Cart" owner="Cart_TC001_Steps">
<status status="NOT RUN" start="2025-02-21T13:55:14.834691" elapsed="0.000016"/>
</kw>
<kw name="Close Browser" owner="SeleniumLibrary" type="TEARDOWN">
<doc>Closes the current browser.</doc>
<status status="PASS" start="2025-02-21T13:55:14.834866" elapsed="0.570638"/>
</kw>
<status status="FAIL" start="2025-02-21T13:54:13.121535" elapsed="62.284050">Element '//button[@class='body-3-underline text-grey-dark hover:no-underline']' not visible after 5 seconds.</status>
</test>
<status status="FAIL" start="2025-02-21T13:54:12.989003" elapsed="62.416994"/>
</suite>
<suite id="s1-s1-s3" name="Cart TC003 Tests" source="/Users/angeline.rohan/Desktop/QA Automation_Thinx.robot.py/ThinxAutomation1/Thinx-Automation1/tests/Cart/Cart_TC003_Tests.robot">
<test id="s1-s1-s3-t1" name="Open Thinx PDP" line="18">
<kw name="Open Thinx PDP Using Chrome Browser" owner="resources" type="SETUP">
<kw name="Open Browser" owner="SeleniumLibrary">
<msg time="2025-02-21T13:54:13.308280" level="INFO">Opening browser 'Chrome' to base url 'https://www.thinx.com/products/period-all-night-ultra-soft-sleep-shorts?variant=40174028750920'.</msg>
<arg>${ThinxPDP}</arg>
<arg>Chrome</arg>
<doc>Opens a new browser instance to the optional ``url``.</doc>
<status status="PASS" start="2025-02-21T13:54:13.308155" elapsed="41.902288"/>
</kw>
<kw name="Maximize Browser Window" owner="SeleniumLibrary">
<doc>Maximizes current browser window.</doc>
<status status="PASS" start="2025-02-21T13:54:55.211949" elapsed="0.474278"/>
</kw>
<kw name="Sleep" owner="BuiltIn">
<msg time="2025-02-21T13:55:00.702819" level="INFO">Slept 5 seconds.</msg>
<arg>5</arg>
<doc>Pauses the test executed for the given time.</doc>
<status status="PASS" start="2025-02-21T13:54:55.686939" elapsed="5.016830"/>
</kw>
<status status="PASS" start="2025-02-21T13:54:13.307817" elapsed="47.396709"/>
</kw>
<kw name="Click Accept Cookies Button" owner="CookieSettings_TC001_Pages">
<kw name="Wait Until Element Is Visible" owner="SeleniumLibrary">
<arg>${AcceptCookies}</arg>
<doc>Waits until the element ``locator`` is visible.</doc>
<status status="PASS" start="2025-02-21T13:55:00.706395" elapsed="0.022474"/>
</kw>
<kw name="Click Element" owner="SeleniumLibrary">
<msg time="2025-02-21T13:55:00.729566" level="INFO">Clicking element '//button[@id='onetrust-accept-btn-handler']'.</msg>
<arg>${AcceptCookies}</arg>
<doc>Click the element identified by ``locator``.</doc>
<status status="PASS" start="2025-02-21T13:55:00.729163" elapsed="0.102391"/>
</kw>
<kw name="Sleep" owner="BuiltIn">
<msg time="2025-02-21T13:55:03.832788" level="INFO">Slept 3 seconds.</msg>
<arg>3</arg>
<doc>Pauses the test executed for the given time.</doc>
<status status="PASS" start="2025-02-21T13:55:00.831813" elapsed="3.001206"/>
</kw>
<status status="PASS" start="2025-02-21T13:55:00.705502" elapsed="3.133780"/>
</kw>
<kw name="Sleep" owner="BuiltIn">
<msg time="2025-02-21T13:55:08.841666" level="INFO">Slept 5 seconds.</msg>
<arg>5</arg>
<doc>Pauses the test executed for the given time.</doc>
<status status="PASS" start="2025-02-21T13:55:03.839633" elapsed="5.002805"/>
</kw>
<kw name="Accept Cookies and Close Welcome Modal" owner="CookieSettings_TC001_Pages">
<kw name="Sleep" owner="BuiltIn">
<msg time="2025-02-21T13:55:13.847005" level="INFO">Slept 5 seconds.</msg>
<arg>5</arg>
<doc>Pauses the test executed for the given time.</doc>
<status status="PASS" start="2025-02-21T13:55:08.844673" elapsed="5.002520"/>
</kw>
<kw name="Wait Until Page Contains Element" owner="SeleniumLibrary">
<arg>${CloseModal}</arg>
<doc>Waits until the element ``locator`` appears on the current page.</doc>
<status status="PASS" start="2025-02-21T13:55:13.847474" elapsed="0.019047"/>
</kw>
<kw name="Click Element" owner="SeleniumLibrary">
<msg time="2025-02-21T13:55:13.866879" level="INFO">Clicking element '//button[@class='absolute right-3 top-3 [&amp;&gt;svg]:size-6']'.</msg>
<arg>${CloseModal}</arg>
<doc>Click the element identified by ``locator``.</doc>
<status status="PASS" start="2025-02-21T13:55:13.866690" elapsed="0.060446"/>
</kw>
<status status="PASS" start="2025-02-21T13:55:08.843745" elapsed="5.083508"/>
</kw>
<kw name="Sleep" owner="BuiltIn">
<msg time="2025-02-21T13:55:15.928211" level="INFO">Slept 2 seconds.</msg>
<arg>2</arg>
<doc>Pauses the test executed for the given time.</doc>
<status status="PASS" start="2025-02-21T13:55:13.927355" elapsed="2.001004"/>
</kw>
<kw name="Validate Add to Cart From PDP" owner="PDP_TC002_Steps">
<kw name="Wait Until Page Contains Element" owner="SeleniumLibrary">
<arg>${FirstSize}</arg>
<doc>Waits until the element ``locator`` appears on the current page.</doc>
<status status="PASS" start="2025-02-21T13:55:15.929081" elapsed="0.009479"/>
</kw>
<kw name="Element Should Be Visible" owner="SeleniumLibrary">
<msg time="2025-02-21T13:55:15.950811" level="INFO">Element '//div[@id='product-option-Size']//div[.='XS']' is displayed.</msg>
<arg>${FirstSize}</arg>
<doc>Verifies that the element identified by ``locator`` is visible.</doc>
<status status="PASS" start="2025-02-21T13:55:15.938844" elapsed="0.012046"/>
</kw>
<kw name="Click Element" owner="SeleniumLibrary">
<msg time="2025-02-21T13:55:15.952227" level="INFO">Clicking element '//div[@id='product-option-Size']//div[.='XS']'.</msg>
<arg>${FirstSize}</arg>
<doc>Click the element identified by ``locator``.</doc>
<status status="PASS" start="2025-02-21T13:55:15.951509" elapsed="0.053586"/>
</kw>
<kw name="Sleep" owner="BuiltIn">
<msg time="2025-02-21T13:55:18.007902" level="INFO">Slept 2 seconds.</msg>
<arg>2</arg>
<doc>Pauses the test executed for the given time.</doc>
<status status="PASS" start="2025-02-21T13:55:16.005472" elapsed="2.002619"/>
</kw>
<kw name="Wait Until Page Contains Element" owner="SeleniumLibrary">
<arg>${ColorSwatch}</arg>
<doc>Waits until the element ``locator`` appears on the current page.</doc>
<status status="PASS" start="2025-02-21T13:55:18.008269" elapsed="0.010878"/>
</kw>
<kw name="Element Should Be Visible" owner="SeleniumLibrary">
<msg time="2025-02-21T13:55:18.028523" level="INFO">Element '//div[@id='product-option-Color']' is displayed.</msg>
<arg>${ColorSwatch}</arg>
<doc>Verifies that the element identified by ``locator`` is visible.</doc>
<status status="PASS" start="2025-02-21T13:55:18.019398" elapsed="0.009239"/>
</kw>
<kw name="Sleep" owner="BuiltIn">
<msg time="2025-02-21T13:55:23.029217" level="INFO">Slept 5 seconds.</msg>
<arg>5</arg>
<doc>Pauses the test executed for the given time.</doc>
<status status="PASS" start="2025-02-21T13:55:18.028852" elapsed="5.000493"/>
</kw>
<kw name="Wait Until Page Contains Element" owner="SeleniumLibrary">
<arg>${AddtoBagCTA}</arg>
<doc>Waits until the element ``locator`` appears on the current page.</doc>
<status status="PASS" start="2025-02-21T13:55:23.029477" elapsed="0.007416"/>
</kw>
<kw name="Element Should Be Visible" owner="SeleniumLibrary">
<msg time="2025-02-21T13:55:23.045369" level="INFO">Element '//button[@class='button button--primary flex-1 whitespace-nowrap']' is displayed.</msg>
<arg>${AddtoBagCTA}</arg>
<doc>Verifies that the element identified by ``locator`` is visible.</doc>
<status status="PASS" start="2025-02-21T13:55:23.037024" elapsed="0.008414"/>
</kw>
<kw name="Click Element" owner="SeleniumLibrary">
<msg time="2025-02-21T13:55:23.045790" level="INFO">Clicking element '//button[@class='button button--primary flex-1 whitespace-nowrap']'.</msg>
<arg>${AddtoBagCTA}</arg>
<doc>Click the element identified by ``locator``.</doc>
<status status="PASS" start="2025-02-21T13:55:23.045600" elapsed="0.091359"/>
</kw>
<kw name="Capture Page Screenshot" owner="SeleniumLibrary">
<msg time="2025-02-21T13:55:23.607823" level="INFO" html="true">&lt;/td&gt;&lt;/tr&gt;&lt;tr&gt;&lt;td colspan="3"&gt;&lt;a href="2-selenium-screenshot-1.png"&gt;&lt;img src="2-selenium-screenshot-1.png" width="800px"&gt;&lt;/a&gt;</msg>
<doc>Takes a screenshot of the current page and embeds it into a log file.</doc>
<status status="PASS" start="2025-02-21T13:55:23.137142" elapsed="0.470869"/>
</kw>
<status status="PASS" start="2025-02-21T13:55:15.928680" elapsed="7.679454"/>
</kw>
<kw name="Sleep" owner="BuiltIn">
<msg time="2025-02-21T13:55:28.609178" level="INFO">Slept 5 seconds.</msg>
<arg>5</arg>
<doc>Pauses the test executed for the given time.</doc>
<status status="PASS" start="2025-02-21T13:55:23.608379" elapsed="5.000871"/>
</kw>
<kw name="Increase Quantity In Cart" owner="Cart_TC003_Steps">
<kw name="Wait Until Element Is Visible" owner="SeleniumLibrary">
<msg time="2025-02-21T13:55:34.143386" level="INFO" html="true">&lt;/td&gt;&lt;/tr&gt;&lt;tr&gt;&lt;td colspan="3"&gt;&lt;a href="2-selenium-screenshot-2.png"&gt;&lt;img src="2-selenium-screenshot-2.png" width="800px"&gt;&lt;/a&gt;</msg>
<msg time="2025-02-21T13:55:34.143613" level="FAIL">Element '//div[@class='flex items-end justify-between']//button[2]' not visible after 5 seconds.</msg>
<arg>${AddQuantitycart}</arg>
<doc>Waits until the element ``locator`` is visible.</doc>
<status status="FAIL" start="2025-02-21T13:55:28.609740" elapsed="5.535523">Element '//div[@class='flex items-end justify-between']//button[2]' not visible after 5 seconds.</status>
</kw>
<kw name="Scroll Element Into View" owner="SeleniumLibrary">
<arg>${AddQuantitycart}</arg>
<doc>Scrolls the element identified by ``locator`` into view.</doc>
<status status="NOT RUN" start="2025-02-21T13:55:34.145437" elapsed="0.000029"/>
</kw>
<kw name="Click Element" owner="SeleniumLibrary">
<arg>${AddQuantitycart}</arg>
<doc>Click the element identified by ``locator``.</doc>
<status status="NOT RUN" start="2025-02-21T13:55:34.145527" elapsed="0.000018"/>
</kw>
<status status="FAIL" start="2025-02-21T13:55:28.609551" elapsed="5.536129">Element '//div[@class='flex items-end justify-between']//button[2]' not visible after 5 seconds.</status>
</kw>
<kw name="Capture Page Screenshot" owner="SeleniumLibrary">
<doc>Takes a screenshot of the current page and embeds it into a log file.</doc>
<status status="NOT RUN" start="2025-02-21T13:55:34.145776" elapsed="0.000033"/>
</kw>
<kw name="Sleep" owner="BuiltIn">
<arg>2</arg>
<doc>Pauses the test executed for the given time.</doc>
<status status="NOT RUN" start="2025-02-21T13:55:34.145872" elapsed="0.000021"/>
</kw>
<kw name="Validate Cart Count Once Added" owner="Cart_TC003_Steps">
<status status="NOT RUN" start="2025-02-21T13:55:34.145987" elapsed="0.000021"/>
</kw>
<kw name="Decrease Quantity In Cart" owner="Cart_TC003_Steps">
<status status="NOT RUN" start="2025-02-21T13:55:34.146074" elapsed="0.000020"/>
</kw>
<kw name="Sleep" owner="BuiltIn">
<arg>2</arg>
<doc>Pauses the test executed for the given time.</doc>
<status status="NOT RUN" start="2025-02-21T13:55:34.146140" elapsed="0.000018"/>
</kw>
<kw name="Validate Cart Count Once Removed" owner="Cart_TC003_Steps">
<status status="NOT RUN" start="2025-02-21T13:55:34.146252" elapsed="0.000036"/>
</kw>
<kw name="Close Browser" owner="SeleniumLibrary" type="TEARDOWN">
<doc>Closes the current browser.</doc>
<status status="PASS" start="2025-02-21T13:55:34.146457" elapsed="0.194456"/>
</kw>
<status status="FAIL" start="2025-02-21T13:54:13.307318" elapsed="81.033668">Element '//div[@class='flex items-end justify-between']//button[2]' not visible after 5 seconds.</status>
</test>
<status status="FAIL" start="2025-02-21T13:54:13.201370" elapsed="81.140045"/>
</suite>
<suite id="s1-s1-s4" name="Cart TC004 Tests" source="/Users/angeline.rohan/Desktop/QA Automation_Thinx.robot.py/ThinxAutomation1/Thinx-Automation1/tests/Cart/Cart_TC004_Tests.robot">
<test id="s1-s1-s4-t1" name="Open Thinx PDP" line="19">
<kw name="Open Thinx PDP Using Chrome Browser" owner="resources" type="SETUP">
<kw name="Open Browser" owner="SeleniumLibrary">
<msg time="2025-02-21T13:54:13.310156" level="INFO">Opening browser 'Chrome' to base url 'https://www.thinx.com/products/period-all-night-ultra-soft-sleep-shorts?variant=40174028750920'.</msg>
<arg>${ThinxPDP}</arg>
<arg>Chrome</arg>
<doc>Opens a new browser instance to the optional ``url``.</doc>
<status status="PASS" start="2025-02-21T13:54:13.310025" elapsed="9.070550"/>
</kw>
<kw name="Maximize Browser Window" owner="SeleniumLibrary">
<doc>Maximizes current browser window.</doc>
<status status="PASS" start="2025-02-21T13:54:22.381784" elapsed="7.612021"/>
</kw>
<kw name="Sleep" owner="BuiltIn">
<msg time="2025-02-21T13:54:34.998673" level="INFO">Slept 5 seconds.</msg>
<arg>5</arg>
<doc>Pauses the test executed for the given time.</doc>
<status status="PASS" start="2025-02-21T13:54:29.996616" elapsed="5.002232"/>
</kw>
<status status="PASS" start="2025-02-21T13:54:13.309694" elapsed="21.689378"/>
</kw>
<kw name="Click Accept Cookies Button" owner="CookieSettings_TC001_Pages">
<kw name="Wait Until Element Is Visible" owner="SeleniumLibrary">
<arg>${AcceptCookies}</arg>
<doc>Waits until the element ``locator`` is visible.</doc>
<status status="PASS" start="2025-02-21T13:54:35.000752" elapsed="0.032026"/>
</kw>
<kw name="Click Element" owner="SeleniumLibrary">
<msg time="2025-02-21T13:54:35.033905" level="INFO">Clicking element '//button[@id='onetrust-accept-btn-handler']'.</msg>
<arg>${AcceptCookies}</arg>
<doc>Click the element identified by ``locator``.</doc>
<status status="PASS" start="2025-02-21T13:54:35.033027" elapsed="0.113169"/>
</kw>
<kw name="Sleep" owner="BuiltIn">
<msg time="2025-02-21T13:54:38.148014" level="INFO">Slept 3 seconds.</msg>
<arg>3</arg>
<doc>Pauses the test executed for the given time.</doc>
<status status="PASS" start="2025-02-21T13:54:35.147131" elapsed="3.001260"/>
</kw>
<status status="PASS" start="2025-02-21T13:54:34.999768" elapsed="3.149017"/>
</kw>
<kw name="Sleep" owner="BuiltIn">
<msg time="2025-02-21T13:54:43.150533" level="INFO">Slept 5 seconds.</msg>
<arg>5</arg>
<doc>Pauses the test executed for the given time.</doc>
<status status="PASS" start="2025-02-21T13:54:38.149229" elapsed="5.002414"/>
</kw>
<kw name="Accept Cookies and Close Welcome Modal" owner="CookieSettings_TC001_Pages">
<kw name="Sleep" owner="BuiltIn">
<msg time="2025-02-21T13:54:48.155952" level="INFO">Slept 5 seconds.</msg>
<arg>5</arg>
<doc>Pauses the test executed for the given time.</doc>
<status status="PASS" start="2025-02-21T13:54:43.155338" elapsed="5.000730"/>
</kw>
<kw name="Wait Until Page Contains Element" owner="SeleniumLibrary">
<arg>${CloseModal}</arg>
<doc>Waits until the element ``locator`` appears on the current page.</doc>
<status status="PASS" start="2025-02-21T13:54:48.156270" elapsed="7.326256"/>
</kw>
<kw name="Click Element" owner="SeleniumLibrary">
<msg time="2025-02-21T13:54:55.486401" level="INFO">Clicking element '//button[@class='absolute right-3 top-3 [&amp;&gt;svg]:size-6']'.</msg>
<arg>${CloseModal}</arg>
<doc>Click the element identified by ``locator``.</doc>
<status status="PASS" start="2025-02-21T13:54:55.484918" elapsed="0.127619"/>
</kw>
<status status="PASS" start="2025-02-21T13:54:43.152845" elapsed="12.459878"/>
</kw>
<kw name="Sleep" owner="BuiltIn">
<msg time="2025-02-21T13:54:57.614235" level="INFO">Slept 2 seconds.</msg>
<arg>2</arg>
<doc>Pauses the test executed for the given time.</doc>
<status status="PASS" start="2025-02-21T13:54:55.613001" elapsed="2.001601"/>
</kw>
<kw name="Validate You Can Type In Quantity Selector to Add to Cart" owner="Cart_TC004_Steps">
<kw name="Scroll Element Into View" owner="SeleniumLibrary">
<arg>${QuantityInput}</arg>
<doc>Scrolls the element identified by ``locator`` into view.</doc>
<status status="PASS" start="2025-02-21T13:54:57.616054" elapsed="0.282626"/>
</kw>
<kw name="Wait Until Page Contains Element" owner="SeleniumLibrary">
<arg>${QuantityInput}</arg>
<doc>Waits until the element ``locator`` appears on the current page.</doc>
<status status="PASS" start="2025-02-21T13:54:57.898827" elapsed="0.006512"/>
</kw>
<kw name="Element Should Be Visible" owner="SeleniumLibrary">
<msg time="2025-02-21T13:54:57.922326" level="INFO">Element '//input[@id='quantity']' is displayed.</msg>
<arg>${QuantityInput}</arg>
<doc>Verifies that the element identified by ``locator`` is visible.</doc>
<status status="PASS" start="2025-02-21T13:54:57.905590" elapsed="0.016831"/>
</kw>
<kw name="Input Text" owner="SeleniumLibrary">
<msg time="2025-02-21T13:54:57.922998" level="INFO">Typing text '7' into text field 'id:quantity'.</msg>
<arg>id:quantity</arg>
<arg>7</arg>
<doc>Types the given ``text`` into the text field identified by ``locator``.</doc>
<status status="PASS" start="2025-02-21T13:54:57.922712" elapsed="0.684325"/>
</kw>
<kw name="Scroll Element Into View" owner="SeleniumLibrary">
<arg>locator=${AddtoBagCTA}</arg>
<doc>Scrolls the element identified by ``locator`` into view.</doc>
<status status="PASS" start="2025-02-21T13:54:58.607233" elapsed="0.272304"/>
</kw>
<kw name="Element Should Be Visible" owner="SeleniumLibrary">
<msg time="2025-02-21T13:54:58.896470" level="INFO">Element '//button[@class='button button--primary flex-1 whitespace-nowrap']' is displayed.</msg>
<arg>${AddtoBagCTA}</arg>
<doc>Verifies that the element identified by ``locator`` is visible.</doc>
<status status="PASS" start="2025-02-21T13:54:58.879806" elapsed="0.016795"/>
</kw>
<kw name="Click Element" owner="SeleniumLibrary">
<msg time="2025-02-21T13:54:58.897249" level="INFO">Clicking element '//button[@class='button button--primary flex-1 whitespace-nowrap']'.</msg>
<arg>${AddtoBagCTA}</arg>
<doc>Click the element identified by ``locator``.</doc>
<status status="PASS" start="2025-02-21T13:54:58.896848" elapsed="0.152971"/>
</kw>
<status status="PASS" start="2025-02-21T13:54:57.615313" elapsed="1.434777"/>
</kw>
<kw name="Validate Cart Custom Set Discount Messaging on Add" owner="Cart_TC004_Steps">
<kw name="Sleep" owner="BuiltIn">
<msg time="2025-02-21T13:55:04.054749" level="INFO">Slept 5 seconds.</msg>
<arg>5</arg>
<doc>Pauses the test executed for the given time.</doc>
<status status="PASS" start="2025-02-21T13:54:59.052351" elapsed="5.003605"/>
</kw>
<kw name="Scroll Element Into View" owner="SeleniumLibrary">
<arg>${CustomSetDiscountText}</arg>
<doc>Scrolls the element identified by ``locator`` into view.</doc>
<status status="PASS" start="2025-02-21T13:55:04.061007" elapsed="0.287138"/>
</kw>
<kw name="Wait Until Element Is Visible" owner="SeleniumLibrary">
<arg>${CustomSetDiscountText}</arg>
<doc>Waits until the element ``locator`` is visible.</doc>
<status status="PASS" start="2025-02-21T13:55:04.348359" elapsed="0.020917"/>
</kw>
<kw name="Get Text" owner="SeleniumLibrary">
<msg time="2025-02-21T13:55:04.389440" level="INFO">${CustomSetDiscountText} = Congratulations! You’ve unlocked 20% off!</msg>
<var>${CustomSetDiscountText}</var>
<arg>${CustomSetDiscountText}</arg>
<doc>Returns the text value of the element identified by ``locator``.</doc>
<status status="PASS" start="2025-02-21T13:55:04.369430" elapsed="0.020096"/>
</kw>
<kw name="Should Contain" owner="BuiltIn">
<arg>${CustomSetDiscountText}</arg>
<arg>Congratulations! You’ve unlocked 20% off!</arg>
<doc>Fails if ``container`` does not contain ``item`` one or more times.</doc>
<status status="PASS" start="2025-02-21T13:55:04.389949" elapsed="0.000289"/>
</kw>
<status status="PASS" start="2025-02-21T13:54:59.051626" elapsed="5.338904"/>
</kw>
<kw name="Decrease Quantity In Cart" owner="Cart_TC003_Steps">
<kw name="Wait Until Element Is Visible" owner="SeleniumLibrary">
<arg>${RemoveQuantitycart}</arg>
<doc>Waits until the element ``locator`` is visible.</doc>
<status status="PASS" start="2025-02-21T13:55:04.391549" elapsed="0.015477"/>
</kw>
<kw name="Scroll Element Into View" owner="SeleniumLibrary">
<arg>${RemoveQuantitycart}</arg>
<doc>Scrolls the element identified by ``locator`` into view.</doc>
<status status="PASS" start="2025-02-21T13:55:04.407350" elapsed="0.272725"/>
</kw>
<kw name="Click Element" owner="SeleniumLibrary">
<msg time="2025-02-21T13:55:04.680928" level="INFO">Clicking element '//div[@class='flex items-end justify-between']//button[1]'.</msg>
<arg>${RemoveQuantitycart}</arg>
<doc>Click the element identified by ``locator``.</doc>
<status status="PASS" start="2025-02-21T13:55:04.680393" elapsed="0.139848"/>
</kw>
<status status="PASS" start="2025-02-21T13:55:04.390855" elapsed="0.429461"/>
</kw>
<kw name="Validate Custom Set Discount Messaging Updates" owner="Cart_TC004_Steps">
<kw name="Sleep" owner="BuiltIn">
<msg time="2025-02-21T13:55:09.821366" level="INFO">Slept 5 seconds.</msg>
<arg>5</arg>
<doc>Pauses the test executed for the given time.</doc>
<status status="PASS" start="2025-02-21T13:55:04.820712" elapsed="5.001120"/>
</kw>
<kw name="Scroll Element Into View" owner="SeleniumLibrary">
<arg>${CustomSetDiscountText}</arg>
<doc>Scrolls the element identified by ``locator`` into view.</doc>
<status status="PASS" start="2025-02-21T13:55:09.822404" elapsed="0.274879"/>
</kw>
<kw name="Wait Until Element Is Visible" owner="SeleniumLibrary">
<arg>${CustomSetDiscountText}</arg>
<doc>Waits until the element ``locator`` is visible.</doc>
<status status="PASS" start="2025-02-21T13:55:10.097479" elapsed="0.010006"/>
</kw>
<kw name="Get Text" owner="SeleniumLibrary">
<msg time="2025-02-21T13:55:10.116788" level="INFO">${CustomSetDiscountText} = Add 1 more eligible product to get 20% off!</msg>
<var>${CustomSetDiscountText}</var>
<arg>${CustomSetDiscountText}</arg>
<doc>Returns the text value of the element identified by ``locator``.</doc>
<status status="PASS" start="2025-02-21T13:55:10.107634" elapsed="0.009185"/>
</kw>
<kw name="Should Contain" owner="BuiltIn">
<arg>${CustomSetDiscountText}</arg>
<arg>Add 1 more eligible product to get 20% off!</arg>
<doc>Fails if ``container`` does not contain ``item`` one or more times.</doc>
<status status="PASS" start="2025-02-21T13:55:10.116968" elapsed="0.000154"/>
</kw>
<status status="PASS" start="2025-02-21T13:55:04.820437" elapsed="5.296742"/>
</kw>
<kw name="Decrease Quantity In Cart" owner="Cart_TC003_Steps">
<kw name="Wait Until Element Is Visible" owner="SeleniumLibrary">
<arg>${RemoveQuantitycart}</arg>
<doc>Waits until the element ``locator`` is visible.</doc>
<status status="PASS" start="2025-02-21T13:55:10.117430" elapsed="0.010262"/>
</kw>
<kw name="Scroll Element Into View" owner="SeleniumLibrary">
<arg>${RemoveQuantitycart}</arg>
<doc>Scrolls the element identified by ``locator`` into view.</doc>
<status status="PASS" start="2025-02-21T13:55:10.127828" elapsed="0.273166"/>
</kw>
<kw name="Click Element" owner="SeleniumLibrary">
<msg time="2025-02-21T13:55:10.401634" level="INFO">Clicking element '//div[@class='flex items-end justify-between']//button[1]'.</msg>
<arg>${RemoveQuantitycart}</arg>
<doc>Click the element identified by ``locator``.</doc>
<status status="PASS" start="2025-02-21T13:55:10.401197" elapsed="0.059004"/>
</kw>
<status status="PASS" start="2025-02-21T13:55:10.117289" elapsed="0.342994"/>
</kw>
<kw name="Validate Custom Set Discount Messaging Updates to 20% off" owner="Cart_TC004_Steps">
<kw name="Sleep" owner="BuiltIn">
<msg time="2025-02-21T13:55:15.462275" level="INFO">Slept 5 seconds.</msg>
<arg>5</arg>
<doc>Pauses the test executed for the given time.</doc>
<status status="PASS" start="2025-02-21T13:55:10.460626" elapsed="5.001724"/>
</kw>
<kw name="Scroll Element Into View" owner="SeleniumLibrary">
<arg>${CustomSetDiscountText}</arg>
<doc>Scrolls the element identified by ``locator`` into view.</doc>
<status status="PASS" start="2025-02-21T13:55:15.462477" elapsed="0.265229"/>
</kw>
<kw name="Wait Until Element Is Visible" owner="SeleniumLibrary">
<arg>${CustomSetDiscountText}</arg>
<doc>Waits until the element ``locator`` is visible.</doc>
<status status="PASS" start="2025-02-21T13:55:15.727834" elapsed="0.009997"/>
</kw>
<kw name="Get Text" owner="SeleniumLibrary">
<msg time="2025-02-21T13:55:15.747148" level="INFO">${CustomSetDiscountText} = Add 2 more eligible products to get 20% off!</msg>
<var>${CustomSetDiscountText}</var>
<arg>${CustomSetDiscountText}</arg>
<doc>Returns the text value of the element identified by ``locator``.</doc>
<status status="PASS" start="2025-02-21T13:55:15.737969" elapsed="0.009208"/>
</kw>
<kw name="Should Contain" owner="BuiltIn">
<arg>${CustomSetDiscountText}</arg>
<arg>Add 2 more eligible products to get 20% off!</arg>
<doc>Fails if ``container`` does not contain ``item`` one or more times.</doc>
<status status="PASS" start="2025-02-21T13:55:15.747319" elapsed="0.000121"/>
</kw>
<status status="PASS" start="2025-02-21T13:55:10.460402" elapsed="5.287078"/>
</kw>
<kw name="Decrease Quantity In Cart" owner="Cart_TC003_Steps">
<kw name="Wait Until Element Is Visible" owner="SeleniumLibrary">
<arg>${RemoveQuantitycart}</arg>
<doc>Waits until the element ``locator`` is visible.</doc>
<status status="PASS" start="2025-02-21T13:55:15.747688" elapsed="0.010139"/>
</kw>
<kw name="Scroll Element Into View" owner="SeleniumLibrary">
<arg>${RemoveQuantitycart}</arg>
<doc>Scrolls the element identified by ``locator`` into view.</doc>
<status status="PASS" start="2025-02-21T13:55:15.758081" elapsed="0.271947"/>
</kw>
<kw name="Click Element" owner="SeleniumLibrary">
<msg time="2025-02-21T13:55:16.030449" level="INFO">Clicking element '//div[@class='flex items-end justify-between']//button[1]'.</msg>
<arg>${RemoveQuantitycart}</arg>
<doc>Click the element identified by ``locator``.</doc>
<status status="PASS" start="2025-02-21T13:55:16.030265" elapsed="0.072883"/>
</kw>
<status status="PASS" start="2025-02-21T13:55:15.747563" elapsed="0.355690"/>
</kw>
<kw name="Validate Custom Set Discount Messaging Updates to 15% off" owner="Cart_TC004_Steps">
<kw name="Sleep" owner="BuiltIn">
<msg time="2025-02-21T13:55:21.104816" level="INFO">Slept 5 seconds.</msg>
<arg>5</arg>
<doc>Pauses the test executed for the given time.</doc>
<status status="PASS" start="2025-02-21T13:55:16.103544" elapsed="5.001449"/>
</kw>
<kw name="Scroll Element Into View" owner="SeleniumLibrary">
<arg>${CustomSetDiscountText}</arg>
<doc>Scrolls the element identified by ``locator`` into view.</doc>
<status status="PASS" start="2025-02-21T13:55:21.105152" elapsed="0.269437"/>
</kw>
<kw name="Wait Until Element Is Visible" owner="SeleniumLibrary">
<arg>${CustomSetDiscountText}</arg>
<doc>Waits until the element ``locator`` is visible.</doc>
<status status="PASS" start="2025-02-21T13:55:21.374701" elapsed="0.008193"/>
</kw>
<kw name="Get Text" owner="SeleniumLibrary">
<msg time="2025-02-21T13:55:21.391828" level="INFO">${CustomSetDiscountText} = Add 1 more eligible product to get 15% off!</msg>
<var>${CustomSetDiscountText}</var>
<arg>${CustomSetDiscountText}</arg>
<doc>Returns the text value of the element identified by ``locator``.</doc>
<status status="PASS" start="2025-02-21T13:55:21.383072" elapsed="0.008784"/>
</kw>
<kw name="Should Contain" owner="BuiltIn">
<arg>${CustomSetDiscountText}</arg>
<arg>Add 1 more eligible product to get 15% off!</arg>
<doc>Fails if ``container`` does not contain ``item`` one or more times.</doc>
<status status="PASS" start="2025-02-21T13:55:21.391972" elapsed="0.000169"/>
</kw>
<status status="PASS" start="2025-02-21T13:55:16.103373" elapsed="5.288815"/>
</kw>
<kw name="Close Browser" owner="SeleniumLibrary" type="TEARDOWN">
<doc>Closes the current browser.</doc>
<status status="PASS" start="2025-02-21T13:55:21.392453" elapsed="0.254968"/>
</kw>
<status status="PASS" start="2025-02-21T13:54:13.309322" elapsed="68.338198"/>
</test>
<status status="PASS" start="2025-02-21T13:54:13.202092" elapsed="68.446203"/>
</suite>
<status status="FAIL" start="2025-02-21T13:54:12.988000" elapsed="81.353000"/>
</suite>
<suite id="s1-s2" name="Checkout" source="/Users/angeline.rohan/Desktop/QA Automation_Thinx.robot.py/ThinxAutomation1/Thinx-Automation1/tests/Checkout">
<suite id="s1-s2-s1" name="Checkout TC001 Tests" source="/Users/angeline.rohan/Desktop/QA Automation_Thinx.robot.py/ThinxAutomation1/Thinx-Automation1/tests/Checkout/Checkout_TC001_Tests.robot">
<test id="s1-s2-s1-t1" name="Open Thinx PDP" line="17">
<kw name="Open Thinx PDP Using Chrome Browser" owner="resources" type="SETUP">
<kw name="Open Browser" owner="SeleniumLibrary">
<msg time="2025-02-21T13:54:13.307107" level="INFO">Opening browser 'Chrome' to base url 'https://www.thinx.com/products/period-all-night-ultra-soft-sleep-shorts?variant=40174028750920'.</msg>
<arg>${ThinxPDP}</arg>
<arg>Chrome</arg>
<doc>Opens a new browser instance to the optional ``url``.</doc>
<status status="PASS" start="2025-02-21T13:54:13.306985" elapsed="21.318239"/>
</kw>
<kw name="Maximize Browser Window" owner="SeleniumLibrary">
<doc>Maximizes current browser window.</doc>
<status status="PASS" start="2025-02-21T13:54:34.626309" elapsed="0.367907"/>
</kw>
<kw name="Sleep" owner="BuiltIn">
<msg time="2025-02-21T13:54:39.996961" level="INFO">Slept 5 seconds.</msg>
<arg>5</arg>
<doc>Pauses the test executed for the given time.</doc>
<status status="PASS" start="2025-02-21T13:54:34.995046" elapsed="5.002344"/>
</kw>
<status status="PASS" start="2025-02-21T13:54:13.306655" elapsed="26.691125"/>
</kw>
<kw name="Click Accept Cookies Button" owner="CookieSettings_TC001_Pages">
<kw name="Wait Until Element Is Visible" owner="SeleniumLibrary">
<arg>${AcceptCookies}</arg>
<doc>Waits until the element ``locator`` is visible.</doc>
<status status="PASS" start="2025-02-21T13:54:40.001563" elapsed="0.065773"/>
</kw>
<kw name="Click Element" owner="SeleniumLibrary">
<msg time="2025-02-21T13:54:40.068352" level="INFO">Clicking element '//button[@id='onetrust-accept-btn-handler']'.</msg>
<arg>${AcceptCookies}</arg>
<doc>Click the element identified by ``locator``.</doc>
<status status="PASS" start="2025-02-21T13:54:40.067607" elapsed="0.150559"/>
</kw>
<kw name="Sleep" owner="BuiltIn">
<msg time="2025-02-21T13:54:43.219705" level="INFO">Slept 3 seconds.</msg>
<arg>3</arg>
<doc>Pauses the test executed for the given time.</doc>
<status status="PASS" start="2025-02-21T13:54:40.218341" elapsed="3.002395"/>
</kw>
<status status="PASS" start="2025-02-21T13:54:39.998859" elapsed="3.222403"/>
</kw>
<kw name="Sleep" owner="BuiltIn">
<msg time="2025-02-21T13:54:48.224896" level="INFO">Slept 5 seconds.</msg>
<arg>5</arg>
<doc>Pauses the test executed for the given time.</doc>
<status status="PASS" start="2025-02-21T13:54:43.221796" elapsed="5.003300"/>
</kw>
<kw name="Accept Cookies and Close Welcome Modal" owner="CookieSettings_TC001_Pages">
<kw name="Sleep" owner="BuiltIn">
<msg time="2025-02-21T13:54:53.228320" level="INFO">Slept 5 seconds.</msg>
<arg>5</arg>
<doc>Pauses the test executed for the given time.</doc>
<status status="PASS" start="2025-02-21T13:54:48.226998" elapsed="5.002327"/>
</kw>
<kw name="Wait Until Page Contains Element" owner="SeleniumLibrary">
<arg>${CloseModal}</arg>
<doc>Waits until the element ``locator`` appears on the current page.</doc>
<status status="PASS" start="2025-02-21T13:54:53.230877" elapsed="2.240419"/>
</kw>
<kw name="Click Element" owner="SeleniumLibrary">
<msg time="2025-02-21T13:54:55.473667" level="INFO">Clicking element '//button[@class='absolute right-3 top-3 [&amp;&gt;svg]:size-6']'.</msg>
<arg>${CloseModal}</arg>
<doc>Click the element identified by ``locator``.</doc>
<status status="PASS" start="2025-02-21T13:54:55.472892" elapsed="0.123285"/>
</kw>
<status status="PASS" start="2025-02-21T13:54:48.225877" elapsed="7.371932"/>
</kw>
<kw name="Validate Add to Cart From PDP" owner="PDP_TC002_Steps">
<kw name="Wait Until Page Contains Element" owner="SeleniumLibrary">
<arg>${FirstSize}</arg>
<doc>Waits until the element ``locator`` appears on the current page.</doc>
<status status="PASS" start="2025-02-21T13:54:55.604553" elapsed="0.016855"/>
</kw>
<kw name="Element Should Be Visible" owner="SeleniumLibrary">
<msg time="2025-02-21T13:54:55.634795" level="INFO">Element '//div[@id='product-option-Size']//div[.='XS']' is displayed.</msg>
<arg>${FirstSize}</arg>
<doc>Verifies that the element identified by ``locator`` is visible.</doc>
<status status="PASS" start="2025-02-21T13:54:55.621659" elapsed="0.013209"/>
</kw>
<kw name="Click Element" owner="SeleniumLibrary">
<msg time="2025-02-21T13:54:55.635458" level="INFO">Clicking element '//div[@id='product-option-Size']//div[.='XS']'.</msg>
<arg>${FirstSize}</arg>
<doc>Click the element identified by ``locator``.</doc>
<status status="PASS" start="2025-02-21T13:54:55.635068" elapsed="0.070614"/>
</kw>
<kw name="Sleep" owner="BuiltIn">
<msg time="2025-02-21T13:54:57.708648" level="INFO">Slept 2 seconds.</msg>
<arg>2</arg>
<doc>Pauses the test executed for the given time.</doc>
<status status="PASS" start="2025-02-21T13:54:55.705966" elapsed="2.003601"/>
</kw>
<kw name="Wait Until Page Contains Element" owner="SeleniumLibrary">
<arg>${ColorSwatch}</arg>
<doc>Waits until the element ``locator`` appears on the current page.</doc>
<status status="PASS" start="2025-02-21T13:54:57.710594" elapsed="0.016798"/>
</kw>
<kw name="Element Should Be Visible" owner="SeleniumLibrary">
<msg time="2025-02-21T13:54:57.744207" level="INFO">Element '//div[@id='product-option-Color']' is displayed.</msg>
<arg>${ColorSwatch}</arg>
<doc>Verifies that the element identified by ``locator`` is visible.</doc>
<status status="PASS" start="2025-02-21T13:54:57.727575" elapsed="0.016719"/>
</kw>
<kw name="Sleep" owner="BuiltIn">
<msg time="2025-02-21T13:55:02.746864" level="INFO">Slept 5 seconds.</msg>
<arg>5</arg>
<doc>Pauses the test executed for the given time.</doc>
<status status="PASS" start="2025-02-21T13:54:57.744414" elapsed="5.002674"/>
</kw>
<kw name="Wait Until Page Contains Element" owner="SeleniumLibrary">
<arg>${AddtoBagCTA}</arg>
<doc>Waits until the element ``locator`` appears on the current page.</doc>
<status status="PASS" start="2025-02-21T13:55:02.747368" elapsed="0.010849"/>
</kw>
<kw name="Element Should Be Visible" owner="SeleniumLibrary">
<msg time="2025-02-21T13:55:02.773130" level="INFO">Element '//button[@class='button button--primary flex-1 whitespace-nowrap']' is displayed.</msg>
<arg>${AddtoBagCTA}</arg>
<doc>Verifies that the element identified by ``locator`` is visible.</doc>
<status status="PASS" start="2025-02-21T13:55:02.758426" elapsed="0.014776"/>
</kw>
<kw name="Click Element" owner="SeleniumLibrary">
<msg time="2025-02-21T13:55:02.773814" level="INFO">Clicking element '//button[@class='button button--primary flex-1 whitespace-nowrap']'.</msg>
<arg>${AddtoBagCTA}</arg>
<doc>Click the element identified by ``locator``.</doc>
<status status="PASS" start="2025-02-21T13:55:02.773490" elapsed="0.246434"/>
</kw>
<kw name="Capture Page Screenshot" owner="SeleniumLibrary">
<msg time="2025-02-21T13:55:03.986266" level="INFO" html="true">&lt;/td&gt;&lt;/tr&gt;&lt;tr&gt;&lt;td colspan="3"&gt;&lt;a href="4-selenium-screenshot-1.png"&gt;&lt;img src="4-selenium-screenshot-1.png" width="800px"&gt;&lt;/a&gt;</msg>
<doc>Takes a screenshot of the current page and embeds it into a log file.</doc>
<status status="PASS" start="2025-02-21T13:55:03.023048" elapsed="0.963602"/>
</kw>
<status status="PASS" start="2025-02-21T13:54:55.603403" elapsed="8.383530"/>
</kw>
<kw name="Sleep" owner="BuiltIn">
<msg time="2025-02-21T13:55:08.988920" level="INFO">Slept 5 seconds.</msg>
<arg>5</arg>
<doc>Pauses the test executed for the given time.</doc>
<status status="PASS" start="2025-02-21T13:55:03.987470" elapsed="5.002275"/>
</kw>
<kw name="Navigate From Cart to Checkout" owner="Checkout_TC001_Steps">
<kw name="Sleep" owner="BuiltIn">
<msg time="2025-02-21T13:55:13.992556" level="INFO">Slept 5 seconds.</msg>
<arg>5</arg>
<doc>Pauses the test executed for the given time.</doc>
<status status="PASS" start="2025-02-21T13:55:08.991540" elapsed="5.001431"/>
</kw>
<kw name="Execute Javascript" owner="SeleniumLibrary">
<msg time="2025-02-21T13:55:13.993896" level="INFO">Executing JavaScript:
window.scrollTo(0, document.body.scrollHeight)
Without any arguments.</msg>
<arg>window.scrollTo(0, document.body.scrollHeight)</arg>
<doc>Executes the given JavaScript code with possible arguments.</doc>
<status status="PASS" start="2025-02-21T13:55:13.993314" elapsed="0.007491"/>
</kw>
<kw name="Scroll Element Into View" owner="SeleniumLibrary">
<msg time="2025-02-21T13:55:14.221678" level="INFO" html="true">&lt;/td&gt;&lt;/tr&gt;&lt;tr&gt;&lt;td colspan="3"&gt;&lt;a href="4-selenium-screenshot-2.png"&gt;&lt;img src="4-selenium-screenshot-2.png" width="800px"&gt;&lt;/a&gt;</msg>
<msg time="2025-02-21T13:55:14.222349" level="FAIL">Element with locator '//a[@id='cart-checkout-button']' not found.</msg>
<arg>${CheckoutCTA}</arg>
<doc>Scrolls the element identified by ``locator`` into view.</doc>
<status status="FAIL" start="2025-02-21T13:55:14.000973" elapsed="0.268602">Element with locator '//a[@id='cart-checkout-button']' not found.</status>
</kw>
<kw name="Wait Until Element Is Visible" owner="SeleniumLibrary">
<arg>${CheckoutCTA}</arg>
<doc>Waits until the element ``locator`` is visible.</doc>
<status status="NOT RUN" start="2025-02-21T13:55:14.269809" elapsed="0.000052"/>
</kw>
<kw name="Click Element" owner="SeleniumLibrary">
<arg>${CheckoutCTA}</arg>
<doc>Click the element identified by ``locator``.</doc>
<status status="NOT RUN" start="2025-02-21T13:55:14.269924" elapsed="0.000019"/>
</kw>
<status status="FAIL" start="2025-02-21T13:55:08.990832" elapsed="5.279190">Element with locator '//a[@id='cart-checkout-button']' not found.</status>
</kw>
<kw name="Validate Checkout Displays Correct Information" owner="Checkout_TC001_Steps">
<status status="NOT RUN" start="2025-02-21T13:55:14.270267" elapsed="0.000041"/>
</kw>
<kw name="Close Browser" owner="SeleniumLibrary" type="TEARDOWN">
<doc>Closes the current browser.</doc>
<status status="PASS" start="2025-02-21T13:55:14.270469" elapsed="0.563855"/>
</kw>
<status status="FAIL" start="2025-02-21T13:54:13.306311" elapsed="61.528084">Element with locator '//a[@id='cart-checkout-button']' not found.</status>
</test>
<status status="FAIL" start="2025-02-21T13:54:13.202105" elapsed="61.632943"/>
</suite>
<suite id="s1-s2-s2" name="Checkout TC002 Tests" source="/Users/angeline.rohan/Desktop/QA Automation_Thinx.robot.py/ThinxAutomation1/Thinx-Automation1/tests/Checkout/Checkout_TC002_Tests.robot">
<test id="s1-s2-s2-t1" name="Open Thinx PDP" line="29">
<kw name="Open Thinx PDP Using Chrome Browser" owner="resources" type="SETUP">
<kw name="Open Browser" owner="SeleniumLibrary">
<msg time="2025-02-21T13:54:13.126938" level="INFO">Opening browser 'Chrome' to base url 'https://www.thinx.com/products/period-all-night-ultra-soft-sleep-shorts?variant=40174028750920'.</msg>
<arg>${ThinxPDP}</arg>
<arg>Chrome</arg>
<doc>Opens a new browser instance to the optional ``url``.</doc>
<status status="PASS" start="2025-02-21T13:54:13.126798" elapsed="8.591038"/>
</kw>
<kw name="Maximize Browser Window" owner="SeleniumLibrary">
<doc>Maximizes current browser window.</doc>
<status status="PASS" start="2025-02-21T13:54:21.720294" elapsed="13.078155"/>
</kw>
<kw name="Sleep" owner="BuiltIn">
<msg time="2025-02-21T13:54:39.803016" level="INFO">Slept 5 seconds.</msg>
<arg>5</arg>
<doc>Pauses the test executed for the given time.</doc>
<status status="PASS" start="2025-02-21T13:54:34.799515" elapsed="5.003617"/>
</kw>
<status status="PASS" start="2025-02-21T13:54:13.126451" elapsed="26.676856"/>
</kw>
<kw name="Click Accept Cookies Button" owner="CookieSettings_TC001_Pages">
<kw name="Wait Until Element Is Visible" owner="SeleniumLibrary">
<arg>${AcceptCookies}</arg>
<doc>Waits until the element ``locator`` is visible.</doc>
<status status="PASS" start="2025-02-21T13:54:39.804265" elapsed="0.023337"/>
</kw>
<kw name="Click Element" owner="SeleniumLibrary">
<msg time="2025-02-21T13:54:39.828500" level="INFO">Clicking element '//button[@id='onetrust-accept-btn-handler']'.</msg>
<arg>${AcceptCookies}</arg>
<doc>Click the element identified by ``locator``.</doc>
<status status="PASS" start="2025-02-21T13:54:39.827995" elapsed="0.117340"/>
</kw>
<kw name="Sleep" owner="BuiltIn">
<msg time="2025-02-21T13:54:42.948205" level="INFO">Slept 3 seconds.</msg>
<arg>3</arg>
<doc>Pauses the test executed for the given time.</doc>
<status status="PASS" start="2025-02-21T13:54:39.945715" elapsed="3.005034"/>
</kw>
<status status="PASS" start="2025-02-21T13:54:39.803646" elapsed="3.148279"/>
</kw>
<kw name="Sleep" owner="BuiltIn">
<msg time="2025-02-21T13:54:47.957504" level="INFO">Slept 5 seconds.</msg>
<arg>5</arg>
<doc>Pauses the test executed for the given time.</doc>
<status status="PASS" start="2025-02-21T13:54:42.953343" elapsed="5.004406"/>
</kw>
<kw name="Accept Cookies and Close Welcome Modal" owner="CookieSettings_TC001_Pages">
<kw name="Sleep" owner="BuiltIn">
<msg time="2025-02-21T13:54:52.961196" level="INFO">Slept 5 seconds.</msg>
<arg>5</arg>
<doc>Pauses the test executed for the given time.</doc>
<status status="PASS" start="2025-02-21T13:54:47.958594" elapsed="5.004161"/>
</kw>
<kw name="Wait Until Page Contains Element" owner="SeleniumLibrary">
<arg>${CloseModal}</arg>
<doc>Waits until the element ``locator`` appears on the current page.</doc>
<status status="PASS" start="2025-02-21T13:54:52.964377" elapsed="2.488773"/>
</kw>
<kw name="Click Element" owner="SeleniumLibrary">
<msg time="2025-02-21T13:54:55.453843" level="INFO">Clicking element '//button[@class='absolute right-3 top-3 [&amp;&gt;svg]:size-6']'.</msg>
<arg>${CloseModal}</arg>
<doc>Click the element identified by ``locator``.</doc>
<status status="PASS" start="2025-02-21T13:54:55.453468" elapsed="0.119886"/>
</kw>
<status status="PASS" start="2025-02-21T13:54:47.958229" elapsed="7.615506"/>
</kw>
<kw name="Validate Add to Cart From PDP" owner="PDP_TC002_Steps">
<kw name="Wait Until Page Contains Element" owner="SeleniumLibrary">
<arg>${FirstSize}</arg>
<doc>Waits until the element ``locator`` appears on the current page.</doc>
<status status="PASS" start="2025-02-21T13:54:55.579667" elapsed="0.018999"/>
</kw>
<kw name="Element Should Be Visible" owner="SeleniumLibrary">
<msg time="2025-02-21T13:54:55.620085" level="INFO">Element '//div[@id='product-option-Size']//div[.='XS']' is displayed.</msg>
<arg>${FirstSize}</arg>
<doc>Verifies that the element identified by ``locator`` is visible.</doc>
<status status="PASS" start="2025-02-21T13:54:55.602169" elapsed="0.017995"/>
</kw>
<kw name="Click Element" owner="SeleniumLibrary">
<msg time="2025-02-21T13:54:55.620761" level="INFO">Clicking element '//div[@id='product-option-Size']//div[.='XS']'.</msg>
<arg>${FirstSize}</arg>
<doc>Click the element identified by ``locator``.</doc>
<status status="PASS" start="2025-02-21T13:54:55.620328" elapsed="0.065518"/>
</kw>
<kw name="Sleep" owner="BuiltIn">
<msg time="2025-02-21T13:54:57.688719" level="INFO">Slept 2 seconds.</msg>
<arg>2</arg>
<doc>Pauses the test executed for the given time.</doc>
<status status="PASS" start="2025-02-21T13:54:55.686226" elapsed="2.004346"/>
</kw>
<kw name="Wait Until Page Contains Element" owner="SeleniumLibrary">
<arg>${ColorSwatch}</arg>
<doc>Waits until the element ``locator`` appears on the current page.</doc>
<status status="PASS" start="2025-02-21T13:54:57.693457" elapsed="0.017283"/>
</kw>
<kw name="Element Should Be Visible" owner="SeleniumLibrary">
<msg time="2025-02-21T13:54:57.722649" level="INFO">Element '//div[@id='product-option-Color']' is displayed.</msg>
<arg>${ColorSwatch}</arg>
<doc>Verifies that the element identified by ``locator`` is visible.</doc>
<status status="PASS" start="2025-02-21T13:54:57.711022" elapsed="0.011698"/>
</kw>
<kw name="Sleep" owner="BuiltIn">
<msg time="2025-02-21T13:55:02.723089" level="INFO">Slept 5 seconds.</msg>
<arg>5</arg>
<doc>Pauses the test executed for the given time.</doc>
<status status="PASS" start="2025-02-21T13:54:57.722832" elapsed="5.000512"/>
</kw>
<kw name="Wait Until Page Contains Element" owner="SeleniumLibrary">
<arg>${AddtoBagCTA}</arg>
<doc>Waits until the element ``locator`` appears on the current page.</doc>
<status status="PASS" start="2025-02-21T13:55:02.723686" elapsed="0.009891"/>
</kw>
<kw name="Element Should Be Visible" owner="SeleniumLibrary">
<msg time="2025-02-21T13:55:02.743683" level="INFO">Element '//button[@class='button button--primary flex-1 whitespace-nowrap']' is displayed.</msg>
<arg>${AddtoBagCTA}</arg>
<doc>Verifies that the element identified by ``locator`` is visible.</doc>
<status status="PASS" start="2025-02-21T13:55:02.733714" elapsed="0.010047"/>
</kw>
<kw name="Click Element" owner="SeleniumLibrary">
<msg time="2025-02-21T13:55:02.744125" level="INFO">Clicking element '//button[@class='button button--primary flex-1 whitespace-nowrap']'.</msg>
<arg>${AddtoBagCTA}</arg>
<doc>Click the element identified by ``locator``.</doc>
<status status="PASS" start="2025-02-21T13:55:02.743924" elapsed="0.183714"/>
</kw>
<kw name="Capture Page Screenshot" owner="SeleniumLibrary">
<msg time="2025-02-21T13:55:03.996724" level="INFO" html="true">&lt;/td&gt;&lt;/tr&gt;&lt;tr&gt;&lt;td colspan="3"&gt;&lt;a href="5-selenium-screenshot-1.png"&gt;&lt;img src="5-selenium-screenshot-1.png" width="800px"&gt;&lt;/a&gt;</msg>
<doc>Takes a screenshot of the current page and embeds it into a log file.</doc>
<status status="PASS" start="2025-02-21T13:55:02.928564" elapsed="1.068878"/>
</kw>
<status status="PASS" start="2025-02-21T13:54:55.578894" elapsed="8.419205"/>
</kw>
<kw name="Sleep" owner="BuiltIn">
<msg time="2025-02-21T13:55:09.003610" level="INFO">Slept 5 seconds.</msg>
<arg>5</arg>
<doc>Pauses the test executed for the given time.</doc>
<status status="PASS" start="2025-02-21T13:55:03.999325" elapsed="5.005496"/>
</kw>
<kw name="Navigate From Cart to Checkout" owner="Checkout_TC001_Steps">
<kw name="Sleep" owner="BuiltIn">
<msg time="2025-02-21T13:55:14.008302" level="INFO">Slept 5 seconds.</msg>
<arg>5</arg>
<doc>Pauses the test executed for the given time.</doc>
<status status="PASS" start="2025-02-21T13:55:09.007699" elapsed="5.001057"/>
</kw>
<kw name="Execute Javascript" owner="SeleniumLibrary">
<msg time="2025-02-21T13:55:14.010612" level="INFO">Executing JavaScript:
window.scrollTo(0, document.body.scrollHeight)
Without any arguments.</msg>
<arg>window.scrollTo(0, document.body.scrollHeight)</arg>
<doc>Executes the given JavaScript code with possible arguments.</doc>
<status status="PASS" start="2025-02-21T13:55:14.009170" elapsed="0.023923"/>
</kw>
<kw name="Scroll Element Into View" owner="SeleniumLibrary">
<arg>${CheckoutCTA}</arg>
<doc>Scrolls the element identified by ``locator`` into view.</doc>
<status status="PASS" start="2025-02-21T13:55:14.033443" elapsed="0.331476"/>
</kw>
<kw name="Wait Until Element Is Visible" owner="SeleniumLibrary">
<arg>${CheckoutCTA}</arg>
<doc>Waits until the element ``locator`` is visible.</doc>
<status status="PASS" start="2025-02-21T13:55:14.365199" elapsed="0.012187"/>
</kw>
<kw name="Click Element" owner="SeleniumLibrary">
<msg time="2025-02-21T13:55:14.377741" level="INFO">Clicking element '//a[@id='cart-checkout-button']'.</msg>
<arg>${CheckoutCTA}</arg>
<doc>Click the element identified by ``locator``.</doc>
<status status="PASS" start="2025-02-21T13:55:14.377552" elapsed="0.045525"/>
</kw>
<status status="PASS" start="2025-02-21T13:55:09.006594" elapsed="5.416681"/>
</kw>
<kw name="Enter New Account Email on Checkout" owner="Checkout_TC002_Steps">
<kw name="Sleep" owner="BuiltIn">
<msg time="2025-02-21T13:55:19.425498" level="INFO">Slept 5 seconds.</msg>
<arg>5</arg>
<doc>Pauses the test executed for the given time.</doc>
<status status="PASS" start="2025-02-21T13:55:14.423990" elapsed="5.001717"/>
</kw>
<kw name="Scroll Element Into View" owner="SeleniumLibrary">
<arg>locator=${ContactEmail}</arg>
<doc>Scrolls the element identified by ``locator`` into view.</doc>
<status status="PASS" start="2025-02-21T13:55:19.425857" elapsed="0.321582"/>
</kw>
<kw name="Wait Until Element Is Visible" owner="SeleniumLibrary">
<arg>${ContactEmail}</arg>
<arg>timeout=10s</arg>
<doc>Waits until the element ``locator`` is visible.</doc>
<status status="PASS" start="2025-02-21T13:55:19.747690" elapsed="0.007482"/>
</kw>
<kw name="Wait Until Element Is Enabled" owner="SeleniumLibrary">
<arg>${ContactEmail}</arg>
<arg>10</arg>
<doc>Waits until the element ``locator`` is enabled.</doc>
<status status="PASS" start="2025-02-21T13:55:19.755489" elapsed="0.011593"/>
</kw>
<kw name="Input Text" owner="SeleniumLibrary">
<msg time="2025-02-21T13:55:19.767393" level="INFO">Typing text 'testpurchase1@yopmail.com' into text field '//input[@id='email']'.</msg>
<arg>${ContactEmail}</arg>
<arg>${CheckoutEmail}</arg>
<doc>Types the given ``text`` into the text field identified by ``locator``.</doc>
<status status="PASS" start="2025-02-21T13:55:19.767220" elapsed="0.143955"/>
</kw>
<arg>${CheckoutEmail}</arg>
<status status="PASS" start="2025-02-21T13:55:14.423463" elapsed="5.487810"/>
</kw>
<kw name="Enter First Name on Checkout" owner="Checkout_TC002_Steps">
<kw name="Sleep" owner="BuiltIn">
<msg time="2025-02-21T13:55:24.911845" level="INFO">Slept 5 seconds.</msg>
<arg>5</arg>
<doc>Pauses the test executed for the given time.</doc>
<status status="PASS" start="2025-02-21T13:55:19.911663" elapsed="5.000259"/>
</kw>
<kw name="Wait Until Element Is Enabled" owner="SeleniumLibrary">
<arg>${FirstName}</arg>
<arg>5</arg>
<doc>Waits until the element ``locator`` is enabled.</doc>
<status status="PASS" start="2025-02-21T13:55:24.912041" elapsed="0.011913"/>
</kw>
<kw name="Scroll Element Into View" owner="SeleniumLibrary">
<arg>locator=${Firstname}</arg>
<doc>Scrolls the element identified by ``locator`` into view.</doc>
<status status="PASS" start="2025-02-21T13:55:24.924082" elapsed="0.269472"/>
</kw>
<kw name="Input Text" owner="SeleniumLibrary">
<msg time="2025-02-21T13:55:25.193853" level="INFO">Typing text 'Test' into text field '//div[@id='shippingAddressForm']//div[@class='_1ip0g651 _1ip0g650 _1fragemlj _1fragem3w _1fragem5p _1fragem2s']//input[@name='firstName']'.</msg>
<arg>${Firstname}</arg>
<arg>${FName}</arg>
<doc>Types the given ``text`` into the text field identified by ``locator``.</doc>
<status status="PASS" start="2025-02-21T13:55:25.193680" elapsed="0.035851"/>
</kw>
<arg>FName=${FName}</arg>
<status status="PASS" start="2025-02-21T13:55:19.911391" elapsed="5.318392"/>
</kw>
<kw name="Enter Last Name on Checkout" owner="Checkout_TC002_Steps">
<kw name="Sleep" owner="BuiltIn">
<msg time="2025-02-21T13:55:30.232099" level="INFO">Slept 5 seconds.</msg>
<arg>5</arg>
<doc>Pauses the test executed for the given time.</doc>
<status status="PASS" start="2025-02-21T13:55:25.230520" elapsed="5.001649"/>
</kw>
<kw name="Scroll Element Into View" owner="SeleniumLibrary">
<arg>locator=${Lastname}</arg>
<doc>Scrolls the element identified by ``locator`` into view.</doc>
<status status="PASS" start="2025-02-21T13:55:30.232281" elapsed="0.270246"/>
</kw>
<kw name="Wait Until Element Is Visible" owner="SeleniumLibrary">
<arg>${Lastname}</arg>
<arg>timeout=10s</arg>
<doc>Waits until the element ``locator`` is visible.</doc>
<status status="PASS" start="2025-02-21T13:55:30.502654" elapsed="0.007046"/>
</kw>
<kw name="Wait Until Element Is Enabled" owner="SeleniumLibrary">
<arg>${Lastname}</arg>
<arg>10</arg>
<doc>Waits until the element ``locator`` is enabled.</doc>
<status status="PASS" start="2025-02-21T13:55:30.509827" elapsed="0.009460"/>
</kw>
<kw name="Input Text" owner="SeleniumLibrary">
<msg time="2025-02-21T13:55:30.519600" level="INFO">Typing text 'Tweet' into text field '//div[@id='shippingAddressForm']//div[@class='_1ip0g651 _1ip0g650 _1fragemlj _1fragem3w _1fragem5p _1fragem2s']//input[@name='lastName']'.</msg>
<arg>${Lastname}</arg>
<arg>${LName}</arg>
<doc>Types the given ``text`` into the text field identified by ``locator``.</doc>
<status status="PASS" start="2025-02-21T13:55:30.519407" elapsed="0.059072"/>
</kw>
<arg>${LName}</arg>
<status status="PASS" start="2025-02-21T13:55:25.230171" elapsed="5.348453"/>
</kw>
<kw name="Enter Street Address on Checkout" owner="Checkout_TC002_Steps">
<kw name="Sleep" owner="BuiltIn">
<msg time="2025-02-21T13:55:35.581644" level="INFO">Slept 5 seconds.</msg>
<arg>5</arg>
<doc>Pauses the test executed for the given time.</doc>
<status status="PASS" start="2025-02-21T13:55:30.579231" elapsed="5.002494"/>
</kw>
<kw name="Scroll Element Into View" owner="SeleniumLibrary">
<arg>locator=${AddressLine1}</arg>
<doc>Scrolls the element identified by ``locator`` into view.</doc>
<status status="PASS" start="2025-02-21T13:55:35.581834" elapsed="0.264189"/>
</kw>
<kw name="Wait Until Element Is Visible" owner="SeleniumLibrary">
<arg>${AddressLine1}</arg>
<arg>timeout=10s</arg>
<doc>Waits until the element ``locator`` is visible.</doc>
<status status="PASS" start="2025-02-21T13:55:35.846142" elapsed="0.006470"/>
</kw>
<kw name="Wait Until Element Is Enabled" owner="SeleniumLibrary">
<arg>${AddressLine1}</arg>
<arg>10</arg>
<doc>Waits until the element ``locator`` is enabled.</doc>
<status status="PASS" start="2025-02-21T13:55:35.852730" elapsed="0.008416"/>
</kw>
<kw name="Input Text" owner="SeleniumLibrary">
<msg time="2025-02-21T13:55:35.861422" level="INFO">Typing text '277 Gedney Hill Road' into text field '//div[@id='shippingAddressForm']//input[@class='_7ozb2uq _7ozb2up _1fragemlj _1fragemsv _1fragemof _1fragems1 _7ozb2ut _7ozb2us _1fragemsh _1fragemsc _1fragemsr _7ozb2uv _7ozb2uu _1fragemoz _1fragemp9 _7ozb2u11 _7ozb2u1h _7ozb2ur']'.</msg>
<arg>${AddressLine1}</arg>
<arg>${StreetAddress}</arg>
<doc>Types the given ``text`` into the text field identified by ``locator``.</doc>
<status status="PASS" start="2025-02-21T13:55:35.861264" elapsed="0.064958"/>
</kw>
<kw name="Sleep" owner="BuiltIn">
<msg time="2025-02-21T13:55:40.927656" level="INFO">Slept 5 seconds.</msg>
<arg>5</arg>
<doc>Pauses the test executed for the given time.</doc>
<status status="PASS" start="2025-02-21T13:55:35.926372" elapsed="5.001356"/>
</kw>
<kw name="Wait Until Element Is Visible" owner="SeleniumLibrary">
<arg>${AddressDropdown}</arg>
<doc>Waits until the element ``locator`` is visible.</doc>
<status status="PASS" start="2025-02-21T13:55:40.927843" elapsed="0.009806"/>
</kw>
<kw name="Scroll Element Into View" owner="SeleniumLibrary">
<arg>${AddressDropdown}</arg>
<doc>Scrolls the element identified by ``locator`` into view.</doc>
<status status="PASS" start="2025-02-21T13:55:40.937759" elapsed="0.267472"/>
</kw>
<kw name="Click Element" owner="SeleniumLibrary">
<msg time="2025-02-21T13:55:41.205513" level="INFO">Clicking element '//li[.='277 Gedney Hill Road, Coeymans Hollow, NY, USA']'.</msg>
<arg>${AddressDropdown}</arg>
<doc>Click the element identified by ``locator``.</doc>
<status status="PASS" start="2025-02-21T13:55:41.205357" elapsed="0.023015"/>
</kw>
<arg>${StreetAddress}</arg>
<status status="PASS" start="2025-02-21T13:55:30.578899" elapsed="10.649575"/>
</kw>
<kw name="Capture Page Screenshot" owner="SeleniumLibrary">
<msg time="2025-02-21T13:55:41.365549" level="INFO" html="true">&lt;/td&gt;&lt;/tr&gt;&lt;tr&gt;&lt;td colspan="3"&gt;&lt;a href="5-selenium-screenshot-2.png"&gt;&lt;img src="5-selenium-screenshot-2.png" width="800px"&gt;&lt;/a&gt;</msg>
<doc>Takes a screenshot of the current page and embeds it into a log file.</doc>
<status status="PASS" start="2025-02-21T13:55:41.228570" elapsed="0.137043"/>
</kw>
<kw name="Validate Shipping Method" owner="Checkout_TC002_Steps">
<kw name="Execute Javascript" owner="SeleniumLibrary">
<msg time="2025-02-21T13:55:41.366543" level="INFO">Executing JavaScript:
document.getElementById //h3[@class='n8k95w1 n8k95w0 _1fragemlj n8k95w3'].scrollIntoView();
Without any arguments.</msg>
<arg>document.getElementById ${Shippingheader}.scrollIntoView();</arg>
<doc>Executes the given JavaScript code with possible arguments.</doc>
<status status="PASS" start="2025-02-21T13:55:41.366112" elapsed="0.003642"/>
</kw>
<kw name="Wait Until Element Is Visible" owner="SeleniumLibrary">
<arg>${StandardShipping}</arg>
<doc>Waits until the element ``locator`` is visible.</doc>
<status status="PASS" start="2025-02-21T13:55:41.369876" elapsed="1.267712"/>
</kw>
<kw name="Element Should Be Visible" owner="SeleniumLibrary">
<msg time="2025-02-21T13:55:42.648674" level="INFO">Element '//p[.='Standard Shipping']' is displayed.</msg>
<arg>${StandardShipping}</arg>
<doc>Verifies that the element identified by ``locator`` is visible.</doc>
<status status="PASS" start="2025-02-21T13:55:42.637945" elapsed="0.010790"/>
</kw>
<kw name="Scroll Element Into View" owner="SeleniumLibrary">
<arg>${StandardShippingPrice}</arg>
<doc>Scrolls the element identified by ``locator`` into view.</doc>
<status status="PASS" start="2025-02-21T13:55:42.648863" elapsed="0.265851"/>
</kw>
<kw name="Wait Until Element Is Visible" owner="SeleniumLibrary">
<arg>${StandardShippingPrice}</arg>
<doc>Waits until the element ``locator`` is visible.</doc>
<status status="PASS" start="2025-02-21T13:55:42.914857" elapsed="0.005731"/>
</kw>
<kw name="Element Should Be Visible" owner="SeleniumLibrary">
<msg time="2025-02-21T13:55:42.926136" level="INFO">Element '//fieldset[@id='shipping_methods']//div[.='$7.00']' is displayed.</msg>
<arg>${StandardShippingPrice}</arg>
<doc>Verifies that the element identified by ``locator`` is visible.</doc>
<status status="PASS" start="2025-02-21T13:55:42.920725" elapsed="0.005468"/>
</kw>
<kw name="Capture Page Screenshot" owner="SeleniumLibrary">
[...]
<kw name="Sleep" owner="BuiltIn">
<msg time="2025-02-21T13:59:09.129369" level="INFO">Slept 5 seconds.</msg>
<arg>5</arg>
<doc>Pauses the test executed for the given time.</doc>
<status status="PASS" start="2025-02-21T13:59:04.127568" elapsed="5.002141"/>
</kw>
<kw name="Enter First Name" owner="Registration_TC002_Pages">
<kw name="Sleep" owner="BuiltIn">
<msg time="2025-02-21T13:59:14.135008" level="INFO">Slept 5 seconds.</msg>
<arg>5</arg>
<doc>Pauses the test executed for the given time.</doc>
<status status="PASS" start="2025-02-21T13:59:09.132057" elapsed="5.003270"/>
</kw>
<kw name="Wait Until Element Is Enabled" owner="SeleniumLibrary">
<arg>${Firstname}</arg>
<arg>5</arg>
<doc>Waits until the element ``locator`` is enabled.</doc>
<status status="PASS" start="2025-02-21T13:59:14.135907" elapsed="0.038835"/>
</kw>
<kw name="Scroll Element Into View" owner="SeleniumLibrary">
<arg>locator=${Firstname}</arg>
<doc>Scrolls the element identified by ``locator`` into view.</doc>
<status status="PASS" start="2025-02-21T13:59:14.174904" elapsed="0.268280"/>
</kw>
<kw name="Input Text" owner="SeleniumLibrary">
<msg time="2025-02-21T13:59:14.444481" level="INFO">Typing text 'Test' into text field '//input[@id='RegisterForm-FirstName']'.</msg>
<arg>${Firstname}</arg>
<arg>${FName}</arg>
<doc>Types the given ``text`` into the text field identified by ``locator``.</doc>
<status status="PASS" start="2025-02-21T13:59:14.443699" elapsed="0.111975"/>
</kw>
<arg>${Fname}</arg>
<status status="PASS" start="2025-02-21T13:59:09.130668" elapsed="5.425224"/>
</kw>
<kw name="Enter Last Name" owner="Registration_TC002_Pages">
<kw name="Sleep" owner="BuiltIn">
<msg time="2025-02-21T13:59:19.558743" level="INFO">Slept 5 seconds.</msg>
<arg>5</arg>
<doc>Pauses the test executed for the given time.</doc>
<status status="PASS" start="2025-02-21T13:59:14.556170" elapsed="5.002808"/>
</kw>
<kw name="Scroll Element Into View" owner="SeleniumLibrary">
<arg>locator=${Lastname}</arg>
<doc>Scrolls the element identified by ``locator`` into view.</doc>
<status status="PASS" start="2025-02-21T13:59:19.559382" elapsed="0.288030"/>
</kw>
<kw name="Wait Until Element Is Visible" owner="SeleniumLibrary">
<arg>${Lastname}</arg>
<arg>timeout=10s</arg>
<doc>Waits until the element ``locator`` is visible.</doc>
<status status="PASS" start="2025-02-21T13:59:19.848006" elapsed="0.017931"/>
</kw>
<kw name="Wait Until Element Is Enabled" owner="SeleniumLibrary">
<arg>${Lastname}</arg>
<arg>10</arg>
<doc>Waits until the element ``locator`` is enabled.</doc>
<status status="PASS" start="2025-02-21T13:59:19.866162" elapsed="0.013786"/>
</kw>
<kw name="Input Text" owner="SeleniumLibrary">
<msg time="2025-02-21T13:59:19.880285" level="INFO">Typing text 'Tweet' into text field '//input[@id='RegisterForm-LastName']'.</msg>
<arg>${Lastname}</arg>
<arg>${LName}</arg>
<doc>Types the given ``text`` into the text field identified by ``locator``.</doc>
<status status="PASS" start="2025-02-21T13:59:19.880090" elapsed="0.039270"/>
</kw>
<arg>${Lname}</arg>
<status status="PASS" start="2025-02-21T13:59:14.556001" elapsed="5.363438"/>
</kw>
<kw name="Generate Timestamped Email" owner="Registration_TC002_Pages">
<kw name="Get Time" owner="BuiltIn">
<msg time="2025-02-21T13:59:19.919845" level="INFO">${timestamp} = 1740164359</msg>
<var>${timestamp}</var>
<arg>epoch</arg>
<doc>Returns the given time in the requested format.</doc>
<status status="PASS" start="2025-02-21T13:59:19.919740" elapsed="0.000121"/>
</kw>
<kw name="Set Variable" owner="BuiltIn">
<msg time="2025-02-21T13:59:19.920002" level="INFO">${RegisterEmail} = email+1740164359@mailinator.com</msg>
<var>${RegisterEmail}</var>
<arg>email+${timestamp}@${EMAIL_DOMAIN}</arg>
<doc>Returns the given values which can then be assigned to a variables.</doc>
<status status="PASS" start="2025-02-21T13:59:19.919913" elapsed="0.000101"/>
</kw>
<return>
<value>${RegisterEmail}</value>
<status status="PASS" start="2025-02-21T13:59:19.920042" elapsed="0.000038"/>
</return>
<msg time="2025-02-21T13:59:19.920138" level="INFO">${RegisterEmail} = email+1740164359@mailinator.com</msg>
<var>${RegisterEmail}</var>
<status status="PASS" start="2025-02-21T13:59:19.919564" elapsed="0.000585"/>
</kw>
<kw name="Input Text" owner="SeleniumLibrary">
<msg time="2025-02-21T13:59:19.920296" level="INFO">Typing text 'email+1740164359@mailinator.com' into text field 'id=RegisterForm-email'.</msg>
<arg>id=RegisterForm-email</arg>
<arg>${RegisterEmail}</arg>
<doc>Types the given ``text`` into the text field identified by ``locator``.</doc>
<status status="PASS" start="2025-02-21T13:59:19.920198" elapsed="0.066368"/>
</kw>
<kw name="Enter New Account Email" owner="Registration_TC002_Pages">
<kw name="Sleep" owner="BuiltIn">
<msg time="2025-02-21T13:59:24.988315" level="INFO">Slept 5 seconds.</msg>
<arg>5</arg>
<doc>Pauses the test executed for the given time.</doc>
<status status="PASS" start="2025-02-21T13:59:19.986953" elapsed="5.001738"/>
</kw>
<kw name="Scroll Element Into View" owner="SeleniumLibrary">
<arg>locator=${RegisterEmailAddress}</arg>
<doc>Scrolls the element identified by ``locator`` into view.</doc>
<status status="PASS" start="2025-02-21T13:59:24.989348" elapsed="0.286231"/>
</kw>
<kw name="Wait Until Element Is Visible" owner="SeleniumLibrary">
<arg>${RegisterEmailAddress}</arg>
<arg>timeout=10s</arg>
<doc>Waits until the element ``locator`` is visible.</doc>
<status status="PASS" start="2025-02-21T13:59:25.276016" elapsed="0.017122"/>
</kw>
<kw name="Wait Until Element Is Enabled" owner="SeleniumLibrary">
<arg>${RegisterEmailAddress}</arg>
<arg>10</arg>
<doc>Waits until the element ``locator`` is enabled.</doc>
<status status="PASS" start="2025-02-21T13:59:25.293384" elapsed="0.014268"/>
</kw>
<kw name="Input Text" owner="SeleniumLibrary">
<msg time="2025-02-21T13:59:25.307999" level="INFO">Typing text 'email+1740164359@mailinator.com' into text field '//input[@id='RegisterForm-email']'.</msg>
<arg>${RegisterEmailAddress}</arg>
<arg>${RegisterEmail}</arg>
<doc>Types the given ``text`` into the text field identified by ``locator``.</doc>
<status status="PASS" start="2025-02-21T13:59:25.307796" elapsed="0.061978"/>
</kw>
<arg>${RegisterEmail}</arg>
<status status="PASS" start="2025-02-21T13:59:19.986736" elapsed="5.383173"/>
</kw>
<kw name="Enter New Account Password" owner="Registration_TC002_Pages">
<kw name="Sleep" owner="BuiltIn">
<msg time="2025-02-21T13:59:30.371816" level="INFO">Slept 5 seconds.</msg>
<arg>5</arg>
<doc>Pauses the test executed for the given time.</doc>
<status status="PASS" start="2025-02-21T13:59:25.370657" elapsed="5.001442"/>
</kw>
<kw name="Scroll Element Into View" owner="SeleniumLibrary">
<arg>locator=${RegisterPassword}</arg>
<doc>Scrolls the element identified by ``locator`` into view.</doc>
<status status="PASS" start="2025-02-21T13:59:30.372546" elapsed="0.282375"/>
</kw>
<kw name="Wait Until Element Is Visible" owner="SeleniumLibrary">
<arg>${RegisterPassword}</arg>
<arg>timeout=10s</arg>
<doc>Waits until the element ``locator`` is visible.</doc>
<status status="PASS" start="2025-02-21T13:59:30.655563" elapsed="0.016851"/>
</kw>
<kw name="Wait Until Element Is Enabled" owner="SeleniumLibrary">
<arg>${RegisterPassword}</arg>
<arg>10</arg>
<doc>Waits until the element ``locator`` is enabled.</doc>
<status status="PASS" start="2025-02-21T13:59:30.672624" elapsed="0.012220"/>
</kw>
<kw name="Input Text" owner="SeleniumLibrary">
<msg time="2025-02-21T13:59:30.685153" level="INFO">Typing text 'Welcome@12345' into text field '//input[@id='RegisterForm-password']'.</msg>
<arg>${RegisterPassword}</arg>
<arg>${RegisterPwd}</arg>
<doc>Types the given ``text`` into the text field identified by ``locator``.</doc>
<status status="PASS" start="2025-02-21T13:59:30.684973" elapsed="0.040414"/>
</kw>
<arg>${RegisterPwd}</arg>
<status status="PASS" start="2025-02-21T13:59:25.370118" elapsed="5.355344"/>
</kw>
<kw name="Sleep" owner="BuiltIn">
<msg time="2025-02-21T13:59:35.727616" level="INFO">Slept 5 seconds.</msg>
<arg>5</arg>
<doc>Pauses the test executed for the given time.</doc>
<status status="PASS" start="2025-02-21T13:59:30.725557" elapsed="5.002463"/>
</kw>
<kw name="Check Account Disclaimer Checkbox" owner="Registration_TC002_Pages">
<kw name="Wait Until Element Is Visible" owner="SeleniumLibrary">
<arg>${DisclaimerCheckbox}</arg>
<doc>Waits until the element ``locator`` is visible.</doc>
<status status="PASS" start="2025-02-21T13:59:35.730038" elapsed="0.022246"/>
</kw>
<kw name="Set Focus To Element" owner="SeleniumLibrary">
<arg>${DisclaimerCheckbox}</arg>
<doc>Sets the focus to the element identified by ``locator``.</doc>
<status status="PASS" start="2025-02-21T13:59:35.752522" elapsed="0.013830"/>
</kw>
<kw name="Click Element" owner="SeleniumLibrary">
<msg time="2025-02-21T13:59:35.766757" level="INFO">Clicking element '//input[@id='registration_disclaimer']'.</msg>
<arg>${DisclaimerCheckbox}</arg>
<doc>Click the element identified by ``locator``.</doc>
<status status="PASS" start="2025-02-21T13:59:35.766521" elapsed="0.033314"/>
</kw>
<kw name="Execute Javascript" owner="SeleniumLibrary">
<msg time="2025-02-21T13:59:35.801052" level="INFO">Executing JavaScript:
window.scrollTo(0, document.body.scrollHeight / 2)
Without any arguments.</msg>
<arg>window.scrollTo(0, document.body.scrollHeight / 2)</arg>
<doc>Executes the given JavaScript code with possible arguments.</doc>
<status status="PASS" start="2025-02-21T13:59:35.800066" elapsed="0.006868"/>
</kw>
<kw name="Wait Until Element Is Visible" owner="SeleniumLibrary">
<arg>${CreateAccountCTA}</arg>
<doc>Waits until the element ``locator`` is visible.</doc>
<status status="PASS" start="2025-02-21T13:59:35.807154" elapsed="0.013480"/>
</kw>
<kw name="Set Focus To Element" owner="SeleniumLibrary">
<arg>${CreateAccountCTA}</arg>
<doc>Sets the focus to the element identified by ``locator``.</doc>
<status status="PASS" start="2025-02-21T13:59:35.820749" elapsed="0.005398"/>
</kw>
<kw name="Capture Page Screenshot" owner="SeleniumLibrary">
<msg time="2025-02-21T13:59:35.933727" level="INFO" html="true">&lt;/td&gt;&lt;/tr&gt;&lt;tr&gt;&lt;td colspan="3"&gt;&lt;a href="results/selenium-screenshot-515.png"&gt;&lt;img src="results/selenium-screenshot-515.png" width="800px"&gt;&lt;/a&gt;</msg>
<doc>Takes a screenshot of the current page and embeds it into a log file.</doc>
<status status="PASS" start="2025-02-21T13:59:35.826220" elapsed="0.107569"/>
</kw>
<kw name="Click Element" owner="SeleniumLibrary">
<msg time="2025-02-21T13:59:35.934001" level="INFO">Clicking element '//button[@class='w-full button button--primary']'.</msg>
<arg>${CreateAccountCTA}</arg>
<doc>Click the element identified by ``locator``.</doc>
<status status="PASS" start="2025-02-21T13:59:35.933891" elapsed="0.028225"/>
</kw>
<status status="PASS" start="2025-02-21T13:59:35.728903" elapsed="0.233283"/>
</kw>
<kw name="Close Browser" owner="SeleniumLibrary" type="TEARDOWN">
<doc>Closes the current browser.</doc>
<status status="PASS" start="2025-02-21T13:59:35.962325" elapsed="0.201252"/>
</kw>
<status status="PASS" start="2025-02-21T13:58:26.844538" elapsed="69.319103"/>
</test>
<status status="PASS" start="2025-02-21T13:58:26.635712" elapsed="69.528286"/>
</suite>
<status status="PASS" start="2025-02-21T13:58:26.285000" elapsed="102.725000"/>
</suite>
<doc>[https://pabot.org/?ref=log|Pabot] result from 41 executions.</doc>
<status status="FAIL" start="2025-02-21T13:54:12.982000" elapsed="323.182000"/>
</suite>
<statistics>
<total>
<stat pass="29" fail="12" skip="0">All Tests</stat>
</total>
<tag>
</tag>
<suite>
<stat pass="29" fail="12" skip="0" id="s1" name="Tests">Tests</stat>
<stat pass="2" fail="2" skip="0" id="s1-s1" name="Cart">Tests.Cart</stat>
<stat pass="1" fail="0" skip="0" id="s1-s1-s1" name="Cart TC001 Tests">Tests.Cart.Cart TC001 Tests</stat>
<stat pass="0" fail="1" skip="0" id="s1-s1-s2" name="Cart TC002 Tests">Tests.Cart.Cart TC002 Tests</stat>
<stat pass="0" fail="1" skip="0" id="s1-s1-s3" name="Cart TC003 Tests">Tests.Cart.Cart TC003 Tests</stat>
<stat pass="1" fail="0" skip="0" id="s1-s1-s4" name="Cart TC004 Tests">Tests.Cart.Cart TC004 Tests</stat>
<stat pass="1" fail="1" skip="0" id="s1-s2" name="Checkout">Tests.Checkout</stat>
<stat pass="0" fail="1" skip="0" id="s1-s2-s1" name="Checkout TC001 Tests">Tests.Checkout.Checkout TC001 Tests</stat>
<stat pass="1" fail="0" skip="0" id="s1-s2-s2" name="Checkout TC002 Tests">Tests.Checkout.Checkout TC002 Tests</stat>
<stat pass="3" fail="2" skip="0" id="s1-s3" name="CookieSettings">Tests.CookieSettings</stat>
<stat pass="1" fail="0" skip="0" id="s1-s3-s1" name="CookieSettings TC001 Test">Tests.CookieSettings.CookieSettings TC001 Test</stat>
<stat pass="1" fail="0" skip="0" id="s1-s3-s2" name="CookieSettings TC002 Test">Tests.CookieSettings.CookieSettings TC002 Test</stat>
<stat pass="1" fail="0" skip="0" id="s1-s3-s3" name="CookieSettings TC003 Test">Tests.CookieSettings.CookieSettings TC003 Test</stat>
<stat pass="0" fail="1" skip="0" id="s1-s3-s4" name="CookieSettings TC004 Test">Tests.CookieSettings.CookieSettings TC004 Test</stat>
<stat pass="0" fail="1" skip="0" id="s1-s3-s5" name="CookieSettings TC005 Test">Tests.CookieSettings.CookieSettings TC005 Test</stat>
<stat pass="3" fail="0" skip="0" id="s1-s4" name="DoNotSellOrShareMyInfo">Tests.DoNotSellOrShareMyInfo</stat>
<stat pass="1" fail="0" skip="0" id="s1-s4-s1" name="DoNotSellInfo TC001 Test">Tests.DoNotSellOrShareMyInfo.DoNotSellInfo TC001 Test</stat>
<stat pass="1" fail="0" skip="0" id="s1-s4-s2" name="DoNotSellInfo TC002 Test">Tests.DoNotSellOrShareMyInfo.DoNotSellInfo TC002 Test</stat>
<stat pass="1" fail="0" skip="0" id="s1-s4-s3" name="DoNotSellInfo TC003 Test">Tests.DoNotSellOrShareMyInfo.DoNotSellInfo TC003 Test</stat>
<stat pass="3" fail="0" skip="0" id="s1-s5" name="Footer">Tests.Footer</stat>
<stat pass="1" fail="0" skip="0" id="s1-s5-s1" name="Footer TC001 Test">Tests.Footer.Footer TC001 Test</stat>
<stat pass="1" fail="0" skip="0" id="s1-s5-s2" name="Footer TC002 Test">Tests.Footer.Footer TC002 Test</stat>
<stat pass="1" fail="0" skip="0" id="s1-s5-s3" name="Footer TC003 Test">Tests.Footer.Footer TC003 Test</stat>
<stat pass="1" fail="1" skip="0" id="s1-s6" name="ForgotPassword">Tests.ForgotPassword</stat>
<stat pass="1" fail="0" skip="0" id="s1-s6-s1" name="ForgotPassword TC001 Test">Tests.ForgotPassword.ForgotPassword TC001 Test</stat>
<stat pass="0" fail="1" skip="0" id="s1-s6-s2" name="ForgotPassword TC002 Test">Tests.ForgotPassword.ForgotPassword TC002 Test</stat>
<stat pass="3" fail="0" skip="0" id="s1-s7" name="HomePage">Tests.HomePage</stat>
<stat pass="1" fail="0" skip="0" id="s1-s7-s1" name="HomePage TC001 Test">Tests.HomePage.HomePage TC001 Test</stat>
<stat pass="1" fail="0" skip="0" id="s1-s7-s2" name="HomePage TC002 Test">Tests.HomePage.HomePage TC002 Test</stat>
<stat pass="1" fail="0" skip="0" id="s1-s7-s3" name="HomePage TC003 Test">Tests.HomePage.HomePage TC003 Test</stat>
<stat pass="2" fail="1" skip="0" id="s1-s8" name="Login">Tests.Login</stat>
<stat pass="1" fail="0" skip="0" id="s1-s8-s1" name="Login TC001 Test">Tests.Login.Login TC001 Test</stat>
<stat pass="1" fail="0" skip="0" id="s1-s8-s2" name="Login TC002 Test">Tests.Login.Login TC002 Test</stat>
<stat pass="0" fail="1" skip="0" id="s1-s8-s3" name="Login TC003 Test">Tests.Login.Login TC003 Test</stat>
<stat pass="0" fail="1" skip="0" id="s1-s9" name="Logout">Tests.Logout</stat>
<stat pass="0" fail="1" skip="0" id="s1-s9-s1" name="Logout TC001 Tests">Tests.Logout.Logout TC001 Tests</stat>
<stat pass="2" fail="1" skip="0" id="s1-s10" name="Meganav">Tests.Meganav</stat>
<stat pass="1" fail="0" skip="0" id="s1-s10-s1" name="Meganav TC001 Tests">Tests.Meganav.Meganav TC001 Tests</stat>
<stat pass="1" fail="0" skip="0" id="s1-s10-s2" name="Meganav TC002 Tests">Tests.Meganav.Meganav TC002 Tests</stat>
<stat pass="0" fail="1" skip="0" id="s1-s10-s3" name="Meganav TC003 Tests">Tests.Meganav.Meganav TC003 Tests</stat>
<stat pass="4" fail="0" skip="0" id="s1-s11" name="Modal">Tests.Modal</stat>
<stat pass="1" fail="0" skip="0" id="s1-s11-s1" name="Modal TC001 Tests">Tests.Modal.Modal TC001 Tests</stat>
<stat pass="1" fail="0" skip="0" id="s1-s11-s2" name="Modal TC002 Tests">Tests.Modal.Modal TC002 Tests</stat>
<stat pass="1" fail="0" skip="0" id="s1-s11-s3" name="Modal TC003 Tests">Tests.Modal.Modal TC003 Tests</stat>
<stat pass="1" fail="0" skip="0" id="s1-s11-s4" name="Modal TC004 Tests">Tests.Modal.Modal TC004 Tests</stat>
<stat pass="1" fail="2" skip="0" id="s1-s12" name="PDP">Tests.PDP</stat>
<stat pass="1" fail="0" skip="0" id="s1-s12-s1" name="PDP TC001 Test">Tests.PDP.PDP TC001 Test</stat>
<stat pass="0" fail="1" skip="0" id="s1-s12-s2" name="PDP TC002 Test">Tests.PDP.PDP TC002 Test</stat>
<stat pass="0" fail="1" skip="0" id="s1-s12-s3" name="PDP TC003 Test">Tests.PDP.PDP TC003 Test</stat>
<stat pass="2" fail="1" skip="0" id="s1-s13" name="PLP">Tests.PLP</stat>
<stat pass="1" fail="0" skip="0" id="s1-s13-s1" name="PLP TC001 Test">Tests.PLP.PLP TC001 Test</stat>
<stat pass="1" fail="0" skip="0" id="s1-s13-s2" name="PLP TC002 Test">Tests.PLP.PLP TC002 Test</stat>
<stat pass="0" fail="1" skip="0" id="s1-s13-s3" name="PLP TC003 Test">Tests.PLP.PLP TC003 Test</stat>
<stat pass="2" fail="0" skip="0" id="s1-s14" name="Registration">Tests.Registration</stat>
<stat pass="1" fail="0" skip="0" id="s1-s14-s1" name="Registration TC001 Test">Tests.Registration.Registration TC001 Test</stat>
<stat pass="1" fail="0" skip="0" id="s1-s14-s2" name="Registration TC002 Test">Tests.Registration.Registration TC002 Test</stat>
</suite>
</statistics>
<errors>
<msg time="2025-02-21T13:54:13.119825" level="ERROR">Error in file '/Users/angeline.rohan/Desktop/QA Automation_Thinx.robot.py/ThinxAutomation1/Thinx-Automation1/steps/Cart/Cart_TC002_Steps.robot' on line 5: Resource file '../../pages/PDP/PDP_TC004_Pages.robot' does not exist.</msg>
<msg time="2025-02-21T13:54:13.303872" level="ERROR">Error in file '/Users/angeline.rohan/Desktop/QA Automation_Thinx.robot.py/ThinxAutomation1/Thinx-Automation1/steps/Cart/Cart_TC002_Steps.robot' on line 5: Resource file '../../pages/PDP/PDP_TC004_Pages.robot' does not exist.</msg>
<msg time="2025-02-21T13:54:13.305162" level="ERROR">Error in file '/Users/angeline.rohan/Desktop/QA Automation_Thinx.robot.py/ThinxAutomation1/Thinx-Automation1/steps/Cart/Cart_TC003_Steps.robot' on line 5: Resource file '../../pages/PDP/PDP_TC004_Pages.robot' does not exist.</msg>
<msg time="2025-02-21T13:54:13.303763" level="ERROR">Error in file '/Users/angeline.rohan/Desktop/QA Automation_Thinx.robot.py/ThinxAutomation1/Thinx-Automation1/steps/Cart/Cart_TC002_Steps.robot' on line 5: Resource file '../../pages/PDP/PDP_TC004_Pages.robot' does not exist.</msg>
<msg time="2025-02-21T13:54:13.305012" level="ERROR">Error in file '/Users/angeline.rohan/Desktop/QA Automation_Thinx.robot.py/ThinxAutomation1/Thinx-Automation1/steps/Cart/Cart_TC003_Steps.robot' on line 5: Resource file '../../pages/PDP/PDP_TC004_Pages.robot' does not exist.</msg>
<msg time="2025-02-21T13:54:13.307099" level="ERROR">Error in file '/Users/angeline.rohan/Desktop/QA Automation_Thinx.robot.py/ThinxAutomation1/Thinx-Automation1/steps/Cart/Cart_TC004_Steps.robot' on line 5: Resource file '../../pages/PDP/PDP_TC004_Pages.robot' does not exist.</msg>
<msg time="2025-02-21T13:57:25.558774" level="ERROR">Error in file '/Users/angeline.rohan/Desktop/QA Automation_Thinx.robot.py/ThinxAutomation1/Thinx-Automation1/steps/Login/Login_TC002_Steps.robot' on line 4: Resource file '../../pages/Registration/Registration_TC004_Pages.robot' does not exist.</msg>
<msg time="2025-02-21T13:58:08.602631" level="ERROR">Error in file '/Users/angeline.rohan/Desktop/QA Automation_Thinx.robot.py/ThinxAutomation1/Thinx-Automation1/steps/PDP/PDP_TC003_Steps.robot' on line 4: Setting 'Suite Setup' is not allowed in resource file.</msg>
</errors>
</robot>
