<?xml version="1.0" encoding="UTF-8"?>
<robot generator="Rebot 7.1.1 (Python 3.13.1 on darwin)" generated="2025-02-11T11:37:08.666761" rpa="false" schemaversion="5">
<suite id="s1" name="Tests" source="/Users/angeline.rohan/Desktop/QA Automation_Thinx.robot.py/ThinxAutomation1/Thinx-Automation1/tests">
<suite id="s1-s1" name="CookieSettings" source="/Users/angeline.rohan/Desktop/QA Automation_Thinx.robot.py/ThinxAutomation1/Thinx-Automation1/tests/CookieSettings">
<suite id="s1-s1-s1" name="CookieSettings TC001 Test" source="/Users/angeline.rohan/Desktop/QA Automation_Thinx.robot.py/ThinxAutomation1/Thinx-Automation1/tests/CookieSettings/CookieSettings_TC001_Test.robot">
<test id="s1-s1-s1-t1" name="Open Thinx" line="18">
<kw name="Open Thinx Homepage Using Chrome Browser" owner="resources" type="SETUP">
<kw name="Open Browser" owner="SeleniumLibrary">
<msg time="2025-02-11T11:32:22.829083" level="INFO">Opening browser 'Chrome' to base url 'https://www.thinx.com/'.</msg>
<arg>${ThinxHomepage}</arg>
<arg>Chrome</arg>
<doc>Opens a new browser instance to the optional ``url``.</doc>
<status status="PASS" start="2025-02-11T11:32:22.828960" elapsed="6.551297"/>
</kw>
<kw name="Maximize Browser Window" owner="SeleniumLibrary">
<doc>Maximizes current browser window.</doc>
<status status="PASS" start="2025-02-11T11:32:29.381370" elapsed="0.383503"/>
</kw>
<status status="PASS" start="2025-02-11T11:32:22.828645" elapsed="6.936638"/>
</kw>
<kw name="Click Accept Cookies Button" owner="CookieSettings_TC001_Pages">
<kw name="Wait Until Element Is Visible" owner="SeleniumLibrary">
<arg>${AcceptCookies}</arg>
<doc>Waits until the element ``locator`` is visible.</doc>
<status status="PASS" start="2025-02-11T11:32:29.766582" elapsed="0.019694"/>
</kw>
<kw name="Click Element" owner="SeleniumLibrary">
<msg time="2025-02-11T11:32:29.786892" level="INFO">Clicking element '//button[@id='onetrust-accept-btn-handler']'.</msg>
<arg>${AcceptCookies}</arg>
<doc>Click the element identified by ``locator``.</doc>
<status status="PASS" start="2025-02-11T11:32:29.786540" elapsed="0.114565"/>
</kw>
<kw name="Sleep" owner="BuiltIn">
<msg time="2025-02-11T11:32:32.903308" level="INFO">Slept 3 seconds.</msg>
<arg>3</arg>
<doc>Pauses the test executed for the given time.</doc>
<status status="PASS" start="2025-02-11T11:32:29.901424" elapsed="3.001965"/>
</kw>
<status status="PASS" start="2025-02-11T11:32:29.766239" elapsed="3.137258"/>
</kw>
<kw name="Sleep" owner="BuiltIn">
<msg time="2025-02-11T11:32:37.904222" level="INFO">Slept 5 seconds.</msg>
<arg>5</arg>
<doc>Pauses the test executed for the given time.</doc>
<status status="PASS" start="2025-02-11T11:32:32.903604" elapsed="5.000713"/>
</kw>
<kw name="Accept Cookies and Close Welcome Modal" owner="PDP_TC004_Steps">
<kw name="Sleep" owner="BuiltIn">
<msg time="2025-02-11T11:32:42.905705" level="INFO">Slept 5 seconds.</msg>
<arg>5</arg>
<doc>Pauses the test executed for the given time.</doc>
<status status="PASS" start="2025-02-11T11:32:37.904684" elapsed="5.001202"/>
</kw>
<kw name="Wait Until Page Contains Element" owner="SeleniumLibrary">
<arg>${CloseModal}</arg>
<doc>Waits until the element ``locator`` appears on the current page.</doc>
<status status="PASS" start="2025-02-11T11:32:42.906130" elapsed="0.011274"/>
</kw>
<kw name="Click Element" owner="SeleniumLibrary">
<msg time="2025-02-11T11:32:42.917674" level="INFO">Clicking element '//button[@class='absolute right-3 top-3 [&amp;&gt;svg]:size-6']'.</msg>
<arg>${CloseModal}</arg>
<doc>Click the element identified by ``locator``.</doc>
<status status="PASS" start="2025-02-11T11:32:42.917522" elapsed="0.030102"/>
</kw>
<status status="PASS" start="2025-02-11T11:32:37.904490" elapsed="5.043272"/>
</kw>
<kw name="Sleep" owner="BuiltIn">
<msg time="2025-02-11T11:32:47.948250" level="INFO">Slept 5 seconds.</msg>
<arg>5</arg>
<doc>Pauses the test executed for the given time.</doc>
<status status="PASS" start="2025-02-11T11:32:42.947872" elapsed="5.000463"/>
</kw>
<kw name="Execute Javascript" owner="SeleniumLibrary">
<msg time="2025-02-11T11:32:47.948858" level="INFO">Executing JavaScript:
window.scrollTo(0, document.body.scrollHeight)
Without any arguments.</msg>
<arg>window.scrollTo(0, document.body.scrollHeight)</arg>
<doc>Executes the given JavaScript code with possible arguments.</doc>
<status status="PASS" start="2025-02-11T11:32:47.948486" elapsed="0.003117"/>
</kw>
<kw name="Click on Cookie Settings" owner="CookieSettings_TC001_Pages">
<kw name="Execute Javascript" owner="SeleniumLibrary">
<msg time="2025-02-11T11:32:47.952083" level="INFO">Executing JavaScript:
window.scrollTo(0,2000)
Without any arguments.</msg>
<arg>window.scrollTo(0,2000)</arg>
<doc>Executes the given JavaScript code with possible arguments.</doc>
<status status="PASS" start="2025-02-11T11:32:47.951909" elapsed="0.002571"/>
</kw>
<kw name="Sleep" owner="BuiltIn">
<msg time="2025-02-11T11:32:50.955445" level="INFO">Slept 3 seconds.</msg>
<arg>3</arg>
<doc>Pauses the test executed for the given time.</doc>
<status status="PASS" start="2025-02-11T11:32:47.954655" elapsed="3.000904"/>
</kw>
<kw name="Execute Javascript" owner="SeleniumLibrary">
<msg time="2025-02-11T11:32:50.956019" level="INFO">Executing JavaScript:
window.scrollTo(0,3000)
Without any arguments.</msg>
<arg>window.scrollTo(0,3000)</arg>
<doc>Executes the given JavaScript code with possible arguments.</doc>
<status status="PASS" start="2025-02-11T11:32:50.955711" elapsed="0.002974"/>
</kw>
<kw name="Sleep" owner="BuiltIn">
<msg time="2025-02-11T11:32:55.961086" level="INFO">Slept 5 seconds.</msg>
<arg>5</arg>
<doc>Pauses the test executed for the given time.</doc>
<status status="PASS" start="2025-02-11T11:32:50.958786" elapsed="5.002384"/>
</kw>
<kw name="Execute Javascript" owner="SeleniumLibrary">
<msg time="2025-02-11T11:32:55.961552" level="INFO">Executing JavaScript:
window.scrollTo(0,4500)
Without any arguments.</msg>
<arg>window.scrollTo(0,4500)</arg>
<doc>Executes the given JavaScript code with possible arguments.</doc>
<status status="PASS" start="2025-02-11T11:32:55.961282" elapsed="0.002822"/>
</kw>
<kw name="Sleep" owner="BuiltIn">
<msg time="2025-02-11T11:33:00.965223" level="INFO">Slept 5 seconds.</msg>
<arg>5</arg>
<doc>Pauses the test executed for the given time.</doc>
<status status="PASS" start="2025-02-11T11:32:55.964208" elapsed="5.001111"/>
</kw>
<kw name="Wait Until Page Contains Element" owner="SeleniumLibrary">
<arg>${CookieSettings}</arg>
<doc>Waits until the element ``locator`` appears on the current page.</doc>
<status status="PASS" start="2025-02-11T11:33:00.965609" elapsed="0.006567"/>
</kw>
<kw name="Click Element" owner="SeleniumLibrary">
<msg time="2025-02-11T11:33:00.972442" level="INFO">Clicking element '//button[@class='body-3-bold no-underline text-default']'.</msg>
<arg>${CookieSettings}</arg>
<doc>Click the element identified by ``locator``.</doc>
<status status="PASS" start="2025-02-11T11:33:00.972290" elapsed="0.056811"/>
</kw>
<status status="PASS" start="2025-02-11T11:32:47.951745" elapsed="13.077439"/>
</kw>
<kw name="Validate brand logo and close icon" owner="CookieSettings_TC001_Pages">
<kw name="Wait Until Element Is Visible" owner="SeleniumLibrary">
<arg>${BrandLogo}</arg>
<doc>Waits until the element ``locator`` is visible.</doc>
<status status="PASS" start="2025-02-11T11:33:01.029479" elapsed="0.011331"/>
</kw>
<kw name="Element Should Be Visible" owner="SeleniumLibrary">
<msg time="2025-02-11T11:33:01.049015" level="INFO">Element 'xpath: //img[@alt='Company Logo']' is displayed.</msg>
<arg>${BrandLogo}</arg>
<doc>Verifies that the element identified by ``locator`` is visible.</doc>
<status status="PASS" start="2025-02-11T11:33:01.040942" elapsed="0.008139"/>
</kw>
<kw name="Wait Until Element Is Visible" owner="SeleniumLibrary">
<arg>${OneTrustLogo}</arg>
<doc>Waits until the element ``locator`` is visible.</doc>
<status status="PASS" start="2025-02-11T11:33:01.049255" elapsed="0.008960"/>
</kw>
<kw name="Element Should Be Visible" owner="SeleniumLibrary">
<msg time="2025-02-11T11:33:01.065478" level="INFO">Element 'xpath: //img[@alt='Powered by Onetrust']' is displayed.</msg>
<arg>${OneTrustLogo}</arg>
<doc>Verifies that the element identified by ``locator`` is visible.</doc>
<status status="PASS" start="2025-02-11T11:33:01.058491" elapsed="0.007201"/>
</kw>
<status status="PASS" start="2025-02-11T11:33:01.029311" elapsed="0.036443"/>
</kw>
<kw name="Validate title and description in cookie settings" owner="CookieSettings_TC001_Pages">
<kw name="Wait Until Element Is Visible" owner="SeleniumLibrary">
<arg>${Title}</arg>
<doc>Waits until the element ``locator`` is visible.</doc>
<status status="PASS" start="2025-02-11T11:33:01.066075" elapsed="0.008083"/>
</kw>
<kw name="Element Should Be Visible" owner="SeleniumLibrary">
<msg time="2025-02-11T11:33:01.081208" level="INFO">Element 'xpath: //h2[@id='ot-pc-title']' is displayed.</msg>
<arg>${Title}</arg>
<doc>Verifies that the element identified by ``locator`` is visible.</doc>
<status status="PASS" start="2025-02-11T11:33:01.074382" elapsed="0.006900"/>
</kw>
<kw name="Wait Until Element Is Visible" owner="SeleniumLibrary">
<arg>${Description}</arg>
<doc>Waits until the element ``locator`` is visible.</doc>
<status status="PASS" start="2025-02-11T11:33:01.081388" elapsed="0.008504"/>
</kw>
<kw name="Element Should Be Visible" owner="SeleniumLibrary">
<msg time="2025-02-11T11:33:01.097120" level="INFO">Element 'xpath: //*[@id='ot-pc-desc']' is displayed.</msg>
<arg>${Description}</arg>
<doc>Verifies that the element identified by ``locator`` is visible.</doc>
<status status="PASS" start="2025-02-11T11:33:01.090027" elapsed="0.007181"/>
</kw>
<kw name="Wait Until Element Is Visible" owner="SeleniumLibrary">
<arg>${MoreInfoLink}</arg>
<doc>Waits until the element ``locator`` is visible.</doc>
<status status="PASS" start="2025-02-11T11:33:01.097303" elapsed="0.007378"/>
</kw>
<kw name="Element Should Be Visible" owner="SeleniumLibrary">
<msg time="2025-02-11T11:33:01.111371" level="INFO">Element 'xpath: //a[@class='privacy-notice-link']' is displayed.</msg>
<arg>${MoreInfoLink}</arg>
<doc>Verifies that the element identified by ``locator`` is visible.</doc>
<status status="PASS" start="2025-02-11T11:33:01.104794" elapsed="0.006652"/>
</kw>
<kw name="Sleep" owner="BuiltIn">
<msg time="2025-02-11T11:33:03.112797" level="INFO">Slept 2 seconds.</msg>
<arg>2</arg>
<doc>Pauses the test executed for the given time.</doc>
<status status="PASS" start="2025-02-11T11:33:01.111544" elapsed="2.001321"/>
</kw>
<status status="PASS" start="2025-02-11T11:33:01.065861" elapsed="2.047074"/>
</kw>
<kw name="Validate the Consent Preferences" owner="CookieSettings_TC001_Pages">
<kw name="Wait Until Element Is Visible" owner="SeleniumLibrary">
<arg>${ConsentPref}</arg>
<doc>Waits until the element ``locator`` is visible.</doc>
<status status="PASS" start="2025-02-11T11:33:03.113222" elapsed="0.008664"/>
</kw>
<kw name="Element Should Be Visible" owner="SeleniumLibrary">
<msg time="2025-02-11T11:33:03.128151" level="INFO">Element 'css: #ot-pc-content .ot-cat-grp' is displayed.</msg>
<arg>${ConsentPref}</arg>
<doc>Verifies that the element identified by ``locator`` is visible.</doc>
<status status="PASS" start="2025-02-11T11:33:03.122006" elapsed="0.006209"/>
</kw>
<kw name="Sleep" owner="BuiltIn">
<msg time="2025-02-11T11:33:05.130350" level="INFO">Slept 2 seconds.</msg>
<arg>2</arg>
<doc>Pauses the test executed for the given time.</doc>
<status status="PASS" start="2025-02-11T11:33:03.128310" elapsed="2.002315"/>
</kw>
<status status="PASS" start="2025-02-11T11:33:03.113046" elapsed="2.017719"/>
</kw>
<kw name="Validate save settings button" owner="CookieSettings_TC001_Pages">
<kw name="Wait Until Element Is Visible" owner="SeleniumLibrary">
<arg>${SaveCTA}</arg>
<doc>Waits until the element ``locator`` is visible.</doc>
<status status="PASS" start="2025-02-11T11:33:05.131071" elapsed="0.009861"/>
</kw>
<kw name="Element Should Be Visible" owner="SeleniumLibrary">
<msg time="2025-02-11T11:33:05.152254" level="INFO">Element 'css: #onetrust-consent-sdk .ot-pc-footer .save-preference-btn-handler' is displayed.</msg>
<arg>${SaveCTA}</arg>
<doc>Verifies that the element identified by ``locator`` is visible.</doc>
<status status="PASS" start="2025-02-11T11:33:05.141114" elapsed="0.011384"/>
</kw>
<status status="PASS" start="2025-02-11T11:33:05.130885" elapsed="0.021822"/>
</kw>
<kw name="Close Browser" owner="SeleniumLibrary" type="TEARDOWN">
<doc>Closes the current browser.</doc>
<status status="PASS" start="2025-02-11T11:33:05.153191" elapsed="0.262743"/>
</kw>
<status status="PASS" start="2025-02-11T11:32:22.828331" elapsed="42.587742"/>
</test>
<status status="PASS" start="2025-02-11T11:32:22.713000" elapsed="42.588000"/>
</suite>
<suite id="s1-s1-s2" name="CookieSettings TC002 Test" source="/Users/angeline.rohan/Desktop/QA Automation_Thinx.robot.py/ThinxAutomation1/Thinx-Automation1/tests/CookieSettings/CookieSettings_TC002_Test.robot">
<test id="s1-s1-s2-t1" name="Open Thinx" line="21">
<kw name="Open Thinx Homepage Using Chrome Browser" owner="resources" type="SETUP">
<kw name="Open Browser" owner="SeleniumLibrary">
<msg time="2025-02-11T11:32:22.829985" level="INFO">Opening browser 'Chrome' to base url 'https://www.thinx.com/'.</msg>
<arg>${ThinxHomepage}</arg>
<arg>Chrome</arg>
<doc>Opens a new browser instance to the optional ``url``.</doc>
<status status="PASS" start="2025-02-11T11:32:22.829862" elapsed="6.433279"/>
</kw>
<kw name="Maximize Browser Window" owner="SeleniumLibrary">
<doc>Maximizes current browser window.</doc>
<status status="PASS" start="2025-02-11T11:32:29.264311" elapsed="0.391584"/>
</kw>
<status status="PASS" start="2025-02-11T11:32:22.829539" elapsed="6.826547"/>
</kw>
<kw name="Click Accept Cookies Button" owner="CookieSettings_TC001_Pages">
<kw name="Wait Until Element Is Visible" owner="SeleniumLibrary">
<arg>${AcceptCookies}</arg>
<doc>Waits until the element ``locator`` is visible.</doc>
<status status="PASS" start="2025-02-11T11:32:29.657636" elapsed="0.019647"/>
</kw>
<kw name="Click Element" owner="SeleniumLibrary">
<msg time="2025-02-11T11:32:29.677810" level="INFO">Clicking element '//button[@id='onetrust-accept-btn-handler']'.</msg>
<arg>${AcceptCookies}</arg>
<doc>Click the element identified by ``locator``.</doc>
<status status="PASS" start="2025-02-11T11:32:29.677597" elapsed="0.076452"/>
</kw>
<kw name="Sleep" owner="BuiltIn">
<msg time="2025-02-11T11:32:32.757106" level="INFO">Slept 3 seconds.</msg>
<arg>3</arg>
<doc>Pauses the test executed for the given time.</doc>
<status status="PASS" start="2025-02-11T11:32:29.756455" elapsed="3.000788"/>
</kw>
<status status="PASS" start="2025-02-11T11:32:29.656669" elapsed="3.100716"/>
</kw>
<kw name="Sleep" owner="BuiltIn">
<msg time="2025-02-11T11:32:37.759219" level="INFO">Slept 5 seconds.</msg>
<arg>5</arg>
<doc>Pauses the test executed for the given time.</doc>
<status status="PASS" start="2025-02-11T11:32:32.757630" elapsed="5.001726"/>
</kw>
<kw name="Accept Cookies and Close Welcome Modal" owner="PDP_TC004_Steps">
<kw name="Sleep" owner="BuiltIn">
<msg time="2025-02-11T11:32:42.760794" level="INFO">Slept 5 seconds.</msg>
<arg>5</arg>
<doc>Pauses the test executed for the given time.</doc>
<status status="PASS" start="2025-02-11T11:32:37.759908" elapsed="5.000982"/>
</kw>
<kw name="Wait Until Page Contains Element" owner="SeleniumLibrary">
<arg>${CloseModal}</arg>
<doc>Waits until the element ``locator`` appears on the current page.</doc>
<status status="PASS" start="2025-02-11T11:32:42.761013" elapsed="0.012244"/>
</kw>
<kw name="Click Element" owner="SeleniumLibrary">
<msg time="2025-02-11T11:32:42.773535" level="INFO">Clicking element '//button[@class='absolute right-3 top-3 [&amp;&gt;svg]:size-6']'.</msg>
<arg>${CloseModal}</arg>
<doc>Click the element identified by ``locator``.</doc>
<status status="PASS" start="2025-02-11T11:32:42.773379" elapsed="0.029435"/>
</kw>
<status status="PASS" start="2025-02-11T11:32:37.759690" elapsed="5.043199"/>
</kw>
<kw name="Sleep" owner="BuiltIn">
<msg time="2025-02-11T11:32:47.803365" level="INFO">Slept 5 seconds.</msg>
<arg>5</arg>
<doc>Pauses the test executed for the given time.</doc>
<status status="PASS" start="2025-02-11T11:32:42.802978" elapsed="5.000461"/>
</kw>
<kw name="Click on Cookie Settings" owner="CookieSettings_TC001_Pages">
<kw name="Execute Javascript" owner="SeleniumLibrary">
<msg time="2025-02-11T11:32:47.804130" level="INFO">Executing JavaScript:
window.scrollTo(0,2000)
Without any arguments.</msg>
<arg>window.scrollTo(0,2000)</arg>
<doc>Executes the given JavaScript code with possible arguments.</doc>
<status status="PASS" start="2025-02-11T11:32:47.803831" elapsed="0.003364"/>
</kw>
<kw name="Sleep" owner="BuiltIn">
<msg time="2025-02-11T11:32:50.809083" level="INFO">Slept 3 seconds.</msg>
<arg>3</arg>
<doc>Pauses the test executed for the given time.</doc>
<status status="PASS" start="2025-02-11T11:32:47.807307" elapsed="3.002107"/>
</kw>
<kw name="Execute Javascript" owner="SeleniumLibrary">
<msg time="2025-02-11T11:32:50.810051" level="INFO">Executing JavaScript:
window.scrollTo(0,3000)
Without any arguments.</msg>
<arg>window.scrollTo(0,3000)</arg>
<doc>Executes the given JavaScript code with possible arguments.</doc>
<status status="PASS" start="2025-02-11T11:32:50.809632" elapsed="0.002934"/>
</kw>
<kw name="Sleep" owner="BuiltIn">
<msg time="2025-02-11T11:32:55.813326" level="INFO">Slept 5 seconds.</msg>
<arg>5</arg>
<doc>Pauses the test executed for the given time.</doc>
<status status="PASS" start="2025-02-11T11:32:50.812666" elapsed="5.000779"/>
</kw>
<kw name="Execute Javascript" owner="SeleniumLibrary">
<msg time="2025-02-11T11:32:55.813881" level="INFO">Executing JavaScript:
window.scrollTo(0,4500)
Without any arguments.</msg>
<arg>window.scrollTo(0,4500)</arg>
<doc>Executes the given JavaScript code with possible arguments.</doc>
<status status="PASS" start="2025-02-11T11:32:55.813579" elapsed="0.002921"/>
</kw>
<kw name="Sleep" owner="BuiltIn">
<msg time="2025-02-11T11:33:00.817837" level="INFO">Slept 5 seconds.</msg>
<arg>5</arg>
<doc>Pauses the test executed for the given time.</doc>
<status status="PASS" start="2025-02-11T11:32:55.816624" elapsed="5.001309"/>
</kw>
<kw name="Wait Until Page Contains Element" owner="SeleniumLibrary">
<arg>${CookieSettings}</arg>
<doc>Waits until the element ``locator`` appears on the current page.</doc>
<status status="PASS" start="2025-02-11T11:33:00.818058" elapsed="0.006057"/>
</kw>
<kw name="Click Element" owner="SeleniumLibrary">
<msg time="2025-02-11T11:33:00.824381" level="INFO">Clicking element '//button[@class='body-3-bold no-underline text-default']'.</msg>
<arg>${CookieSettings}</arg>
<doc>Click the element identified by ``locator``.</doc>
<status status="PASS" start="2025-02-11T11:33:00.824230" elapsed="0.048752"/>
</kw>
<status status="PASS" start="2025-02-11T11:32:47.803591" elapsed="13.069472"/>
</kw>
<kw name="Validate all the Consent Preferences" owner="CookieSettings_TC002_Pages">
<kw name="Scroll Element Into View" owner="SeleniumLibrary">
<arg>${PerformanceCookies}</arg>
<doc>Scrolls the element identified by ``locator`` into view.</doc>
<status status="PASS" start="2025-02-11T11:33:00.873503" elapsed="0.271000"/>
</kw>
<kw name="Scroll Element Into View" owner="SeleniumLibrary">
<arg>${TargetingCookies}</arg>
<doc>Scrolls the element identified by ``locator`` into view.</doc>
<status status="PASS" start="2025-02-11T11:33:01.144625" elapsed="0.269426"/>
</kw>
<kw name="Scroll Element Into View" owner="SeleniumLibrary">
<arg>${MarketingCookies}</arg>
<doc>Scrolls the element identified by ``locator`` into view.</doc>
<status status="PASS" start="2025-02-11T11:33:01.414487" elapsed="0.274222"/>
</kw>
<kw name="Sleep" owner="BuiltIn">
<msg time="2025-02-11T11:33:06.690819" level="INFO">Slept 5 seconds.</msg>
<arg>5</arg>
<doc>Pauses the test executed for the given time.</doc>
<status status="PASS" start="2025-02-11T11:33:01.688823" elapsed="5.002077"/>
</kw>
<kw name="Wait Until Element Is Visible" owner="SeleniumLibrary">
<arg>${PerformanceCookies}</arg>
<doc>Waits until the element ``locator`` is visible.</doc>
<status status="PASS" start="2025-02-11T11:33:06.691027" elapsed="0.009371"/>
</kw>
<kw name="Element Should Be Visible" owner="SeleniumLibrary">
<msg time="2025-02-11T11:33:06.708191" level="INFO">Element '//div[.='Performance Cookies']' is displayed.</msg>
<arg>${PerformanceCookies}</arg>
<doc>Verifies that the element identified by ``locator`` is visible.</doc>
<status status="PASS" start="2025-02-11T11:33:06.700517" elapsed="0.007738"/>
</kw>
<kw name="Wait Until Element Is Visible" owner="SeleniumLibrary">
<arg>${FunctionalCookies}</arg>
<doc>Waits until the element ``locator`` is visible.</doc>
<status status="PASS" start="2025-02-11T11:33:06.708474" elapsed="0.010094"/>
</kw>
<kw name="Element Should Be Visible" owner="SeleniumLibrary">
<msg time="2025-02-11T11:33:06.728247" level="INFO">Element '//div[.='Functional Cookies']' is displayed.</msg>
<arg>${FunctionalCookies}</arg>
<doc>Verifies that the element identified by ``locator`` is visible.</doc>
<status status="PASS" start="2025-02-11T11:33:06.718707" elapsed="0.009692"/>
</kw>
<kw name="Wait Until Element Is Visible" owner="SeleniumLibrary">
<arg>${TargetingCookies}</arg>
<doc>Waits until the element ``locator`` is visible.</doc>
<status status="PASS" start="2025-02-11T11:33:06.728548" elapsed="0.007736"/>
</kw>
<kw name="Element Should Be Visible" owner="SeleniumLibrary">
<msg time="2025-02-11T11:33:06.744922" level="INFO">Element '//div[.='Targeting Cookies']' is displayed.</msg>
<arg>${TargetingCookies}</arg>
<doc>Verifies that the element identified by ``locator`` is visible.</doc>
<status status="PASS" start="2025-02-11T11:33:06.736452" elapsed="0.008532"/>
</kw>
<kw name="Wait Until Element Is Visible" owner="SeleniumLibrary">
<arg>${MarketingCookies}</arg>
<doc>Waits until the element ``locator`` is visible.</doc>
<status status="PASS" start="2025-02-11T11:33:06.745087" elapsed="0.007175"/>
</kw>
<kw name="Element Should Be Visible" owner="SeleniumLibrary">
<msg time="2025-02-11T11:33:06.759936" level="INFO">Element '//div[.='Marketing Cookies']' is displayed.</msg>
<arg>${MarketingCookies}</arg>
<doc>Verifies that the element identified by ``locator`` is visible.</doc>
<status status="PASS" start="2025-02-11T11:33:06.752420" elapsed="0.007862"/>
</kw>
<kw name="Capture Page Screenshot" owner="SeleniumLibrary">
<msg time="2025-02-11T11:33:06.963431" level="INFO" html="true">&lt;/td&gt;&lt;/tr&gt;&lt;tr&gt;&lt;td colspan="3"&gt;&lt;a href="1-selenium-screenshot-1.png"&gt;&lt;img src="1-selenium-screenshot-1.png" width="800px"&gt;&lt;/a&gt;</msg>
<doc>Takes a screenshot of the current page and embeds it into a log file.</doc>
<status status="PASS" start="2025-02-11T11:33:06.760587" elapsed="0.202997"/>
</kw>
<kw name="Sleep" owner="BuiltIn">
<msg time="2025-02-11T11:33:08.965975" level="INFO">Slept 2 seconds.</msg>
<arg>2</arg>
<doc>Pauses the test executed for the given time.</doc>
<status status="PASS" start="2025-02-11T11:33:06.963721" elapsed="2.002477"/>
</kw>
<status status="PASS" start="2025-02-11T11:33:00.873279" elapsed="8.093020"/>
</kw>
<kw name="Validate save settings button" owner="CookieSettings_TC001_Pages">
<kw name="Wait Until Element Is Visible" owner="SeleniumLibrary">
<arg>${SaveCTA}</arg>
<doc>Waits until the element ``locator`` is visible.</doc>
<status status="PASS" start="2025-02-11T11:33:08.966707" elapsed="0.011878"/>
</kw>
<kw name="Element Should Be Visible" owner="SeleniumLibrary">
<msg time="2025-02-11T11:33:08.988797" level="INFO">Element 'css: #onetrust-consent-sdk .ot-pc-footer .save-preference-btn-handler' is displayed.</msg>
<arg>${SaveCTA}</arg>
<doc>Verifies that the element identified by ``locator`` is visible.</doc>
<status status="PASS" start="2025-02-11T11:33:08.978988" elapsed="0.009954"/>
</kw>
<status status="PASS" start="2025-02-11T11:33:08.966444" elapsed="0.022746"/>
</kw>
<kw name="Validate + icon and expand and view all the descriptions" owner="CookieSettings_TC002_Pages">
<kw name="Click Element" owner="SeleniumLibrary">
<msg time="2025-02-11T11:33:08.990112" level="INFO">Clicking element '//div[.='Strictly Necessary Cookies']'.</msg>
<arg>${StrictlyNecCookies}</arg>
<doc>Click the element identified by ``locator``.</doc>
<status status="PASS" start="2025-02-11T11:33:08.989862" elapsed="0.051471"/>
</kw>
<kw name="Get Text" owner="SeleniumLibrary">
<msg time="2025-02-11T11:33:09.068949" level="INFO">${StrictlyNecCookiesDescription} = These cookies are necessary for the website to function and cannot be switched off in our systems. They are usually only set in response to actions made by you which amount to a request for services, ...</msg>
<var>${StrictlyNecCookiesDescription}</var>
<arg>${StrNecCookiesText}</arg>
<doc>Returns the text value of the element identified by ``locator``.</doc>
<status status="PASS" start="2025-02-11T11:33:09.041697" elapsed="0.027394"/>
</kw>
<kw name="Log" owner="BuiltIn">
<msg time="2025-02-11T11:33:09.069926" level="INFO">The Strictly necessary cookies description after expanding + icon: These cookies are necessary for the website to function and cannot be switched off in our systems. They are usually only set in response to actions made by you which amount to a request for services, such as setting your privacy preferences, logging in or filling in forms. You can set your browser to block or alert you about these cookies, but some parts of the site will not then work. These cookies do not store any personally identifiable information.</msg>
<arg>The Strictly necessary cookies description after expanding + icon: ${StrictlyNecCookiesDescription}</arg>
<doc>Logs the given message with the given level.</doc>
<status status="PASS" start="2025-02-11T11:33:09.069568" elapsed="0.000399"/>
</kw>
<kw name="Capture Element Screenshot" owner="SeleniumLibrary">
<msg time="2025-02-11T11:33:09.253524" level="INFO" html="true">&lt;/td&gt;&lt;/tr&gt;&lt;tr&gt;&lt;td colspan="3"&gt;&lt;a href="1-selenium-element-screenshot-1.png"&gt;&lt;img src="1-selenium-element-screenshot-1.png" width="400px"&gt;&lt;/a&gt;</msg>
<arg>${StrNecCookiesText}</arg>
<doc>Captures a screenshot from the element identified by ``locator`` and embeds it into log file.</doc>
<status status="PASS" start="2025-02-11T11:33:09.070536" elapsed="0.183426"/>
</kw>
<kw name="Sleep" owner="BuiltIn">
<msg time="2025-02-11T11:33:11.255270" level="INFO">Slept 2 seconds.</msg>
<arg>2</arg>
<doc>Pauses the test executed for the given time.</doc>
<status status="PASS" start="2025-02-11T11:33:09.254294" elapsed="2.001247"/>
</kw>
<kw name="Wait Until Element Is Visible" owner="SeleniumLibrary">
<arg>${AlwaysActive}</arg>
<doc>Waits until the element ``locator`` is visible.</doc>
<status status="PASS" start="2025-02-11T11:33:11.255947" elapsed="0.014183"/>
</kw>
<kw name="Element Should Be Visible" owner="SeleniumLibrary">
<msg time="2025-02-11T11:33:11.281466" level="INFO">Element '//div[@class='ot-always-active']' is displayed.</msg>
<arg>${AlwaysActive}</arg>
<doc>Verifies that the element identified by ``locator`` is visible.</doc>
<status status="PASS" start="2025-02-11T11:33:11.270369" elapsed="0.011163"/>
</kw>
<kw name="Click Element" owner="SeleniumLibrary">
<msg time="2025-02-11T11:33:11.282100" level="INFO">Clicking element '//div[.='Performance Cookies']'.</msg>
<arg>${PerformanceCookies}</arg>
<doc>Click the element identified by ``locator``.</doc>
<status status="PASS" start="2025-02-11T11:33:11.281656" elapsed="0.055504"/>
</kw>
<kw name="Get Text" owner="SeleniumLibrary">
<msg time="2025-02-11T11:33:11.355241" level="INFO">${PerformanceCookiesDescription} = These cookies allow us to count visits and traffic sources so we can measure and improve the performance of our site. They help us to know which pages are the most and least popular and see how visito...</msg>
<var>${PerformanceCookiesDescription}</var>
<arg>${PerformanceCookiesText}</arg>
<doc>Returns the text value of the element identified by ``locator``.</doc>
<status status="PASS" start="2025-02-11T11:33:11.337553" elapsed="0.017744"/>
</kw>
<kw name="Log" owner="BuiltIn">
<msg time="2025-02-11T11:33:11.355788" level="INFO">The Performance cookies description after expanding + icon: These cookies allow us to count visits and traffic sources so we can measure and improve the performance of our site. They help us to know which pages are the most and least popular and see how visitors move around the site.    All information these cookies collect is aggregated and therefore anonymous. If you do not allow these cookies we will not know when you have visited our site, and will not be able to monitor its performance.</msg>
<arg>The Performance cookies description after expanding + icon: ${PerformanceCookiesDescription}</arg>
<doc>Logs the given message with the given level.</doc>
<status status="PASS" start="2025-02-11T11:33:11.355503" elapsed="0.000400"/>
</kw>
<kw name="Capture Element Screenshot" owner="SeleniumLibrary">
<msg time="2025-02-11T11:33:11.441691" level="INFO" html="true">&lt;/td&gt;&lt;/tr&gt;&lt;tr&gt;&lt;td colspan="3"&gt;&lt;a href="1-selenium-element-screenshot-2.png"&gt;&lt;img src="1-selenium-element-screenshot-2.png" width="400px"&gt;&lt;/a&gt;</msg>
<arg>${PerformanceCookiesText}</arg>
<doc>Captures a screenshot from the element identified by ``locator`` and embeds it into log file.</doc>
<status status="PASS" start="2025-02-11T11:33:11.355987" elapsed="0.086171"/>
</kw>
<kw name="Sleep" owner="BuiltIn">
<msg time="2025-02-11T11:33:13.443106" level="INFO">Slept 2 seconds.</msg>
<arg>2</arg>
<doc>Pauses the test executed for the given time.</doc>
<status status="PASS" start="2025-02-11T11:33:11.442552" elapsed="2.000654"/>
</kw>
<kw name="Click Element" owner="SeleniumLibrary">
<msg time="2025-02-11T11:33:13.443510" level="INFO">Clicking element '//div[.='Functional Cookies']'.</msg>
<arg>${FunctionalCookies}</arg>
<doc>Click the element identified by ``locator``.</doc>
<status status="PASS" start="2025-02-11T11:33:13.443335" elapsed="0.031080"/>
</kw>
<kw name="Get Text" owner="SeleniumLibrary">
<msg time="2025-02-11T11:33:13.492140" level="INFO">${FunctionalCookiesDescription} = These cookies enable the website to provide enhanced functionality and personalization. They may be set by us or by third party providers whose services we have added to our pages. If you do not allow...</msg>
<var>${FunctionalCookiesDescription}</var>
<arg>${FunctionalCookiesText}</arg>
<doc>Returns the text value of the element identified by ``locator``.</doc>
<status status="PASS" start="2025-02-11T11:33:13.474601" elapsed="0.017568"/>
</kw>
<kw name="Log" owner="BuiltIn">
<msg time="2025-02-11T11:33:13.492537" level="INFO">The Functional cookies description after expanding + icon: These cookies enable the website to provide enhanced functionality and personalization. They may be set by us or by third party providers whose services we have added to our pages. If you do not allow these cookies then some or all of these services may not function properly.</msg>
<arg>The Functional cookies description after expanding + icon: ${FunctionalCookiesDescription}</arg>
<doc>Logs the given message with the given level.</doc>
<status status="PASS" start="2025-02-11T11:33:13.492386" elapsed="0.000178"/>
</kw>
<kw name="Capture Element Screenshot" owner="SeleniumLibrary">
<msg time="2025-02-11T11:33:13.540257" level="INFO" html="true">&lt;/td&gt;&lt;/tr&gt;&lt;tr&gt;&lt;td colspan="3"&gt;&lt;a href="1-selenium-element-screenshot-3.png"&gt;&lt;img src="1-selenium-element-screenshot-3.png" width="400px"&gt;&lt;/a&gt;</msg>
<arg>${FunctionalCookiesText}</arg>
<doc>Captures a screenshot from the element identified by ``locator`` and embeds it into log file.</doc>
<status status="PASS" start="2025-02-11T11:33:13.492630" elapsed="0.047772"/>
</kw>
<kw name="Sleep" owner="BuiltIn">
<msg time="2025-02-11T11:33:15.542698" level="INFO">Slept 2 seconds.</msg>
<arg>2</arg>
<doc>Pauses the test executed for the given time.</doc>
<status status="PASS" start="2025-02-11T11:33:13.540613" elapsed="2.002242"/>
</kw>
<kw name="Click Element" owner="SeleniumLibrary">
<msg time="2025-02-11T11:33:15.543857" level="INFO">Clicking element '//div[.='Targeting Cookies']'.</msg>
<arg>${TargetingCookies}</arg>
<doc>Click the element identified by ``locator``.</doc>
<status status="PASS" start="2025-02-11T11:33:15.543335" elapsed="0.046368"/>
</kw>
<kw name="Get Text" owner="SeleniumLibrary">
<msg time="2025-02-11T11:33:15.605832" level="INFO">${TargetingCookiesDescription} = These cookies may be set through our site by our advertising partners. They may be used by those companies to build a profile of your interests and show you relevant adverts on other sites. They do no...</msg>
<var>${TargetingCookiesDescription}</var>
<arg>${TargetingCookiesText}</arg>
<doc>Returns the text value of the element identified by ``locator``.</doc>
<status status="PASS" start="2025-02-11T11:33:15.590088" elapsed="0.015785"/>
</kw>
<kw name="Log" owner="BuiltIn">
<msg time="2025-02-11T11:33:15.606311" level="INFO">The Targeting cookies description after expanding + icon: These cookies may be set through our site by our advertising partners. They may be used by those companies to build a profile of your interests and show you relevant adverts on other sites. They do not store directly personal information, but are based on uniquely identifying your browser and internet device. If you do not allow these cookies, you will experience less targeted advertising.</msg>
<arg>The Targeting cookies description after expanding + icon: ${TargetingCookiesDescription}</arg>
<doc>Logs the given message with the given level.</doc>
<status status="PASS" start="2025-02-11T11:33:15.605983" elapsed="0.000436"/>
</kw>
<kw name="Capture Element Screenshot" owner="SeleniumLibrary">
<msg time="2025-02-11T11:33:15.697606" level="INFO" html="true">&lt;/td&gt;&lt;/tr&gt;&lt;tr&gt;&lt;td colspan="3"&gt;&lt;a href="1-selenium-element-screenshot-4.png"&gt;&lt;img src="1-selenium-element-screenshot-4.png" width="400px"&gt;&lt;/a&gt;</msg>
<arg>${TargetingCookiesText}</arg>
<doc>Captures a screenshot from the element identified by ``locator`` and embeds it into log file.</doc>
<status status="PASS" start="2025-02-11T11:33:15.606502" elapsed="0.091181"/>
</kw>
<kw name="Sleep" owner="BuiltIn">
<msg time="2025-02-11T11:33:17.698534" level="INFO">Slept 2 seconds.</msg>
<arg>2</arg>
<doc>Pauses the test executed for the given time.</doc>
<status status="PASS" start="2025-02-11T11:33:15.697814" elapsed="2.000792"/>
</kw>
<kw name="Click Element" owner="SeleniumLibrary">
<msg time="2025-02-11T11:33:17.698861" level="INFO">Clicking element '//div[.='Marketing Cookies']'.</msg>
<arg>${MarketingCookies}</arg>
<doc>Click the element identified by ``locator``.</doc>
<status status="PASS" start="2025-02-11T11:33:17.698712" elapsed="0.029140"/>
</kw>
<kw name="Get Text" owner="SeleniumLibrary">
<msg time="2025-02-11T11:33:17.736821" level="INFO">${MarketingCookiesDescription} = These cookies enable the website to provide enhanced functionality and personalization. They may be set by us or by third party providers whose services we have added to our pages. If you do not allow...</msg>
<var>${MarketingCookiesDescription}</var>
<arg>${MarketingCookiesText}</arg>
<doc>Returns the text value of the element identified by ``locator``.</doc>
<status status="PASS" start="2025-02-11T11:33:17.727980" elapsed="0.008869"/>
</kw>
<kw name="Log" owner="BuiltIn">
<msg time="2025-02-11T11:33:17.737068" level="INFO">The Marketing cookies description after expanding + icon: These cookies enable the website to provide enhanced functionality and personalization. They may be set by us or by third party providers whose services we have added to our pages. If you do not allow these cookies then some or all of these services may not function properly.</msg>
<arg>The Marketing cookies description after expanding + icon: ${MarketingCookiesDescription}</arg>
<doc>Logs the given message with the given level.</doc>
<status status="PASS" start="2025-02-11T11:33:17.736952" elapsed="0.000139"/>
</kw>
<kw name="Capture Element Screenshot" owner="SeleniumLibrary">
<msg time="2025-02-11T11:33:17.797546" level="INFO" html="true">&lt;/td&gt;&lt;/tr&gt;&lt;tr&gt;&lt;td colspan="3"&gt;&lt;a href="1-selenium-element-screenshot-5.png"&gt;&lt;img src="1-selenium-element-screenshot-5.png" width="400px"&gt;&lt;/a&gt;</msg>
<arg>${MarketingCookiesText}</arg>
<doc>Captures a screenshot from the element identified by ``locator`` and embeds it into log file.</doc>
<status status="PASS" start="2025-02-11T11:33:17.737145" elapsed="0.060483"/>
</kw>
<status status="PASS" start="2025-02-11T11:33:08.989558" elapsed="8.808242"/>
</kw>
<kw name="Close Browser" owner="SeleniumLibrary" type="TEARDOWN">
<doc>Closes the current browser.</doc>
<status status="PASS" start="2025-02-11T11:33:17.798228" elapsed="0.276801"/>
</kw>
<status status="PASS" start="2025-02-11T11:32:22.829201" elapsed="55.246173"/>
</test>
<status status="PASS" start="2025-02-11T11:32:22.713827" elapsed="55.362466"/>
</suite>
<suite id="s1-s1-s3" name="CookieSettings TC003 Test" source="/Users/angeline.rohan/Desktop/QA Automation_Thinx.robot.py/ThinxAutomation1/Thinx-Automation1/tests/CookieSettings/CookieSettings_TC003_Test.robot">
<test id="s1-s1-s3-t1" name="Open Thinx" line="21">
<kw name="Open Thinx Homepage Using Chrome Browser" owner="resources" type="SETUP">
<kw name="Open Browser" owner="SeleniumLibrary">
<msg time="2025-02-11T11:32:22.841309" level="INFO">Opening browser 'Chrome' to base url 'https://www.thinx.com/'.</msg>
<arg>${ThinxHomepage}</arg>
<arg>Chrome</arg>
<doc>Opens a new browser instance to the optional ``url``.</doc>
<status status="PASS" start="2025-02-11T11:32:22.841185" elapsed="5.882854"/>
</kw>
<kw name="Maximize Browser Window" owner="SeleniumLibrary">
<doc>Maximizes current browser window.</doc>
<status status="PASS" start="2025-02-11T11:32:28.724736" elapsed="0.431317"/>
</kw>
<status status="PASS" start="2025-02-11T11:32:22.840858" elapsed="6.315455"/>
</kw>
<kw name="Click Accept Cookies Button" owner="CookieSettings_TC001_Pages">
<kw name="Wait Until Element Is Visible" owner="SeleniumLibrary">
<arg>${AcceptCookies}</arg>
<doc>Waits until the element ``locator`` is visible.</doc>
<status status="PASS" start="2025-02-11T11:32:29.157622" elapsed="0.206679"/>
</kw>
<kw name="Click Element" owner="SeleniumLibrary">
<msg time="2025-02-11T11:32:29.365039" level="INFO">Clicking element '//button[@id='onetrust-accept-btn-handler']'.</msg>
<arg>${AcceptCookies}</arg>
<doc>Click the element identified by ``locator``.</doc>
<status status="PASS" start="2025-02-11T11:32:29.364590" elapsed="0.096543"/>
</kw>
<kw name="Sleep" owner="BuiltIn">
<msg time="2025-02-11T11:32:32.462854" level="INFO">Slept 3 seconds.</msg>
<arg>3</arg>
<doc>Pauses the test executed for the given time.</doc>
<status status="PASS" start="2025-02-11T11:32:29.461409" elapsed="3.001517"/>
</kw>
<status status="PASS" start="2025-02-11T11:32:29.157030" elapsed="3.305969"/>
</kw>
<kw name="Sleep" owner="BuiltIn">
<msg time="2025-02-11T11:32:42.463766" level="INFO">Slept 10 seconds.</msg>
<arg>10</arg>
<doc>Pauses the test executed for the given time.</doc>
<status status="PASS" start="2025-02-11T11:32:32.463103" elapsed="10.000759"/>
</kw>
<kw name="Accept Cookies and Close Welcome Modal" owner="PDP_TC004_Steps">
<kw name="Sleep" owner="BuiltIn">
<msg time="2025-02-11T11:32:47.466479" level="INFO">Slept 5 seconds.</msg>
<arg>5</arg>
<doc>Pauses the test executed for the given time.</doc>
<status status="PASS" start="2025-02-11T11:32:42.464225" elapsed="5.002348"/>
</kw>
<kw name="Wait Until Page Contains Element" owner="SeleniumLibrary">
<arg>${CloseModal}</arg>
<doc>Waits until the element ``locator`` appears on the current page.</doc>
<status status="PASS" start="2025-02-11T11:32:47.466700" elapsed="0.011954"/>
</kw>
<kw name="Click Element" owner="SeleniumLibrary">
<msg time="2025-02-11T11:32:47.478992" level="INFO">Clicking element '//button[@class='absolute right-3 top-3 [&amp;&gt;svg]:size-6']'.</msg>
<arg>${CloseModal}</arg>
<doc>Click the element identified by ``locator``.</doc>
<status status="PASS" start="2025-02-11T11:32:47.478799" elapsed="0.032970"/>
</kw>
<status status="PASS" start="2025-02-11T11:32:42.464035" elapsed="5.047819"/>
</kw>
<kw name="Click on Cookie Settings" owner="CookieSettings_TC001_Pages">
<kw name="Execute Javascript" owner="SeleniumLibrary">
<msg time="2025-02-11T11:32:47.513359" level="INFO">Executing JavaScript:
window.scrollTo(0,2000)
Without any arguments.</msg>
<arg>window.scrollTo(0,2000)</arg>
<doc>Executes the given JavaScript code with possible arguments.</doc>
<status status="PASS" start="2025-02-11T11:32:47.512596" elapsed="0.005192"/>
</kw>
<kw name="Sleep" owner="BuiltIn">
<msg time="2025-02-11T11:32:50.519981" level="INFO">Slept 3 seconds.</msg>
<arg>3</arg>
<doc>Pauses the test executed for the given time.</doc>
<status status="PASS" start="2025-02-11T11:32:47.517911" elapsed="3.002270"/>
</kw>
<kw name="Execute Javascript" owner="SeleniumLibrary">
<msg time="2025-02-11T11:32:50.520928" level="INFO">Executing JavaScript:
window.scrollTo(0,3000)
Without any arguments.</msg>
<arg>window.scrollTo(0,3000)</arg>
<doc>Executes the given JavaScript code with possible arguments.</doc>
<status status="PASS" start="2025-02-11T11:32:50.520491" elapsed="0.003052"/>
</kw>
<kw name="Sleep" owner="BuiltIn">
<msg time="2025-02-11T11:32:55.524333" level="INFO">Slept 5 seconds.</msg>
<arg>5</arg>
<doc>Pauses the test executed for the given time.</doc>
<status status="PASS" start="2025-02-11T11:32:50.523646" elapsed="5.000770"/>
</kw>
<kw name="Execute Javascript" owner="SeleniumLibrary">
<msg time="2025-02-11T11:32:55.524802" level="INFO">Executing JavaScript:
window.scrollTo(0,4500)
Without any arguments.</msg>
<arg>window.scrollTo(0,4500)</arg>
<doc>Executes the given JavaScript code with possible arguments.</doc>
<status status="PASS" start="2025-02-11T11:32:55.524543" elapsed="0.002767"/>
</kw>
<kw name="Sleep" owner="BuiltIn">
<msg time="2025-02-11T11:33:00.527625" level="INFO">Slept 5 seconds.</msg>
<arg>5</arg>
<doc>Pauses the test executed for the given time.</doc>
<status status="PASS" start="2025-02-11T11:32:55.527416" elapsed="5.000293"/>
</kw>
<kw name="Wait Until Page Contains Element" owner="SeleniumLibrary">
<arg>${CookieSettings}</arg>
<doc>Waits until the element ``locator`` appears on the current page.</doc>
<status status="PASS" start="2025-02-11T11:33:00.527849" elapsed="0.006278"/>
</kw>
<kw name="Click Element" owner="SeleniumLibrary">
<msg time="2025-02-11T11:33:00.534394" level="INFO">Clicking element '//button[@class='body-3-bold no-underline text-default']'.</msg>
<arg>${CookieSettings}</arg>
<doc>Click the element identified by ``locator``.</doc>
<status status="PASS" start="2025-02-11T11:33:00.534243" elapsed="0.049148"/>
</kw>
<status status="PASS" start="2025-02-11T11:32:47.512033" elapsed="13.071457"/>
</kw>
<kw name="Turn Off Performance cookie" owner="CookieSettings_TC003_Pages">
<kw name="Scroll Element Into View" owner="SeleniumLibrary">
<arg>${PerformanceCookies}</arg>
<doc>Scrolls the element identified by ``locator`` into view.</doc>
<status status="PASS" start="2025-02-11T11:33:00.584298" elapsed="0.277747"/>
</kw>
<kw name="Scroll Element Into View" owner="SeleniumLibrary">
<arg>${TargetingCookies}</arg>
<doc>Scrolls the element identified by ``locator`` into view.</doc>
<status status="PASS" start="2025-02-11T11:33:00.862217" elapsed="0.264741"/>
</kw>
<kw name="Scroll Element Into View" owner="SeleniumLibrary">
<arg>${MarketingCookies}</arg>
<doc>Scrolls the element identified by ``locator`` into view.</doc>
<status status="PASS" start="2025-02-11T11:33:01.127093" elapsed="0.268089"/>
</kw>
<kw name="Sleep" owner="BuiltIn">
<msg time="2025-02-11T11:33:06.397041" level="INFO">Slept 5 seconds.</msg>
<arg>5</arg>
<doc>Pauses the test executed for the given time.</doc>
<status status="PASS" start="2025-02-11T11:33:01.395512" elapsed="5.001726"/>
</kw>
<kw name="Wait Until Element Is Visible" owner="SeleniumLibrary">
<arg>${PerformanceCookies}</arg>
<doc>Waits until the element ``locator`` is visible.</doc>
<status status="PASS" start="2025-02-11T11:33:06.397415" elapsed="0.009178"/>
</kw>
<kw name="Click Element" owner="SeleniumLibrary">
<msg time="2025-02-11T11:33:06.406928" level="INFO">Clicking element '//div[.='Performance Cookies']'.</msg>
<arg>${PerformanceCookies}</arg>
<doc>Click the element identified by ``locator``.</doc>
<status status="PASS" start="2025-02-11T11:33:06.406756" elapsed="0.036101"/>
</kw>
<kw name="Capture Page Screenshot" owner="SeleniumLibrary">
<msg time="2025-02-11T11:33:06.585312" level="INFO" html="true">&lt;/td&gt;&lt;/tr&gt;&lt;tr&gt;&lt;td colspan="3"&gt;&lt;a href="2-selenium-screenshot-1.png"&gt;&lt;img src="2-selenium-screenshot-1.png" width="800px"&gt;&lt;/a&gt;</msg>
<doc>Takes a screenshot of the current page and embeds it into a log file.</doc>
<status status="PASS" start="2025-02-11T11:33:06.442990" elapsed="0.142526"/>
</kw>
<kw name="Wait Until Page Contains Element" owner="SeleniumLibrary">
<arg>${PerformanceCookieToggleBtn}</arg>
<doc>Waits until the element ``locator`` appears on the current page.</doc>
<status status="PASS" start="2025-02-11T11:33:06.585643" elapsed="0.005703"/>
</kw>
<kw name="Wait Until Element Is Visible" owner="SeleniumLibrary">
<arg>${PerformanceCookieToggleBtn}</arg>
<doc>Waits until the element ``locator`` is visible.</doc>
<status status="PASS" start="2025-02-11T11:33:06.591459" elapsed="0.006760"/>
</kw>
<kw name="Element Should Be Visible" owner="SeleniumLibrary">
<msg time="2025-02-11T11:33:06.604941" level="INFO">Element '//div[@class='ot-desc-cntr']//div[@class='ot-tgl']' is displayed.</msg>
<arg>${PerformanceCookieToggleBtn}</arg>
<doc>Verifies that the element identified by ``locator`` is visible.</doc>
<status status="PASS" start="2025-02-11T11:33:06.598366" elapsed="0.006635"/>
</kw>
<kw name="Set Selenium Implicit Wait" owner="SeleniumLibrary">
<arg>5 seconds</arg>
<doc>Sets the implicit wait value used by Selenium.</doc>
<status status="PASS" start="2025-02-11T11:33:06.605103" elapsed="0.000510"/>
</kw>
<kw name="Execute Javascript" owner="SeleniumLibrary">
<msg time="2025-02-11T11:33:06.605904" level="INFO">Executing JavaScript:
document.querySelector("input[id='ot-group-id-C0002']").click()
Without any arguments.</msg>
<arg>document.querySelector("input[id='ot-group-id-C0002']").click()</arg>
<doc>Executes the given JavaScript code with possible arguments.</doc>
<status status="PASS" start="2025-02-11T11:33:06.605707" elapsed="0.006699"/>
</kw>
<kw name="Sleep" owner="BuiltIn">
<msg time="2025-02-11T11:33:11.615475" level="INFO">Slept 5 seconds.</msg>
<arg>5</arg>
<doc>Pauses the test executed for the given time.</doc>
<status status="PASS" start="2025-02-11T11:33:06.612548" elapsed="5.003830"/>
</kw>
<status status="PASS" start="2025-02-11T11:33:00.583957" elapsed="11.033158"/>
</kw>
<kw name="Turn Off Functional cookie" owner="CookieSettings_TC003_Pages">
<kw name="Wait Until Page Contains Element" owner="SeleniumLibrary">
<arg>${FunctionalCookieToggleBtn}</arg>
<doc>Waits until the element ``locator`` appears on the current page.</doc>
<status status="PASS" start="2025-02-11T11:33:11.619078" elapsed="0.013556"/>
</kw>
<kw name="Wait Until Element Is Visible" owner="SeleniumLibrary">
<arg>${FunctionalCookieToggleBtn}</arg>
<doc>Waits until the element ``locator`` is visible.</doc>
<status status="PASS" start="2025-02-11T11:33:11.632882" elapsed="0.014773"/>
</kw>
<kw name="Element Should Be Visible" owner="SeleniumLibrary">
<msg time="2025-02-11T11:33:11.659841" level="INFO">Element '//div[@class='ot-desc-cntr']//div[@class='ot-tgl']' is displayed.</msg>
<arg>${FunctionalCookieToggleBtn}</arg>
<doc>Verifies that the element identified by ``locator`` is visible.</doc>
<status status="PASS" start="2025-02-11T11:33:11.647869" elapsed="0.012110"/>
</kw>
<kw name="Set Selenium Implicit Wait" owner="SeleniumLibrary">
<arg>5 seconds</arg>
<doc>Sets the implicit wait value used by Selenium.</doc>
<status status="PASS" start="2025-02-11T11:33:11.660208" elapsed="0.001718"/>
</kw>
<kw name="Execute Javascript" owner="SeleniumLibrary">
<msg time="2025-02-11T11:33:11.663157" level="INFO">Executing JavaScript:
document.querySelector("input[id='ot-group-id-C0003']").click()
Without any arguments.</msg>
<arg>document.querySelector("input[id='ot-group-id-C0003']").click()</arg>
<doc>Executes the given JavaScript code with possible arguments.</doc>
<status status="PASS" start="2025-02-11T11:33:11.662167" elapsed="0.011866"/>
</kw>
<status status="PASS" start="2025-02-11T11:33:11.618483" elapsed="0.055742"/>
</kw>
<kw name="Click on Save Settings CTA on cookie settings dialog box" owner="CookieSettings_TC003_Pages">
<kw name="Wait Until Element Is Visible" owner="SeleniumLibrary">
<arg>${SaveSettingsCTA}</arg>
<doc>Waits until the element ``locator`` is visible.</doc>
<status status="PASS" start="2025-02-11T11:33:11.675043" elapsed="0.019828"/>
</kw>
<kw name="Element Should Be Enabled" owner="SeleniumLibrary">
<arg>${SaveSettingsCTA}</arg>
<doc>Verifies that element identified by ``locator`` is enabled.</doc>
<status status="PASS" start="2025-02-11T11:33:11.695073" elapsed="0.019497"/>
</kw>
<kw name="Click Element" owner="SeleniumLibrary">
<msg time="2025-02-11T11:33:11.715219" level="INFO">Clicking element 'css: .ot-pc-footer .save-preference-btn-handler'.</msg>
<arg>${SaveSettingsCTA}</arg>
<doc>Click the element identified by ``locator``.</doc>
<status status="PASS" start="2025-02-11T11:33:11.714877" elapsed="0.134356"/>
</kw>
<kw name="Sleep" owner="BuiltIn">
<msg time="2025-02-11T11:33:21.852578" level="INFO">Slept 10 seconds.</msg>
<arg>10</arg>
<doc>Pauses the test executed for the given time.</doc>
<status status="PASS" start="2025-02-11T11:33:11.850148" elapsed="10.002520"/>
</kw>
<status status="PASS" start="2025-02-11T11:33:11.674506" elapsed="10.178242"/>
</kw>
<kw name="Click on Cookie Settings" owner="CookieSettings_TC001_Pages">
<kw name="Execute Javascript" owner="SeleniumLibrary">
<msg time="2025-02-11T11:33:21.853483" level="INFO">Executing JavaScript:
window.scrollTo(0,2000)
Without any arguments.</msg>
<arg>window.scrollTo(0,2000)</arg>
<doc>Executes the given JavaScript code with possible arguments.</doc>
<status status="PASS" start="2025-02-11T11:33:21.853137" elapsed="0.008242"/>
</kw>
<kw name="Sleep" owner="BuiltIn">
<msg time="2025-02-11T11:33:24.862614" level="INFO">Slept 3 seconds.</msg>
<arg>3</arg>
<doc>Pauses the test executed for the given time.</doc>
<status status="PASS" start="2025-02-11T11:33:21.861528" elapsed="3.001205"/>
</kw>
<kw name="Execute Javascript" owner="SeleniumLibrary">
<msg time="2025-02-11T11:33:24.863253" level="INFO">Executing JavaScript:
window.scrollTo(0,3000)
Without any arguments.</msg>
<arg>window.scrollTo(0,3000)</arg>
<doc>Executes the given JavaScript code with possible arguments.</doc>
<status status="PASS" start="2025-02-11T11:33:24.862873" elapsed="0.003128"/>
</kw>
<kw name="Sleep" owner="BuiltIn">
<msg time="2025-02-11T11:33:29.867401" level="INFO">Slept 5 seconds.</msg>
<arg>5</arg>
<doc>Pauses the test executed for the given time.</doc>
<status status="PASS" start="2025-02-11T11:33:24.866118" elapsed="5.001394"/>
</kw>
<kw name="Execute Javascript" owner="SeleniumLibrary">
<msg time="2025-02-11T11:33:29.868138" level="INFO">Executing JavaScript:
window.scrollTo(0,4500)
Without any arguments.</msg>
<arg>window.scrollTo(0,4500)</arg>
<doc>Executes the given JavaScript code with possible arguments.</doc>
<status status="PASS" start="2025-02-11T11:33:29.867636" elapsed="0.004216"/>
</kw>
<kw name="Sleep" owner="BuiltIn">
<msg time="2025-02-11T11:33:34.872721" level="INFO">Slept 5 seconds.</msg>
<arg>5</arg>
<doc>Pauses the test executed for the given time.</doc>
<status status="PASS" start="2025-02-11T11:33:29.872128" elapsed="5.000682"/>
</kw>
<kw name="Wait Until Page Contains Element" owner="SeleniumLibrary">
<arg>${CookieSettings}</arg>
<doc>Waits until the element ``locator`` appears on the current page.</doc>
<status status="PASS" start="2025-02-11T11:33:34.872942" elapsed="0.007180"/>
</kw>
<kw name="Click Element" owner="SeleniumLibrary">
<msg time="2025-02-11T11:33:34.880493" level="INFO">Clicking element '//button[@class='body-3-bold no-underline text-default']'.</msg>
<arg>${CookieSettings}</arg>
<doc>Click the element identified by ``locator``.</doc>
<status status="PASS" start="2025-02-11T11:33:34.880312" elapsed="0.068925"/>
</kw>
<status status="PASS" start="2025-02-11T11:33:21.852887" elapsed="13.096440"/>
</kw>
<kw name="Validate all the toggle buttons are OFF" owner="CookieSettings_TC003_Pages">
<kw name="Wait Until Element Is Visible" owner="SeleniumLibrary">
<arg>${AllowAllCTA}</arg>
<doc>Waits until the element ``locator`` is visible.</doc>
<status status="PASS" start="2025-02-11T11:33:34.949726" elapsed="0.014178"/>
</kw>
<kw name="Element Should Be Visible" owner="SeleniumLibrary">
<msg time="2025-02-11T11:33:34.972293" level="INFO">Element 'css: #onetrust-consent-sdk #accept-recommended-btn-handler' is displayed.</msg>
<arg>${AllowAllCTA}</arg>
<doc>Verifies that the element identified by ``locator`` is visible.</doc>
<status status="PASS" start="2025-02-11T11:33:34.964030" elapsed="0.008334"/>
</kw>
<kw name="Set Selenium Implicit Wait" owner="SeleniumLibrary">
<arg>5</arg>
<doc>Sets the implicit wait value used by Selenium.</doc>
<status status="PASS" start="2025-02-11T11:33:34.972542" elapsed="0.000617"/>
</kw>
<kw name="Scroll Element Into View" owner="SeleniumLibrary">
<arg>${PerformanceCookies}</arg>
<doc>Scrolls the element identified by ``locator`` into view.</doc>
<status status="PASS" start="2025-02-11T11:33:34.973239" elapsed="0.265482"/>
</kw>
<kw name="Scroll Element Into View" owner="SeleniumLibrary">
<arg>${TargetingCookies}</arg>
<doc>Scrolls the element identified by ``locator`` into view.</doc>
<status status="PASS" start="2025-02-11T11:33:35.238841" elapsed="0.263763"/>
</kw>
<kw name="Scroll Element Into View" owner="SeleniumLibrary">
<arg>${MarketingCookies}</arg>
<doc>Scrolls the element identified by ``locator`` into view.</doc>
<status status="PASS" start="2025-02-11T11:33:35.502728" elapsed="0.268004"/>
</kw>
<kw name="Capture Page Screenshot" owner="SeleniumLibrary">
<msg time="2025-02-11T11:33:35.904218" level="INFO" html="true">&lt;/td&gt;&lt;/tr&gt;&lt;tr&gt;&lt;td colspan="3"&gt;&lt;a href="2-selenium-screenshot-2.png"&gt;&lt;img src="2-selenium-screenshot-2.png" width="800px"&gt;&lt;/a&gt;</msg>
<doc>Takes a screenshot of the current page and embeds it into a log file.</doc>
<status status="PASS" start="2025-02-11T11:33:35.770856" elapsed="0.133437"/>
</kw>
<status status="PASS" start="2025-02-11T11:33:34.949473" elapsed="0.954880"/>
</kw>
<kw name="Close Browser" owner="SeleniumLibrary" type="TEARDOWN">
<doc>Closes the current browser.</doc>
<status status="PASS" start="2025-02-11T11:33:35.904513" elapsed="0.226047"/>
</kw>
<status status="PASS" start="2025-02-11T11:32:22.840546" elapsed="73.290087"/>
</test>
<status status="PASS" start="2025-02-11T11:32:22.713837" elapsed="73.417198"/>
</suite>
<suite id="s1-s1-s4" name="CookieSettings TC004 Test" source="/Users/angeline.rohan/Desktop/QA Automation_Thinx.robot.py/ThinxAutomation1/Thinx-Automation1/tests/CookieSettings/CookieSettings_TC004_Test.robot">
<test id="s1-s1-s4-t1" name="Open Thinx" line="22">
<kw name="Open Thinx Homepage Using Chrome Browser" owner="resources" type="SETUP">
<kw name="Open Browser" owner="SeleniumLibrary">
<msg time="2025-02-11T11:32:22.844313" level="INFO">Opening browser 'Chrome' to base url 'https://www.thinx.com/'.</msg>
<arg>${ThinxHomepage}</arg>
<arg>Chrome</arg>
<doc>Opens a new browser instance to the optional ``url``.</doc>
<status status="PASS" start="2025-02-11T11:32:22.844180" elapsed="5.911481"/>
</kw>
<kw name="Maximize Browser Window" owner="SeleniumLibrary">
<doc>Maximizes current browser window.</doc>
<status status="PASS" start="2025-02-11T11:32:28.757552" elapsed="0.407254"/>
</kw>
<status status="PASS" start="2025-02-11T11:32:22.843831" elapsed="6.321432"/>
</kw>
<kw name="Reject All Cookies" owner="CookieSettings_TC004_Steps">
<kw name="Wait Until Element Is Visible" owner="SeleniumLibrary">
<arg>${RejectCookies}</arg>
<doc>Waits until the element ``locator`` is visible.</doc>
<status status="PASS" start="2025-02-11T11:32:29.166406" elapsed="0.192480"/>
</kw>
<kw name="Element Should Be Visible" owner="SeleniumLibrary">
<msg time="2025-02-11T11:32:29.399801" level="INFO">Element '//button[@id='onetrust-reject-all-handler']' is displayed.</msg>
<arg>locator=${RejectCookies}</arg>
<doc>Verifies that the element identified by ``locator`` is visible.</doc>
<status status="PASS" start="2025-02-11T11:32:29.359351" elapsed="0.042084"/>
</kw>
<kw name="Click Element" owner="SeleniumLibrary">
<msg time="2025-02-11T11:32:29.402122" level="INFO">Clicking element '//button[@id='onetrust-reject-all-handler']'.</msg>
<arg>locator=${RejectCookies}</arg>
<doc>Click the element identified by ``locator``.</doc>
<status status="PASS" start="2025-02-11T11:32:29.401820" elapsed="0.100292"/>
</kw>
<status status="PASS" start="2025-02-11T11:32:29.165808" elapsed="0.336482"/>
</kw>
<kw name="Accept Cookies and Close Welcome Modal" owner="PDP_TC004_Steps">
<kw name="Sleep" owner="BuiltIn">
<msg time="2025-02-11T11:32:34.506267" level="INFO">Slept 5 seconds.</msg>
<arg>5</arg>
<doc>Pauses the test executed for the given time.</doc>
<status status="PASS" start="2025-02-11T11:32:29.504193" elapsed="5.002187"/>
</kw>
<kw name="Wait Until Page Contains Element" owner="SeleniumLibrary">
<arg>${CloseModal}</arg>
<doc>Waits until the element ``locator`` appears on the current page.</doc>
<status status="PASS" start="2025-02-11T11:32:34.506520" elapsed="1.461378"/>
</kw>
<kw name="Click Element" owner="SeleniumLibrary">
<msg time="2025-02-11T11:32:35.968283" level="INFO">Clicking element '//button[@class='absolute right-3 top-3 [&amp;&gt;svg]:size-6']'.</msg>
<arg>${CloseModal}</arg>
<doc>Click the element identified by ``locator``.</doc>
<status status="PASS" start="2025-02-11T11:32:35.968073" elapsed="0.035526"/>
</kw>
<status status="PASS" start="2025-02-11T11:32:29.503274" elapsed="6.500567"/>
</kw>
<kw name="Review Homepage Elements to Ensure Cookie Error Messaging is Visible" owner="CookieSettings_TC004_Steps">
<kw name="Wait Until Element Is Visible" owner="SeleniumLibrary">
<arg>${VideoModule}</arg>
<doc>Waits until the element ``locator`` is visible.</doc>
<status status="PASS" start="2025-02-11T11:32:36.004433" elapsed="0.017261"/>
</kw>
<kw name="Element Should Be Visible" owner="SeleniumLibrary">
<msg time="2025-02-11T11:32:36.027913" level="INFO">Element '//div[@class='relative hidden md:flex aspect-video overflow-hidden rounded-lg+']/p[.='Uh oh! Content did not load. Check your cookie settings.']' is displayed.</msg>
<arg>locator=${VideoModule}</arg>
<doc>Verifies that the element identified by ``locator`` is visible.</doc>
<status status="PASS" start="2025-02-11T11:32:36.021809" elapsed="0.006165"/>
</kw>
<kw name="Capture Element Screenshot" owner="SeleniumLibrary">
<msg time="2025-02-11T11:32:36.093478" level="INFO" html="true">&lt;/td&gt;&lt;/tr&gt;&lt;tr&gt;&lt;td colspan="3"&gt;&lt;a href="3-selenium-element-screenshot-1.png"&gt;&lt;img src="3-selenium-element-screenshot-1.png" width="400px"&gt;&lt;/a&gt;</msg>
<arg>${VideoModule}</arg>
<doc>Captures a screenshot from the element identified by ``locator`` and embeds it into log file.</doc>
<status status="PASS" start="2025-02-11T11:32:36.028105" elapsed="0.065508"/>
</kw>
<status status="PASS" start="2025-02-11T11:32:36.004171" elapsed="0.089651"/>
</kw>
<kw name="Review Footer &amp; Email Signup Functionality" owner="CookieSettings_TC004_Steps">
<kw name="Sleep" owner="BuiltIn">
<msg time="2025-02-11T11:32:38.094824" level="INFO">Slept 2 seconds.</msg>
<arg>2s</arg>
<doc>Pauses the test executed for the given time.</doc>
<status status="PASS" start="2025-02-11T11:32:36.094443" elapsed="2.000471"/>
</kw>
<kw name="Wait Until Element Is Visible" owner="SeleniumLibrary">
<arg>${NewsletterCheckbox}</arg>
<doc>Waits until the element ``locator`` is visible.</doc>
<status status="PASS" start="2025-02-11T11:32:38.095032" elapsed="0.009656"/>
</kw>
<kw name="Click Element" owner="SeleniumLibrary">
<msg time="2025-02-11T11:32:38.105005" level="INFO">Clicking element '//input[@id='opt_in']'.</msg>
<arg>${NewsletterCheckbox}</arg>
<doc>Click the element identified by ``locator``.</doc>
<status status="PASS" start="2025-02-11T11:32:38.104821" elapsed="0.035794"/>
</kw>
<status status="PASS" start="2025-02-11T11:32:36.094148" elapsed="2.046548"/>
</kw>
<kw name="Enter Test Email in Newsletter Signup" owner="CookieSettings_TC004_Steps">
<kw name="Wait Until Element Is Visible" owner="SeleniumLibrary">
<arg>${NewsletterField}</arg>
<doc>Waits until the element ``locator`` is visible.</doc>
<status status="PASS" start="2025-02-11T11:32:38.141216" elapsed="0.011015"/>
</kw>
<kw name="Input Text" owner="SeleniumLibrary">
<msg time="2025-02-11T11:32:38.152527" level="INFO">Typing text 'thinx.automation1@yopmail.com' into text field '//input[@id='newsletter-email']'.</msg>
<arg>${NewsletterField}</arg>
<arg>${user}</arg>
<doc>Types the given ``text`` into the text field identified by ``locator``.</doc>
<status status="PASS" start="2025-02-11T11:32:38.152358" elapsed="0.125433"/>
</kw>
<kw name="Wait Until Element Is Visible" owner="SeleniumLibrary">
<arg>${NewsletterSubmit}</arg>
<doc>Waits until the element ``locator`` is visible.</doc>
<status status="PASS" start="2025-02-11T11:32:38.277925" elapsed="0.009938"/>
</kw>
<kw name="Click Element" owner="SeleniumLibrary">
<msg time="2025-02-11T11:32:38.288168" level="INFO">Clicking element '//div[@class='flex flex-col gap-10']/div[1]//button[@class='underline body-2 absolute top-0 translate-x-1/2 right-[36px] !leading-0 pr-6 disabled:text-grey-dark disabled:opacity-60 focus-visible:decoration-4 focus-visible:outline-none focus-visible:font-medium h-full']'.</msg>
<arg>${NewsletterSubmit}</arg>
<doc>Click the element identified by ``locator``.</doc>
<status status="PASS" start="2025-02-11T11:32:38.287990" elapsed="0.039505"/>
</kw>
<kw name="Sleep" owner="BuiltIn">
<msg time="2025-02-11T11:32:43.329060" level="INFO">Slept 5 seconds.</msg>
<arg>5s</arg>
<doc>Pauses the test executed for the given time.</doc>
<status status="PASS" start="2025-02-11T11:32:38.327645" elapsed="5.001495"/>
</kw>
<kw name="Wait Until Element Is Visible" owner="SeleniumLibrary">
<arg>${NewsletterError}</arg>
<doc>Waits until the element ``locator`` is visible.</doc>
<status status="PASS" start="2025-02-11T11:32:43.329259" elapsed="0.008887"/>
</kw>
<kw name="Element Should Be Visible" owner="SeleniumLibrary">
<msg time="2025-02-11T11:32:43.344214" level="INFO">Element '//span[.='Unable to complete request. Please review cookie settings.']' is displayed.</msg>
<arg>${NewsletterError}</arg>
<doc>Verifies that the element identified by ``locator`` is visible.</doc>
<status status="PASS" start="2025-02-11T11:32:43.338338" elapsed="0.006085"/>
</kw>
<status status="PASS" start="2025-02-11T11:32:38.140942" elapsed="5.203539"/>
</kw>
<kw name="Click Store Locator Link In Footer" owner="CookieSettings_TC004_Steps">
<kw name="Wait Until Element Is Visible" owner="SeleniumLibrary">
<arg>${StoreLocatorLink}</arg>
<doc>Waits until the element ``locator`` is visible.</doc>
<status status="PASS" start="2025-02-11T11:32:43.344736" elapsed="0.008283"/>
</kw>
<kw name="Click Element" owner="SeleniumLibrary">
<msg time="2025-02-11T11:32:43.353289" level="INFO">Clicking element '//div[@class='lg:flex lg:justify-between lg:gap-x-[144px] lg:gap-y-4 lg:flex-wrap']/div[@class='lg:w-[150px] hidden lg:block']//a[.='store locator']'.</msg>
<arg>${StoreLocatorLink}</arg>
<doc>Click the element identified by ``locator``.</doc>
<status status="PASS" start="2025-02-11T11:32:43.353139" elapsed="0.910999"/>
</kw>
<kw name="Sleep" owner="BuiltIn">
<msg time="2025-02-11T11:32:49.266277" level="INFO">Slept 5 seconds.</msg>
<arg>5s</arg>
<doc>Pauses the test executed for the given time.</doc>
<status status="PASS" start="2025-02-11T11:32:44.264404" elapsed="5.001992"/>
</kw>
<kw name="Wait Until Element Is Visible" owner="SeleniumLibrary">
<arg>${StoreLocatorError}</arg>
<doc>Waits until the element ``locator`` is visible.</doc>
<status status="PASS" start="2025-02-11T11:32:49.266563" elapsed="0.010393"/>
</kw>
<kw name="Element Should Be Visible" owner="SeleniumLibrary">
<msg time="2025-02-11T11:32:49.282761" level="INFO">Element '//p[.='Uh oh! Content did not load. Check your cookie settings.']' is displayed.</msg>
<arg>${StoreLocatorError}</arg>
<doc>Verifies that the element identified by ``locator`` is visible.</doc>
<status status="PASS" start="2025-02-11T11:32:49.277065" elapsed="0.005763"/>
</kw>
<status status="PASS" start="2025-02-11T11:32:43.344588" elapsed="5.938331"/>
</kw>
<kw name="Click Quiz Link In Meganav" owner="CookieSettings_TC004_Steps">
<kw name="Wait Until Element Is Visible" owner="SeleniumLibrary">
<arg>${TakeTheQuizCTA}</arg>
<doc>Waits until the element ``locator`` is visible.</doc>
<status status="PASS" start="2025-02-11T11:32:49.283189" elapsed="0.008132"/>
</kw>
<kw name="Click Element" owner="SeleniumLibrary">
<msg time="2025-02-11T11:32:49.291589" level="INFO">Clicking element '//span[.='take the quiz']'.</msg>
<arg>${TakeTheQuizCTA}</arg>
<doc>Click the element identified by ``locator``.</doc>
<status status="PASS" start="2025-02-11T11:32:49.291443" elapsed="0.910193"/>
</kw>
<kw name="Sleep" owner="BuiltIn">
<msg time="2025-02-11T11:32:55.204283" level="INFO">Slept 5 seconds.</msg>
<arg>5s</arg>
<doc>Pauses the test executed for the given time.</doc>
<status status="PASS" start="2025-02-11T11:32:50.201756" elapsed="5.002702"/>
</kw>
<kw name="Wait Until Element Is Visible" owner="SeleniumLibrary">
<arg>${TakeTheQuizError}</arg>
<doc>Waits until the element ``locator`` is visible.</doc>
<status status="PASS" start="2025-02-11T11:32:55.204831" elapsed="0.006980"/>
</kw>
<kw name="Element Should Be Visible" owner="SeleniumLibrary">
<msg time="2025-02-11T11:32:55.218183" level="INFO">Element '//p[.='Uh oh! Content did not load. Check your cookie settings.']' is displayed.</msg>
<arg>${TakeTheQuizError}</arg>
<doc>Verifies that the element identified by ``locator`` is visible.</doc>
<status status="PASS" start="2025-02-11T11:32:55.211937" elapsed="0.006306"/>
</kw>
<status status="PASS" start="2025-02-11T11:32:49.283035" elapsed="5.935271"/>
</kw>
<kw name="Click Reviews Link In Footer" owner="CookieSettings_TC004_Steps">
<kw name="Execute Javascript" owner="SeleniumLibrary">
<msg time="2025-02-11T11:32:55.218989" level="INFO">Executing JavaScript:
window.scrollTo(0, document.body.scrollHeight);
Without any arguments.</msg>
<arg>window.scrollTo(0, document.body.scrollHeight);</arg>
<doc>Executes the given JavaScript code with possible arguments.</doc>
<status status="PASS" start="2025-02-11T11:32:55.218653" elapsed="0.003452"/>
</kw>
<kw name="Sleep" owner="BuiltIn">
<msg time="2025-02-11T11:32:57.224870" level="INFO">Slept 2 seconds.</msg>
<arg>2s</arg>
<doc>Pauses the test executed for the given time.</doc>
<status status="PASS" start="2025-02-11T11:32:55.222301" elapsed="2.002652"/>
</kw>
<kw name="Wait Until Element Is Visible" owner="SeleniumLibrary">
<arg>${ReviewsLinkFooter}</arg>
<doc>Waits until the element ``locator`` is visible.</doc>
<status status="PASS" start="2025-02-11T11:32:57.225072" elapsed="0.008551"/>
</kw>
<kw name="Click Element" owner="SeleniumLibrary">
<msg time="2025-02-11T11:32:57.233892" level="INFO">Clicking element '//div[@class='lg:flex lg:justify-between lg:gap-x-[144px] lg:gap-y-4 lg:flex-wrap']/div[@class='lg:w-[150px] hidden lg:block']//a[.='reviews']'.</msg>
<arg>${ReviewsLinkFooter}</arg>
<doc>Click the element identified by ``locator``.</doc>
<status status="PASS" start="2025-02-11T11:32:57.233749" elapsed="0.915216"/>
</kw>
<kw name="Sleep" owner="BuiltIn">
<msg time="2025-02-11T11:33:00.150305" level="INFO">Slept 2 seconds.</msg>
<arg>2s</arg>
<doc>Pauses the test executed for the given time.</doc>
<status status="PASS" start="2025-02-11T11:32:58.149134" elapsed="2.001246"/>
</kw>
<kw name="Wait Until Element Is Visible" owner="SeleniumLibrary">
<arg>${ReviewsError}</arg>
<doc>Waits until the element ``locator`` is visible.</doc>
<status status="PASS" start="2025-02-11T11:33:00.150522" elapsed="0.006669"/>
</kw>
<kw name="Element Should Be Visible" owner="SeleniumLibrary">
<msg time="2025-02-11T11:33:00.162949" level="INFO">Element '//p[.='Uh oh! Content did not load. Check your cookie settings.']' is displayed.</msg>
<arg>${ReviewsError}</arg>
<doc>Verifies that the element identified by ``locator`` is visible.</doc>
<status status="PASS" start="2025-02-11T11:33:00.157296" elapsed="0.005728"/>
</kw>
<status status="PASS" start="2025-02-11T11:32:55.218431" elapsed="4.944651"/>
</kw>
<kw name="Click Product Link Meganav" owner="CookieSettings_TC004_Steps">
<kw name="Wait Until Element Is Visible" owner="SeleniumLibrary">
<arg>${MeetBrandsNav}</arg>
<doc>Waits until the element ``locator`` is visible.</doc>
<status status="PASS" start="2025-02-11T11:33:00.163374" elapsed="0.007398"/>
</kw>
<kw name="Click Element" owner="SeleniumLibrary">
<msg time="2025-02-11T11:33:00.170989" level="INFO">Clicking element '//div[@class='lg:flex lg:justify-between lg:gap-x-[144px] lg:gap-y-4 lg:flex-wrap']/div[@class='lg:w-[150px] hidden lg:block']//a[.='explore our brands']'.</msg>
<arg>${MeetBrandsNav}</arg>
<doc>Click the element identified by ``locator``.</doc>
<status status="PASS" start="2025-02-11T11:33:00.170872" elapsed="1.324013"/>
</kw>
<kw name="Sleep" owner="BuiltIn">
<msg time="2025-02-11T11:33:03.495646" level="INFO">Slept 2 seconds.</msg>
<arg>2s</arg>
<doc>Pauses the test executed for the given time.</doc>
<status status="PASS" start="2025-02-11T11:33:01.495041" elapsed="2.000699"/>
</kw>
<kw name="Wait Until Element Is Visible" owner="SeleniumLibrary">
<arg>${PeriodProductCard1}</arg>
<doc>Waits until the element ``locator`` is visible.</doc>
<status status="PASS" start="2025-02-11T11:33:03.495863" elapsed="0.009688"/>
</kw>
<kw name="Capture Page Screenshot" owner="SeleniumLibrary">
<msg time="2025-02-11T11:33:03.965395" level="INFO" html="true">&lt;/td&gt;&lt;/tr&gt;&lt;tr&gt;&lt;td colspan="3"&gt;&lt;a href="3-selenium-screenshot-1.png"&gt;&lt;img src="3-selenium-screenshot-1.png" width="800px"&gt;&lt;/a&gt;</msg>
<doc>Takes a screenshot of the current page and embeds it into a log file.</doc>
<status status="PASS" start="2025-02-11T11:33:03.505671" elapsed="0.459801"/>
</kw>
<kw name="Click Element" owner="SeleniumLibrary">
<msg time="2025-02-11T11:33:03.965714" level="INFO">Clicking element '//img[@alt='ultra soft hi-waist underwear front model view']'.</msg>
<arg>${PeriodProductCard1}</arg>
<doc>Click the element identified by ``locator``.</doc>
<status status="PASS" start="2025-02-11T11:33:03.965585" elapsed="1.596721"/>
</kw>
<status status="PASS" start="2025-02-11T11:33:00.163203" elapsed="5.399460"/>
</kw>
<kw name="Validate PDP Does Not Contain Reviews" owner="CookieSettings_TC004_Steps">
<kw name="Sleep" owner="BuiltIn">
<msg time="2025-02-11T11:33:07.564329" level="INFO">Slept 2 seconds.</msg>
<arg>2s</arg>
<doc>Pauses the test executed for the given time.</doc>
<status status="PASS" start="2025-02-11T11:33:05.563160" elapsed="2.001293"/>
</kw>
<kw name="Wait Until Element Is Visible" owner="SeleniumLibrary">
<arg>${PeriodProductReviewsError}</arg>
<doc>Waits until the element ``locator`` is visible.</doc>
<status status="PASS" start="2025-02-11T11:33:07.564594" elapsed="0.009687"/>
</kw>
<kw name="Element Should Be Visible" owner="SeleniumLibrary">
<msg time="2025-02-11T11:33:07.582089" level="INFO">Element '//div[@class='flex flex-col gap-y-2']//p[.='Uh oh! Content did not load. Check your cookie settings.']' is displayed.</msg>
<arg>${PeriodProductReviewsError}</arg>
<doc>Verifies that the element identified by ``locator`` is visible.</doc>
<status status="PASS" start="2025-02-11T11:33:07.574489" elapsed="0.007666"/>
</kw>
<kw name="Execute Javascript" owner="SeleniumLibrary">
<msg time="2025-02-11T11:33:07.582593" level="INFO">Executing JavaScript:
window.scrollTo(0, document.body.scrollHeight);
Without any arguments.</msg>
<arg>window.scrollTo(0, document.body.scrollHeight);</arg>
<doc>Executes the given JavaScript code with possible arguments.</doc>
<status status="PASS" start="2025-02-11T11:33:07.582262" elapsed="0.003004"/>
</kw>
<kw name="Wait Until Element Is Visible" owner="SeleniumLibrary">
<arg>${PeriodProductReviewsError2}</arg>
<doc>Waits until the element ``locator`` is visible.</doc>
<status status="PASS" start="2025-02-11T11:33:07.585410" elapsed="0.010070"/>
</kw>
<kw name="Element Should Be Visible" owner="SeleniumLibrary">
<msg time="2025-02-11T11:33:07.603176" level="INFO">Element '//section[@class='shopify-section']//p[.='Uh oh! Content did not load. Check your cookie settings.']' is displayed.</msg>
<arg>${PeriodProductReviewsError2}</arg>
<doc>Verifies that the element identified by ``locator`` is visible.</doc>
<status status="PASS" start="2025-02-11T11:33:07.595676" elapsed="0.007571"/>
</kw>
<status status="PASS" start="2025-02-11T11:33:05.562796" elapsed="2.040555"/>
</kw>
<kw name="Close Browser" owner="SeleniumLibrary" type="TEARDOWN">
<doc>Closes the current browser.</doc>
<status status="PASS" start="2025-02-11T11:33:07.603521" elapsed="0.211641"/>
</kw>
<status status="PASS" start="2025-02-11T11:32:22.843410" elapsed="44.971829"/>
</test>
<status status="PASS" start="2025-02-11T11:32:22.713837" elapsed="45.101889"/>
</suite>
<suite id="s1-s1-s5" name="CookieSettings TC005 Test" source="/Users/angeline.rohan/Desktop/QA Automation_Thinx.robot.py/ThinxAutomation1/Thinx-Automation1/tests/CookieSettings/CookieSettings_TC005_Test.robot">
<test id="s1-s1-s5-t1" name="Open Thinx" line="17">
<kw name="Open Thinx Homepage Using Chrome Browser" owner="resources" type="SETUP">
<kw name="Open Browser" owner="SeleniumLibrary">
<msg time="2025-02-11T11:33:06.116969" level="INFO">Opening browser 'Chrome' to base url 'https://www.thinx.com/'.</msg>
<arg>${ThinxHomepage}</arg>
<arg>Chrome</arg>
<doc>Opens a new browser instance to the optional ``url``.</doc>
<status status="PASS" start="2025-02-11T11:33:06.116846" elapsed="3.699674"/>
</kw>
<kw name="Maximize Browser Window" owner="SeleniumLibrary">
<doc>Maximizes current browser window.</doc>
<status status="PASS" start="2025-02-11T11:33:09.817540" elapsed="0.380820"/>
</kw>
<status status="PASS" start="2025-02-11T11:33:06.116486" elapsed="4.082284"/>
</kw>
<kw name="Navigate to PDPs &amp; Confirm Reviews Load" owner="CookieSettings_TC005_Steps">
<kw name="Wait Until Element Is Visible" owner="SeleniumLibrary">
<arg>${SleepShortsProductCard}</arg>
<doc>Waits until the element ``locator`` is visible.</doc>
<status status="PASS" start="2025-02-11T11:33:10.200066" elapsed="0.023281"/>
</kw>
<kw name="Scroll Element Into View" owner="SeleniumLibrary">
<arg>${SleepShortsProductCard}</arg>
<doc>Scrolls the element identified by ``locator`` into view.</doc>
<status status="PASS" start="2025-02-11T11:33:10.223761" elapsed="0.274248"/>
</kw>
<kw name="Click Element" owner="SeleniumLibrary">
<msg time="2025-02-11T11:33:10.498814" level="INFO">Clicking element '//article[.='buttery softXSSMLXL1X2X3X4XPeriodUltra Soft Sleep Shorts$55BlackPlum']'.</msg>
<arg>${SleepShortsProductCard}</arg>
<doc>Click the element identified by ``locator``.</doc>
<status status="PASS" start="2025-02-11T11:33:10.498329" elapsed="0.052602"/>
</kw>
<kw name="Sleep" owner="BuiltIn">
<msg time="2025-02-11T11:33:20.552172" level="INFO">Slept 10 seconds.</msg>
<arg>10</arg>
<doc>Pauses the test executed for the given time.</doc>
<status status="PASS" start="2025-02-11T11:33:10.551115" elapsed="10.001139"/>
</kw>
<kw name="Capture Page Screenshot" owner="SeleniumLibrary">
<msg time="2025-02-11T11:33:20.888022" level="INFO" html="true">&lt;/td&gt;&lt;/tr&gt;&lt;tr&gt;&lt;td colspan="3"&gt;&lt;a href="4-selenium-screenshot-1.png"&gt;&lt;img src="4-selenium-screenshot-1.png" width="800px"&gt;&lt;/a&gt;</msg>
<doc>Takes a screenshot of the current page and embeds it into a log file.</doc>
<status status="PASS" start="2025-02-11T11:33:20.552596" elapsed="0.335564"/>
</kw>
<kw name="Wait Until Element Is Visible" owner="SeleniumLibrary">
<arg>${PDPYotpoWidget1}</arg>
<doc>Waits until the element ``locator`` is visible.</doc>
<status status="PASS" start="2025-02-11T11:33:20.888401" elapsed="0.018869"/>
</kw>
<kw name="Element Should Be Visible" owner="SeleniumLibrary">
<msg time="2025-02-11T11:33:20.921994" level="INFO">Element '//div[@class='yotpo-widget-instance']' is displayed.</msg>
<arg>${PDPYotpoWidget1}</arg>
<doc>Verifies that the element identified by ``locator`` is visible.</doc>
<status status="PASS" start="2025-02-11T11:33:20.907564" elapsed="0.014498"/>
</kw>
<kw name="Capture Page Screenshot" owner="SeleniumLibrary">
<msg time="2025-02-11T11:33:21.170728" level="INFO" html="true">&lt;/td&gt;&lt;/tr&gt;&lt;tr&gt;&lt;td colspan="3"&gt;&lt;a href="4-selenium-screenshot-2.png"&gt;&lt;img src="4-selenium-screenshot-2.png" width="800px"&gt;&lt;/a&gt;</msg>
<doc>Takes a screenshot of the current page and embeds it into a log file.</doc>
<status status="PASS" start="2025-02-11T11:33:20.922181" elapsed="0.248620"/>
</kw>
<kw name="Wait Until Element Is Visible" owner="SeleniumLibrary">
<arg>${PDPYotpoJumplink}</arg>
<doc>Waits until the element ``locator`` is visible.</doc>
<status status="PASS" start="2025-02-11T11:33:21.170917" elapsed="0.011273"/>
</kw>
<kw name="Scroll Element Into View" owner="SeleniumLibrary">
<arg>${PDPYotpoJumplink}</arg>
<doc>Scrolls the element identified by ``locator`` into view.</doc>
<status status="PASS" start="2025-02-11T11:33:21.182317" elapsed="0.264067"/>
</kw>
<kw name="Click Element" owner="SeleniumLibrary">
<msg time="2025-02-11T11:33:21.447336" level="INFO">Clicking element '//div[@class='yotpo-sr-bottom-line-text yotpo-sr-bottom-line-text--right-panel']'.</msg>
<arg>${PDPYotpoJumplink}</arg>
<doc>Click the element identified by ``locator``.</doc>
<status status="PASS" start="2025-02-11T11:33:21.446756" elapsed="0.047640"/>
</kw>
<kw name="Sleep" owner="BuiltIn">
<msg time="2025-02-11T11:33:26.496852" level="INFO">Slept 5 seconds.</msg>
<arg>5</arg>
<doc>Pauses the test executed for the given time.</doc>
<status status="PASS" start="2025-02-11T11:33:21.494597" elapsed="5.002364"/>
</kw>
<kw name="Wait Until Element Is Visible" owner="SeleniumLibrary">
<arg>${PDPYotpoWidget2}</arg>
<doc>Waits until the element ``locator`` is visible.</doc>
<status status="PASS" start="2025-02-11T11:33:26.497091" elapsed="0.010181"/>
</kw>
<kw name="Element Should Be Visible" owner="SeleniumLibrary">
<msg time="2025-02-11T11:33:26.514805" level="INFO">Element '//div[@class='yotpo-header-container']' is displayed.</msg>
<arg>${PDPYotpoWidget2}</arg>
<doc>Verifies that the element identified by ``locator`` is visible.</doc>
<status status="PASS" start="2025-02-11T11:33:26.507441" elapsed="0.007425"/>
</kw>
[...]
<status status="PASS" start="2025-02-11T11:36:51.901752" elapsed="0.038892"/>
</kw>
<arg>${Lname}</arg>
<status status="PASS" start="2025-02-11T11:36:46.570995" elapsed="5.369736"/>
</kw>
<kw name="Generate Timestamped Email" owner="Registration_TC002_Pages">
<kw name="Get Time" owner="BuiltIn">
<msg time="2025-02-11T11:36:51.941154" level="INFO">${timestamp} = 1739291811</msg>
<var>${timestamp}</var>
<arg>epoch</arg>
<doc>Returns the given time in the requested format.</doc>
<status status="PASS" start="2025-02-11T11:36:51.941028" elapsed="0.000144"/>
</kw>
<kw name="Set Variable" owner="BuiltIn">
<msg time="2025-02-11T11:36:51.941330" level="INFO">${RegisterEmail} = email+1739291811@mailinator.com</msg>
<var>${RegisterEmail}</var>
<arg>email+${timestamp}@${EMAIL_DOMAIN}</arg>
<doc>Returns the given values which can then be assigned to a variables.</doc>
<status status="PASS" start="2025-02-11T11:36:51.941234" elapsed="0.000270"/>
</kw>
<return>
<value>${RegisterEmail}</value>
<status status="PASS" start="2025-02-11T11:36:51.941548" elapsed="0.000047"/>
</return>
<msg time="2025-02-11T11:36:51.941721" level="INFO">${RegisterEmail} = email+1739291811@mailinator.com</msg>
<var>${RegisterEmail}</var>
<status status="PASS" start="2025-02-11T11:36:51.940851" elapsed="0.000893"/>
</kw>
<kw name="Input Text" owner="SeleniumLibrary">
<msg time="2025-02-11T11:36:51.941944" level="INFO">Typing text 'email+1739291811@mailinator.com' into text field 'id=RegisterForm-email'.</msg>
<arg>id=RegisterForm-email</arg>
<arg>${RegisterEmail}</arg>
<doc>Types the given ``text`` into the text field identified by ``locator``.</doc>
<status status="PASS" start="2025-02-11T11:36:51.941826" elapsed="0.060609"/>
</kw>
<kw name="Enter New Account Email" owner="Registration_TC002_Pages">
<kw name="Sleep" owner="BuiltIn">
<msg time="2025-02-11T11:36:57.003329" level="INFO">Slept 5 seconds.</msg>
<arg>5</arg>
<doc>Pauses the test executed for the given time.</doc>
<status status="PASS" start="2025-02-11T11:36:52.002858" elapsed="5.000762"/>
</kw>
<kw name="Scroll Element Into View" owner="SeleniumLibrary">
<arg>locator=${RegisterEmailAddress}</arg>
<doc>Scrolls the element identified by ``locator`` into view.</doc>
<status status="PASS" start="2025-02-11T11:36:57.004076" elapsed="0.292828"/>
</kw>
<kw name="Wait Until Element Is Visible" owner="SeleniumLibrary">
<arg>${RegisterEmailAddress}</arg>
<arg>timeout=10s</arg>
<doc>Waits until the element ``locator`` is visible.</doc>
<status status="PASS" start="2025-02-11T11:36:57.297430" elapsed="0.017353"/>
</kw>
<kw name="Wait Until Element Is Enabled" owner="SeleniumLibrary">
<arg>${RegisterEmailAddress}</arg>
<arg>10</arg>
<doc>Waits until the element ``locator`` is enabled.</doc>
<status status="PASS" start="2025-02-11T11:36:57.315029" elapsed="0.013471"/>
</kw>
<kw name="Input Text" owner="SeleniumLibrary">
<msg time="2025-02-11T11:36:57.328812" level="INFO">Typing text 'email+1739291811@mailinator.com' into text field '//input[@id='RegisterForm-email']'.</msg>
<arg>${RegisterEmailAddress}</arg>
<arg>${RegisterEmail}</arg>
<doc>Types the given ``text`` into the text field identified by ``locator``.</doc>
<status status="PASS" start="2025-02-11T11:36:57.328624" elapsed="0.062663"/>
</kw>
<arg>${RegisterEmail}</arg>
<status status="PASS" start="2025-02-11T11:36:52.002637" elapsed="5.388720"/>
</kw>
<kw name="Enter New Account Password" owner="Registration_TC002_Pages">
<kw name="Sleep" owner="BuiltIn">
<msg time="2025-02-11T11:37:02.394136" level="INFO">Slept 5 seconds.</msg>
<arg>5</arg>
<doc>Pauses the test executed for the given time.</doc>
<status status="PASS" start="2025-02-11T11:36:57.391626" elapsed="5.002735"/>
</kw>
<kw name="Scroll Element Into View" owner="SeleniumLibrary">
<arg>locator=${RegisterPassword}</arg>
<doc>Scrolls the element identified by ``locator`` into view.</doc>
<status status="PASS" start="2025-02-11T11:37:02.394692" elapsed="0.288637"/>
</kw>
<kw name="Wait Until Element Is Visible" owner="SeleniumLibrary">
<arg>${RegisterPassword}</arg>
<arg>timeout=10s</arg>
<doc>Waits until the element ``locator`` is visible.</doc>
<status status="PASS" start="2025-02-11T11:37:02.683759" elapsed="0.017754"/>
</kw>
<kw name="Wait Until Element Is Enabled" owner="SeleniumLibrary">
<arg>${RegisterPassword}</arg>
<arg>10</arg>
<doc>Waits until the element ``locator`` is enabled.</doc>
<status status="PASS" start="2025-02-11T11:37:02.701754" elapsed="0.013145"/>
</kw>
<kw name="Input Text" owner="SeleniumLibrary">
<msg time="2025-02-11T11:37:02.715257" level="INFO">Typing text 'Welcome@12345' into text field '//input[@id='RegisterForm-password']'.</msg>
<arg>${RegisterPassword}</arg>
<arg>${RegisterPwd}</arg>
<doc>Types the given ``text`` into the text field identified by ``locator``.</doc>
<status status="PASS" start="2025-02-11T11:37:02.715043" elapsed="0.042645"/>
</kw>
<arg>${RegisterPwd}</arg>
<status status="PASS" start="2025-02-11T11:36:57.391453" elapsed="5.366313"/>
</kw>
<kw name="Sleep" owner="BuiltIn">
<msg time="2025-02-11T11:37:07.760626" level="INFO">Slept 5 seconds.</msg>
<arg>5</arg>
<doc>Pauses the test executed for the given time.</doc>
<status status="PASS" start="2025-02-11T11:37:02.757850" elapsed="5.003048"/>
</kw>
<kw name="Check Account Disclaimer Checkbox" owner="Registration_TC002_Pages">
<kw name="Wait Until Element Is Visible" owner="SeleniumLibrary">
<arg>${DisclaimerCheckbox}</arg>
<doc>Waits until the element ``locator`` is visible.</doc>
<status status="PASS" start="2025-02-11T11:37:07.762211" elapsed="0.022362"/>
</kw>
<kw name="Set Focus To Element" owner="SeleniumLibrary">
<arg>${DisclaimerCheckbox}</arg>
<doc>Sets the focus to the element identified by ``locator``.</doc>
<status status="PASS" start="2025-02-11T11:37:07.784784" elapsed="0.014343"/>
</kw>
<kw name="Click Element" owner="SeleniumLibrary">
<msg time="2025-02-11T11:37:07.799493" level="INFO">Clicking element '//input[@id='registration_disclaimer']'.</msg>
<arg>${DisclaimerCheckbox}</arg>
<doc>Click the element identified by ``locator``.</doc>
<status status="PASS" start="2025-02-11T11:37:07.799286" elapsed="0.033314"/>
</kw>
<kw name="Execute Javascript" owner="SeleniumLibrary">
<msg time="2025-02-11T11:37:07.833009" level="INFO">Executing JavaScript:
window.scrollTo(0, document.body.scrollHeight / 2)
Without any arguments.</msg>
<arg>window.scrollTo(0, document.body.scrollHeight / 2)</arg>
<doc>Executes the given JavaScript code with possible arguments.</doc>
<status status="PASS" start="2025-02-11T11:37:07.832707" elapsed="0.002456"/>
</kw>
<kw name="Wait Until Element Is Visible" owner="SeleniumLibrary">
<arg>${CreateAccountCTA}</arg>
<doc>Waits until the element ``locator`` is visible.</doc>
<status status="PASS" start="2025-02-11T11:37:07.835248" elapsed="0.016020"/>
</kw>
<kw name="Set Focus To Element" owner="SeleniumLibrary">
<arg>${CreateAccountCTA}</arg>
<doc>Sets the focus to the element identified by ``locator``.</doc>
<status status="PASS" start="2025-02-11T11:37:07.851377" elapsed="0.009381"/>
</kw>
<kw name="Capture Page Screenshot" owner="SeleniumLibrary">
<msg time="2025-02-11T11:37:07.972540" level="INFO" html="true">&lt;/td&gt;&lt;/tr&gt;&lt;tr&gt;&lt;td colspan="3"&gt;&lt;a href="30-selenium-screenshot-1.png"&gt;&lt;img src="30-selenium-screenshot-1.png" width="800px"&gt;&lt;/a&gt;</msg>
<doc>Takes a screenshot of the current page and embeds it into a log file.</doc>
<status status="PASS" start="2025-02-11T11:37:07.860867" elapsed="0.111734"/>
</kw>
<kw name="Click Element" owner="SeleniumLibrary">
<msg time="2025-02-11T11:37:07.972809" level="INFO">Clicking element '//button[@class='w-full button button--primary']'.</msg>
<arg>${CreateAccountCTA}</arg>
<doc>Click the element identified by ``locator``.</doc>
<status status="PASS" start="2025-02-11T11:37:07.972693" elapsed="0.030931"/>
</kw>
<status status="PASS" start="2025-02-11T11:37:07.761439" elapsed="0.242263"/>
</kw>
<kw name="Close Browser" owner="SeleniumLibrary" type="TEARDOWN">
<doc>Closes the current browser.</doc>
<status status="PASS" start="2025-02-11T11:37:08.003853" elapsed="0.220471"/>
</kw>
<status status="PASS" start="2025-02-11T11:36:28.138054" elapsed="40.086334"/>
</test>
<status status="PASS" start="2025-02-11T11:36:28.040383" elapsed="40.184320"/>
</suite>
<status status="PASS" start="2025-02-11T11:36:19.193000" elapsed="54.469000"/>
</suite>
<doc>[https://pabot.org/?ref=log|Pabot] result from 31 executions.</doc>
<status status="FAIL" start="2025-02-11T11:32:22.707000" elapsed="285.518000"/>
</suite>
<statistics>
<total>
<stat pass="21" fail="11" skip="0">All Tests</stat>
</total>
<tag>
</tag>
<suite>
<stat pass="21" fail="11" skip="0" id="s1" name="Tests">Tests</stat>
<stat pass="5" fail="0" skip="0" id="s1-s1" name="CookieSettings">Tests.CookieSettings</stat>
<stat pass="1" fail="0" skip="0" id="s1-s1-s1" name="CookieSettings TC001 Test">Tests.CookieSettings.CookieSettings TC001 Test</stat>
<stat pass="1" fail="0" skip="0" id="s1-s1-s2" name="CookieSettings TC002 Test">Tests.CookieSettings.CookieSettings TC002 Test</stat>
<stat pass="1" fail="0" skip="0" id="s1-s1-s3" name="CookieSettings TC003 Test">Tests.CookieSettings.CookieSettings TC003 Test</stat>
<stat pass="1" fail="0" skip="0" id="s1-s1-s4" name="CookieSettings TC004 Test">Tests.CookieSettings.CookieSettings TC004 Test</stat>
<stat pass="1" fail="0" skip="0" id="s1-s1-s5" name="CookieSettings TC005 Test">Tests.CookieSettings.CookieSettings TC005 Test</stat>
<stat pass="2" fail="1" skip="0" id="s1-s2" name="DoNotSellOrShareMyInfo">Tests.DoNotSellOrShareMyInfo</stat>
<stat pass="0" fail="1" skip="0" id="s1-s2-s1" name="DoNotSellInfo TC001 Test">Tests.DoNotSellOrShareMyInfo.DoNotSellInfo TC001 Test</stat>
<stat pass="1" fail="0" skip="0" id="s1-s2-s2" name="DoNotSellInfo TC002 Test">Tests.DoNotSellOrShareMyInfo.DoNotSellInfo TC002 Test</stat>
<stat pass="1" fail="0" skip="0" id="s1-s2-s3" name="DoNotSellInfo TC003 Test">Tests.DoNotSellOrShareMyInfo.DoNotSellInfo TC003 Test</stat>
<stat pass="2" fail="1" skip="0" id="s1-s3" name="Footer">Tests.Footer</stat>
<stat pass="1" fail="0" skip="0" id="s1-s3-s1" name="Footer TC001 Test">Tests.Footer.Footer TC001 Test</stat>
<stat pass="0" fail="1" skip="0" id="s1-s3-s2" name="Footer TC002 Test">Tests.Footer.Footer TC002 Test</stat>
<stat pass="1" fail="0" skip="0" id="s1-s3-s3" name="Footer TC003 Test">Tests.Footer.Footer TC003 Test</stat>
<stat pass="1" fail="1" skip="0" id="s1-s4" name="ForgotPassword">Tests.ForgotPassword</stat>
<stat pass="1" fail="0" skip="0" id="s1-s4-s1" name="ForgotPassword TC001 Test">Tests.ForgotPassword.ForgotPassword TC001 Test</stat>
<stat pass="0" fail="1" skip="0" id="s1-s4-s2" name="ForgotPassword TC002 Test">Tests.ForgotPassword.ForgotPassword TC002 Test</stat>
<stat pass="2" fail="1" skip="0" id="s1-s5" name="HomePage">Tests.HomePage</stat>
<stat pass="1" fail="0" skip="0" id="s1-s5-s1" name="HomePage TC001 Test">Tests.HomePage.HomePage TC001 Test</stat>
<stat pass="0" fail="1" skip="0" id="s1-s5-s2" name="HomePage TC002 Test">Tests.HomePage.HomePage TC002 Test</stat>
<stat pass="1" fail="0" skip="0" id="s1-s5-s3" name="HomePage TC003 Test">Tests.HomePage.HomePage TC003 Test</stat>
<stat pass="2" fail="1" skip="0" id="s1-s6" name="Login">Tests.Login</stat>
<stat pass="1" fail="0" skip="0" id="s1-s6-s1" name="Login TC001 Test">Tests.Login.Login TC001 Test</stat>
<stat pass="1" fail="0" skip="0" id="s1-s6-s2" name="Login TC002 Test">Tests.Login.Login TC002 Test</stat>
<stat pass="0" fail="1" skip="0" id="s1-s6-s3" name="Login TC003 Test">Tests.Login.Login TC003 Test</stat>
<stat pass="0" fail="1" skip="0" id="s1-s7" name="Logout">Tests.Logout</stat>
<stat pass="0" fail="1" skip="0" id="s1-s7-s1" name="Logout TC001 Tests">Tests.Logout.Logout TC001 Tests</stat>
<stat pass="2" fail="0" skip="0" id="s1-s8" name="Meganav">Tests.Meganav</stat>
<stat pass="1" fail="0" skip="0" id="s1-s8-s1" name="Meganav TC001 Tests">Tests.Meganav.Meganav TC001 Tests</stat>
<stat pass="1" fail="0" skip="0" id="s1-s8-s2" name="Meganav TC002 Tests">Tests.Meganav.Meganav TC002 Tests</stat>
<stat pass="1" fail="4" skip="0" id="s1-s9" name="PDP">Tests.PDP</stat>
<stat pass="1" fail="0" skip="0" id="s1-s9-s1" name="PDP TC001 Test">Tests.PDP.PDP TC001 Test</stat>
<stat pass="0" fail="1" skip="0" id="s1-s9-s2" name="PDP TC002 Test">Tests.PDP.PDP TC002 Test</stat>
<stat pass="0" fail="2" skip="0" id="s1-s9-s3" name="PDP TC003 Test">Tests.PDP.PDP TC003 Test</stat>
<stat pass="0" fail="1" skip="0" id="s1-s9-s4" name="PDP TC004 Test">Tests.PDP.PDP TC004 Test</stat>
<stat pass="2" fail="1" skip="0" id="s1-s10" name="PLP">Tests.PLP</stat>
<stat pass="1" fail="0" skip="0" id="s1-s10-s1" name="PLP TC001 Test">Tests.PLP.PLP TC001 Test</stat>
<stat pass="1" fail="0" skip="0" id="s1-s10-s2" name="PLP TC002 Test">Tests.PLP.PLP TC002 Test</stat>
<stat pass="0" fail="1" skip="0" id="s1-s10-s3" name="PLP TC003 Test">Tests.PLP.PLP TC003 Test</stat>
<stat pass="2" fail="0" skip="0" id="s1-s11" name="Registration">Tests.Registration</stat>
<stat pass="1" fail="0" skip="0" id="s1-s11-s1" name="Registration TC001 Test">Tests.Registration.Registration TC001 Test</stat>
<stat pass="1" fail="0" skip="0" id="s1-s11-s2" name="Registration TC002 Test">Tests.Registration.Registration TC002 Test</stat>
</suite>
</statistics>
<errors>
<msg time="2025-02-11T11:32:22.826932" level="ERROR">Error in file '/Users/angeline.rohan/Desktop/QA Automation_Thinx.robot.py/ThinxAutomation1/Thinx-Automation1/steps/PDP/PDP_TC004_Steps.robot' on line 4: Setting 'Suite Setup' is not allowed in resource file.</msg>
<msg time="2025-02-11T11:32:22.828016" level="ERROR">Error in file '/Users/angeline.rohan/Desktop/QA Automation_Thinx.robot.py/ThinxAutomation1/Thinx-Automation1/steps/PDP/PDP_TC004_Steps.robot' on line 4: Setting 'Suite Setup' is not allowed in resource file.</msg>
<msg time="2025-02-11T11:32:22.839413" level="ERROR">Error in file '/Users/angeline.rohan/Desktop/QA Automation_Thinx.robot.py/ThinxAutomation1/Thinx-Automation1/steps/PDP/PDP_TC004_Steps.robot' on line 4: Setting 'Suite Setup' is not allowed in resource file.</msg>
<msg time="2025-02-11T11:32:22.841736" level="ERROR">Error in file '/Users/angeline.rohan/Desktop/QA Automation_Thinx.robot.py/ThinxAutomation1/Thinx-Automation1/tests/CookieSettings/CookieSettings_TC004_Test.robot' on line 14: Setting 'Test Setup' is not allowed in resource file.</msg>
<msg time="2025-02-11T11:32:22.841813" level="ERROR">Error in file '/Users/angeline.rohan/Desktop/QA Automation_Thinx.robot.py/ThinxAutomation1/Thinx-Automation1/tests/CookieSettings/CookieSettings_TC004_Test.robot' on line 15: Setting 'Test Teardown' is not allowed in resource file.</msg>
<msg time="2025-02-11T11:32:22.841855" level="ERROR">Error in file '/Users/angeline.rohan/Desktop/QA Automation_Thinx.robot.py/ThinxAutomation1/Thinx-Automation1/steps/CookieSettings/CookieSettings_TC004_Steps.robot' on line 3: Error in file '/Users/angeline.rohan/Desktop/QA Automation_Thinx.robot.py/ThinxAutomation1/Thinx-Automation1/tests/CookieSettings/CookieSettings_TC004_Test.robot' on line 21: Resource file with 'Test Cases' section is invalid.</msg>
<msg time="2025-02-11T11:32:22.842192" level="ERROR">Error in file '/Users/angeline.rohan/Desktop/QA Automation_Thinx.robot.py/ThinxAutomation1/Thinx-Automation1/steps/PDP/PDP_TC004_Steps.robot' on line 4: Setting 'Suite Setup' is not allowed in resource file.</msg>
<msg time="2025-02-11T11:33:08.389230" level="ERROR">Error in file '/Users/angeline.rohan/Desktop/QA Automation_Thinx.robot.py/ThinxAutomation1/Thinx-Automation1/steps/PDP/PDP_TC004_Steps.robot' on line 4: Setting 'Suite Setup' is not allowed in resource file.</msg>
<msg time="2025-02-11T11:33:13.021572" level="ERROR">Error in file '/Users/angeline.rohan/Desktop/QA Automation_Thinx.robot.py/ThinxAutomation1/Thinx-Automation1/steps/PDP/PDP_TC004_Steps.robot' on line 4: Setting 'Suite Setup' is not allowed in resource file.</msg>
<msg time="2025-02-11T11:33:18.630287" level="ERROR">Error in file '/Users/angeline.rohan/Desktop/QA Automation_Thinx.robot.py/ThinxAutomation1/Thinx-Automation1/tests/DoNotSellOrShareMyInfo/DoNotSellInfo_TC003_Test.robot' on line 11: Resource file '../../pages/Registration/Registration_TC004_Pages.robot' does not exist.</msg>
<msg time="2025-02-11T11:33:18.640191" level="ERROR">Error in file '/Users/angeline.rohan/Desktop/QA Automation_Thinx.robot.py/ThinxAutomation1/Thinx-Automation1/steps/PDP/PDP_TC004_Steps.robot' on line 4: Setting 'Suite Setup' is not allowed in resource file.</msg>
<msg time="2025-02-11T11:33:35.668533" level="ERROR">Error in file '/Users/angeline.rohan/Desktop/QA Automation_Thinx.robot.py/ThinxAutomation1/Thinx-Automation1/steps/PDP/PDP_TC004_Steps.robot' on line 4: Setting 'Suite Setup' is not allowed in resource file.</msg>
<msg time="2025-02-11T11:33:36.908489" level="ERROR">Error in file '/Users/angeline.rohan/Desktop/QA Automation_Thinx.robot.py/ThinxAutomation1/Thinx-Automation1/steps/PDP/PDP_TC004_Steps.robot' on line 4: Setting 'Suite Setup' is not allowed in resource file.</msg>
<msg time="2025-02-11T11:34:06.874045" level="ERROR">Error in file '/Users/angeline.rohan/Desktop/QA Automation_Thinx.robot.py/ThinxAutomation1/Thinx-Automation1/steps/PDP/PDP_TC004_Steps.robot' on line 4: Setting 'Suite Setup' is not allowed in resource file.</msg>
<msg time="2025-02-11T11:34:06.869723" level="ERROR">Error in file '/Users/angeline.rohan/Desktop/QA Automation_Thinx.robot.py/ThinxAutomation1/Thinx-Automation1/tests/ForgotPassword/ForgotPassword_TC001_Test.robot' on line 11: Resource file '../../pages/Registration/Registration_TC004_Pages.robot' does not exist.</msg>
<msg time="2025-02-11T11:34:20.498187" level="ERROR">Error in file '/Users/angeline.rohan/Desktop/QA Automation_Thinx.robot.py/ThinxAutomation1/Thinx-Automation1/tests/ForgotPassword/ForgotPassword_TC002_Test.robot' on line 11: Resource file '../../pages/Registration/Registration_TC004_Pages.robot' does not exist.</msg>
<msg time="2025-02-11T11:34:52.481131" level="ERROR">Error in file '/Users/angeline.rohan/Desktop/QA Automation_Thinx.robot.py/ThinxAutomation1/Thinx-Automation1/tests/Login/Login_TC001_Test.robot' on line 13: Resource file '../../pages/Registration/Registration_TC004_Pages.robot' does not exist.</msg>
<msg time="2025-02-11T11:35:02.349034" level="ERROR">Error in file '/Users/angeline.rohan/Desktop/QA Automation_Thinx.robot.py/ThinxAutomation1/Thinx-Automation1/steps/Login/Login_TC002_Steps.robot' on line 4: Resource file '../../pages/Registration/Registration_TC004_Pages.robot' does not exist.</msg>
<msg time="2025-02-11T11:35:29.255282" level="ERROR">Error in file '/Users/angeline.rohan/Desktop/QA Automation_Thinx.robot.py/ThinxAutomation1/Thinx-Automation1/steps/PDP/PDP_TC004_Steps.robot' on line 4: Setting 'Suite Setup' is not allowed in resource file.</msg>
<msg time="2025-02-11T11:35:33.648714" level="ERROR">Error in file '/Users/angeline.rohan/Desktop/QA Automation_Thinx.robot.py/ThinxAutomation1/Thinx-Automation1/steps/PDP/PDP_TC003_Steps.robot' on line 4: Setting 'Suite Setup' is not allowed in resource file.</msg>
<msg time="2025-02-11T11:35:33.650532" level="ERROR">Error in file '/Users/angeline.rohan/Desktop/QA Automation_Thinx.robot.py/ThinxAutomation1/Thinx-Automation1/steps/PDP/PDP_TC004_Steps.robot' on line 4: Setting 'Suite Setup' is not allowed in resource file.</msg>
<msg time="2025-02-11T11:36:11.590683" level="WARN">Multiple tests with name 'Open Thinx PDP Using Chrome Browser options=${CHROME_OPTIONS}' executed in suite 'Tests.PDP.PDP TC003 Test'.</msg>
<msg time="2025-02-11T11:35:46.828267" level="ERROR">Error in file '/Users/angeline.rohan/Desktop/QA Automation_Thinx.robot.py/ThinxAutomation1/Thinx-Automation1/steps/PDP/PDP_TC004_Steps.robot' on line 4: Setting 'Suite Setup' is not allowed in resource file.</msg>
</errors>
</robot>
