==============================================================================
Tests                                                                         
==============================================================================
Tests.PDP                                                                     
==============================================================================
Tests.PDP.PDP TC004 Test                                                      
==============================================================================
Open Thinx PDP Using Chrome Browser                                     
  Traceback (most recent call last):
    ~~~~~~~~~~~~~~~~~~~~~~~~~~~~~~~~~~~~~~~~~~~~~~~~~~~~~~~~~~~~~~~~~~~~~~~~~~
    File  /Users/angeline.rohan/Desktop/QA Automation_Thinx.robot.py/ThinxAutomation1/Thinx-Automation1/tests/PDP/PDP_TC004_Test.robot:20
    T:  Open Thinx PDP Using Chrome Browser    
    ~~~~~~~~~~~~~~~~~~~~~~~~~~~~~~~~~~~~~~~~~~~~~~~~~~~~~~~~~~~~~~~~~~~~~~~~~~
    File  /Users/angeline.rohan/Desktop/QA Automation_Thinx.robot.py/ThinxAutomation1/Thinx-Automation1/tests/PDP/PDP_TC004_Test.robot:24
      Validate You Can Select Different Color Swatch    
    ~~~~~~~~~~~~~~~~~~~~~~~~~~~~~~~~~~~~~~~~~~~~~~~~~~~~~~~~~~~~~~~~~~~~~~~~~~
    File  /Users/angeline.rohan/Desktop/QA Automation_Thinx.robot.py/ThinxAutomation1/Thinx-Automation1/steps/PDP/PDP_TC004_Steps.robot:17
      Click Element    ${ColorSwatch}
      |  ${ColorSwatch} = product-option-Color-plum (str)
______________________________________________________________________________
| FAIL |
ElementClickInterceptedException: Message: element click intercepted: Element <input type="radio" id="product-option-Color-plum" name="product-option-Color-Color" class="peer size-7 cursor-pointer border-0 !ring-0 checked:size-6 checked:bg-none" value="Plum"> is not clickable at point (1002, 423). Other element would receive the click: <div class="swatch__outline transition-[color, opacity] absolute inset-0 rounded-full border opacity-0 duration-200 peer-checked:opacity-100"></div>
  (Session info: chrome=133.0.6943.99)
Stacktrace:
0   chromedriver                        0x0000000104f32bac cxxbridge1$str$ptr + 2724820
1   chromedriver                        0x0000000104f2b20c cxxbridge1$str$ptr + 2693684
2   chromedriver                        0x0000000104a91afc cxxbridge1$string$len + 93348
3   chromedriver                        0x0000000104ade398 cxxbridge1$string$len + 406848
4   chromedriver                        0x0000000104adc928 cxxbridge1$string$len + 400080
5   chromedriver                        0x0000000104ada73c cxxbridge1$strin...
    [ Message content over the limit has been removed. ]
...er                        0x0000000104accba0 cxxbridge1$string$len + 335176
11  chromedriver                        0x0000000104efb664 cxxbridge1$str$ptr + 2498188
12  chromedriver                        0x0000000104efe978 cxxbridge1$str$ptr + 2511264
13  chromedriver                        0x0000000104ee0d04 cxxbridge1$str$ptr + 2389292
14  chromedriver                        0x0000000104eff220 cxxbridge1$str$ptr + 2513480
15  chromedriver                        0x0000000104ed1cec cxxbridge1$str$ptr + 2327828
16  chromedriver                        0x0000000104f1b8d4 cxxbridge1$str$ptr + 2629884
17  chromedriver                        0x0000000104f1ba5c cxxbridge1$str$ptr + 2630276
18  chromedriver                        0x0000000104f2ae80 cxxbridge1$str$ptr + 2692776
19  libsystem_pthread.dylib             0x00000001893b5f94 _pthread_start + 136
20  libsystem_pthread.dylib             0x00000001893b0d34 thread_start + 8
------------------------------------------------------------------------------
Tests.PDP.PDP TC004 Test                                              | FAIL |
1 test, 0 passed, 1 failed
==============================================================================
Tests.PDP                                                             | FAIL |
1 test, 0 passed, 1 failed
==============================================================================
Tests                                                                 | FAIL |
1 test, 0 passed, 1 failed
==============================================================================
Output:  /Users/angeline.rohan/Desktop/QA Automation_Thinx.robot.py/ThinxAutomation1/Thinx-Automation1/pabot_results/31/output.xml
