<?xml version="1.0" encoding="UTF-8"?>
<robot generator="Robot 7.1.1 (Python 3.13.1 on darwin)" generated="2025-02-18T16:01:00.131727" rpa="false" schemaversion="5">
<suite id="s1" name="Tests" source="/Users/angeline.rohan/Desktop/QA Automation_Thinx.robot.py/ThinxAutomation1/Thinx-Automation1/tests">
<suite id="s1-s1" name="Meganav" source="/Users/angeline.rohan/Desktop/QA Automation_Thinx.robot.py/ThinxAutomation1/Thinx-Automation1/tests/Meganav">
<suite id="s1-s1-s1" name="Meganav TC002 Tests" source="/Users/angeline.rohan/Desktop/QA Automation_Thinx.robot.py/ThinxAutomation1/Thinx-Automation1/tests/Meganav/Meganav_TC002_Tests.robot">
<test id="s1-s1-s1-t1" name="Open Thinx Homepage Using Chrome Browser" line="14">
<kw name="Open Thinx Homepage Using Chrome Browser" owner="resources" type="SETUP">
<kw name="Open Browser" owner="SeleniumLibrary">
<msg time="2025-02-18T16:01:01.232079" level="INFO">Opening browser 'Chrome' to base url 'https://www.thinx.com/'.</msg>
<arg>${ThinxHomepage}</arg>
<arg>Chrome</arg>
<doc>Opens a new browser instance to the optional ``url``.</doc>
<status status="PASS" start="2025-02-18T16:01:01.231666" elapsed="6.418679"/>
</kw>
<kw name="Maximize Browser Window" owner="SeleniumLibrary">
<doc>Maximizes current browser window.</doc>
<status status="PASS" start="2025-02-18T16:01:07.650976" elapsed="0.375080"/>
</kw>
<status status="PASS" start="2025-02-18T16:01:01.230921" elapsed="6.795252"/>
</kw>
<kw name="Validate Meganav Displays" owner="Meganav_TC002_Steps">
<kw name="Wait Until Element Is Visible" owner="SeleniumLibrary">
<arg>${PeriodNav}</arg>
<arg>10s</arg>
<doc>Waits until the element ``locator`` is visible.</doc>
<status status="PASS" start="2025-02-18T16:01:08.026909" elapsed="0.018140"/>
</kw>
<kw name="Mouse Over" owner="SeleniumLibrary">
<msg time="2025-02-18T16:01:08.045341" level="INFO">Simulating Mouse Over on element '//span[.='period']'.</msg>
<arg>${PeriodNav}</arg>
<doc>Simulates hovering the mouse over the element ``locator``.</doc>
<status status="PASS" start="2025-02-18T16:01:08.045171" elapsed="0.268800"/>
</kw>
<kw name="Wait Until Element Is Visible" owner="SeleniumLibrary">
<arg>${PeriodSubMenu}</arg>
<arg>10s</arg>
<doc>Waits until the element ``locator`` is visible.</doc>
<status status="PASS" start="2025-02-18T16:01:08.314120" elapsed="0.012204"/>
</kw>
<status status="PASS" start="2025-02-18T16:01:08.026382" elapsed="0.300102"/>
</kw>
<kw name="Validate Shop All Nav Directs to Right Page" owner="Meganav_TC002_Steps">
<kw name="Click Element" owner="SeleniumLibrary">
<msg time="2025-02-18T16:01:08.328134" level="INFO">Clicking element '//span[.='shop all']'.</msg>
<arg>${ShopAllNav}</arg>
<doc>Click the element identified by ``locator``.</doc>
<status status="PASS" start="2025-02-18T16:01:08.327294" elapsed="0.061960"/>
</kw>
<kw name="Wait Until Element Is Visible" owner="SeleniumLibrary">
<arg>${H1}</arg>
<doc>Waits until the element ``locator`` is visible.</doc>
<status status="PASS" start="2025-02-18T16:01:08.389451" elapsed="2.726968"/>
</kw>
<kw name="Get Text" owner="SeleniumLibrary">
<msg time="2025-02-18T16:01:11.194591" level="INFO">${h1_text} = shop all</msg>
<var>${h1_text}</var>
<arg>${H1}</arg>
<doc>Returns the text value of the element identified by ``locator``.</doc>
<status status="PASS" start="2025-02-18T16:01:11.116557" elapsed="0.078070"/>
</kw>
<kw name="Should Contain" owner="BuiltIn">
<arg>${h1_text}</arg>
<arg>shop all</arg>
<doc>Fails if ``container`` does not contain ``item`` one or more times.</doc>
<status status="PASS" start="2025-02-18T16:01:11.194751" elapsed="0.000173"/>
</kw>
<kw name="Wait Until Location Is" owner="SeleniumLibrary">
<arg>${ShopAllURL}</arg>
<arg>10s</arg>
<doc>Waits until the current URL is ``expected``.</doc>
<status status="PASS" start="2025-02-18T16:01:11.195097" elapsed="0.021830"/>
</kw>
<kw name="Location Should Be" owner="SeleniumLibrary">
<msg time="2025-02-18T16:01:11.239054" level="INFO">Current location is 'https://www.thinx.com/collections/shop-all'.</msg>
<arg>${ShopAllURL}</arg>
<doc>Verifies that the current URL is exactly ``url``.</doc>
<status status="PASS" start="2025-02-18T16:01:11.217058" elapsed="0.022078"/>
</kw>
<status status="PASS" start="2025-02-18T16:01:08.326764" elapsed="2.912450"/>
</kw>
<kw name="Validate Period Nav Directs to Right Page" owner="Meganav_TC002_Steps">
<kw name="Click Element" owner="SeleniumLibrary">
<msg time="2025-02-18T16:01:11.239839" level="INFO">Clicking element '//span[.='period']'.</msg>
<arg>${PeriodNav}</arg>
<doc>Click the element identified by ``locator``.</doc>
<status status="PASS" start="2025-02-18T16:01:11.239613" elapsed="0.204648"/>
</kw>
<kw name="Wait Until Location Is" owner="SeleniumLibrary">
<arg>${PeriodURL}</arg>
<arg>10s</arg>
<doc>Waits until the current URL is ``expected``.</doc>
<status status="PASS" start="2025-02-18T16:01:11.444491" elapsed="3.044486"/>
</kw>
<kw name="Location Should Be" owner="SeleniumLibrary">
<msg time="2025-02-18T16:01:14.508626" level="INFO">Current location is 'https://www.thinx.com/collections/period-shop-all'.</msg>
<arg>${PeriodURL}</arg>
<doc>Verifies that the current URL is exactly ``url``.</doc>
<status status="PASS" start="2025-02-18T16:01:14.489212" elapsed="0.019524"/>
</kw>
<kw name="Wait Until Element Is Visible" owner="SeleniumLibrary">
<arg>${H1}</arg>
<doc>Waits until the element ``locator`` is visible.</doc>
<status status="PASS" start="2025-02-18T16:01:14.508929" elapsed="0.014084"/>
</kw>
<kw name="Get Text" owner="SeleniumLibrary">
<msg time="2025-02-18T16:01:14.538198" level="INFO">${h1_text} = shop period</msg>
<var>${h1_text}</var>
<arg>${H1}</arg>
<doc>Returns the text value of the element identified by ``locator``.</doc>
<status status="PASS" start="2025-02-18T16:01:14.523314" elapsed="0.014959"/>
</kw>
<kw name="Should Contain" owner="BuiltIn">
<arg>${h1_text}</arg>
<arg>shop period</arg>
<doc>Fails if ``container`` does not contain ``item`` one or more times.</doc>
<status status="PASS" start="2025-02-18T16:01:14.538450" elapsed="0.000179"/>
</kw>
<status status="PASS" start="2025-02-18T16:01:11.239401" elapsed="3.299327"/>
</kw>
<kw name="Validate Bladder Nav Directs to Right Page" owner="Meganav_TC002_Steps">
<kw name="Click Element" owner="SeleniumLibrary">
<msg time="2025-02-18T16:01:14.539144" level="INFO">Clicking element '//span[.='bladder']'.</msg>
<arg>${BladderNav}</arg>
<doc>Click the element identified by ``locator``.</doc>
<status status="PASS" start="2025-02-18T16:01:14.539030" elapsed="0.065497"/>
</kw>
<kw name="Wait Until Location Is" owner="SeleniumLibrary">
<arg>${BladderURL}</arg>
<arg>10s</arg>
<doc>Waits until the current URL is ``expected``.</doc>
<status status="PASS" start="2025-02-18T16:01:14.604784" elapsed="3.135627"/>
</kw>
<kw name="Location Should Be" owner="SeleniumLibrary">
<msg time="2025-02-18T16:01:17.743221" level="INFO">Current location is 'https://www.thinx.com/collections/bladder-shop-all'.</msg>
<arg>${BladderURL}</arg>
<doc>Verifies that the current URL is exactly ``url``.</doc>
<status status="PASS" start="2025-02-18T16:01:17.740614" elapsed="0.002682"/>
</kw>
<kw name="Wait Until Element Is Visible" owner="SeleniumLibrary">
<arg>${H1}</arg>
<doc>Waits until the element ``locator`` is visible.</doc>
<status status="PASS" start="2025-02-18T16:01:17.743408" elapsed="0.036490"/>
</kw>
<kw name="Get Text" owner="SeleniumLibrary">
<msg time="2025-02-18T16:01:17.791783" level="INFO">${h1_text} = shop all bladder</msg>
<var>${h1_text}</var>
<arg>${H1}</arg>
<doc>Returns the text value of the element identified by ``locator``.</doc>
<status status="PASS" start="2025-02-18T16:01:17.780156" elapsed="0.011657"/>
</kw>
<kw name="Should Contain" owner="BuiltIn">
<arg>${h1_text}</arg>
<arg>shop all bladder</arg>
<doc>Fails if ``container`` does not contain ``item`` one or more times.</doc>
<status status="PASS" start="2025-02-18T16:01:17.792010" elapsed="0.000246"/>
</kw>
<status status="PASS" start="2025-02-18T16:01:14.538884" elapsed="3.253419"/>
</kw>
<kw name="Validate Teens Nav Directs to Right Page" owner="Meganav_TC002_Steps">
<kw name="Click Element" owner="SeleniumLibrary">
<msg time="2025-02-18T16:01:17.792742" level="INFO">Clicking element '//span[.='teens']'.</msg>
<arg>${TeensNav}</arg>
<doc>Click the element identified by ``locator``.</doc>
<status status="PASS" start="2025-02-18T16:01:17.792538" elapsed="0.116473"/>
</kw>
<kw name="Wait Until Location Is" owner="SeleniumLibrary">
<arg>${TeensURL}</arg>
<arg>10s</arg>
<doc>Waits until the current URL is ``expected``.</doc>
<status status="PASS" start="2025-02-18T16:01:17.909250" elapsed="2.160339"/>
</kw>
<kw name="Location Should Be" owner="SeleniumLibrary">
<msg time="2025-02-18T16:01:20.075246" level="INFO">Current location is 'https://www.thinx.com/collections/teens-shop-all'.</msg>
<arg>${TeensURL}</arg>
<doc>Verifies that the current URL is exactly ``url``.</doc>
<status status="PASS" start="2025-02-18T16:01:20.069810" elapsed="0.005666"/>
</kw>
<kw name="Wait Until Element Is Visible" owner="SeleniumLibrary">
<arg>${H1}</arg>
<doc>Waits until the element ``locator`` is visible.</doc>
<status status="PASS" start="2025-02-18T16:01:20.075686" elapsed="0.013778"/>
</kw>
<kw name="Get Text" owner="SeleniumLibrary">
<msg time="2025-02-18T16:01:20.130398" level="INFO">${h1_text} = shop all Thinx Teens</msg>
<var>${h1_text}</var>
<arg>${H1}</arg>
<doc>Returns the text value of the element identified by ``locator``.</doc>
<status status="PASS" start="2025-02-18T16:01:20.089604" elapsed="0.040852"/>
</kw>
<kw name="Should Contain" owner="BuiltIn">
<arg>${h1_text}</arg>
<arg>shop all Thinx Teens</arg>
<doc>Fails if ``container`` does not contain ``item`` one or more times.</doc>
<status status="PASS" start="2025-02-18T16:01:20.130682" elapsed="0.000382"/>
</kw>
<status status="PASS" start="2025-02-18T16:01:17.792396" elapsed="2.338783"/>
</kw>
<kw name="Validate Sets Nav Directs to Right Page" owner="Meganav_TC002_Steps">
<kw name="Click Element" owner="SeleniumLibrary">
<msg time="2025-02-18T16:01:20.132201" level="INFO">Clicking element '//span[.='saver sets']'.</msg>
<arg>${SetsNav}</arg>
<doc>Click the element identified by ``locator``.</doc>
<status status="PASS" start="2025-02-18T16:01:20.131921" elapsed="0.109759"/>
</kw>
<kw name="Wait Until Location Is" owner="SeleniumLibrary">
<arg>${SetsURL}</arg>
<arg>10s</arg>
<doc>Waits until the current URL is ``expected``.</doc>
<status status="PASS" start="2025-02-18T16:01:20.243113" elapsed="1.683054"/>
</kw>
<kw name="Location Should Be" owner="SeleniumLibrary">
<msg time="2025-02-18T16:01:21.930872" level="INFO">Current location is 'https://www.thinx.com/collections/sets'.</msg>
<arg>${SetsURL}</arg>
<doc>Verifies that the current URL is exactly ``url``.</doc>
<status status="PASS" start="2025-02-18T16:01:21.926300" elapsed="0.004691"/>
</kw>
<kw name="Wait Until Element Is Visible" owner="SeleniumLibrary">
<arg>${H1}</arg>
<doc>Waits until the element ``locator`` is visible.</doc>
<status status="PASS" start="2025-02-18T16:01:21.931187" elapsed="0.010901"/>
</kw>
<kw name="Get Text" owner="SeleniumLibrary">
<msg time="2025-02-18T16:01:21.955495" level="INFO">${h1_text} = shop sets</msg>
<var>${h1_text}</var>
<arg>${H1}</arg>
<doc>Returns the text value of the element identified by ``locator``.</doc>
<status status="PASS" start="2025-02-18T16:01:21.942255" elapsed="0.013278"/>
</kw>
<kw name="Should Contain" owner="BuiltIn">
<arg>${h1_text}</arg>
<arg>shop sets</arg>
<doc>Fails if ``container`` does not contain ``item`` one or more times.</doc>
<status status="PASS" start="2025-02-18T16:01:21.955644" elapsed="0.000131"/>
</kw>
<status status="PASS" start="2025-02-18T16:01:20.131382" elapsed="1.824433"/>
</kw>
<kw name="Validate Last Call Nav Directs to Right Page" owner="Meganav_TC002_Steps">
<kw name="Click Element" owner="SeleniumLibrary">
<msg time="2025-02-18T16:01:21.956501" level="INFO">Clicking element '//span[.='last call']'.</msg>
<arg>${LastCallNav}</arg>
<doc>Click the element identified by ``locator``.</doc>
<status status="PASS" start="2025-02-18T16:01:21.956314" elapsed="0.056958"/>
</kw>
<kw name="Wait Until Location Is" owner="SeleniumLibrary">
<arg>${LastCallURL}</arg>
<arg>10s</arg>
<doc>Waits until the current URL is ``expected``.</doc>
<status status="PASS" start="2025-02-18T16:01:22.013412" elapsed="4.486860"/>
</kw>
<kw name="Location Should Be" owner="SeleniumLibrary">
<msg time="2025-02-18T16:01:26.504631" level="INFO">Current location is 'https://www.thinx.com/collections/last-call-sale'.</msg>
<arg>${LastCallURL}</arg>
<doc>Verifies that the current URL is exactly ``url``.</doc>
<status status="PASS" start="2025-02-18T16:01:26.500765" elapsed="0.003996"/>
</kw>
<kw name="Wait Until Element Is Visible" owner="SeleniumLibrary">
<arg>${H1}</arg>
<doc>Waits until the element ``locator`` is visible.</doc>
<status status="PASS" start="2025-02-18T16:01:26.504966" elapsed="0.050730"/>
</kw>
<kw name="Get Text" owner="SeleniumLibrary">
<msg time="2025-02-18T16:01:26.569134" level="INFO">${h1_text} = shop last call</msg>
<var>${h1_text}</var>
<arg>${H1}</arg>
<doc>Returns the text value of the element identified by ``locator``.</doc>
<status status="PASS" start="2025-02-18T16:01:26.555955" elapsed="0.013210"/>
</kw>
<kw name="Should Contain" owner="BuiltIn">
<arg>${h1_text}</arg>
<arg>shop last call</arg>
<doc>Fails if ``container`` does not contain ``item`` one or more times.</doc>
<status status="PASS" start="2025-02-18T16:01:26.569279" elapsed="0.000171"/>
</kw>
<status status="PASS" start="2025-02-18T16:01:21.956007" elapsed="4.613496"/>
</kw>
<kw name="Validate Take Quiz Nav Directs to Right Page" owner="Meganav_TC002_Steps">
<kw name="Click Element" owner="SeleniumLibrary">
<msg time="2025-02-18T16:01:26.570417" level="INFO">Clicking element '//span[.='take the quiz']'.</msg>
<arg>${TakeTheQuizCTA}</arg>
<doc>Click the element identified by ``locator``.</doc>
<status status="PASS" start="2025-02-18T16:01:26.570142" elapsed="0.066992"/>
</kw>
<kw name="Wait Until Location Is" owner="SeleniumLibrary">
<arg>${QuizURL}</arg>
<arg>10s</arg>
<doc>Waits until the current URL is ``expected``.</doc>
<status status="PASS" start="2025-02-18T16:01:26.637376" elapsed="4.265107"/>
</kw>
<kw name="Location Should Be" owner="SeleniumLibrary">
<msg time="2025-02-18T16:01:30.907080" level="INFO">Current location is 'https://www.thinx.com/pages/find-your-perfect-pair'.</msg>
<arg>${QuizURL}</arg>
<doc>Verifies that the current URL is exactly ``url``.</doc>
<status status="PASS" start="2025-02-18T16:01:30.903068" elapsed="0.004137"/>
</kw>
<status status="PASS" start="2025-02-18T16:01:26.569704" elapsed="4.337622"/>
</kw>
<kw name="Validate Learn Nav Directs to Right Page" owner="Meganav_TC002_Steps">
<kw name="Click Element" owner="SeleniumLibrary">
<msg time="2025-02-18T16:01:30.908240" level="INFO">Clicking element '//span[.='learn']'.</msg>
<arg>${LearnNav}</arg>
<doc>Click the element identified by ``locator``.</doc>
<status status="PASS" start="2025-02-18T16:01:30.907974" elapsed="0.058382"/>
</kw>
<kw name="Wait Until Location Is" owner="SeleniumLibrary">
<arg>${HowWorksURL}</arg>
<arg>10s</arg>
<doc>Waits until the current URL is ``expected``.</doc>
<status status="PASS" start="2025-02-18T16:01:30.966882" elapsed="3.498335"/>
</kw>
<kw name="Location Should Be" owner="SeleniumLibrary">
<msg time="2025-02-18T16:01:34.468976" level="INFO">Current location is 'https://www.thinx.com/pages/how-they-work'.</msg>
<arg>${HowWorksURL}</arg>
<doc>Verifies that the current URL is exactly ``url``.</doc>
<status status="PASS" start="2025-02-18T16:01:34.465564" elapsed="0.003480"/>
</kw>
<kw name="Wait Until Element Is Visible" owner="SeleniumLibrary">
<arg>${LearnH1}</arg>
<doc>Waits until the element ``locator`` is visible.</doc>
<status status="PASS" start="2025-02-18T16:01:34.469335" elapsed="0.012898"/>
</kw>
<kw name="Get Text" owner="SeleniumLibrary">
<msg time="2025-02-18T16:01:34.492348" level="INFO">${h1_text} = how our period underwear works</msg>
<var>${h1_text}</var>
<arg>${LearnH1}</arg>
<doc>Returns the text value of the element identified by ``locator``.</doc>
<status status="PASS" start="2025-02-18T16:01:34.482447" elapsed="0.009953"/>
</kw>
<kw name="Should Contain" owner="BuiltIn">
<arg>${h1_text}</arg>
<arg>how our period underwear works</arg>
<doc>Fails if ``container`` does not contain ``item`` one or more times.</doc>
<status status="PASS" start="2025-02-18T16:01:34.492628" elapsed="0.000192"/>
</kw>
<status status="PASS" start="2025-02-18T16:01:30.907559" elapsed="3.585533"/>
</kw>
<kw name="Validate Sign In Nav Directs to Right Page" owner="Meganav_TC002_Steps">
<kw name="Click Element" owner="SeleniumLibrary">
<msg time="2025-02-18T16:01:34.493427" level="INFO">Clicking element '//header[@class='flex justify-between items-center px-3 h-[3.25rem] lg:h-14.5 lg:px-8 bg-white border-b border-b-brand-tangerine']//a[contains(.,'Sign in')]'.</msg>
<arg>${SignInNav}</arg>
<doc>Click the element identified by ``locator``.</doc>
<status status="PASS" start="2025-02-18T16:01:34.493323" elapsed="0.058882"/>
</kw>
<kw name="Wait Until Location Is" owner="SeleniumLibrary">
<arg>${SignInURL}</arg>
<arg>10s</arg>
<doc>Waits until the current URL is ``expected``.</doc>
<status status="PASS" start="2025-02-18T16:01:34.552380" elapsed="3.519169"/>
</kw>
<kw name="Location Should Be" owner="SeleniumLibrary">
<msg time="2025-02-18T16:01:38.088895" level="INFO">Current location is 'https://www.thinx.com/account/login'.</msg>
<arg>${SignInURL}</arg>
<doc>Verifies that the current URL is exactly ``url``.</doc>
<status status="PASS" start="2025-02-18T16:01:38.082787" elapsed="0.006299"/>
</kw>
<kw name="Wait Until Element Is Visible" owner="SeleniumLibrary">
<arg>${SignInH1}</arg>
<doc>Waits until the element ``locator`` is visible.</doc>
<status status="PASS" start="2025-02-18T16:01:38.089335" elapsed="0.028620"/>
</kw>
<kw name="Get Text" owner="SeleniumLibrary">
<msg time="2025-02-18T16:01:38.138441" level="INFO">${h1_text} = Login</msg>
<var>${h1_text}</var>
<arg>${SignInH1}</arg>
<doc>Returns the text value of the element identified by ``locator``.</doc>
<status status="PASS" start="2025-02-18T16:01:38.118202" elapsed="0.020314"/>
</kw>
<kw name="Should Contain" owner="BuiltIn">
<arg>${h1_text}</arg>
<arg>Login</arg>
<doc>Fails if ``container`` does not contain ``item`` one or more times.</doc>
<status status="PASS" start="2025-02-18T16:01:38.138832" elapsed="0.000316"/>
</kw>
<status status="PASS" start="2025-02-18T16:01:34.493196" elapsed="3.646137"/>
</kw>
<kw name="Validate Cart Nav Directs to Right Page" owner="Meganav_TC002_Steps">
<kw name="Click Element" owner="SeleniumLibrary">
<msg time="2025-02-18T16:01:38.147615" level="INFO">Clicking element '//button[@class='relative mr-4 lg:mr-0 lg:ml-5 group']'.</msg>
<arg>${Cart}</arg>
<doc>Click the element identified by ``locator``.</doc>
<status status="PASS" start="2025-02-18T16:01:38.147270" elapsed="0.093314"/>
</kw>
<kw name="Wait Until Element Is Visible" owner="SeleniumLibrary">
<arg>${CartSlideOut}</arg>
<doc>Waits until the element ``locator`` is visible.</doc>
<status status="PASS" start="2025-02-18T16:01:38.240771" elapsed="0.022453"/>
</kw>
<status status="PASS" start="2025-02-18T16:01:38.146219" elapsed="0.117096"/>
</kw>
<kw name="Capture Element Screenshot" owner="SeleniumLibrary">
<msg time="2025-02-18T16:01:38.745912" level="INFO" html="true">&lt;/td&gt;&lt;/tr&gt;&lt;tr&gt;&lt;td colspan="3"&gt;&lt;a href="selenium-element-screenshot-1.png"&gt;&lt;img src="selenium-element-screenshot-1.png" width="400px"&gt;&lt;/a&gt;</msg>
<arg>locator=${Cart}</arg>
<doc>Captures a screenshot from the element identified by ``locator`` and embeds it into log file.</doc>
<status status="PASS" start="2025-02-18T16:01:38.263661" elapsed="0.482433"/>
</kw>
<kw name="Close Browser" owner="SeleniumLibrary" type="TEARDOWN">
<doc>Closes the current browser.</doc>
<status status="PASS" start="2025-02-18T16:01:38.746473" elapsed="2.264513"/>
</kw>
<status status="PASS" start="2025-02-18T16:01:01.230052" elapsed="39.781113"/>
</test>
<status status="PASS" start="2025-02-18T16:01:00.561309" elapsed="40.450373"/>
</suite>
<status status="PASS" start="2025-02-18T16:01:00.558001" elapsed="40.454365"/>
</suite>
<status status="PASS" start="2025-02-18T16:01:00.528504" elapsed="40.484237"/>
</suite>
<statistics>
<total>
<stat pass="1" fail="0" skip="0">All Tests</stat>
</total>
<tag>
</tag>
<suite>
<stat pass="1" fail="0" skip="0" id="s1" name="Tests">Tests</stat>
<stat pass="1" fail="0" skip="0" id="s1-s1" name="Meganav">Tests.Meganav</stat>
<stat pass="1" fail="0" skip="0" id="s1-s1-s1" name="Meganav TC002 Tests">Tests.Meganav.Meganav TC002 Tests</stat>
</suite>
</statistics>
<errors>
</errors>
</robot>
