<?xml version="1.0" encoding="UTF-8"?>
<robot generator="Robot 7.1.1 (Python 3.13.1 on darwin)" generated="2025-02-11T11:34:06.747090" rpa="false" schemaversion="5">
<suite id="s1" name="Tests" source="/Users/angeline.rohan/Desktop/QA Automation_Thinx.robot.py/ThinxAutomation1/Thinx-Automation1/tests">
<suite id="s1-s1" name="ForgotPassword" source="/Users/angeline.rohan/Desktop/QA Automation_Thinx.robot.py/ThinxAutomation1/Thinx-Automation1/tests/ForgotPassword">
<suite id="s1-s1-s1" name="ForgotPassword TC001 Test" source="/Users/angeline.rohan/Desktop/QA Automation_Thinx.robot.py/ThinxAutomation1/Thinx-Automation1/tests/ForgotPassword/ForgotPassword_TC001_Test.robot">
<test id="s1-s1-s1-t1" name="Login to Thinx" line="16">
<kw name="Open Thinx Homepage Using Chrome Browser" owner="resources" type="SETUP">
<kw name="Open Browser" owner="SeleniumLibrary">
<msg time="2025-02-11T11:34:06.871324" level="INFO">Opening browser 'Chrome' to base url 'https://www.thinx.com/'.</msg>
<arg>${ThinxHomepage}</arg>
<arg>Chrome</arg>
<doc>Opens a new browser instance to the optional ``url``.</doc>
<status status="PASS" start="2025-02-11T11:34:06.871014" elapsed="1.868451"/>
</kw>
<kw name="Maximize Browser Window" owner="SeleniumLibrary">
<doc>Maximizes current browser window.</doc>
<status status="PASS" start="2025-02-11T11:34:08.740263" elapsed="2.013267"/>
</kw>
<status status="PASS" start="2025-02-11T11:34:06.870588" elapsed="3.883227"/>
</kw>
<kw name="Login Page Opened" owner="Login_TC001_Pages">
<kw name="Wait Until Element Is Visible" owner="SeleniumLibrary">
<arg>${SignIn_Nav}</arg>
<doc>Waits until the element ``locator`` is visible.</doc>
<status status="PASS" start="2025-02-11T11:34:10.755116" elapsed="0.023420"/>
</kw>
<kw name="Element Should Be Visible" owner="SeleniumLibrary">
<msg time="2025-02-11T11:34:10.789123" level="INFO">Element '//header[@class='flex justify-between items-center px-3 h-[3.25rem] lg:h-14.5 lg:px-8 bg-white border-b border-b-brand-tangerine']//a[contains(.,'Sign in')]' is displayed.</msg>
<arg>${SignIn_Nav}</arg>
<doc>Verifies that the element identified by ``locator`` is visible.</doc>
<status status="PASS" start="2025-02-11T11:34:10.778839" elapsed="0.010400"/>
</kw>
<kw name="Click Element" owner="SeleniumLibrary">
<msg time="2025-02-11T11:34:10.789952" level="INFO">Clicking element '//header[@class='flex justify-between items-center px-3 h-[3.25rem] lg:h-14.5 lg:px-8 bg-white border-b border-b-brand-tangerine']//a[contains(.,'Sign in')]'.</msg>
<arg>${SignIn_Nav}</arg>
<doc>Click the element identified by ``locator``.</doc>
<status status="PASS" start="2025-02-11T11:34:10.789562" elapsed="0.051858"/>
</kw>
<status status="PASS" start="2025-02-11T11:34:10.754148" elapsed="0.087382"/>
</kw>
<kw name="Sleep" owner="BuiltIn">
<msg time="2025-02-11T11:34:20.843875" level="INFO">Slept 10 seconds.</msg>
<arg>10</arg>
<doc>Pauses the test executed for the given time.</doc>
<status status="PASS" start="2025-02-11T11:34:10.841647" elapsed="10.002486"/>
</kw>
<kw name="Click on forgot password link" owner="ForgotPassword_TC001_Pages">
<kw name="Wait Until Element Is Visible" owner="SeleniumLibrary">
<arg>${ForgotPwdLink}</arg>
<doc>Waits until the element ``locator`` is visible.</doc>
<status status="PASS" start="2025-02-11T11:34:20.844710" elapsed="0.015954"/>
</kw>
<kw name="Element Should Be Visible" owner="SeleniumLibrary">
<msg time="2025-02-11T11:34:20.866866" level="INFO">Element '//a[contains(.,'Forgot your password?')]' is displayed.</msg>
<arg>${ForgotPwdLink}</arg>
<doc>Verifies that the element identified by ``locator`` is visible.</doc>
<status status="PASS" start="2025-02-11T11:34:20.860786" elapsed="0.006309"/>
</kw>
<kw name="Click Element" owner="SeleniumLibrary">
<msg time="2025-02-11T11:34:20.867566" level="INFO">Clicking element '//a[contains(.,'Forgot your password?')]'.</msg>
<arg>${ForgotPwdLink}</arg>
<doc>Click the element identified by ``locator``.</doc>
<status status="PASS" start="2025-02-11T11:34:20.867358" elapsed="0.048317"/>
</kw>
<status status="PASS" start="2025-02-11T11:34:20.844450" elapsed="0.071326"/>
</kw>
<kw name="Execute Javascript" owner="SeleniumLibrary">
<msg time="2025-02-11T11:34:20.916318" level="INFO">Executing JavaScript:
window.scrollTo(0, 0)
Without any arguments.</msg>
<arg>window.scrollTo(0, 0)</arg>
<doc>Executes the given JavaScript code with possible arguments.</doc>
<status status="PASS" start="2025-02-11T11:34:20.915884" elapsed="0.004224"/>
</kw>
<kw name="Sleep" owner="BuiltIn">
<msg time="2025-02-11T11:34:30.921121" level="INFO">Slept 10 seconds.</msg>
<arg>10</arg>
<doc>Pauses the test executed for the given time.</doc>
<status status="PASS" start="2025-02-11T11:34:20.920254" elapsed="10.001071"/>
</kw>
<kw name="Validate all the mandatory data on forgot password page" owner="ForgotPassword_TC001_Pages">
<kw name="Wait Until Element Is Visible" owner="SeleniumLibrary">
<arg>${ResetPasswordh1}</arg>
<doc>Waits until the element ``locator`` is visible.</doc>
<status status="PASS" start="2025-02-11T11:34:30.921817" elapsed="0.008814"/>
</kw>
<kw name="Element Should Be Visible" owner="SeleniumLibrary">
<msg time="2025-02-11T11:34:30.936313" level="INFO">Element '//h1[@class='heading-3']' is displayed.</msg>
<arg>${ResetPasswordh1}</arg>
<doc>Verifies that the element identified by ``locator`` is visible.</doc>
<status status="PASS" start="2025-02-11T11:34:30.930743" elapsed="0.005629"/>
</kw>
<kw name="Get Text" owner="SeleniumLibrary">
<msg time="2025-02-11T11:34:30.945283" level="INFO">${ResetPasswordh1} = Reset your password</msg>
<var>${ResetPasswordh1}</var>
<arg>${ResetPasswordh1}</arg>
<doc>Returns the text value of the element identified by ``locator``.</doc>
<status status="PASS" start="2025-02-11T11:34:30.936481" elapsed="0.008830"/>
</kw>
<kw name="Should Contain" owner="BuiltIn">
<arg>${ResetPasswordh1}</arg>
<arg>Reset your password</arg>
<doc>Fails if ``container`` does not contain ``item`` one or more times.</doc>
<status status="PASS" start="2025-02-11T11:34:30.945425" elapsed="0.000176"/>
</kw>
<kw name="Wait Until Element Is Visible" owner="SeleniumLibrary">
<arg>${ResetPasswordPar}</arg>
<doc>Waits until the element ``locator`` is visible.</doc>
<status status="PASS" start="2025-02-11T11:34:30.945681" elapsed="0.008155"/>
</kw>
<kw name="Element Should Be Visible" owner="SeleniumLibrary">
<msg time="2025-02-11T11:34:30.960068" level="INFO">Element '//p[@class='body-2']' is displayed.</msg>
<arg>${ResetPasswordPar}</arg>
<doc>Verifies that the element identified by ``locator`` is visible.</doc>
<status status="PASS" start="2025-02-11T11:34:30.953946" elapsed="0.006188"/>
</kw>
<kw name="Get Text" owner="SeleniumLibrary">
<msg time="2025-02-11T11:34:30.966852" level="INFO">${ResetPasswordPar} = We will send you an email to reset your password</msg>
<var>${ResetPasswordPar}</var>
<arg>${ResetPasswordPar}</arg>
<doc>Returns the text value of the element identified by ``locator``.</doc>
<status status="PASS" start="2025-02-11T11:34:30.960237" elapsed="0.006641"/>
</kw>
<kw name="Should Contain" owner="BuiltIn">
<arg>${ResetPasswordPar}</arg>
<arg>We will send you an email to reset your password</arg>
<doc>Fails if ``container`` does not contain ``item`` one or more times.</doc>
<status status="PASS" start="2025-02-11T11:34:30.966977" elapsed="0.000112"/>
</kw>
<kw name="Wait Until Element Is Visible" owner="SeleniumLibrary">
<arg>${RecoverPasswordField}</arg>
<doc>Waits until the element ``locator`` is visible.</doc>
<status status="PASS" start="2025-02-11T11:34:30.967145" elapsed="0.007582"/>
</kw>
<kw name="Element Should Be Visible" owner="SeleniumLibrary">
<msg time="2025-02-11T11:34:30.980437" level="INFO">Element '//input[@id='RecoverEmail']' is displayed.</msg>
<arg>${RecoverPasswordField}</arg>
<doc>Verifies that the element identified by ``locator`` is visible.</doc>
<status status="PASS" start="2025-02-11T11:34:30.974827" elapsed="0.005671"/>
</kw>
<kw name="Wait Until Element Is Visible" owner="SeleniumLibrary">
<arg>${CancelLink}</arg>
<doc>Waits until the element ``locator`` is visible.</doc>
<status status="PASS" start="2025-02-11T11:34:30.980601" elapsed="0.007693"/>
</kw>
<kw name="Element Should Be Visible" owner="SeleniumLibrary">
<msg time="2025-02-11T11:34:30.994243" level="INFO">Element '//a[.='Cancel']' is displayed.</msg>
<arg>${CancelLink}</arg>
<doc>Verifies that the element identified by ``locator`` is visible.</doc>
<status status="PASS" start="2025-02-11T11:34:30.988662" elapsed="0.005639"/>
</kw>
<kw name="Wait Until Element Is Visible" owner="SeleniumLibrary">
<arg>${SendEmailCTA}</arg>
<doc>Waits until the element ``locator`` is visible.</doc>
<status status="PASS" start="2025-02-11T11:34:30.994391" elapsed="0.007313"/>
</kw>
<kw name="Element Should Be Visible" owner="SeleniumLibrary">
<msg time="2025-02-11T11:34:31.007362" level="INFO">Element '//button[.='Submit']' is displayed.</msg>
<arg>${SendEmailCTA}</arg>
<doc>Verifies that the element identified by ``locator`` is visible.</doc>
<status status="PASS" start="2025-02-11T11:34:31.001805" elapsed="0.005623"/>
</kw>
<status status="PASS" start="2025-02-11T11:34:30.921602" elapsed="0.085882"/>
</kw>
<kw name="Close Browser" owner="SeleniumLibrary" type="TEARDOWN">
<doc>Closes the current browser.</doc>
<status status="PASS" start="2025-02-11T11:34:31.007653" elapsed="0.203626"/>
</kw>
<status status="PASS" start="2025-02-11T11:34:06.870162" elapsed="24.341191"/>
</test>
<status status="PASS" start="2025-02-11T11:34:06.759940" elapsed="24.451784"/>
</suite>
<status status="PASS" start="2025-02-11T11:34:06.759333" elapsed="24.452692"/>
</suite>
<status status="PASS" start="2025-02-11T11:34:06.753513" elapsed="24.458702"/>
</suite>
<statistics>
<total>
<stat pass="1" fail="0" skip="0">All Tests</stat>
</total>
<tag>
</tag>
<suite>
<stat pass="1" fail="0" skip="0" id="s1" name="Tests">Tests</stat>
<stat pass="1" fail="0" skip="0" id="s1-s1" name="ForgotPassword">Tests.ForgotPassword</stat>
<stat pass="1" fail="0" skip="0" id="s1-s1-s1" name="ForgotPassword TC001 Test">Tests.ForgotPassword.ForgotPassword TC001 Test</stat>
</suite>
</statistics>
<errors>
<msg time="2025-02-11T11:34:06.869723" level="ERROR">Error in file '/Users/angeline.rohan/Desktop/QA Automation_Thinx.robot.py/ThinxAutomation1/Thinx-Automation1/tests/ForgotPassword/ForgotPassword_TC001_Test.robot' on line 11: Resource file '../../pages/Registration/Registration_TC004_Pages.robot' does not exist.</msg>
</errors>
</robot>
