<?xml version="1.0" encoding="UTF-8"?>
<robot generator="Robot 7.1.1 (Python 3.13.1 on darwin)" generated="2025-02-25T10:27:21.388513" rpa="false" schemaversion="5">
<suite id="s1" name="Tests" source="/Users/angeline.rohan/Desktop/QA Automation_Thinx.robot.py/ThinxAutomation1/Thinx-Automation1/tests">
<suite id="s1-s1" name="DoNotSellOrShareMyInfo" source="/Users/angeline.rohan/Desktop/QA Automation_Thinx.robot.py/ThinxAutomation1/Thinx-Automation1/tests/DoNotSellOrShareMyInfo">
<suite id="s1-s1-s1" name="DoNotSellInfo TC001 Test" source="/Users/angeline.rohan/Desktop/QA Automation_Thinx.robot.py/ThinxAutomation1/Thinx-Automation1/tests/DoNotSellOrShareMyInfo/DoNotSellInfo_TC001_Test.robot">
<test id="s1-s1-s1-t1" name="Open Thinx" line="18">
<kw name="Open Thinx Homepage Using Chrome Browser" owner="resources" type="SETUP">
<kw name="Open Browser" owner="SeleniumLibrary">
<msg time="2025-02-25T10:27:21.631264" level="INFO">Opening browser 'Chrome' to base url 'https://www.thinx.com/'.</msg>
<arg>${ThinxHomepage}</arg>
<arg>Chrome</arg>
<doc>Opens a new browser instance to the optional ``url``.</doc>
<status status="PASS" start="2025-02-25T10:27:21.631060" elapsed="51.009819"/>
</kw>
<kw name="Maximize Browser Window" owner="SeleniumLibrary">
<doc>Maximizes current browser window.</doc>
<status status="PASS" start="2025-02-25T10:28:12.641536" elapsed="0.454914"/>
</kw>
<status status="PASS" start="2025-02-25T10:27:21.630319" elapsed="51.468520"/>
</kw>
<kw name="Accept Cookies" owner="DoNotSellInfo_TC002_Pages">
<kw name="Wait Until Element Is Visible" owner="SeleniumLibrary">
<arg>${AcceptCookies}</arg>
<doc>Waits until the element ``locator`` is visible.</doc>
<status status="PASS" start="2025-02-25T10:28:13.112414" elapsed="0.024696"/>
</kw>
<kw name="Click Element" owner="SeleniumLibrary">
<msg time="2025-02-25T10:28:13.137610" level="INFO">Clicking element '//button[@id='onetrust-accept-btn-handler']'.</msg>
<arg>locator=${AcceptCookies}</arg>
<doc>Click the element identified by ``locator``.</doc>
<status status="PASS" start="2025-02-25T10:28:13.137302" elapsed="0.073056"/>
</kw>
<kw name="Sleep" owner="BuiltIn">
<msg time="2025-02-25T10:28:18.212168" level="INFO">Slept 5 seconds.</msg>
<arg>5</arg>
<doc>Pauses the test executed for the given time.</doc>
<status status="PASS" start="2025-02-25T10:28:13.211419" elapsed="5.000923"/>
</kw>
<status status="PASS" start="2025-02-25T10:28:13.107686" elapsed="5.104952"/>
</kw>
<kw name="Accept Cookies and Close Welcome Modal" owner="CookieSettings_TC001_Pages">
<kw name="Sleep" owner="BuiltIn">
<msg time="2025-02-25T10:28:23.214053" level="INFO">Slept 5 seconds.</msg>
<arg>5</arg>
<doc>Pauses the test executed for the given time.</doc>
<status status="PASS" start="2025-02-25T10:28:18.213415" elapsed="5.001289"/>
</kw>
<kw name="Wait Until Page Contains Element" owner="SeleniumLibrary">
<arg>${CloseModal}</arg>
<doc>Waits until the element ``locator`` appears on the current page.</doc>
<status status="PASS" start="2025-02-25T10:28:23.216025" elapsed="0.023093"/>
</kw>
<kw name="Click Element" owner="SeleniumLibrary">
<msg time="2025-02-25T10:28:23.239567" level="INFO">Clicking element '//button[@class='absolute right-3 top-3 [&amp;&gt;svg]:size-6']'.</msg>
<arg>${CloseModal}</arg>
<doc>Click the element identified by ``locator``.</doc>
<status status="PASS" start="2025-02-25T10:28:23.239282" elapsed="0.094405"/>
</kw>
<status status="PASS" start="2025-02-25T10:28:18.213033" elapsed="5.121199"/>
</kw>
<kw name="Sleep" owner="BuiltIn">
<msg time="2025-02-25T10:28:28.335654" level="INFO">Slept 5 seconds.</msg>
<arg>5</arg>
<doc>Pauses the test executed for the given time.</doc>
<status status="PASS" start="2025-02-25T10:28:23.334753" elapsed="5.001048"/>
</kw>
<kw name="Click on Do Not Sell Info Link from footer section" owner="DoNotSellInfo_TC001_Pages">
<kw name="Execute Javascript" owner="SeleniumLibrary">
<msg time="2025-02-25T10:28:28.337132" level="INFO">Executing JavaScript:
window.scrollTo(0, document.body.scrollHeight)
Without any arguments.</msg>
<arg>window.scrollTo(0, document.body.scrollHeight)</arg>
<doc>Executes the given JavaScript code with possible arguments.</doc>
<status status="PASS" start="2025-02-25T10:28:28.336526" elapsed="0.023694"/>
</kw>
<kw name="Sleep" owner="BuiltIn">
<msg time="2025-02-25T10:28:30.360908" level="INFO">Slept 2 seconds.</msg>
<arg>2</arg>
<doc>Pauses the test executed for the given time.</doc>
<status status="PASS" start="2025-02-25T10:28:28.360462" elapsed="2.000586"/>
</kw>
<kw name="Wait Until Page Contains Element" owner="SeleniumLibrary">
<arg>${DoNotSellInfo}</arg>
<doc>Waits until the element ``locator`` appears on the current page.</doc>
<status status="PASS" start="2025-02-25T10:28:30.361281" elapsed="0.009856"/>
</kw>
<kw name="Element Should Be Visible" owner="SeleniumLibrary">
<msg time="2025-02-25T10:28:30.384723" level="INFO">Element '//a[.='Do not share or sell my personal information']' is displayed.</msg>
<arg>${DoNotSellInfo}</arg>
<doc>Verifies that the element identified by ``locator`` is visible.</doc>
<status status="PASS" start="2025-02-25T10:28:30.371273" elapsed="0.013595"/>
</kw>
<kw name="Click Element" owner="SeleniumLibrary">
<msg time="2025-02-25T10:28:30.385510" level="INFO">Clicking element '//a[.='Do not share or sell my personal information']'.</msg>
<arg>${DoNotSellInfo}</arg>
<doc>Click the element identified by ``locator``.</doc>
<status status="PASS" start="2025-02-25T10:28:30.385177" elapsed="0.048152"/>
</kw>
<kw name="Sleep" owner="BuiltIn">
<msg time="2025-02-25T10:28:35.435121" level="INFO">Slept 5 seconds.</msg>
<arg>5</arg>
<doc>Pauses the test executed for the given time.</doc>
<status status="PASS" start="2025-02-25T10:28:30.433537" elapsed="5.001848"/>
</kw>
<status status="PASS" start="2025-02-25T10:28:28.336194" elapsed="7.099434"/>
</kw>
<kw name="Validate all the fields on Do not sell footer section" owner="DoNotSellInfo_TC001_Pages">
<kw name="Wait Until Element Is Visible" owner="SeleniumLibrary">
<arg>${Heading}</arg>
<doc>Waits until the element ``locator`` is visible.</doc>
<status status="PASS" start="2025-02-25T10:28:35.436948" elapsed="0.021360"/>
</kw>
<kw name="Element Should Be Visible" owner="SeleniumLibrary">
<msg time="2025-02-25T10:28:35.466840" level="INFO">Element '//h1[@class='heading-1']' is displayed.</msg>
<arg>${Heading}</arg>
<doc>Verifies that the element identified by ``locator`` is visible.</doc>
<status status="PASS" start="2025-02-25T10:28:35.458457" elapsed="0.008457"/>
</kw>
<kw name="Get Text" owner="SeleniumLibrary">
<msg time="2025-02-25T10:28:35.479408" level="INFO">${HeadingMsg} = We respect your right to be in charge of your personal info</msg>
<var>${HeadingMsg}</var>
<arg>${Heading}</arg>
<doc>Returns the text value of the element identified by ``locator``.</doc>
<status status="PASS" start="2025-02-25T10:28:35.467072" elapsed="0.012374"/>
</kw>
<kw name="Log" owner="BuiltIn">
<msg time="2025-02-25T10:28:35.479749" level="INFO">The heading of privacy is displayed as: We respect your right to be in charge of your personal info</msg>
<arg>The heading of privacy is displayed as: ${HeadingMsg}</arg>
<doc>Logs the given message with the given level.</doc>
<status status="PASS" start="2025-02-25T10:28:35.479565" elapsed="0.000221"/>
</kw>
<kw name="Capture Page Screenshot" owner="SeleniumLibrary">
<msg time="2025-02-25T10:28:35.680240" level="INFO" html="true">&lt;/td&gt;&lt;/tr&gt;&lt;tr&gt;&lt;td colspan="3"&gt;&lt;a href="selenium-screenshot-1.png"&gt;&lt;img src="selenium-screenshot-1.png" width="800px"&gt;&lt;/a&gt;</msg>
<doc>Takes a screenshot of the current page and embeds it into a log file.</doc>
<status status="PASS" start="2025-02-25T10:28:35.479860" elapsed="0.200460"/>
</kw>
<kw name="Execute Javascript" owner="SeleniumLibrary">
<msg time="2025-02-25T10:28:35.681049" level="INFO">Executing JavaScript:
window.scrollTo(0,600)
Without any arguments.</msg>
<arg>window.scrollTo(0,600)</arg>
<doc>Executes the given JavaScript code with possible arguments.</doc>
<status status="PASS" start="2025-02-25T10:28:35.680557" elapsed="0.004563"/>
</kw>
<kw name="Sleep" owner="BuiltIn">
<msg time="2025-02-25T10:28:40.687298" level="INFO">Slept 5 seconds.</msg>
<arg>5</arg>
<doc>Pauses the test executed for the given time.</doc>
<status status="PASS" start="2025-02-25T10:28:35.685344" elapsed="5.002107"/>
</kw>
<kw name="Wait Until Element Is Visible" owner="SeleniumLibrary">
<arg>${DoNotSellCheckbox}</arg>
<doc>Waits until the element ``locator`` is visible.</doc>
<status status="PASS" start="2025-02-25T10:28:40.687605" elapsed="0.008425"/>
</kw>
<kw name="Element Should Be Visible" owner="SeleniumLibrary">
<msg time="2025-02-25T10:28:40.701839" level="INFO">Element '//div[@class='my-4 flex flex-col gap-1.5']/div[1]/input[@class='input-checkbox']' is displayed.</msg>
<arg>${DoNotSellCheckbox}</arg>
<doc>Verifies that the element identified by ``locator`` is visible.</doc>
<status status="PASS" start="2025-02-25T10:28:40.696138" elapsed="0.005768"/>
</kw>
<kw name="Get Text" owner="SeleniumLibrary">
<msg time="2025-02-25T10:28:40.709062" level="INFO">${DoNotSellCheckboxMsg} = </msg>
<var>${DoNotSellCheckboxMsg}</var>
<arg>${DoNotSellCheckbox}</arg>
<doc>Returns the text value of the element identified by ``locator``.</doc>
<status status="PASS" start="2025-02-25T10:28:40.702014" elapsed="0.007075"/>
</kw>
<kw name="Log" owner="BuiltIn">
<msg time="2025-02-25T10:28:40.709316" level="INFO">Do not sell or share my personal information checkbox is displayed as: </msg>
<arg>Do not sell or share my personal information checkbox is displayed as: ${DoNotSellCheckboxMsg}</arg>
<doc>Logs the given message with the given level.</doc>
<status status="PASS" start="2025-02-25T10:28:40.709188" elapsed="0.000164"/>
</kw>
<kw name="Capture Element Screenshot" owner="SeleniumLibrary">
<msg time="2025-02-25T10:28:40.753648" level="INFO" html="true">&lt;/td&gt;&lt;/tr&gt;&lt;tr&gt;&lt;td colspan="3"&gt;&lt;a href="selenium-element-screenshot-1.png"&gt;&lt;img src="selenium-element-screenshot-1.png" width="400px"&gt;&lt;/a&gt;</msg>
<arg>${DoNotSellCheckbox}</arg>
<doc>Captures a screenshot from the element identified by ``locator`` and embeds it into log file.</doc>
<status status="PASS" start="2025-02-25T10:28:40.709420" elapsed="0.044311"/>
</kw>
<kw name="Sleep" owner="BuiltIn">
<msg time="2025-02-25T10:28:42.754495" level="INFO">Slept 2 seconds.</msg>
<arg>2</arg>
<doc>Pauses the test executed for the given time.</doc>
<status status="PASS" start="2025-02-25T10:28:40.753891" elapsed="2.000775"/>
</kw>
<kw name="Wait Until Element Is Visible" owner="SeleniumLibrary">
<arg>${LimitTheUseCheckbox}</arg>
<doc>Waits until the element ``locator`` is visible.</doc>
<status status="PASS" start="2025-02-25T10:28:42.754818" elapsed="0.010173"/>
</kw>
<kw name="Element Should Be Visible" owner="SeleniumLibrary">
<msg time="2025-02-25T10:28:42.772053" level="INFO">Element '//div[@class='my-4 flex flex-col gap-1.5']/div[2]/input[@class='input-checkbox']' is displayed.</msg>
<arg>${LimitTheUseCheckbox}</arg>
<doc>Verifies that the element identified by ``locator`` is visible.</doc>
<status status="PASS" start="2025-02-25T10:28:42.765114" elapsed="0.007002"/>
</kw>
<kw name="Get Text" owner="SeleniumLibrary">
<msg time="2025-02-25T10:28:42.779397" level="INFO">${LimitTheUseMsg} = </msg>
<var>${LimitTheUseMsg}</var>
<arg>${LimitTheUseCheckbox}</arg>
<doc>Returns the text value of the element identified by ``locator``.</doc>
<status status="PASS" start="2025-02-25T10:28:42.772227" elapsed="0.007200"/>
</kw>
<kw name="Log" owner="BuiltIn">
<msg time="2025-02-25T10:28:42.779645" level="INFO">Limit the Use of My Sensitive Personal Information checkbox is displayed as: </msg>
<arg>Limit the Use of My Sensitive Personal Information checkbox is displayed as: ${LimitTheUseMsg}</arg>
<doc>Logs the given message with the given level.</doc>
<status status="PASS" start="2025-02-25T10:28:42.779534" elapsed="0.000148"/>
</kw>
<kw name="Capture Element Screenshot" owner="SeleniumLibrary">
<msg time="2025-02-25T10:28:42.830701" level="INFO" html="true">&lt;/td&gt;&lt;/tr&gt;&lt;tr&gt;&lt;td colspan="3"&gt;&lt;a href="selenium-element-screenshot-2.png"&gt;&lt;img src="selenium-element-screenshot-2.png" width="400px"&gt;&lt;/a&gt;</msg>
<arg>${LimitTheUseCheckbox}</arg>
<doc>Captures a screenshot from the element identified by ``locator`` and embeds it into log file.</doc>
<status status="PASS" start="2025-02-25T10:28:42.779741" elapsed="0.051046"/>
</kw>
<kw name="Sleep" owner="BuiltIn">
<msg time="2025-02-25T10:28:47.831951" level="INFO">Slept 5 seconds.</msg>
<arg>5</arg>
<doc>Pauses the test executed for the given time.</doc>
<status status="PASS" start="2025-02-25T10:28:42.831080" elapsed="5.000963"/>
</kw>
<kw name="Wait Until Page Contains Element" owner="SeleniumLibrary">
<arg>${SubmitCTA}</arg>
<doc>Waits until the element ``locator`` appears on the current page.</doc>
<status status="PASS" start="2025-02-25T10:28:47.832169" elapsed="0.005692"/>
</kw>
<kw name="Wait Until Element Is Visible" owner="SeleniumLibrary">
<arg>${SubmitCTA}</arg>
<doc>Waits until the element ``locator`` is visible.</doc>
<status status="PASS" start="2025-02-25T10:28:47.837994" elapsed="0.005460"/>
</kw>
<kw name="Element Should Be Visible" owner="SeleniumLibrary">
<msg time="2025-02-25T10:28:47.849008" level="INFO">Element '//button[@id='submit-button']' is displayed.</msg>
<arg>${SubmitCTA}</arg>
<doc>Verifies that the element identified by ``locator`` is visible.</doc>
<status status="PASS" start="2025-02-25T10:28:47.843546" elapsed="0.005517"/>
</kw>
<kw name="Sleep" owner="BuiltIn">
<msg time="2025-02-25T10:28:49.849588" level="INFO">Slept 2 seconds.</msg>
<arg>2</arg>
<doc>Pauses the test executed for the given time.</doc>
<status status="PASS" start="2025-02-25T10:28:47.849155" elapsed="2.000511"/>
</kw>
<kw name="Wait Until Element Is Visible" owner="SeleniumLibrary">
<arg>${CancelCTA}</arg>
<doc>Waits until the element ``locator`` is visible.</doc>
<status status="PASS" start="2025-02-25T10:28:49.849773" elapsed="0.007868"/>
</kw>
<kw name="Element Should Be Visible" owner="SeleniumLibrary">
<msg time="2025-02-25T10:28:49.863500" level="INFO">Element '//a[@id='cancel-button']' is displayed.</msg>
<arg>${CancelCTA}</arg>
<doc>Verifies that the element identified by ``locator`` is visible.</doc>
<status status="PASS" start="2025-02-25T10:28:49.857750" elapsed="0.005804"/>
</kw>
<status status="PASS" start="2025-02-25T10:28:35.436294" elapsed="14.427320"/>
</kw>
<kw name="Close Browser" owner="SeleniumLibrary" type="TEARDOWN">
<doc>Closes the current browser.</doc>
<status status="PASS" start="2025-02-25T10:28:49.863777" elapsed="0.189577"/>
</kw>
<status status="PASS" start="2025-02-25T10:27:21.629548" elapsed="88.423958"/>
</test>
<status status="PASS" start="2025-02-25T10:27:21.407418" elapsed="88.646494"/>
</suite>
<status status="PASS" start="2025-02-25T10:27:21.406889" elapsed="88.647334"/>
</suite>
<status status="PASS" start="2025-02-25T10:27:21.400201" elapsed="88.654222"/>
</suite>
<statistics>
<total>
<stat pass="1" fail="0" skip="0">All Tests</stat>
</total>
<tag>
</tag>
<suite>
<stat pass="1" fail="0" skip="0" id="s1" name="Tests">Tests</stat>
<stat pass="1" fail="0" skip="0" id="s1-s1" name="DoNotSellOrShareMyInfo">Tests.DoNotSellOrShareMyInfo</stat>
<stat pass="1" fail="0" skip="0" id="s1-s1-s1" name="DoNotSellInfo TC001 Test">Tests.DoNotSellOrShareMyInfo.DoNotSellInfo TC001 Test</stat>
</suite>
</statistics>
<errors>
</errors>
</robot>
