<?xml version="1.0" encoding="UTF-8"?>
<robot generator="Robot 7.1.1 (Python 3.13.1 on darwin)" generated="2025-02-18T13:15:43.259429" rpa="false" schemaversion="5">
<suite id="s1" name="Tests" source="/Users/angeline.rohan/Desktop/QA Automation_Thinx.robot.py/ThinxAutomation1/Thinx-Automation1/tests">
<suite id="s1-s1" name="DoNotSellOrShareMyInfo" source="/Users/angeline.rohan/Desktop/QA Automation_Thinx.robot.py/ThinxAutomation1/Thinx-Automation1/tests/DoNotSellOrShareMyInfo">
<suite id="s1-s1-s1" name="DoNotSellInfo TC001 Test" source="/Users/angeline.rohan/Desktop/QA Automation_Thinx.robot.py/ThinxAutomation1/Thinx-Automation1/tests/DoNotSellOrShareMyInfo/DoNotSellInfo_TC001_Test.robot">
<test id="s1-s1-s1-t1" name="Open Thinx" line="19">
<kw name="Open Thinx Homepage Using Chrome Browser" owner="resources" type="SETUP">
<kw name="Open Browser" owner="SeleniumLibrary">
<msg time="2025-02-18T13:15:43.389349" level="INFO">Opening browser 'Chrome' to base url 'https://www.thinx.com/'.</msg>
<arg>${ThinxHomepage}</arg>
<arg>Chrome</arg>
<doc>Opens a new browser instance to the optional ``url``.</doc>
<status status="PASS" start="2025-02-18T13:15:43.389069" elapsed="5.867508"/>
</kw>
<kw name="Maximize Browser Window" owner="SeleniumLibrary">
<doc>Maximizes current browser window.</doc>
<status status="PASS" start="2025-02-18T13:15:49.257602" elapsed="0.449704"/>
</kw>
<status status="PASS" start="2025-02-18T13:15:43.388314" elapsed="6.319494"/>
</kw>
<kw name="Accept Cookies" owner="DoNotSellInfo_TC002_Pages">
<kw name="Wait Until Element Is Visible" owner="SeleniumLibrary">
<arg>${AcceptCookies}</arg>
<doc>Waits until the element ``locator`` is visible.</doc>
<status status="PASS" start="2025-02-18T13:15:49.709240" elapsed="0.201957"/>
</kw>
<kw name="Click Element" owner="SeleniumLibrary">
<msg time="2025-02-18T13:15:49.912259" level="INFO">Clicking element '//button[@id='onetrust-accept-btn-handler']'.</msg>
<arg>locator=${AcceptCookies}</arg>
<doc>Click the element identified by ``locator``.</doc>
<status status="PASS" start="2025-02-18T13:15:49.911478" elapsed="0.076488"/>
</kw>
<kw name="Sleep" owner="BuiltIn">
<msg time="2025-02-18T13:15:54.990065" level="INFO">Slept 5 seconds.</msg>
<arg>5</arg>
<doc>Pauses the test executed for the given time.</doc>
<status status="PASS" start="2025-02-18T13:15:49.988261" elapsed="5.002961"/>
</kw>
<status status="PASS" start="2025-02-18T13:15:49.708324" elapsed="5.284401"/>
</kw>
<kw name="Accept Cookies and Close Welcome Modal" owner="PDP_TC004_Steps">
<kw name="Sleep" owner="BuiltIn">
<msg time="2025-02-18T13:15:59.997865" level="INFO">Slept 5 seconds.</msg>
<arg>5</arg>
<doc>Pauses the test executed for the given time.</doc>
<status status="PASS" start="2025-02-18T13:15:54.995718" elapsed="5.002336"/>
</kw>
<kw name="Wait Until Page Contains Element" owner="SeleniumLibrary">
<arg>${CloseModal}</arg>
<doc>Waits until the element ``locator`` appears on the current page.</doc>
<status status="PASS" start="2025-02-18T13:15:59.998388" elapsed="0.029116"/>
</kw>
<kw name="Click Element" owner="SeleniumLibrary">
<msg time="2025-02-18T13:16:00.028229" level="INFO">Clicking element '//button[@class='absolute right-3 top-3 [&amp;&gt;svg]:size-6']'.</msg>
<arg>${CloseModal}</arg>
<doc>Click the element identified by ``locator``.</doc>
<status status="PASS" start="2025-02-18T13:16:00.027678" elapsed="0.061694"/>
</kw>
<status status="PASS" start="2025-02-18T13:15:54.994851" elapsed="5.094808"/>
</kw>
<kw name="Sleep" owner="BuiltIn">
<msg time="2025-02-18T13:16:05.091718" level="INFO">Slept 5 seconds.</msg>
<arg>5</arg>
<doc>Pauses the test executed for the given time.</doc>
<status status="PASS" start="2025-02-18T13:16:00.090032" elapsed="5.002715"/>
</kw>
<kw name="Click on Do Not Sell Info Link from footer section" owner="DoNotSellInfo_TC001_Pages">
<kw name="Execute Javascript" owner="SeleniumLibrary">
<msg time="2025-02-18T13:16:05.096207" level="INFO">Executing JavaScript:
window.scrollTo(0, document.body.scrollHeight)
Without any arguments.</msg>
<arg>window.scrollTo(0, document.body.scrollHeight)</arg>
<doc>Executes the given JavaScript code with possible arguments.</doc>
<status status="PASS" start="2025-02-18T13:16:05.095421" elapsed="0.004976"/>
</kw>
<kw name="Sleep" owner="BuiltIn">
<msg time="2025-02-18T13:16:07.100813" level="INFO">Slept 2 seconds.</msg>
<arg>2</arg>
<doc>Pauses the test executed for the given time.</doc>
<status status="PASS" start="2025-02-18T13:16:05.100551" elapsed="2.000391"/>
</kw>
<kw name="Wait Until Page Contains Element" owner="SeleniumLibrary">
<arg>${DoNotSellInfo}</arg>
<doc>Waits until the element ``locator`` appears on the current page.</doc>
<status status="PASS" start="2025-02-18T13:16:07.101077" elapsed="0.009145"/>
</kw>
<kw name="Element Should Be Visible" owner="SeleniumLibrary">
<msg time="2025-02-18T13:16:07.126055" level="INFO">Element '//a[.='Do not share or sell my personal information']' is displayed.</msg>
<arg>${DoNotSellInfo}</arg>
<doc>Verifies that the element identified by ``locator`` is visible.</doc>
<status status="PASS" start="2025-02-18T13:16:07.110526" elapsed="0.015697"/>
</kw>
<kw name="Click Element" owner="SeleniumLibrary">
<msg time="2025-02-18T13:16:07.126888" level="INFO">Clicking element '//a[.='Do not share or sell my personal information']'.</msg>
<arg>${DoNotSellInfo}</arg>
<doc>Click the element identified by ``locator``.</doc>
<status status="PASS" start="2025-02-18T13:16:07.126496" elapsed="0.042915"/>
</kw>
<kw name="Sleep" owner="BuiltIn">
<msg time="2025-02-18T13:16:12.173911" level="INFO">Slept 5 seconds.</msg>
<arg>5</arg>
<doc>Pauses the test executed for the given time.</doc>
<status status="PASS" start="2025-02-18T13:16:07.169569" elapsed="5.004963"/>
</kw>
<status status="PASS" start="2025-02-18T13:16:05.094397" elapsed="7.080822"/>
</kw>
<kw name="Validate all the fields on Do not sell footer section" owner="DoNotSellInfo_TC001_Pages">
<kw name="Wait Until Element Is Visible" owner="SeleniumLibrary">
<arg>${Heading}</arg>
<doc>Waits until the element ``locator`` is visible.</doc>
<status status="PASS" start="2025-02-18T13:16:12.177357" elapsed="0.025949"/>
</kw>
<kw name="Element Should Be Visible" owner="SeleniumLibrary">
<msg time="2025-02-18T13:16:12.215456" level="INFO">Element '//h1[@class='heading-1']' is displayed.</msg>
<arg>${Heading}</arg>
<doc>Verifies that the element identified by ``locator`` is visible.</doc>
<status status="PASS" start="2025-02-18T13:16:12.203442" elapsed="0.012144"/>
</kw>
<kw name="Get Text" owner="SeleniumLibrary">
<msg time="2025-02-18T13:16:12.233787" level="INFO">${HeadingMsg} = We respect your right to be in charge of your personal info</msg>
<var>${HeadingMsg}</var>
<arg>${Heading}</arg>
<doc>Returns the text value of the element identified by ``locator``.</doc>
<status status="PASS" start="2025-02-18T13:16:12.215892" elapsed="0.018014"/>
</kw>
<kw name="Log" owner="BuiltIn">
<msg time="2025-02-18T13:16:12.234822" level="INFO">The heading of privacy is displayed as: We respect your right to be in charge of your personal info</msg>
<arg>The heading of privacy is displayed as: ${HeadingMsg}</arg>
<doc>Logs the given message with the given level.</doc>
<status status="PASS" start="2025-02-18T13:16:12.234506" elapsed="0.000388"/>
</kw>
<kw name="Capture Page Screenshot" owner="SeleniumLibrary">
<msg time="2025-02-18T13:16:12.548604" level="INFO" html="true">&lt;/td&gt;&lt;/tr&gt;&lt;tr&gt;&lt;td colspan="3"&gt;&lt;a href="selenium-screenshot-1.png"&gt;&lt;img src="selenium-screenshot-1.png" width="800px"&gt;&lt;/a&gt;</msg>
<doc>Takes a screenshot of the current page and embeds it into a log file.</doc>
<status status="PASS" start="2025-02-18T13:16:12.235071" elapsed="0.313617"/>
</kw>
<kw name="Execute Javascript" owner="SeleniumLibrary">
<msg time="2025-02-18T13:16:12.549564" level="INFO">Executing JavaScript:
window.scrollTo(0,600)
Without any arguments.</msg>
<arg>window.scrollTo(0,600)</arg>
<doc>Executes the given JavaScript code with possible arguments.</doc>
<status status="PASS" start="2025-02-18T13:16:12.548912" elapsed="0.004686"/>
</kw>
<kw name="Sleep" owner="BuiltIn">
<msg time="2025-02-18T13:16:17.556191" level="INFO">Slept 5 seconds.</msg>
<arg>5</arg>
<doc>Pauses the test executed for the given time.</doc>
<status status="PASS" start="2025-02-18T13:16:12.553838" elapsed="5.002776"/>
</kw>
<kw name="Wait Until Element Is Visible" owner="SeleniumLibrary">
<arg>${DoNotSellCheckbox}</arg>
<doc>Waits until the element ``locator`` is visible.</doc>
<status status="PASS" start="2025-02-18T13:16:17.556956" elapsed="0.011051"/>
</kw>
<kw name="Element Should Be Visible" owner="SeleniumLibrary">
<msg time="2025-02-18T13:16:17.575879" level="INFO">Element '//div[@class='my-4 flex flex-col gap-1.5']/div[1]/input[@class='input-checkbox']' is displayed.</msg>
<arg>${DoNotSellCheckbox}</arg>
<doc>Verifies that the element identified by ``locator`` is visible.</doc>
<status status="PASS" start="2025-02-18T13:16:17.568158" elapsed="0.007787"/>
</kw>
<kw name="Get Text" owner="SeleniumLibrary">
<msg time="2025-02-18T13:16:17.583433" level="INFO">${DoNotSellCheckboxMsg} = </msg>
<var>${DoNotSellCheckboxMsg}</var>
<arg>${DoNotSellCheckbox}</arg>
<doc>Returns the text value of the element identified by ``locator``.</doc>
<status status="PASS" start="2025-02-18T13:16:17.576086" elapsed="0.007375"/>
</kw>
<kw name="Log" owner="BuiltIn">
<msg time="2025-02-18T13:16:17.583698" level="INFO">Do not sell or share my personal information checkbox is displayed as: </msg>
<arg>Do not sell or share my personal information checkbox is displayed as: ${DoNotSellCheckboxMsg}</arg>
<doc>Logs the given message with the given level.</doc>
<status status="PASS" start="2025-02-18T13:16:17.583575" elapsed="0.000167"/>
</kw>
<kw name="Capture Element Screenshot" owner="SeleniumLibrary">
<msg time="2025-02-18T13:16:17.634861" level="INFO" html="true">&lt;/td&gt;&lt;/tr&gt;&lt;tr&gt;&lt;td colspan="3"&gt;&lt;a href="selenium-element-screenshot-1.png"&gt;&lt;img src="selenium-element-screenshot-1.png" width="400px"&gt;&lt;/a&gt;</msg>
<arg>${DoNotSellCheckbox}</arg>
<doc>Captures a screenshot from the element identified by ``locator`` and embeds it into log file.</doc>
<status status="PASS" start="2025-02-18T13:16:17.583843" elapsed="0.051114"/>
</kw>
<kw name="Sleep" owner="BuiltIn">
<msg time="2025-02-18T13:16:19.636060" level="INFO">Slept 2 seconds.</msg>
<arg>2</arg>
<doc>Pauses the test executed for the given time.</doc>
<status status="PASS" start="2025-02-18T13:16:17.635080" elapsed="2.001132"/>
</kw>
<kw name="Wait Until Element Is Visible" owner="SeleniumLibrary">
<arg>${LimitTheUseCheckbox}</arg>
<doc>Waits until the element ``locator`` is visible.</doc>
<status status="PASS" start="2025-02-18T13:16:19.636510" elapsed="0.012013"/>
</kw>
<kw name="Element Should Be Visible" owner="SeleniumLibrary">
<msg time="2025-02-18T13:16:19.656711" level="INFO">Element '//div[@class='my-4 flex flex-col gap-1.5']/div[2]/input[@class='input-checkbox']' is displayed.</msg>
<arg>${LimitTheUseCheckbox}</arg>
<doc>Verifies that the element identified by ``locator`` is visible.</doc>
<status status="PASS" start="2025-02-18T13:16:19.648656" elapsed="0.008122"/>
</kw>
<kw name="Get Text" owner="SeleniumLibrary">
<msg time="2025-02-18T13:16:19.665402" level="INFO">${LimitTheUseMsg} = </msg>
<var>${LimitTheUseMsg}</var>
<arg>${LimitTheUseCheckbox}</arg>
<doc>Returns the text value of the element identified by ``locator``.</doc>
<status status="PASS" start="2025-02-18T13:16:19.656887" elapsed="0.008594"/>
</kw>
<kw name="Log" owner="BuiltIn">
<msg time="2025-02-18T13:16:19.665924" level="INFO">Limit the Use of My Sensitive Personal Information checkbox is displayed as: </msg>
<arg>Limit the Use of My Sensitive Personal Information checkbox is displayed as: ${LimitTheUseMsg}</arg>
<doc>Logs the given message with the given level.</doc>
<status status="PASS" start="2025-02-18T13:16:19.665787" elapsed="0.000196"/>
</kw>
<kw name="Capture Element Screenshot" owner="SeleniumLibrary">
<msg time="2025-02-18T13:16:19.916550" level="INFO" html="true">&lt;/td&gt;&lt;/tr&gt;&lt;tr&gt;&lt;td colspan="3"&gt;&lt;a href="selenium-element-screenshot-2.png"&gt;&lt;img src="selenium-element-screenshot-2.png" width="400px"&gt;&lt;/a&gt;</msg>
<arg>${LimitTheUseCheckbox}</arg>
<doc>Captures a screenshot from the element identified by ``locator`` and embeds it into log file.</doc>
<status status="PASS" start="2025-02-18T13:16:19.666199" elapsed="0.250445"/>
</kw>
<kw name="Sleep" owner="BuiltIn">
<msg time="2025-02-18T13:16:24.919347" level="INFO">Slept 5 seconds.</msg>
<arg>5</arg>
<doc>Pauses the test executed for the given time.</doc>
<status status="PASS" start="2025-02-18T13:16:19.916744" elapsed="5.002697"/>
</kw>
<kw name="Wait Until Page Contains Element" owner="SeleniumLibrary">
<arg>${SubmitCTA}</arg>
<doc>Waits until the element ``locator`` appears on the current page.</doc>
<status status="PASS" start="2025-02-18T13:16:24.919576" elapsed="0.007868"/>
</kw>
<kw name="Wait Until Element Is Visible" owner="SeleniumLibrary">
<arg>${SubmitCTA}</arg>
<doc>Waits until the element ``locator`` is visible.</doc>
<status status="PASS" start="2025-02-18T13:16:24.927581" elapsed="0.007001"/>
</kw>
<kw name="Element Should Be Visible" owner="SeleniumLibrary">
<msg time="2025-02-18T13:16:24.942392" level="INFO">Element '//button[@id='submit-button']' is displayed.</msg>
<arg>${SubmitCTA}</arg>
<doc>Verifies that the element identified by ``locator`` is visible.</doc>
<status status="PASS" start="2025-02-18T13:16:24.934811" elapsed="0.007737"/>
</kw>
<kw name="Sleep" owner="BuiltIn">
<msg time="2025-02-18T13:16:26.945054" level="INFO">Slept 2 seconds.</msg>
<arg>2</arg>
<doc>Pauses the test executed for the given time.</doc>
<status status="PASS" start="2025-02-18T13:16:24.942770" elapsed="2.002458"/>
</kw>
<kw name="Wait Until Element Is Visible" owner="SeleniumLibrary">
<arg>${CancelCTA}</arg>
<doc>Waits until the element ``locator`` is visible.</doc>
<status status="PASS" start="2025-02-18T13:16:26.945533" elapsed="0.012098"/>
</kw>
<kw name="Element Should Be Visible" owner="SeleniumLibrary">
<msg time="2025-02-18T13:16:26.965136" level="INFO">Element '//a[@id='cancel-button']' is displayed.</msg>
<arg>${CancelCTA}</arg>
<doc>Verifies that the element identified by ``locator`` is visible.</doc>
<status status="PASS" start="2025-02-18T13:16:26.957756" elapsed="0.007529"/>
</kw>
<status status="PASS" start="2025-02-18T13:16:12.175946" elapsed="14.789443"/>
</kw>
<kw name="Close Browser" owner="SeleniumLibrary" type="TEARDOWN">
<doc>Closes the current browser.</doc>
<status status="PASS" start="2025-02-18T13:16:26.965817" elapsed="0.538164"/>
</kw>
<status status="PASS" start="2025-02-18T13:15:43.387511" elapsed="44.116551"/>
</test>
<status status="PASS" start="2025-02-18T13:15:43.279903" elapsed="44.224613"/>
</suite>
<status status="PASS" start="2025-02-18T13:15:43.279390" elapsed="44.225545"/>
</suite>
<status status="PASS" start="2025-02-18T13:15:43.271053" elapsed="44.234119"/>
</suite>
<statistics>
<total>
<stat pass="1" fail="0" skip="0">All Tests</stat>
</total>
<tag>
</tag>
<suite>
<stat pass="1" fail="0" skip="0" id="s1" name="Tests">Tests</stat>
<stat pass="1" fail="0" skip="0" id="s1-s1" name="DoNotSellOrShareMyInfo">Tests.DoNotSellOrShareMyInfo</stat>
<stat pass="1" fail="0" skip="0" id="s1-s1-s1" name="DoNotSellInfo TC001 Test">Tests.DoNotSellOrShareMyInfo.DoNotSellInfo TC001 Test</stat>
</suite>
</statistics>
<errors>
<msg time="2025-02-18T13:15:43.384593" level="ERROR">Error in file '/Users/angeline.rohan/Desktop/QA Automation_Thinx.robot.py/ThinxAutomation1/Thinx-Automation1/steps/PDP/PDP_TC004_Steps.robot' on line 4: Setting 'Suite Setup' is not allowed in resource file.</msg>
</errors>
</robot>
