<?xml version="1.0" encoding="UTF-8"?>
<robot generator="Robot 7.1.1 (Python 3.13.1 on darwin)" generated="2025-02-18T15:59:50.566205" rpa="false" schemaversion="5">
<suite id="s1" name="Tests" source="/Users/angeline.rohan/Desktop/QA Automation_Thinx.robot.py/ThinxAutomation1/Thinx-Automation1/tests">
<suite id="s1-s1" name="DoNotSellOrShareMyInfo" source="/Users/angeline.rohan/Desktop/QA Automation_Thinx.robot.py/ThinxAutomation1/Thinx-Automation1/tests/DoNotSellOrShareMyInfo">
<suite id="s1-s1-s1" name="DoNotSellInfo TC001 Test" source="/Users/angeline.rohan/Desktop/QA Automation_Thinx.robot.py/ThinxAutomation1/Thinx-Automation1/tests/DoNotSellOrShareMyInfo/DoNotSellInfo_TC001_Test.robot">
<test id="s1-s1-s1-t1" name="Open Thinx" line="19">
<kw name="Open Thinx Homepage Using Chrome Browser" owner="resources" type="SETUP">
<kw name="Open Browser" owner="SeleniumLibrary">
<msg time="2025-02-18T15:59:50.970335" level="INFO">Opening browser 'Chrome' to base url 'https://www.thinx.com/'.</msg>
<arg>${ThinxHomepage}</arg>
<arg>Chrome</arg>
<doc>Opens a new browser instance to the optional ``url``.</doc>
<status status="PASS" start="2025-02-18T15:59:50.970163" elapsed="1.514634"/>
</kw>
<kw name="Maximize Browser Window" owner="SeleniumLibrary">
<doc>Maximizes current browser window.</doc>
<status status="PASS" start="2025-02-18T15:59:52.485333" elapsed="2.059235"/>
</kw>
<status status="PASS" start="2025-02-18T15:59:50.969603" elapsed="3.575233"/>
</kw>
<kw name="Accept Cookies" owner="DoNotSellInfo_TC002_Pages">
<kw name="Wait Until Element Is Visible" owner="SeleniumLibrary">
<arg>${AcceptCookies}</arg>
<doc>Waits until the element ``locator`` is visible.</doc>
<status status="PASS" start="2025-02-18T15:59:54.545689" elapsed="0.073662"/>
</kw>
<kw name="Click Element" owner="SeleniumLibrary">
<msg time="2025-02-18T15:59:54.620428" level="INFO">Clicking element '//button[@id='onetrust-accept-btn-handler']'.</msg>
<arg>locator=${AcceptCookies}</arg>
<doc>Click the element identified by ``locator``.</doc>
<status status="PASS" start="2025-02-18T15:59:54.619871" elapsed="0.102964"/>
</kw>
<kw name="Sleep" owner="BuiltIn">
<msg time="2025-02-18T15:59:59.725580" level="INFO">Slept 5 seconds.</msg>
<arg>5</arg>
<doc>Pauses the test executed for the given time.</doc>
<status status="PASS" start="2025-02-18T15:59:54.722981" elapsed="5.003113"/>
</kw>
<status status="PASS" start="2025-02-18T15:59:54.545293" elapsed="5.181272"/>
</kw>
<kw name="Accept Cookies and Close Welcome Modal" owner="PDP_TC004_Steps">
<kw name="Sleep" owner="BuiltIn">
<msg time="2025-02-18T16:00:04.728897" level="INFO">Slept 5 seconds.</msg>
<arg>5</arg>
<doc>Pauses the test executed for the given time.</doc>
<status status="PASS" start="2025-02-18T15:59:59.728184" elapsed="5.001398"/>
</kw>
<kw name="Wait Until Page Contains Element" owner="SeleniumLibrary">
<arg>${CloseModal}</arg>
<doc>Waits until the element ``locator`` appears on the current page.</doc>
<status status="PASS" start="2025-02-18T16:00:04.730680" elapsed="0.029241"/>
</kw>
<kw name="Click Element" owner="SeleniumLibrary">
<msg time="2025-02-18T16:00:04.761992" level="INFO">Clicking element '//button[@class='absolute right-3 top-3 [&amp;&gt;svg]:size-6']'.</msg>
<arg>${CloseModal}</arg>
<doc>Click the element identified by ``locator``.</doc>
<status status="PASS" start="2025-02-18T16:00:04.760298" elapsed="0.069511"/>
</kw>
<status status="PASS" start="2025-02-18T15:59:59.727184" elapsed="5.102729"/>
</kw>
<kw name="Sleep" owner="BuiltIn">
<msg time="2025-02-18T16:00:09.831730" level="INFO">Slept 5 seconds.</msg>
<arg>5</arg>
<doc>Pauses the test executed for the given time.</doc>
<status status="PASS" start="2025-02-18T16:00:04.830026" elapsed="5.003103"/>
</kw>
<kw name="Click on Do Not Sell Info Link from footer section" owner="DoNotSellInfo_TC001_Pages">
<kw name="Execute Javascript" owner="SeleniumLibrary">
<msg time="2025-02-18T16:00:09.837109" level="INFO">Executing JavaScript:
window.scrollTo(0, document.body.scrollHeight)
Without any arguments.</msg>
<arg>window.scrollTo(0, document.body.scrollHeight)</arg>
<doc>Executes the given JavaScript code with possible arguments.</doc>
<status status="PASS" start="2025-02-18T16:00:09.836296" elapsed="0.005445"/>
</kw>
<kw name="Sleep" owner="BuiltIn">
<msg time="2025-02-18T16:00:11.843943" level="INFO">Slept 2 seconds.</msg>
<arg>2</arg>
<doc>Pauses the test executed for the given time.</doc>
<status status="PASS" start="2025-02-18T16:00:09.841883" elapsed="2.002151"/>
</kw>
<kw name="Wait Until Page Contains Element" owner="SeleniumLibrary">
<arg>${DoNotSellInfo}</arg>
<doc>Waits until the element ``locator`` appears on the current page.</doc>
<status status="PASS" start="2025-02-18T16:00:11.844160" elapsed="0.007819"/>
</kw>
<kw name="Element Should Be Visible" owner="SeleniumLibrary">
<msg time="2025-02-18T16:00:11.863346" level="INFO">Element '//a[.='Do not share or sell my personal information']' is displayed.</msg>
<arg>${DoNotSellInfo}</arg>
<doc>Verifies that the element identified by ``locator`` is visible.</doc>
<status status="PASS" start="2025-02-18T16:00:11.852273" elapsed="0.011142"/>
</kw>
<kw name="Click Element" owner="SeleniumLibrary">
<msg time="2025-02-18T16:00:11.863686" level="INFO">Clicking element '//a[.='Do not share or sell my personal information']'.</msg>
<arg>${DoNotSellInfo}</arg>
<doc>Click the element identified by ``locator``.</doc>
<status status="PASS" start="2025-02-18T16:00:11.863522" elapsed="0.040348"/>
</kw>
<kw name="Sleep" owner="BuiltIn">
<msg time="2025-02-18T16:00:16.905872" level="INFO">Slept 5 seconds.</msg>
<arg>5</arg>
<doc>Pauses the test executed for the given time.</doc>
<status status="PASS" start="2025-02-18T16:00:11.904158" elapsed="5.001934"/>
</kw>
<status status="PASS" start="2025-02-18T16:00:09.834933" elapsed="7.071273"/>
</kw>
<kw name="Validate all the fields on Do not sell footer section" owner="DoNotSellInfo_TC001_Pages">
<kw name="Wait Until Element Is Visible" owner="SeleniumLibrary">
<arg>${Heading}</arg>
<doc>Waits until the element ``locator`` is visible.</doc>
<status status="PASS" start="2025-02-18T16:00:16.907806" elapsed="0.025909"/>
</kw>
<kw name="Element Should Be Visible" owner="SeleniumLibrary">
<msg time="2025-02-18T16:00:16.952439" level="INFO">Element '//h1[@class='heading-1']' is displayed.</msg>
<arg>${Heading}</arg>
<doc>Verifies that the element identified by ``locator`` is visible.</doc>
<status status="PASS" start="2025-02-18T16:00:16.934145" elapsed="0.018720"/>
</kw>
<kw name="Get Text" owner="SeleniumLibrary">
<msg time="2025-02-18T16:00:16.970301" level="INFO">${HeadingMsg} = We respect your right to be in charge of your personal info</msg>
<var>${HeadingMsg}</var>
<arg>${Heading}</arg>
<doc>Returns the text value of the element identified by ``locator``.</doc>
<status status="PASS" start="2025-02-18T16:00:16.953167" elapsed="0.017206"/>
</kw>
<kw name="Log" owner="BuiltIn">
<msg time="2025-02-18T16:00:16.970924" level="INFO">The heading of privacy is displayed as: We respect your right to be in charge of your personal info</msg>
<arg>The heading of privacy is displayed as: ${HeadingMsg}</arg>
<doc>Logs the given message with the given level.</doc>
<status status="PASS" start="2025-02-18T16:00:16.970658" elapsed="0.000302"/>
</kw>
<kw name="Capture Page Screenshot" owner="SeleniumLibrary">
<msg time="2025-02-18T16:00:17.282809" level="INFO" html="true">&lt;/td&gt;&lt;/tr&gt;&lt;tr&gt;&lt;td colspan="3"&gt;&lt;a href="selenium-screenshot-1.png"&gt;&lt;img src="selenium-screenshot-1.png" width="800px"&gt;&lt;/a&gt;</msg>
<doc>Takes a screenshot of the current page and embeds it into a log file.</doc>
<status status="PASS" start="2025-02-18T16:00:16.971137" elapsed="0.311747"/>
</kw>
<kw name="Execute Javascript" owner="SeleniumLibrary">
<msg time="2025-02-18T16:00:17.283616" level="INFO">Executing JavaScript:
window.scrollTo(0,600)
Without any arguments.</msg>
<arg>window.scrollTo(0,600)</arg>
<doc>Executes the given JavaScript code with possible arguments.</doc>
<status status="PASS" start="2025-02-18T16:00:17.283014" elapsed="0.005741"/>
</kw>
<kw name="Sleep" owner="BuiltIn">
<msg time="2025-02-18T16:00:22.291074" level="INFO">Slept 5 seconds.</msg>
<arg>5</arg>
<doc>Pauses the test executed for the given time.</doc>
<status status="PASS" start="2025-02-18T16:00:17.288996" elapsed="5.002616"/>
</kw>
<kw name="Wait Until Element Is Visible" owner="SeleniumLibrary">
<arg>${DoNotSellCheckbox}</arg>
<doc>Waits until the element ``locator`` is visible.</doc>
<status status="PASS" start="2025-02-18T16:00:22.292111" elapsed="0.012421"/>
</kw>
<kw name="Element Should Be Visible" owner="SeleniumLibrary">
<msg time="2025-02-18T16:00:22.314575" level="INFO">Element '//div[@class='my-4 flex flex-col gap-1.5']/div[1]/input[@class='input-checkbox']' is displayed.</msg>
<arg>${DoNotSellCheckbox}</arg>
<doc>Verifies that the element identified by ``locator`` is visible.</doc>
<status status="PASS" start="2025-02-18T16:00:22.304685" elapsed="0.009958"/>
</kw>
<kw name="Get Text" owner="SeleniumLibrary">
<msg time="2025-02-18T16:00:22.323549" level="INFO">${DoNotSellCheckboxMsg} = </msg>
<var>${DoNotSellCheckboxMsg}</var>
<arg>${DoNotSellCheckbox}</arg>
<doc>Returns the text value of the element identified by ``locator``.</doc>
<status status="PASS" start="2025-02-18T16:00:22.314787" elapsed="0.008790"/>
</kw>
<kw name="Log" owner="BuiltIn">
<msg time="2025-02-18T16:00:22.324087" level="INFO">Do not sell or share my personal information checkbox is displayed as: </msg>
<arg>Do not sell or share my personal information checkbox is displayed as: ${DoNotSellCheckboxMsg}</arg>
<doc>Logs the given message with the given level.</doc>
<status status="PASS" start="2025-02-18T16:00:22.323923" elapsed="0.000192"/>
</kw>
<kw name="Capture Element Screenshot" owner="SeleniumLibrary">
<msg time="2025-02-18T16:00:22.404952" level="INFO" html="true">&lt;/td&gt;&lt;/tr&gt;&lt;tr&gt;&lt;td colspan="3"&gt;&lt;a href="selenium-element-screenshot-1.png"&gt;&lt;img src="selenium-element-screenshot-1.png" width="400px"&gt;&lt;/a&gt;</msg>
<arg>${DoNotSellCheckbox}</arg>
<doc>Captures a screenshot from the element identified by ``locator`` and embeds it into log file.</doc>
<status status="PASS" start="2025-02-18T16:00:22.324177" elapsed="0.080848"/>
</kw>
<kw name="Sleep" owner="BuiltIn">
<msg time="2025-02-18T16:00:24.407062" level="INFO">Slept 2 seconds.</msg>
<arg>2</arg>
<doc>Pauses the test executed for the given time.</doc>
<status status="PASS" start="2025-02-18T16:00:22.405316" elapsed="2.001864"/>
</kw>
<kw name="Wait Until Element Is Visible" owner="SeleniumLibrary">
<arg>${LimitTheUseCheckbox}</arg>
<doc>Waits until the element ``locator`` is visible.</doc>
<status status="PASS" start="2025-02-18T16:00:24.407389" elapsed="0.011982"/>
</kw>
<kw name="Element Should Be Visible" owner="SeleniumLibrary">
<msg time="2025-02-18T16:00:24.427873" level="INFO">Element '//div[@class='my-4 flex flex-col gap-1.5']/div[2]/input[@class='input-checkbox']' is displayed.</msg>
<arg>${LimitTheUseCheckbox}</arg>
<doc>Verifies that the element identified by ``locator`` is visible.</doc>
<status status="PASS" start="2025-02-18T16:00:24.419605" elapsed="0.008392"/>
</kw>
<kw name="Get Text" owner="SeleniumLibrary">
<msg time="2025-02-18T16:00:24.437022" level="INFO">${LimitTheUseMsg} = </msg>
<var>${LimitTheUseMsg}</var>
<arg>${LimitTheUseCheckbox}</arg>
<doc>Returns the text value of the element identified by ``locator``.</doc>
<status status="PASS" start="2025-02-18T16:00:24.428220" elapsed="0.008830"/>
</kw>
<kw name="Log" owner="BuiltIn">
<msg time="2025-02-18T16:00:24.437608" level="INFO">Limit the Use of My Sensitive Personal Information checkbox is displayed as: </msg>
<arg>Limit the Use of My Sensitive Personal Information checkbox is displayed as: ${LimitTheUseMsg}</arg>
<doc>Logs the given message with the given level.</doc>
<status status="PASS" start="2025-02-18T16:00:24.437263" elapsed="0.000391"/>
</kw>
<kw name="Capture Element Screenshot" owner="SeleniumLibrary">
<msg time="2025-02-18T16:00:24.482282" level="INFO" html="true">&lt;/td&gt;&lt;/tr&gt;&lt;tr&gt;&lt;td colspan="3"&gt;&lt;a href="selenium-element-screenshot-2.png"&gt;&lt;img src="selenium-element-screenshot-2.png" width="400px"&gt;&lt;/a&gt;</msg>
<arg>${LimitTheUseCheckbox}</arg>
<doc>Captures a screenshot from the element identified by ``locator`` and embeds it into log file.</doc>
<status status="PASS" start="2025-02-18T16:00:24.437816" elapsed="0.044754"/>
</kw>
<kw name="Sleep" owner="BuiltIn">
<msg time="2025-02-18T16:00:29.483344" level="INFO">Slept 5 seconds.</msg>
<arg>5</arg>
<doc>Pauses the test executed for the given time.</doc>
<status status="PASS" start="2025-02-18T16:00:24.482734" elapsed="5.000915"/>
</kw>
<kw name="Wait Until Page Contains Element" owner="SeleniumLibrary">
<arg>${SubmitCTA}</arg>
<doc>Waits until the element ``locator`` appears on the current page.</doc>
<status status="PASS" start="2025-02-18T16:00:29.484008" elapsed="0.012282"/>
</kw>
<kw name="Wait Until Element Is Visible" owner="SeleniumLibrary">
<arg>${SubmitCTA}</arg>
<doc>Waits until the element ``locator`` is visible.</doc>
<status status="PASS" start="2025-02-18T16:00:29.496642" elapsed="0.011197"/>
</kw>
<kw name="Element Should Be Visible" owner="SeleniumLibrary">
<msg time="2025-02-18T16:00:29.520336" level="INFO">Element '//button[@id='submit-button']' is displayed.</msg>
<arg>${SubmitCTA}</arg>
<doc>Verifies that the element identified by ``locator`` is visible.</doc>
<status status="PASS" start="2025-02-18T16:00:29.508147" elapsed="0.012348"/>
</kw>
<kw name="Sleep" owner="BuiltIn">
<msg time="2025-02-18T16:00:31.523612" level="INFO">Slept 2 seconds.</msg>
<arg>2</arg>
<doc>Pauses the test executed for the given time.</doc>
<status status="PASS" start="2025-02-18T16:00:29.520855" elapsed="2.003030"/>
</kw>
<kw name="Wait Until Element Is Visible" owner="SeleniumLibrary">
<arg>${CancelCTA}</arg>
<doc>Waits until the element ``locator`` is visible.</doc>
<status status="PASS" start="2025-02-18T16:00:31.524156" elapsed="0.017772"/>
</kw>
<kw name="Element Should Be Visible" owner="SeleniumLibrary">
<msg time="2025-02-18T16:00:31.561221" level="INFO">Element '//a[@id='cancel-button']' is displayed.</msg>
<arg>${CancelCTA}</arg>
<doc>Verifies that the element identified by ``locator`` is visible.</doc>
<status status="PASS" start="2025-02-18T16:00:31.542207" elapsed="0.019101"/>
</kw>
<status status="PASS" start="2025-02-18T16:00:16.906690" elapsed="14.654854"/>
</kw>
<kw name="Close Browser" owner="SeleniumLibrary" type="TEARDOWN">
<doc>Closes the current browser.</doc>
<status status="PASS" start="2025-02-18T16:00:31.562575" elapsed="1.701729"/>
</kw>
<status status="PASS" start="2025-02-18T15:59:50.968924" elapsed="42.295458"/>
</test>
<status status="PASS" start="2025-02-18T15:59:50.625062" elapsed="42.640245"/>
</suite>
<status status="PASS" start="2025-02-18T15:59:50.623511" elapsed="42.642371"/>
</suite>
<status status="PASS" start="2025-02-18T15:59:50.613787" elapsed="42.652313"/>
</suite>
<statistics>
<total>
<stat pass="1" fail="0" skip="0">All Tests</stat>
</total>
<tag>
</tag>
<suite>
<stat pass="1" fail="0" skip="0" id="s1" name="Tests">Tests</stat>
<stat pass="1" fail="0" skip="0" id="s1-s1" name="DoNotSellOrShareMyInfo">Tests.DoNotSellOrShareMyInfo</stat>
<stat pass="1" fail="0" skip="0" id="s1-s1-s1" name="DoNotSellInfo TC001 Test">Tests.DoNotSellOrShareMyInfo.DoNotSellInfo TC001 Test</stat>
</suite>
</statistics>
<errors>
<msg time="2025-02-18T15:59:50.967142" level="ERROR">Error in file '/Users/angeline.rohan/Desktop/QA Automation_Thinx.robot.py/ThinxAutomation1/Thinx-Automation1/steps/PDP/PDP_TC004_Steps.robot' on line 4: Setting 'Suite Setup' is not allowed in resource file.</msg>
</errors>
</robot>
