==============================================================================
Tests                                                                         
==============================================================================
Tests.Footer                                                                  
==============================================================================
Tests.Footer.Footer TC002 Test                                                
==============================================================================
Open Thinx                                                              
  Traceback (most recent call last):
    ~~~~~~~~~~~~~~~~~~~~~~~~~~~~~~~~~~~~~~~~~~~~~~~~~~~~~~~~~~~~~~~~~~~~~~~~~~
    File  /Users/angeline.rohan/Desktop/QA Automation_Thinx.robot.py/ThinxAutomation1/Thinx-Automation1/tests/Footer/Footer_TC002_Test.robot:18
    T:  Open Thinx    
    ~~~~~~~~~~~~~~~~~~~~~~~~~~~~~~~~~~~~~~~~~~~~~~~~~~~~~~~~~~~~~~~~~~~~~~~~~~
    File  /Users/angeline.rohan/Desktop/QA Automation_Thinx.robot.py/ThinxAutomation1/Thinx-Automation1/tests/Footer/Footer_TC002_Test.robot:23
      Click 1st Set of Footer Links & Ensure They Direct to Correct Pages    
    ~~~~~~~~~~~~~~~~~~~~~~~~~~~~~~~~~~~~~~~~~~~~~~~~~~~~~~~~~~~~~~~~~~~~~~~~~~
    File  /Users/angeline.rohan/Desktop/QA Automation_Thinx.robot.py/ThinxAutomation1/Thinx-Automation1/steps/Footer/Footer_TC002_Steps.robot:10
      Click Element    ${FAQs}
      |  ${FAQs} = //div[@class='lg:flex lg:justify-between lg:gap-x-[144px] lg:gap-y-4 lg:flex-wrap']/div[@class='lg:w-[150px] hidden lg:block']//a[.='faqs'] (str)
______________________________________________________________________________
| FAIL |
ElementClickInterceptedException: Message: element click intercepted: Element <a class="body-3 no-underline text-default" href="/pages/faq">...</a> is not clickable at point (596, 59). Other element would receive the click: <header class="flex justify-between items-center px-3 h-[3.25rem] lg:h-14.5 lg:px-8 bg-white border-b border-b-brand-tangerine">...</header>
  (Session info: chrome=133.0.6943.99)
Stacktrace:
0   chromedriver                        0x00000001047a6bac cxxbridge1$str$ptr + 2724820
1   chromedriver                        0x000000010479f20c cxxbridge1$str$ptr + 2693684
2   chromedriver                        0x0000000104305afc cxxbridge1$string$len + 93348
3   chromedriver                        0x0000000104352398 cxxbridge1$string$len + 406848
4   chromedriver                        0x0000000104350928 cxxbridge1$string$len + 400080
5   chromedriver                        0x000000010434e73c cxxbridge1$string$len + 391396
6   chromedriver                        0x000000010434db38 cxxbridge1$strin...
    [ Message content over the limit has been removed. ]
...er                        0x0000000104340ba0 cxxbridge1$string$len + 335176
11  chromedriver                        0x000000010476f664 cxxbridge1$str$ptr + 2498188
12  chromedriver                        0x0000000104772978 cxxbridge1$str$ptr + 2511264
13  chromedriver                        0x0000000104754d04 cxxbridge1$str$ptr + 2389292
14  chromedriver                        0x0000000104773220 cxxbridge1$str$ptr + 2513480
15  chromedriver                        0x0000000104745cec cxxbridge1$str$ptr + 2327828
16  chromedriver                        0x000000010478f8d4 cxxbridge1$str$ptr + 2629884
17  chromedriver                        0x000000010478fa5c cxxbridge1$str$ptr + 2630276
18  chromedriver                        0x000000010479ee80 cxxbridge1$str$ptr + 2692776
19  libsystem_pthread.dylib             0x00000001893b5f94 _pthread_start + 136
20  libsystem_pthread.dylib             0x00000001893b0d34 thread_start + 8
------------------------------------------------------------------------------
Tests.Footer.Footer TC002 Test                                        | FAIL |
1 test, 0 passed, 1 failed
==============================================================================
Tests.Footer                                                          | FAIL |
1 test, 0 passed, 1 failed
==============================================================================
Tests                                                                 | FAIL |
1 test, 0 passed, 1 failed
==============================================================================
Output:  /Users/angeline.rohan/Desktop/QA Automation_Thinx.robot.py/ThinxAutomation1/Thinx-Automation1/pabot_results/15/output.xml
