<?xml version="1.0" encoding="UTF-8"?>
<robot generator="Robot 7.1.1 (Python 3.13.1 on darwin)" generated="2025-02-18T15:58:45.685010" rpa="false" schemaversion="5">
<suite id="s1" name="Tests" source="/Users/angeline.rohan/Desktop/QA Automation_Thinx.robot.py/ThinxAutomation1/Thinx-Automation1/tests">
<suite id="s1-s1" name="Cart" source="/Users/angeline.rohan/Desktop/QA Automation_Thinx.robot.py/ThinxAutomation1/Thinx-Automation1/tests/Cart">
<suite id="s1-s1-s1" name="Cart TC001 Tests" source="/Users/angeline.rohan/Desktop/QA Automation_Thinx.robot.py/ThinxAutomation1/Thinx-Automation1/tests/Cart/Cart_TC001_Tests.robot">
<test id="s1-s1-s1-t1" name="Open Thinx" line="16">
<kw name="Open Thinx Homepage Using Chrome Browser" owner="resources" type="SETUP">
<kw name="Open Browser" owner="SeleniumLibrary">
<msg time="2025-02-18T15:58:45.816314" level="INFO">Opening browser 'Chrome' to base url 'https://www.thinx.com/'.</msg>
<arg>${ThinxHomepage}</arg>
<arg>Chrome</arg>
<doc>Opens a new browser instance to the optional ``url``.</doc>
<status status="PASS" start="2025-02-18T15:58:45.816188" elapsed="6.993245"/>
</kw>
<kw name="Maximize Browser Window" owner="SeleniumLibrary">
<doc>Maximizes current browser window.</doc>
<status status="PASS" start="2025-02-18T15:58:52.811002" elapsed="7.515174"/>
</kw>
<status status="PASS" start="2025-02-18T15:58:45.815854" elapsed="14.511358"/>
</kw>
<kw name="Click Accept Cookies Button" owner="CookieSettings_TC001_Pages">
<kw name="Wait Until Element Is Visible" owner="SeleniumLibrary">
<arg>${AcceptCookies}</arg>
<doc>Waits until the element ``locator`` is visible.</doc>
<status status="PASS" start="2025-02-18T15:59:00.329287" elapsed="0.020334"/>
</kw>
<kw name="Click Element" owner="SeleniumLibrary">
<msg time="2025-02-18T15:59:00.350341" level="INFO">Clicking element '//button[@id='onetrust-accept-btn-handler']'.</msg>
<arg>${AcceptCookies}</arg>
<doc>Click the element identified by ``locator``.</doc>
<status status="PASS" start="2025-02-18T15:59:00.349957" elapsed="0.070073"/>
</kw>
<kw name="Sleep" owner="BuiltIn">
<msg time="2025-02-18T15:59:03.422926" level="INFO">Slept 3 seconds.</msg>
<arg>3</arg>
<doc>Pauses the test executed for the given time.</doc>
<status status="PASS" start="2025-02-18T15:59:00.420394" elapsed="3.005736"/>
</kw>
<status status="PASS" start="2025-02-18T15:59:00.328297" elapsed="3.097990"/>
</kw>
<kw name="Sleep" owner="BuiltIn">
<msg time="2025-02-18T15:59:08.428681" level="INFO">Slept 5 seconds.</msg>
<arg>5</arg>
<doc>Pauses the test executed for the given time.</doc>
<status status="PASS" start="2025-02-18T15:59:03.426628" elapsed="5.003507"/>
</kw>
<kw name="Accept Cookies and Close Welcome Modal" owner="PDP_TC004_Steps">
<kw name="Sleep" owner="BuiltIn">
<msg time="2025-02-18T15:59:13.437206" level="INFO">Slept 5 seconds.</msg>
<arg>5</arg>
<doc>Pauses the test executed for the given time.</doc>
<status status="PASS" start="2025-02-18T15:59:08.436456" elapsed="5.000876"/>
</kw>
<kw name="Wait Until Page Contains Element" owner="SeleniumLibrary">
<arg>${CloseModal}</arg>
<doc>Waits until the element ``locator`` appears on the current page.</doc>
<status status="PASS" start="2025-02-18T15:59:13.437523" elapsed="0.025402"/>
</kw>
<kw name="Click Element" owner="SeleniumLibrary">
<msg time="2025-02-18T15:59:13.464089" level="INFO">Clicking element '//button[@class='absolute right-3 top-3 [&amp;&gt;svg]:size-6']'.</msg>
<arg>${CloseModal}</arg>
<doc>Click the element identified by ``locator``.</doc>
<status status="PASS" start="2025-02-18T15:59:13.463451" elapsed="0.053490"/>
</kw>
<status status="PASS" start="2025-02-18T15:59:08.435131" elapsed="5.081899"/>
</kw>
<kw name="Sleep" owner="BuiltIn">
<msg time="2025-02-18T15:59:18.520663" level="INFO">Slept 5 seconds.</msg>
<arg>5</arg>
<doc>Pauses the test executed for the given time.</doc>
<status status="PASS" start="2025-02-18T15:59:13.517111" elapsed="5.004670"/>
</kw>
<kw name="Click Cart Icon &amp; Open Cart" owner="Cart_TC001_Steps">
<kw name="Scroll Element Into View" owner="SeleniumLibrary">
<arg>locator=${Cart}</arg>
<doc>Scrolls the element identified by ``locator`` into view.</doc>
<status status="PASS" start="2025-02-18T15:59:18.525667" elapsed="0.287631"/>
</kw>
<kw name="Element Should Be Visible" owner="SeleniumLibrary">
<msg time="2025-02-18T15:59:18.826148" level="INFO">Element '//button[@class='relative mr-4 lg:mr-0 lg:ml-5 group']' is displayed.</msg>
<arg>${Cart}</arg>
<doc>Verifies that the element identified by ``locator`` is visible.</doc>
<status status="PASS" start="2025-02-18T15:59:18.813448" elapsed="0.012820"/>
</kw>
<kw name="Click Element" owner="SeleniumLibrary">
<msg time="2025-02-18T15:59:18.826639" level="INFO">Clicking element '//button[@class='relative mr-4 lg:mr-0 lg:ml-5 group']'.</msg>
<arg>${Cart}</arg>
<doc>Click the element identified by ``locator``.</doc>
<status status="PASS" start="2025-02-18T15:59:18.826463" elapsed="0.079962"/>
</kw>
<kw name="Sleep" owner="BuiltIn">
<msg time="2025-02-18T15:59:23.909222" level="INFO">Slept 5 seconds.</msg>
<arg>5</arg>
<doc>Pauses the test executed for the given time.</doc>
<status status="PASS" start="2025-02-18T15:59:18.906892" elapsed="5.003352"/>
</kw>
<status status="PASS" start="2025-02-18T15:59:18.523655" elapsed="5.387446"/>
</kw>
<kw name="Validate Empty Cart Elements &amp; Content" owner="Cart_TC001_Steps">
<kw name="Wait Until Element Is Visible" owner="SeleniumLibrary">
<arg>${CartHeading}</arg>
<doc>Waits until the element ``locator`` is visible.</doc>
<status status="PASS" start="2025-02-18T15:59:23.912553" elapsed="0.022492"/>
</kw>
<kw name="Wait Until Element Is Visible" owner="SeleniumLibrary">
<arg>${CustomSetDiscountCallout}</arg>
<doc>Waits until the element ``locator`` is visible.</doc>
<status status="PASS" start="2025-02-18T15:59:23.935174" elapsed="0.013574"/>
</kw>
<kw name="Element Should Be Visible" owner="SeleniumLibrary">
<msg time="2025-02-18T15:59:23.959249" level="INFO">Element '//div[@class='color-scheme-6 px-3 py-3 lg:px-8']' is displayed.</msg>
<arg>${CustomSetDiscountCallout}</arg>
<doc>Verifies that the element identified by ``locator`` is visible.</doc>
<status status="PASS" start="2025-02-18T15:59:23.948956" elapsed="0.010471"/>
</kw>
<kw name="Wait Until Element Is Visible" owner="SeleniumLibrary">
<arg>${EmptyBagText}</arg>
<doc>Waits until the element ``locator`` is visible.</doc>
<status status="PASS" start="2025-02-18T15:59:23.959566" elapsed="0.014480"/>
</kw>
<kw name="Get Text" owner="SeleniumLibrary">
<msg time="2025-02-18T15:59:23.990754" level="INFO">${EmptyBagText} = Looks like your bag is empty!</msg>
<var>${EmptyBagText}</var>
<arg>${EmptyBagText}</arg>
<doc>Returns the text value of the element identified by ``locator``.</doc>
<status status="PASS" start="2025-02-18T15:59:23.974356" elapsed="0.016430"/>
</kw>
<kw name="Should Contain" owner="BuiltIn">
<arg>${EmptyBagText}</arg>
<arg>Looks like your bag is empty!</arg>
<doc>Fails if ``container`` does not contain ``item`` one or more times.</doc>
<status status="PASS" start="2025-02-18T15:59:23.990938" elapsed="0.000155"/>
</kw>
<kw name="Wait Until Element Is Visible" owner="SeleniumLibrary">
<arg>${StartShoppingCTA}</arg>
<doc>Waits until the element ``locator`` is visible.</doc>
<status status="PASS" start="2025-02-18T15:59:23.991165" elapsed="0.015697"/>
</kw>
<kw name="Element Should Be Visible" owner="SeleniumLibrary">
<msg time="2025-02-18T15:59:24.019594" level="INFO">Element '//a[.='start shopping']' is displayed.</msg>
<arg>${StartShoppingCTA}</arg>
<doc>Verifies that the element identified by ``locator`` is visible.</doc>
<status status="PASS" start="2025-02-18T15:59:24.007227" elapsed="0.012458"/>
</kw>
<kw name="Scroll Element Into View" owner="SeleniumLibrary">
<arg>${YouMayAlsoLikeHeading}</arg>
<doc>Scrolls the element identified by ``locator`` into view.</doc>
<status status="PASS" start="2025-02-18T15:59:24.020011" elapsed="0.269037"/>
</kw>
<kw name="Wait Until Element Is Visible" owner="SeleniumLibrary">
<arg>${YouMayAlsoLikeHeading}</arg>
<doc>Waits until the element ``locator`` is visible.</doc>
<status status="PASS" start="2025-02-18T15:59:24.289283" elapsed="0.009218"/>
</kw>
<kw name="Element Should Be Visible" owner="SeleniumLibrary">
<msg time="2025-02-18T15:59:24.309512" level="INFO">Element '//div[@class='heading-5']' is displayed.</msg>
<arg>${YouMayAlsoLikeHeading}</arg>
<doc>Verifies that the element identified by ``locator`` is visible.</doc>
<status status="PASS" start="2025-02-18T15:59:24.298968" elapsed="0.010678"/>
</kw>
<kw name="Wait Until Element Is Visible" owner="SeleniumLibrary">
<arg>${ProductCarouselCart}</arg>
<doc>Waits until the element ``locator`` is visible.</doc>
<status status="PASS" start="2025-02-18T15:59:24.309882" elapsed="0.013605"/>
</kw>
<kw name="Element Should Be Visible" owner="SeleniumLibrary">
<msg time="2025-02-18T15:59:24.338585" level="INFO">Element '//div[@id='cart-upsell']' is displayed.</msg>
<arg>${ProductCarouselCart}</arg>
<doc>Verifies that the element identified by ``locator`` is visible.</doc>
<status status="PASS" start="2025-02-18T15:59:24.323653" elapsed="0.015077"/>
</kw>
<kw name="Scroll Element Into View" owner="SeleniumLibrary">
<arg>${StartShoppingCTA}</arg>
<doc>Scrolls the element identified by ``locator`` into view.</doc>
<status status="PASS" start="2025-02-18T15:59:24.338913" elapsed="0.279701"/>
</kw>
<kw name="Click Element" owner="SeleniumLibrary">
<msg time="2025-02-18T15:59:24.618928" level="INFO">Clicking element '//a[.='start shopping']'.</msg>
<arg>${StartShoppingCTA}</arg>
<doc>Click the element identified by ``locator``.</doc>
<status status="PASS" start="2025-02-18T15:59:24.618756" elapsed="0.037515"/>
</kw>
<kw name="Sleep" owner="BuiltIn">
<msg time="2025-02-18T15:59:29.657450" level="INFO">Slept 5 seconds.</msg>
<arg>5</arg>
<doc>Pauses the test executed for the given time.</doc>
<status status="PASS" start="2025-02-18T15:59:24.656429" elapsed="5.001421"/>
</kw>
<kw name="Location Should Be" owner="SeleniumLibrary">
<msg time="2025-02-18T15:59:29.670357" level="INFO">Current location is 'https://www.thinx.com/collections/shop-all'.</msg>
<arg>${StartShoppingLink}</arg>
<doc>Verifies that the current URL is exactly ``url``.</doc>
<status status="PASS" start="2025-02-18T15:59:29.658268" elapsed="0.012170"/>
</kw>
<status status="PASS" start="2025-02-18T15:59:23.911934" elapsed="5.758600"/>
</kw>
<kw name="Close Cart" owner="Cart_TC001_Steps">
<kw name="Wait Until Element Is Visible" owner="SeleniumLibrary">
<arg>${Cart}</arg>
<doc>Waits until the element ``locator`` is visible.</doc>
<status status="PASS" start="2025-02-18T15:59:29.670886" elapsed="0.012676"/>
</kw>
<kw name="Scroll Element Into View" owner="SeleniumLibrary">
<arg>${Cart}</arg>
<doc>Scrolls the element identified by ``locator`` into view.</doc>
<status status="PASS" start="2025-02-18T15:59:29.683731" elapsed="0.290806"/>
</kw>
<kw name="Wait Until Element Is Enabled" owner="SeleniumLibrary">
<arg>${Cart}</arg>
<doc>Waits until the element ``locator`` is enabled.</doc>
<status status="PASS" start="2025-02-18T15:59:29.974709" elapsed="0.015161"/>
</kw>
<kw name="Click Element" owner="SeleniumLibrary">
<msg time="2025-02-18T15:59:29.990210" level="INFO">Clicking element '//button[@class='relative mr-4 lg:mr-0 lg:ml-5 group']'.</msg>
<arg>${Cart}</arg>
<doc>Click the element identified by ``locator``.</doc>
<status status="PASS" start="2025-02-18T15:59:29.990002" elapsed="0.184890"/>
</kw>
<kw name="Sleep" owner="BuiltIn">
<msg time="2025-02-18T15:59:35.176393" level="INFO">Slept 5 seconds.</msg>
<arg>5</arg>
<doc>Pauses the test executed for the given time.</doc>
<status status="PASS" start="2025-02-18T15:59:30.175017" elapsed="5.001501"/>
</kw>
<kw name="Wait Until Element Is Visible" owner="SeleniumLibrary">
<arg>${CartCloseButton}</arg>
<doc>Waits until the element ``locator`` is visible.</doc>
<status status="PASS" start="2025-02-18T15:59:35.176837" elapsed="0.022462"/>
</kw>
<kw name="Scroll Element Into View" owner="SeleniumLibrary">
<arg>${CartCloseButton}</arg>
<doc>Scrolls the element identified by ``locator`` into view.</doc>
<status status="PASS" start="2025-02-18T15:59:35.199651" elapsed="0.267791"/>
</kw>
<kw name="Click Element" owner="SeleniumLibrary">
<msg time="2025-02-18T15:59:35.468133" level="INFO">Clicking element '//button[@class='[&amp;&gt;svg]:size-6']'.</msg>
<arg>${CartCloseButton}</arg>
<doc>Click the element identified by ``locator``.</doc>
<status status="PASS" start="2025-02-18T15:59:35.467927" elapsed="0.038849"/>
</kw>
<status status="PASS" start="2025-02-18T15:59:29.670683" elapsed="5.836237"/>
</kw>
<kw name="Close Browser" owner="SeleniumLibrary" type="TEARDOWN">
<doc>Closes the current browser.</doc>
<status status="PASS" start="2025-02-18T15:59:35.507202" elapsed="0.296505"/>
</kw>
<status status="PASS" start="2025-02-18T15:58:45.815501" elapsed="49.988290"/>
</test>
<status status="PASS" start="2025-02-18T15:58:45.706734" elapsed="50.097513"/>
</suite>
<status status="PASS" start="2025-02-18T15:58:45.706287" elapsed="50.098387"/>
</suite>
<status status="PASS" start="2025-02-18T15:58:45.697052" elapsed="50.107846"/>
</suite>
<statistics>
<total>
<stat pass="1" fail="0" skip="0">All Tests</stat>
</total>
<tag>
</tag>
<suite>
<stat pass="1" fail="0" skip="0" id="s1" name="Tests">Tests</stat>
<stat pass="1" fail="0" skip="0" id="s1-s1" name="Cart">Tests.Cart</stat>
<stat pass="1" fail="0" skip="0" id="s1-s1-s1" name="Cart TC001 Tests">Tests.Cart.Cart TC001 Tests</stat>
</suite>
</statistics>
<errors>
<msg time="2025-02-18T15:58:45.813009" level="ERROR">Error in file '/Users/angeline.rohan/Desktop/QA Automation_Thinx.robot.py/ThinxAutomation1/Thinx-Automation1/steps/PDP/PDP_TC004_Steps.robot' on line 4: Setting 'Suite Setup' is not allowed in resource file.</msg>
</errors>
</robot>
