<?xml version="1.0" encoding="UTF-8"?>
<robot generator="Robot 7.1.1 (Python 3.13.1 on darwin)" generated="2025-02-18T16:00:12.103106" rpa="false" schemaversion="5">
<suite id="s1" name="Tests" source="/Users/angeline.rohan/Desktop/QA Automation_Thinx.robot.py/ThinxAutomation1/Thinx-Automation1/tests">
<suite id="s1-s1" name="Footer" source="/Users/angeline.rohan/Desktop/QA Automation_Thinx.robot.py/ThinxAutomation1/Thinx-Automation1/tests/Footer">
<suite id="s1-s1-s1" name="Footer TC003 Test" source="/Users/angeline.rohan/Desktop/QA Automation_Thinx.robot.py/ThinxAutomation1/Thinx-Automation1/tests/Footer/Footer_TC003_Test.robot">
<test id="s1-s1-s1-t1" name="Open Thinx" line="18">
<kw name="Open Thinx Homepage Using Chrome Browser" owner="resources" type="SETUP">
<kw name="Open Browser" owner="SeleniumLibrary">
<msg time="2025-02-18T16:00:12.568561" level="INFO">Opening browser 'Chrome' to base url 'https://www.thinx.com/'.</msg>
<arg>${ThinxHomepage}</arg>
<arg>Chrome</arg>
<doc>Opens a new browser instance to the optional ``url``.</doc>
<status status="PASS" start="2025-02-18T16:00:12.568417" elapsed="5.107120"/>
</kw>
<kw name="Maximize Browser Window" owner="SeleniumLibrary">
<doc>Maximizes current browser window.</doc>
<status status="PASS" start="2025-02-18T16:00:17.678104" elapsed="0.386542"/>
</kw>
<status status="PASS" start="2025-02-18T16:00:12.567997" elapsed="5.496957"/>
</kw>
<kw name="Click Accept Cookies Button" owner="CookieSettings_TC001_Pages">
<kw name="Wait Until Element Is Visible" owner="SeleniumLibrary">
<arg>${AcceptCookies}</arg>
<doc>Waits until the element ``locator`` is visible.</doc>
<status status="PASS" start="2025-02-18T16:00:18.066313" elapsed="0.295057"/>
</kw>
<kw name="Click Element" owner="SeleniumLibrary">
<msg time="2025-02-18T16:00:18.362087" level="INFO">Clicking element '//button[@id='onetrust-accept-btn-handler']'.</msg>
<arg>${AcceptCookies}</arg>
<doc>Click the element identified by ``locator``.</doc>
<status status="PASS" start="2025-02-18T16:00:18.361676" elapsed="0.058397"/>
</kw>
<kw name="Sleep" owner="BuiltIn">
<msg time="2025-02-18T16:00:21.421957" level="INFO">Slept 3 seconds.</msg>
<arg>3</arg>
<doc>Pauses the test executed for the given time.</doc>
<status status="PASS" start="2025-02-18T16:00:18.420326" elapsed="3.001729"/>
</kw>
<status status="PASS" start="2025-02-18T16:00:18.065574" elapsed="3.356559"/>
</kw>
<kw name="Sleep" owner="BuiltIn">
<msg time="2025-02-18T16:00:26.423000" level="INFO">Slept 5 seconds.</msg>
<arg>5</arg>
<doc>Pauses the test executed for the given time.</doc>
<status status="PASS" start="2025-02-18T16:00:21.422228" elapsed="5.000937"/>
</kw>
<kw name="Accept Cookies and Close Welcome Modal" owner="PDP_TC004_Steps">
<kw name="Sleep" owner="BuiltIn">
<msg time="2025-02-18T16:00:31.425873" level="INFO">Slept 5 seconds.</msg>
<arg>5</arg>
<doc>Pauses the test executed for the given time.</doc>
<status status="PASS" start="2025-02-18T16:00:26.424018" elapsed="5.003159"/>
</kw>
<kw name="Wait Until Page Contains Element" owner="SeleniumLibrary">
<arg>${CloseModal}</arg>
<doc>Waits until the element ``locator`` appears on the current page.</doc>
<status status="PASS" start="2025-02-18T16:00:31.428621" elapsed="0.020261"/>
</kw>
<kw name="Click Element" owner="SeleniumLibrary">
<msg time="2025-02-18T16:00:31.449613" level="INFO">Clicking element '//button[@class='absolute right-3 top-3 [&amp;&gt;svg]:size-6']'.</msg>
<arg>${CloseModal}</arg>
<doc>Click the element identified by ``locator``.</doc>
<status status="PASS" start="2025-02-18T16:00:31.449204" elapsed="0.050888"/>
</kw>
<status status="PASS" start="2025-02-18T16:00:26.423474" elapsed="5.077321"/>
</kw>
<kw name="Scroll to the Footer Section" owner="Footer_TC001_Steps">
<kw name="Execute Javascript" owner="SeleniumLibrary">
<msg time="2025-02-18T16:00:31.504170" level="INFO">Executing JavaScript:
window.scrollTo(0, document.body.scrollHeight)
Without any arguments.</msg>
<arg>window.scrollTo(0, document.body.scrollHeight)</arg>
<doc>Executes the given JavaScript code with possible arguments.</doc>
<status status="PASS" start="2025-02-18T16:00:31.502892" elapsed="0.004390"/>
</kw>
<kw name="Sleep" owner="BuiltIn">
<msg time="2025-02-18T16:00:36.510223" level="INFO">Slept 5 seconds.</msg>
<arg>5</arg>
<doc>Pauses the test executed for the given time.</doc>
<status status="PASS" start="2025-02-18T16:00:31.507427" elapsed="5.003003"/>
</kw>
<status status="PASS" start="2025-02-18T16:00:31.502189" elapsed="5.008519"/>
</kw>
<kw name="Validate Terms Link Section Is Visible" owner="Footer_TC003_Steps">
<kw name="Execute Javascript" owner="SeleniumLibrary">
<msg time="2025-02-18T16:00:36.515811" level="INFO">Executing JavaScript:
window.scrollTo(0, document.body.scrollHeight)
Without any arguments.</msg>
<arg>window.scrollTo(0, document.body.scrollHeight)</arg>
<doc>Executes the given JavaScript code with possible arguments.</doc>
<status status="PASS" start="2025-02-18T16:00:36.513503" elapsed="0.007464"/>
</kw>
<kw name="Sleep" owner="BuiltIn">
<msg time="2025-02-18T16:00:41.522522" level="INFO">Slept 5 seconds.</msg>
<arg>5</arg>
<doc>Pauses the test executed for the given time.</doc>
<status status="PASS" start="2025-02-18T16:00:36.521409" elapsed="5.001220"/>
</kw>
<kw name="Wait Until Element Is Visible" owner="SeleniumLibrary">
<arg>${TermsLinkSection}</arg>
<doc>Waits until the element ``locator`` is visible.</doc>
<status status="PASS" start="2025-02-18T16:00:41.522923" elapsed="0.020518"/>
</kw>
<kw name="Element Should Be Visible" owner="SeleniumLibrary">
<msg time="2025-02-18T16:00:41.555642" level="INFO">Element '//ul[@class='flex flex-wrap gap-y-3']' is displayed.</msg>
<arg>${TermsLinkSection}</arg>
<doc>Verifies that the element identified by ``locator`` is visible.</doc>
<status status="PASS" start="2025-02-18T16:00:41.543665" elapsed="0.012060"/>
</kw>
<status status="PASS" start="2025-02-18T16:00:36.511841" elapsed="5.043952"/>
</kw>
<kw name="Click on Terms and Conditions Link from Footer Section" owner="Footer_TC003_Steps">
<kw name="Wait Until Page Contains Element" owner="SeleniumLibrary">
<arg>${CookieSettings}</arg>
<doc>Waits until the element ``locator`` appears on the current page.</doc>
<status status="PASS" start="2025-02-18T16:00:41.556085" elapsed="0.010396"/>
</kw>
<kw name="Element Should Be Visible" owner="SeleniumLibrary">
<msg time="2025-02-18T16:00:41.579635" level="INFO">Element '//button[@class='body-3-bold no-underline text-default']' is displayed.</msg>
<arg>${CookieSettings}</arg>
<doc>Verifies that the element identified by ``locator`` is visible.</doc>
<status status="PASS" start="2025-02-18T16:00:41.566731" elapsed="0.012979"/>
</kw>
<status status="PASS" start="2025-02-18T16:00:41.555915" elapsed="0.023862"/>
</kw>
<kw name="Validate Navigation to Privacy Page" owner="Footer_TC003_Steps">
<kw name="Wait Until Element Is Visible" owner="SeleniumLibrary">
<arg>${PrivacyPolicyFooter}</arg>
<doc>Waits until the element ``locator`` is visible.</doc>
<status status="PASS" start="2025-02-18T16:00:41.580476" elapsed="0.014775"/>
</kw>
<kw name="Element Should Be Visible" owner="SeleniumLibrary">
<msg time="2025-02-18T16:00:41.605700" level="INFO">Element '//*[contains(text(),'Privacy Policy')]' is displayed.</msg>
<arg>${PrivacyPolicyFooter}</arg>
<doc>Verifies that the element identified by ``locator`` is visible.</doc>
<status status="PASS" start="2025-02-18T16:00:41.595489" elapsed="0.010350"/>
</kw>
<kw name="Click Element" owner="SeleniumLibrary">
<msg time="2025-02-18T16:00:41.606412" level="INFO">Clicking element '//*[contains(text(),'Privacy Policy')]'.</msg>
<arg>${PrivacyPolicyFooter}</arg>
<doc>Click the element identified by ``locator``.</doc>
<status status="PASS" start="2025-02-18T16:00:41.606082" elapsed="0.062569"/>
</kw>
<kw name="Sleep" owner="BuiltIn">
<msg time="2025-02-18T16:00:46.670460" level="INFO">Slept 5 seconds.</msg>
<arg>5</arg>
<doc>Pauses the test executed for the given time.</doc>
<status status="PASS" start="2025-02-18T16:00:41.668799" elapsed="5.002017"/>
</kw>
<kw name="Location Should Be" owner="SeleniumLibrary">
<msg time="2025-02-18T16:00:46.686880" level="INFO">Current location is 'https://www.thinx.com/pages/privacy-policy'.</msg>
<arg>${PrivacyURL}</arg>
<doc>Verifies that the current URL is exactly ``url``.</doc>
<status status="PASS" start="2025-02-18T16:00:46.671356" elapsed="0.015891"/>
</kw>
<kw name="Wait Until Element Is Visible" owner="SeleniumLibrary">
<arg>${H1}</arg>
<doc>Waits until the element ``locator`` is visible.</doc>
<status status="PASS" start="2025-02-18T16:00:46.687483" elapsed="0.013363"/>
</kw>
<kw name="Get Text" owner="SeleniumLibrary">
<msg time="2025-02-18T16:00:46.717816" level="INFO">${H1} = Privacy Policy</msg>
<var>${H1}</var>
<arg>${H1}</arg>
<doc>Returns the text value of the element identified by ``locator``.</doc>
<status status="PASS" start="2025-02-18T16:00:46.701127" elapsed="0.016750"/>
</kw>
<kw name="Should Contain" owner="BuiltIn">
<arg>${H1}</arg>
<arg>Privacy Policy</arg>
<doc>Fails if ``container`` does not contain ``item`` one or more times.</doc>
<status status="PASS" start="2025-02-18T16:00:46.718117" elapsed="0.000311"/>
</kw>
<status status="PASS" start="2025-02-18T16:00:41.580063" elapsed="5.138475"/>
</kw>
<kw name="Validate Navigation to Terms Page" owner="Footer_TC003_Steps">
<kw name="Execute Javascript" owner="SeleniumLibrary">
<msg time="2025-02-18T16:00:46.720328" level="INFO">Executing JavaScript:
window.scrollTo(0, document.body.scrollHeight)
Without any arguments.</msg>
<arg>window.scrollTo(0, document.body.scrollHeight)</arg>
<doc>Executes the given JavaScript code with possible arguments.</doc>
<status status="PASS" start="2025-02-18T16:00:46.719363" elapsed="0.004651"/>
</kw>
<kw name="Wait Until Element Is Visible" owner="SeleniumLibrary">
<arg>${TermsCondLinkFooter}</arg>
<doc>Waits until the element ``locator`` is visible.</doc>
<status status="PASS" start="2025-02-18T16:00:46.724231" elapsed="0.031225"/>
</kw>
<kw name="Element Should Be Visible" owner="SeleniumLibrary">
<msg time="2025-02-18T16:00:46.768170" level="INFO">Element '//a[.='terms of use']' is displayed.</msg>
<arg>${TermsCondLinkFooter}</arg>
<doc>Verifies that the element identified by ``locator`` is visible.</doc>
<status status="PASS" start="2025-02-18T16:00:46.756053" elapsed="0.012290"/>
</kw>
<kw name="Click Element" owner="SeleniumLibrary">
<msg time="2025-02-18T16:00:46.769101" level="INFO">Clicking element '//a[.='terms of use']'.</msg>
<arg>${TermsCondLinkFooter}</arg>
<doc>Click the element identified by ``locator``.</doc>
<status status="PASS" start="2025-02-18T16:00:46.768787" elapsed="0.051689"/>
</kw>
<kw name="Sleep" owner="BuiltIn">
<msg time="2025-02-18T16:00:51.822197" level="INFO">Slept 5 seconds.</msg>
<arg>5</arg>
<doc>Pauses the test executed for the given time.</doc>
<status status="PASS" start="2025-02-18T16:00:46.820879" elapsed="5.001489"/>
</kw>
<kw name="Location Should Be" owner="SeleniumLibrary">
<msg time="2025-02-18T16:00:51.832836" level="INFO">Current location is 'https://www.thinx.com/pages/terms-of-use'.</msg>
<arg>${TermsURL}</arg>
<doc>Verifies that the current URL is exactly ``url``.</doc>
<status status="PASS" start="2025-02-18T16:00:51.822677" elapsed="0.010229"/>
</kw>
<kw name="Wait Until Element Is Visible" owner="SeleniumLibrary">
<arg>${H1}</arg>
<doc>Waits until the element ``locator`` is visible.</doc>
<status status="PASS" start="2025-02-18T16:00:51.833043" elapsed="0.010661"/>
</kw>
<kw name="Get Text" owner="SeleniumLibrary">
<msg time="2025-02-18T16:00:51.857354" level="INFO">${H1} = Terms of Use</msg>
<var>${H1}</var>
<arg>${H1}</arg>
<doc>Returns the text value of the element identified by ``locator``.</doc>
<status status="PASS" start="2025-02-18T16:00:51.843940" elapsed="0.013490"/>
</kw>
<kw name="Should Contain" owner="BuiltIn">
<arg>${H1}</arg>
<arg>Terms of Use</arg>
<doc>Fails if ``container`` does not contain ``item`` one or more times.</doc>
<status status="PASS" start="2025-02-18T16:00:51.857754" elapsed="0.000335"/>
</kw>
<status status="PASS" start="2025-02-18T16:00:46.718808" elapsed="5.139395"/>
</kw>
<kw name="Validate Navigation to Sitemap" owner="Footer_TC003_Steps">
<kw name="Execute Javascript" owner="SeleniumLibrary">
<msg time="2025-02-18T16:00:51.858969" level="INFO">Executing JavaScript:
window.scrollTo(0, document.body.scrollHeight)
Without any arguments.</msg>
<arg>window.scrollTo(0, document.body.scrollHeight)</arg>
<doc>Executes the given JavaScript code with possible arguments.</doc>
<status status="PASS" start="2025-02-18T16:00:51.858597" elapsed="0.002845"/>
</kw>
<kw name="Wait Until Element Is Visible" owner="SeleniumLibrary">
<arg>${Sitemap}</arg>
<doc>Waits until the element ``locator`` is visible.</doc>
<status status="PASS" start="2025-02-18T16:00:51.861733" elapsed="0.015523"/>
</kw>
<kw name="Element Should Be Visible" owner="SeleniumLibrary">
<msg time="2025-02-18T16:00:51.885229" level="INFO">Element '//a[.='sitemap']' is displayed.</msg>
<arg>${Sitemap}</arg>
<doc>Verifies that the element identified by ``locator`` is visible.</doc>
<status status="PASS" start="2025-02-18T16:00:51.877402" elapsed="0.007953"/>
</kw>
<kw name="Click Element" owner="SeleniumLibrary">
<msg time="2025-02-18T16:00:51.885865" level="INFO">Clicking element '//a[.='sitemap']'.</msg>
<arg>${Sitemap}</arg>
<doc>Click the element identified by ``locator``.</doc>
<status status="PASS" start="2025-02-18T16:00:51.885579" elapsed="0.039507"/>
</kw>
<kw name="Sleep" owner="BuiltIn">
<msg time="2025-02-18T16:00:56.926583" level="INFO">Slept 5 seconds.</msg>
<arg>5</arg>
<doc>Pauses the test executed for the given time.</doc>
<status status="PASS" start="2025-02-18T16:00:51.925318" elapsed="5.001451"/>
</kw>
<kw name="Location Should Be" owner="SeleniumLibrary">
<msg time="2025-02-18T16:00:56.937265" level="INFO">Current location is 'https://www.thinx.com/pages/sitemap'.</msg>
<arg>${SitemapURL}</arg>
<doc>Verifies that the current URL is exactly ``url``.</doc>
<status status="PASS" start="2025-02-18T16:00:56.927104" elapsed="0.010229"/>
</kw>
<kw name="Wait Until Element Is Visible" owner="SeleniumLibrary">
<arg>${H1}</arg>
<doc>Waits until the element ``locator`` is visible.</doc>
<status status="PASS" start="2025-02-18T16:00:56.937778" elapsed="0.012460"/>
</kw>
<kw name="Get Text" owner="SeleniumLibrary">
<msg time="2025-02-18T16:00:56.960521" level="INFO">${H1} = Sitemap</msg>
<var>${H1}</var>
<arg>${H1}</arg>
<doc>Returns the text value of the element identified by ``locator``.</doc>
<status status="PASS" start="2025-02-18T16:00:56.950466" elapsed="0.010110"/>
</kw>
<kw name="Should Contain" owner="BuiltIn">
<arg>${H1}</arg>
<arg>Sitemap</arg>
<doc>Fails if ``container`` does not contain ``item`` one or more times.</doc>
<status status="PASS" start="2025-02-18T16:00:56.960788" elapsed="0.000283"/>
</kw>
<status status="PASS" start="2025-02-18T16:00:51.858414" elapsed="5.102752"/>
</kw>
<kw name="Validate Navigation to Accessibility Page" owner="Footer_TC003_Steps">
<kw name="Execute Javascript" owner="SeleniumLibrary">
<msg time="2025-02-18T16:00:56.962226" level="INFO">Executing JavaScript:
window.scrollTo(0, document.body.scrollHeight)
Without any arguments.</msg>
<arg>window.scrollTo(0, document.body.scrollHeight)</arg>
<doc>Executes the given JavaScript code with possible arguments.</doc>
<status status="PASS" start="2025-02-18T16:00:56.961733" elapsed="0.003491"/>
</kw>
<kw name="Wait Until Element Is Visible" owner="SeleniumLibrary">
<arg>${Accessibility}</arg>
<doc>Waits until the element ``locator`` is visible.</doc>
<status status="PASS" start="2025-02-18T16:00:56.965545" elapsed="0.022217"/>
</kw>
<kw name="Scroll Element Into View" owner="SeleniumLibrary">
<arg>${Accessibility}</arg>
<doc>Scrolls the element identified by ``locator`` into view.</doc>
<status status="PASS" start="2025-02-18T16:00:56.987920" elapsed="0.291773"/>
</kw>
<kw name="Click Element" owner="SeleniumLibrary">
<msg time="2025-02-18T16:00:57.280171" level="INFO">Clicking element '//a[.='accessibility']'.</msg>
<arg>${Accessibility}</arg>
<doc>Click the element identified by ``locator``.</doc>
<status status="PASS" start="2025-02-18T16:00:57.279859" elapsed="0.048275"/>
</kw>
<kw name="Sleep" owner="BuiltIn">
<msg time="2025-02-18T16:01:02.329453" level="INFO">Slept 5 seconds.</msg>
<arg>5</arg>
<doc>Pauses the test executed for the given time.</doc>
<status status="PASS" start="2025-02-18T16:00:57.328373" elapsed="5.001374"/>
</kw>
<kw name="Location Should Be" owner="SeleniumLibrary">
<msg time="2025-02-18T16:01:02.341930" level="INFO">Current location is 'https://www.thinx.com/pages/accessibility'.</msg>
<arg>${AccessibilityURL}</arg>
<doc>Verifies that the current URL is exactly ``url``.</doc>
<status status="PASS" start="2025-02-18T16:01:02.329895" elapsed="0.012124"/>
</kw>
<status status="PASS" start="2025-02-18T16:00:56.961363" elapsed="5.380781"/>
</kw>
<kw name="Validate Navigation to Limit the Use of My Sensitive Personal Information Page" owner="Footer_TC003_Steps">
<kw name="Execute Javascript" owner="SeleniumLibrary">
<msg time="2025-02-18T16:01:02.344736" level="INFO">Executing JavaScript:
window.scrollTo(0, document.body.scrollHeight)
Without any arguments.</msg>
<arg>window.scrollTo(0, document.body.scrollHeight)</arg>
<doc>Executes the given JavaScript code with possible arguments.</doc>
<status status="PASS" start="2025-02-18T16:01:02.342735" elapsed="0.009398"/>
</kw>
<kw name="Wait Until Page Contains Element" owner="SeleniumLibrary">
<arg>${LimitTheUseLinkFooter}</arg>
<doc>Waits until the element ``locator`` appears on the current page.</doc>
<status status="PASS" start="2025-02-18T16:01:02.352525" elapsed="0.020644"/>
</kw>
<kw name="Scroll Element Into View" owner="SeleniumLibrary">
<arg>${LimitTheUseLinkFooter}</arg>
<doc>Scrolls the element identified by ``locator`` into view.</doc>
<status status="PASS" start="2025-02-18T16:01:02.373405" elapsed="0.271072"/>
</kw>
<kw name="Click Element" owner="SeleniumLibrary">
<msg time="2025-02-18T16:01:02.645385" level="INFO">Clicking element '//a[.='Limit use of my sensitive personal information']'.</msg>
<arg>locator=${LimitTheUseLinkFooter}</arg>
<doc>Click the element identified by ``locator``.</doc>
<status status="PASS" start="2025-02-18T16:01:02.644887" elapsed="0.047975"/>
</kw>
<kw name="Sleep" owner="BuiltIn">
<msg time="2025-02-18T16:01:04.695605" level="INFO">Slept 2 seconds.</msg>
<arg>2</arg>
<doc>Pauses the test executed for the given time.</doc>
<status status="PASS" start="2025-02-18T16:01:02.693440" elapsed="2.002556"/>
</kw>
<kw name="Location Should Be" owner="SeleniumLibrary">
<msg time="2025-02-18T16:01:04.834781" level="INFO">Current location is 'https://www.thinx.com/pages/do-not-sell-my-personal-information'.</msg>
<arg>${LimitTheUseURL}</arg>
<doc>Verifies that the current URL is exactly ``url``.</doc>
<status status="PASS" start="2025-02-18T16:01:04.696584" elapsed="0.138328"/>
</kw>
<kw name="Wait Until Element Is Visible" owner="SeleniumLibrary">
<arg>${H1}</arg>
<doc>Waits until the element ``locator`` is visible.</doc>
<status status="PASS" start="2025-02-18T16:01:04.835225" elapsed="0.012725"/>
</kw>
<kw name="Get Text" owner="SeleniumLibrary">
<msg time="2025-02-18T16:01:04.858863" level="INFO">${H1} = We respect your right to be in charge of your personal info</msg>
<var>${H1}</var>
<arg>${H1}</arg>
<doc>Returns the text value of the element identified by ``locator``.</doc>
<status status="PASS" start="2025-02-18T16:01:04.848295" elapsed="0.011124"/>
</kw>
<kw name="Should Contain" owner="BuiltIn">
<arg>${H1}</arg>
<arg>We respect your right to be in charge of your personal info</arg>
<doc>Fails if ``container`` does not contain ``item`` one or more times.</doc>
<status status="PASS" start="2025-02-18T16:01:04.859718" elapsed="0.000329"/>
</kw>
<status status="PASS" start="2025-02-18T16:01:02.342330" elapsed="2.518048"/>
</kw>
<kw name="Close Browser" owner="SeleniumLibrary" type="TEARDOWN">
<doc>Closes the current browser.</doc>
<status status="PASS" start="2025-02-18T16:01:04.860779" elapsed="2.499107"/>
</kw>
<status status="PASS" start="2025-02-18T16:00:12.567525" elapsed="54.792461"/>
</test>
<status status="PASS" start="2025-02-18T16:00:12.145433" elapsed="55.215304"/>
</suite>
<status status="PASS" start="2025-02-18T16:00:12.143985" elapsed="55.217119"/>
</suite>
<status status="PASS" start="2025-02-18T16:00:12.131401" elapsed="55.229920"/>
</suite>
<statistics>
<total>
<stat pass="1" fail="0" skip="0">All Tests</stat>
</total>
<tag>
</tag>
<suite>
<stat pass="1" fail="0" skip="0" id="s1" name="Tests">Tests</stat>
<stat pass="1" fail="0" skip="0" id="s1-s1" name="Footer">Tests.Footer</stat>
<stat pass="1" fail="0" skip="0" id="s1-s1-s1" name="Footer TC003 Test">Tests.Footer.Footer TC003 Test</stat>
</suite>
</statistics>
<errors>
<msg time="2025-02-18T16:00:12.565159" level="ERROR">Error in file '/Users/angeline.rohan/Desktop/QA Automation_Thinx.robot.py/ThinxAutomation1/Thinx-Automation1/steps/PDP/PDP_TC004_Steps.robot' on line 4: Setting 'Suite Setup' is not allowed in resource file.</msg>
</errors>
</robot>
