<?xml version="1.0" encoding="UTF-8"?>
<robot generator="Robot 7.1.1 (Python 3.13.1 on darwin)" generated="2025-02-25T10:29:50.991657" rpa="false" schemaversion="5">
<suite id="s1" name="Tests" source="/Users/angeline.rohan/Desktop/QA Automation_Thinx.robot.py/ThinxAutomation1/Thinx-Automation1/tests">
<suite id="s1-s1" name="PDP" source="/Users/angeline.rohan/Desktop/QA Automation_Thinx.robot.py/ThinxAutomation1/Thinx-Automation1/tests/PDP">
<suite id="s1-s1-s1" name="PDP TC001 Test" source="/Users/angeline.rohan/Desktop/QA Automation_Thinx.robot.py/ThinxAutomation1/Thinx-Automation1/tests/PDP/PDP_TC001_Test.robot">
<test id="s1-s1-s1-t1" name="Open Thinx PDP Using Chrome Browser" line="15">
<kw name="Open Thinx PDP Using Chrome Browser" owner="resources" type="SETUP">
<kw name="Open Browser" owner="SeleniumLibrary">
<msg time="2025-02-25T10:29:51.422233" level="INFO">Opening browser 'Chrome' to base url 'https://www.thinx.com/products/period-all-night-ultra-soft-sleep-shorts?variant=40174028750920'.</msg>
<arg>${ThinxPDP}</arg>
<arg>Chrome</arg>
<doc>Opens a new browser instance to the optional ``url``.</doc>
<status status="PASS" start="2025-02-25T10:29:51.421932" elapsed="10.630054"/>
</kw>
<kw name="Maximize Browser Window" owner="SeleniumLibrary">
<doc>Maximizes current browser window.</doc>
<status status="PASS" start="2025-02-25T10:30:02.052959" elapsed="0.407520"/>
</kw>
<kw name="Sleep" owner="BuiltIn">
<msg time="2025-02-25T10:30:07.461529" level="INFO">Slept 5 seconds.</msg>
<arg>5</arg>
<doc>Pauses the test executed for the given time.</doc>
<status status="PASS" start="2025-02-25T10:30:02.460647" elapsed="5.001278"/>
</kw>
<status status="PASS" start="2025-02-25T10:29:51.421123" elapsed="16.041187"/>
</kw>
<kw name="Check Top of PDP Is Visible" owner="PDP_TC001_Steps">
<kw name="Wait Until Element Is Visible" owner="SeleniumLibrary">
<arg>${Breadcrumbs}</arg>
<doc>Waits until the element ``locator`` is visible.</doc>
<status status="PASS" start="2025-02-25T10:30:07.466140" elapsed="0.026484"/>
</kw>
<kw name="Element Should Be Visible" owner="SeleniumLibrary">
<msg time="2025-02-25T10:30:07.507217" level="INFO">Element '//ol[@class='flex flex-wrap']' is displayed.</msg>
<arg>${Breadcrumbs}</arg>
<doc>Verifies that the element identified by ``locator`` is visible.</doc>
<status status="PASS" start="2025-02-25T10:30:07.492937" elapsed="0.014441"/>
</kw>
<kw name="Element Should Be Visible" owner="SeleniumLibrary">
<msg time="2025-02-25T10:30:07.522270" level="INFO">Element '//div[@class='relative flex justify-between ']' is displayed.</msg>
<arg>${BrandEyebrow}</arg>
<doc>Verifies that the element identified by ``locator`` is visible.</doc>
<status status="PASS" start="2025-02-25T10:30:07.507614" elapsed="0.014919"/>
</kw>
<kw name="Wait Until Element Is Visible" owner="SeleniumLibrary">
<arg>${PDPH1}</arg>
<doc>Waits until the element ``locator`` is visible.</doc>
<status status="PASS" start="2025-02-25T10:30:07.522967" elapsed="0.011592"/>
</kw>
<kw name="Element Text Should Be" owner="SeleniumLibrary">
<msg time="2025-02-25T10:30:07.535117" level="INFO">Verifying element '//h1[@class='h4 flex-1']' contains exact text 'Ultra Soft Sleep Shorts'.</msg>
<arg>${PDPH1}</arg>
<arg>${Expected_Text2}</arg>
<doc>Verifies that element ``locator`` contains exact the text ``expected``.</doc>
<status status="PASS" start="2025-02-25T10:30:07.534789" elapsed="0.020163"/>
</kw>
<kw name="Wait Until Element Is Visible" owner="SeleniumLibrary">
<arg>${PDPPrice}</arg>
<doc>Waits until the element ``locator`` is visible.</doc>
<status status="PASS" start="2025-02-25T10:30:07.555254" elapsed="0.016015"/>
</kw>
<kw name="Element Should Be Visible" owner="SeleniumLibrary">
<msg time="2025-02-25T10:30:07.592309" level="INFO">Element '//div[@class='h5 flex flex-none gap-1']/span[.='$55']' is displayed.</msg>
<arg>${PDPPrice}</arg>
<doc>Verifies that the element identified by ``locator`` is visible.</doc>
<status status="PASS" start="2025-02-25T10:30:07.571398" elapsed="0.020985"/>
</kw>
<kw name="Sleep" owner="BuiltIn">
<msg time="2025-02-25T10:30:12.594920" level="INFO">Slept 5 seconds.</msg>
<arg>5</arg>
<doc>Pauses the test executed for the given time.</doc>
<status status="PASS" start="2025-02-25T10:30:07.592559" elapsed="5.002897"/>
</kw>
<status status="PASS" start="2025-02-25T10:30:07.463869" elapsed="5.131995"/>
</kw>
<kw name="Sleep" owner="BuiltIn">
<msg time="2025-02-25T10:30:17.598043" level="INFO">Slept 5 seconds.</msg>
<arg>5</arg>
<doc>Pauses the test executed for the given time.</doc>
<status status="PASS" start="2025-02-25T10:30:12.596290" elapsed="5.003195"/>
</kw>
<kw name="Validate PDP Details Are Visible" owner="PDP_TC001_Steps">
<kw name="Sleep" owner="BuiltIn">
<msg time="2025-02-25T10:30:22.604117" level="INFO">Slept 5 seconds.</msg>
<arg>5</arg>
<doc>Pauses the test executed for the given time.</doc>
<status status="PASS" start="2025-02-25T10:30:17.603131" elapsed="5.001159"/>
</kw>
<kw name="Wait Until Page Contains Element" owner="SeleniumLibrary">
<arg>${ReviewsJumplinks}</arg>
<doc>Waits until the element ``locator`` appears on the current page.</doc>
<status status="PASS" start="2025-02-25T10:30:22.604738" elapsed="0.017381"/>
</kw>
<kw name="Element Should Be Visible" owner="SeleniumLibrary">
<msg time="2025-02-25T10:30:22.641717" level="INFO">Element '//div[@class='yotpo-sr-bottom-line-summary']' is displayed.</msg>
<arg>${ReviewsJumplinks}</arg>
<doc>Verifies that the element identified by ``locator`` is visible.</doc>
<status status="PASS" start="2025-02-25T10:30:22.622494" elapsed="0.019310"/>
</kw>
<kw name="Wait Until Page Contains Element" owner="SeleniumLibrary">
<arg>${ColorSwatch}</arg>
<doc>Waits until the element ``locator`` appears on the current page.</doc>
<status status="PASS" start="2025-02-25T10:30:22.641946" elapsed="0.011313"/>
</kw>
<kw name="Wait Until Page Contains Element" owner="SeleniumLibrary">
<arg>${ColorSwatch}</arg>
<doc>Waits until the element ``locator`` appears on the current page.</doc>
<status status="PASS" start="2025-02-25T10:30:22.653378" elapsed="0.005421"/>
</kw>
<kw name="Capture Element Screenshot" owner="SeleniumLibrary">
<msg time="2025-02-25T10:30:23.251392" level="INFO" html="true">&lt;/td&gt;&lt;/tr&gt;&lt;tr&gt;&lt;td colspan="3"&gt;&lt;a href="../../results/selenium-element-screenshot-181.png"&gt;&lt;img src="../../results/selenium-element-screenshot-181.png" width="400px"&gt;&lt;/a&gt;</msg>
<arg>${ColorSwatch}</arg>
<doc>Captures a screenshot from the element identified by ``locator`` and embeds it into log file.</doc>
<status status="PASS" start="2025-02-25T10:30:22.658963" elapsed="0.593177"/>
</kw>
<status status="PASS" start="2025-02-25T10:30:17.602061" elapsed="5.650343"/>
</kw>
<kw name="Validate Remaining Layout of PDP" owner="PDP_TC001_Steps">
<kw name="Execute Javascript" owner="SeleniumLibrary">
<msg time="2025-02-25T10:30:23.254998" level="INFO">Executing JavaScript:
window.scrollTo(0,2000)
Without any arguments.</msg>
<arg>window.scrollTo(0,2000)</arg>
<doc>Executes the given JavaScript code with possible arguments.</doc>
<status status="PASS" start="2025-02-25T10:30:23.254332" elapsed="0.035200"/>
</kw>
<kw name="Sleep" owner="BuiltIn">
<msg time="2025-02-25T10:30:28.296002" level="INFO">Slept 5 seconds.</msg>
<arg>5</arg>
<doc>Pauses the test executed for the given time.</doc>
<status status="PASS" start="2025-02-25T10:30:23.289660" elapsed="5.007248"/>
</kw>
<kw name="Wait Until Page Contains Element" owner="SeleniumLibrary">
<arg>${ProductRecommendations}</arg>
<doc>Waits until the element ``locator`` appears on the current page.</doc>
<status status="PASS" start="2025-02-25T10:30:28.298102" elapsed="0.016520"/>
</kw>
<kw name="Element Should Be Visible" owner="SeleniumLibrary">
<msg time="2025-02-25T10:30:28.334663" level="INFO">Element '//div[@id='product-recommendations']' is displayed.</msg>
<arg>${ProductRecommendations}</arg>
<doc>Verifies that the element identified by ``locator`` is visible.</doc>
<status status="PASS" start="2025-02-25T10:30:28.315054" elapsed="0.019798"/>
</kw>
<kw name="Wait Until Page Contains Element" owner="SeleniumLibrary">
<arg>${FAQsSection}</arg>
<doc>Waits until the element ``locator`` appears on the current page.</doc>
<status status="PASS" start="2025-02-25T10:30:28.335102" elapsed="0.037027"/>
</kw>
<kw name="Element Should Be Visible" owner="SeleniumLibrary">
<msg time="2025-02-25T10:30:28.404929" level="INFO">Element '//section[@class='flex flex-col md:flex-row p-3 pb-10 md:px-8 md:py-10 gap-x-7 gap-y-2 color-scheme-6']' is displayed.</msg>
<arg>${FAQsSection}</arg>
<doc>Verifies that the element identified by ``locator`` is visible.</doc>
<status status="PASS" start="2025-02-25T10:30:28.372504" elapsed="0.032620"/>
</kw>
<kw name="Execute Javascript" owner="SeleniumLibrary">
<msg time="2025-02-25T10:30:28.406582" level="INFO">Executing JavaScript:
window.scrollTo(0,2500)
Without any arguments.</msg>
<arg>window.scrollTo(0,2500)</arg>
<doc>Executes the given JavaScript code with possible arguments.</doc>
<status status="PASS" start="2025-02-25T10:30:28.405267" elapsed="0.009716"/>
</kw>
<kw name="Sleep" owner="BuiltIn">
<msg time="2025-02-25T10:30:31.417561" level="INFO">Slept 3 seconds.</msg>
<arg>3</arg>
<doc>Pauses the test executed for the given time.</doc>
<status status="PASS" start="2025-02-25T10:30:28.415109" elapsed="3.002772"/>
</kw>
<kw name="Wait Until Page Contains Element" owner="SeleniumLibrary">
<arg>${FinalReviewsSection}</arg>
<doc>Waits until the element ``locator`` appears on the current page.</doc>
<status status="PASS" start="2025-02-25T10:30:31.418569" elapsed="0.012947"/>
</kw>
<kw name="Element Should Be Visible" owner="SeleniumLibrary">
<msg time="2025-02-25T10:30:31.442088" level="INFO">Element '//div[@class='yotpo-main-widget-layout yotpo-align-text']' is displayed.</msg>
<arg>${FinalReviewsSection}</arg>
<doc>Verifies that the element identified by ``locator`` is visible.</doc>
<status status="PASS" start="2025-02-25T10:30:31.431760" elapsed="0.010456"/>
</kw>
<kw name="Capture Element Screenshot" owner="SeleniumLibrary">
<msg time="2025-02-25T10:30:31.789447" level="INFO" html="true">&lt;/td&gt;&lt;/tr&gt;&lt;tr&gt;&lt;td colspan="3"&gt;&lt;a href="../../results/selenium-element-screenshot-182.png"&gt;&lt;img src="../../results/selenium-element-screenshot-182.png" width="400px"&gt;&lt;/a&gt;</msg>
<arg>${FinalReviewsSection}</arg>
<doc>Captures a screenshot from the element identified by ``locator`` and embeds it into log file.</doc>
<status status="PASS" start="2025-02-25T10:30:31.442365" elapsed="0.347196"/>
</kw>
<status status="PASS" start="2025-02-25T10:30:23.253861" elapsed="8.535974"/>
</kw>
<kw name="Close Browser" owner="SeleniumLibrary" type="TEARDOWN">
<doc>Closes the current browser.</doc>
<status status="PASS" start="2025-02-25T10:30:31.790230" elapsed="4.666483"/>
</kw>
<status status="PASS" start="2025-02-25T10:29:51.420437" elapsed="45.036595"/>
</test>
<status status="PASS" start="2025-02-25T10:29:51.052454" elapsed="45.405097"/>
</suite>
<status status="PASS" start="2025-02-25T10:29:51.051075" elapsed="45.406856"/>
</suite>
<status status="PASS" start="2025-02-25T10:29:51.037638" elapsed="45.420759"/>
</suite>
<statistics>
<total>
<stat pass="1" fail="0" skip="0">All Tests</stat>
</total>
<tag>
</tag>
<suite>
<stat pass="1" fail="0" skip="0" id="s1" name="Tests">Tests</stat>
<stat pass="1" fail="0" skip="0" id="s1-s1" name="PDP">Tests.PDP</stat>
<stat pass="1" fail="0" skip="0" id="s1-s1-s1" name="PDP TC001 Test">Tests.PDP.PDP TC001 Test</stat>
</suite>
</statistics>
<errors>
</errors>
</robot>
