<?xml version="1.0" encoding="UTF-8"?>
<robot generator="Robot 7.1.1 (Python 3.13.1 on darwin)" generated="2025-02-25T10:27:19.797978" rpa="false" schemaversion="5">
<suite id="s1" name="Tests" source="/Users/angeline.rohan/Desktop/QA Automation_Thinx.robot.py/ThinxAutomation1/Thinx-Automation1/tests">
<suite id="s1-s1" name="CookieSettings" source="/Users/angeline.rohan/Desktop/QA Automation_Thinx.robot.py/ThinxAutomation1/Thinx-Automation1/tests/CookieSettings">
<suite id="s1-s1-s1" name="CookieSettings TC003 Test" source="/Users/angeline.rohan/Desktop/QA Automation_Thinx.robot.py/ThinxAutomation1/Thinx-Automation1/tests/CookieSettings/CookieSettings_TC003_Test.robot">
<test id="s1-s1-s1-t1" name="Open Thinx" line="20">
<kw name="Open Thinx Homepage Using Chrome Browser" owner="resources" type="SETUP">
<kw name="Open Browser" owner="SeleniumLibrary">
<msg time="2025-02-25T10:27:20.879269" level="INFO">Opening browser 'Chrome' to base url 'https://www.thinx.com/'.</msg>
<arg>${ThinxHomepage}</arg>
<arg>Chrome</arg>
<doc>Opens a new browser instance to the optional ``url``.</doc>
<status status="PASS" start="2025-02-25T10:27:20.879051" elapsed="11.189879"/>
</kw>
<kw name="Maximize Browser Window" owner="SeleniumLibrary">
<doc>Maximizes current browser window.</doc>
<status status="PASS" start="2025-02-25T10:27:32.069313" elapsed="0.372530"/>
</kw>
<status status="PASS" start="2025-02-25T10:27:20.878168" elapsed="11.563796"/>
</kw>
<kw name="Click Accept Cookies Button" owner="CookieSettings_TC001_Pages">
<kw name="Wait Until Element Is Visible" owner="SeleniumLibrary">
<arg>${AcceptCookies}</arg>
<doc>Waits until the element ``locator`` is visible.</doc>
<status status="PASS" start="2025-02-25T10:27:32.442537" elapsed="0.033680"/>
</kw>
<kw name="Click Element" owner="SeleniumLibrary">
<msg time="2025-02-25T10:27:32.476497" level="INFO">Clicking element '//button[@id='onetrust-accept-btn-handler']'.</msg>
<arg>${AcceptCookies}</arg>
<doc>Click the element identified by ``locator``.</doc>
<status status="PASS" start="2025-02-25T10:27:32.476350" elapsed="0.075121"/>
</kw>
<kw name="Sleep" owner="BuiltIn">
<msg time="2025-02-25T10:27:35.553723" level="INFO">Slept 3 seconds.</msg>
<arg>3</arg>
<doc>Pauses the test executed for the given time.</doc>
<status status="PASS" start="2025-02-25T10:27:32.551798" elapsed="3.002029"/>
</kw>
<status status="PASS" start="2025-02-25T10:27:32.442174" elapsed="3.111729"/>
</kw>
<kw name="Sleep" owner="BuiltIn">
<msg time="2025-02-25T10:27:45.554456" level="INFO">Slept 10 seconds.</msg>
<arg>10</arg>
<doc>Pauses the test executed for the given time.</doc>
<status status="PASS" start="2025-02-25T10:27:35.553997" elapsed="10.000553"/>
</kw>
<kw name="Accept Cookies and Close Welcome Modal" owner="CookieSettings_TC001_Pages">
<kw name="Sleep" owner="BuiltIn">
<msg time="2025-02-25T10:27:50.556948" level="INFO">Slept 5 seconds.</msg>
<arg>5</arg>
<doc>Pauses the test executed for the given time.</doc>
<status status="PASS" start="2025-02-25T10:27:45.554899" elapsed="5.002135"/>
</kw>
<kw name="Wait Until Page Contains Element" owner="SeleniumLibrary">
<arg>${CloseModal}</arg>
<doc>Waits until the element ``locator`` appears on the current page.</doc>
<status status="PASS" start="2025-02-25T10:27:50.557158" elapsed="0.011368"/>
</kw>
<kw name="Click Element" owner="SeleniumLibrary">
<msg time="2025-02-25T10:27:50.568794" level="INFO">Clicking element '//button[@class='absolute right-3 top-3 [&amp;&gt;svg]:size-6']'.</msg>
<arg>${CloseModal}</arg>
<doc>Click the element identified by ``locator``.</doc>
<status status="PASS" start="2025-02-25T10:27:50.568644" elapsed="0.035461"/>
</kw>
<status status="PASS" start="2025-02-25T10:27:45.554713" elapsed="5.049629"/>
</kw>
<kw name="Click on Cookie Settings" owner="CookieSettings_TC001_Pages">
<kw name="Execute Javascript" owner="SeleniumLibrary">
<msg time="2025-02-25T10:27:50.605908" level="INFO">Executing JavaScript:
window.scrollTo(0,2000)
Without any arguments.</msg>
<arg>window.scrollTo(0,2000)</arg>
<doc>Executes the given JavaScript code with possible arguments.</doc>
<status status="PASS" start="2025-02-25T10:27:50.605395" elapsed="0.003779"/>
</kw>
<kw name="Sleep" owner="BuiltIn">
<msg time="2025-02-25T10:27:53.610437" level="INFO">Slept 3 seconds.</msg>
<arg>3</arg>
<doc>Pauses the test executed for the given time.</doc>
<status status="PASS" start="2025-02-25T10:27:50.609320" elapsed="3.001202"/>
</kw>
<kw name="Execute Javascript" owner="SeleniumLibrary">
<msg time="2025-02-25T10:27:53.610885" level="INFO">Executing JavaScript:
window.scrollTo(0,3000)
Without any arguments.</msg>
<arg>window.scrollTo(0,3000)</arg>
<doc>Executes the given JavaScript code with possible arguments.</doc>
<status status="PASS" start="2025-02-25T10:27:53.610632" elapsed="0.002583"/>
</kw>
<kw name="Sleep" owner="BuiltIn">
<msg time="2025-02-25T10:27:58.613870" level="INFO">Slept 5 seconds.</msg>
<arg>5</arg>
<doc>Pauses the test executed for the given time.</doc>
<status status="PASS" start="2025-02-25T10:27:53.613308" elapsed="5.000707"/>
</kw>
<kw name="Execute Javascript" owner="SeleniumLibrary">
<msg time="2025-02-25T10:27:58.614899" level="INFO">Executing JavaScript:
window.scrollTo(0,4500)
Without any arguments.</msg>
<arg>window.scrollTo(0,4500)</arg>
<doc>Executes the given JavaScript code with possible arguments.</doc>
<status status="PASS" start="2025-02-25T10:27:58.614225" elapsed="0.005564"/>
</kw>
<kw name="Sleep" owner="BuiltIn">
<msg time="2025-02-25T10:28:03.620401" level="INFO">Slept 5 seconds.</msg>
<arg>5</arg>
<doc>Pauses the test executed for the given time.</doc>
<status status="PASS" start="2025-02-25T10:27:58.620003" elapsed="5.000483"/>
</kw>
<kw name="Wait Until Page Contains Element" owner="SeleniumLibrary">
<arg>${CookieSettings}</arg>
<doc>Waits until the element ``locator`` appears on the current page.</doc>
<status status="PASS" start="2025-02-25T10:28:03.620598" elapsed="0.006610"/>
</kw>
<kw name="Click Element" owner="SeleniumLibrary">
<msg time="2025-02-25T10:28:03.627473" level="INFO">Clicking element '//button[@class='body-3-bold no-underline text-default']'.</msg>
<arg>${CookieSettings}</arg>
<doc>Click the element identified by ``locator``.</doc>
<status status="PASS" start="2025-02-25T10:28:03.627328" elapsed="0.057069"/>
</kw>
<status status="PASS" start="2025-02-25T10:27:50.604828" elapsed="13.079651"/>
</kw>
<kw name="Turn Off Performance cookie" owner="CookieSettings_TC003_Pages">
<kw name="Scroll Element Into View" owner="SeleniumLibrary">
<arg>${PerformanceCookies}</arg>
<doc>Scrolls the element identified by ``locator`` into view.</doc>
<status status="PASS" start="2025-02-25T10:28:03.684810" elapsed="0.269557"/>
</kw>
<kw name="Scroll Element Into View" owner="SeleniumLibrary">
<arg>${TargetingCookies}</arg>
<doc>Scrolls the element identified by ``locator`` into view.</doc>
<status status="PASS" start="2025-02-25T10:28:03.954615" elapsed="0.272888"/>
</kw>
<kw name="Scroll Element Into View" owner="SeleniumLibrary">
<arg>${MarketingCookies}</arg>
<doc>Scrolls the element identified by ``locator`` into view.</doc>
<status status="PASS" start="2025-02-25T10:28:04.227756" elapsed="0.276620"/>
</kw>
<kw name="Sleep" owner="BuiltIn">
<msg time="2025-02-25T10:28:09.508098" level="INFO">Slept 5 seconds.</msg>
<arg>5</arg>
<doc>Pauses the test executed for the given time.</doc>
<status status="PASS" start="2025-02-25T10:28:04.504501" elapsed="5.003734"/>
</kw>
<kw name="Wait Until Element Is Visible" owner="SeleniumLibrary">
<arg>${PerformanceCookies}</arg>
<doc>Waits until the element ``locator`` is visible.</doc>
<status status="PASS" start="2025-02-25T10:28:09.508684" elapsed="0.019821"/>
</kw>
<kw name="Click Element" owner="SeleniumLibrary">
<msg time="2025-02-25T10:28:09.529437" level="INFO">Clicking element '//div[.='Performance Cookies']'.</msg>
<arg>${PerformanceCookies}</arg>
<doc>Click the element identified by ``locator``.</doc>
<status status="PASS" start="2025-02-25T10:28:09.529012" elapsed="0.059459"/>
</kw>
<kw name="Capture Page Screenshot" owner="SeleniumLibrary">
<msg time="2025-02-25T10:28:10.053790" level="INFO" html="true">&lt;/td&gt;&lt;/tr&gt;&lt;tr&gt;&lt;td colspan="3"&gt;&lt;a href="../../results/selenium-screenshot-561.png"&gt;&lt;img src="../../results/selenium-screenshot-561.png" width="800px"&gt;&lt;/a&gt;</msg>
<doc>Takes a screenshot of the current page and embeds it into a log file.</doc>
<status status="PASS" start="2025-02-25T10:28:09.588794" elapsed="0.465481"/>
</kw>
<kw name="Wait Until Page Contains Element" owner="SeleniumLibrary">
<arg>${PerformanceCookieToggleBtn}</arg>
<doc>Waits until the element ``locator`` appears on the current page.</doc>
<status status="PASS" start="2025-02-25T10:28:10.054562" elapsed="0.012409"/>
</kw>
<kw name="Wait Until Element Is Visible" owner="SeleniumLibrary">
<arg>${PerformanceCookieToggleBtn}</arg>
<doc>Waits until the element ``locator`` is visible.</doc>
<status status="PASS" start="2025-02-25T10:28:10.067359" elapsed="0.012481"/>
</kw>
<kw name="Element Should Be Visible" owner="SeleniumLibrary">
<msg time="2025-02-25T10:28:10.093115" level="INFO">Element '//div[@class='ot-desc-cntr']//div[@class='ot-tgl']' is displayed.</msg>
<arg>${PerformanceCookieToggleBtn}</arg>
<doc>Verifies that the element identified by ``locator`` is visible.</doc>
<status status="PASS" start="2025-02-25T10:28:10.080187" elapsed="0.013052"/>
</kw>
<kw name="Set Selenium Implicit Wait" owner="SeleniumLibrary">
<arg>5 seconds</arg>
<doc>Sets the implicit wait value used by Selenium.</doc>
<status status="PASS" start="2025-02-25T10:28:10.093481" elapsed="0.001252"/>
</kw>
<kw name="Execute Javascript" owner="SeleniumLibrary">
<msg time="2025-02-25T10:28:10.095362" level="INFO">Executing JavaScript:
document.querySelector("input[id='ot-group-id-C0002']").click()
Without any arguments.</msg>
<arg>document.querySelector("input[id='ot-group-id-C0002']").click()</arg>
<doc>Executes the given JavaScript code with possible arguments.</doc>
<status status="PASS" start="2025-02-25T10:28:10.094967" elapsed="0.013442"/>
</kw>
<kw name="Sleep" owner="BuiltIn">
<msg time="2025-02-25T10:28:15.110156" level="INFO">Slept 5 seconds.</msg>
<arg>5</arg>
<doc>Pauses the test executed for the given time.</doc>
<status status="PASS" start="2025-02-25T10:28:10.108608" elapsed="5.003666"/>
</kw>
<status status="PASS" start="2025-02-25T10:28:03.684596" elapsed="11.428542"/>
</kw>
<kw name="Turn Off Functional cookie" owner="CookieSettings_TC003_Pages">
<kw name="Wait Until Page Contains Element" owner="SeleniumLibrary">
<arg>${FunctionalCookieToggleBtn}</arg>
<doc>Waits until the element ``locator`` appears on the current page.</doc>
<status status="PASS" start="2025-02-25T10:28:15.115331" elapsed="0.009456"/>
</kw>
<kw name="Wait Until Element Is Visible" owner="SeleniumLibrary">
<arg>${FunctionalCookieToggleBtn}</arg>
<doc>Waits until the element ``locator`` is visible.</doc>
<status status="PASS" start="2025-02-25T10:28:15.125090" elapsed="0.017389"/>
</kw>
<kw name="Element Should Be Visible" owner="SeleniumLibrary">
<msg time="2025-02-25T10:28:15.155286" level="INFO">Element '//div[@class='ot-desc-cntr']//div[@class='ot-tgl']' is displayed.</msg>
<arg>${FunctionalCookieToggleBtn}</arg>
<doc>Verifies that the element identified by ``locator`` is visible.</doc>
<status status="PASS" start="2025-02-25T10:28:15.142791" elapsed="0.012620"/>
</kw>
<kw name="Set Selenium Implicit Wait" owner="SeleniumLibrary">
<arg>5 seconds</arg>
<doc>Sets the implicit wait value used by Selenium.</doc>
<status status="PASS" start="2025-02-25T10:28:15.155664" elapsed="0.001619"/>
</kw>
<kw name="Execute Javascript" owner="SeleniumLibrary">
<msg time="2025-02-25T10:28:15.158391" level="INFO">Executing JavaScript:
document.querySelector("input[id='ot-group-id-C0003']").click()
Without any arguments.</msg>
<arg>document.querySelector("input[id='ot-group-id-C0003']").click()</arg>
<doc>Executes the given JavaScript code with possible arguments.</doc>
<status status="PASS" start="2025-02-25T10:28:15.157519" elapsed="0.013115"/>
</kw>
<status status="PASS" start="2025-02-25T10:28:15.114385" elapsed="0.056341"/>
</kw>
<kw name="Click on Save Settings CTA on cookie settings dialog box" owner="CookieSettings_TC003_Pages">
<kw name="Wait Until Element Is Visible" owner="SeleniumLibrary">
<arg>${SaveSettingsCTA}</arg>
<doc>Waits until the element ``locator`` is visible.</doc>
<status status="PASS" start="2025-02-25T10:28:15.171188" elapsed="0.013686"/>
</kw>
<kw name="Element Should Be Enabled" owner="SeleniumLibrary">
<arg>${SaveSettingsCTA}</arg>
<doc>Verifies that element identified by ``locator`` is enabled.</doc>
<status status="PASS" start="2025-02-25T10:28:15.185185" elapsed="0.019355"/>
</kw>
<kw name="Click Element" owner="SeleniumLibrary">
<msg time="2025-02-25T10:28:15.205070" level="INFO">Clicking element 'css: .ot-pc-footer .save-preference-btn-handler'.</msg>
<arg>${SaveSettingsCTA}</arg>
<doc>Click the element identified by ``locator``.</doc>
<status status="PASS" start="2025-02-25T10:28:15.204769" elapsed="0.139289"/>
</kw>
<kw name="Sleep" owner="BuiltIn">
<msg time="2025-02-25T10:28:25.348343" level="INFO">Slept 10 seconds.</msg>
<arg>10</arg>
<doc>Pauses the test executed for the given time.</doc>
<status status="PASS" start="2025-02-25T10:28:15.346107" elapsed="10.002849"/>
</kw>
<status status="PASS" start="2025-02-25T10:28:15.170974" elapsed="10.178403"/>
</kw>
<kw name="Click on Cookie Settings" owner="CookieSettings_TC001_Pages">
<kw name="Execute Javascript" owner="SeleniumLibrary">
<msg time="2025-02-25T10:28:25.353253" level="INFO">Executing JavaScript:
window.scrollTo(0,2000)
Without any arguments.</msg>
<arg>window.scrollTo(0,2000)</arg>
<doc>Executes the given JavaScript code with possible arguments.</doc>
<status status="PASS" start="2025-02-25T10:28:25.350527" elapsed="0.013167"/>
</kw>
<kw name="Sleep" owner="BuiltIn">
<msg time="2025-02-25T10:28:28.366154" level="INFO">Slept 3 seconds.</msg>
<arg>3</arg>
<doc>Pauses the test executed for the given time.</doc>
<status status="PASS" start="2025-02-25T10:28:25.363926" elapsed="3.002847"/>
</kw>
<kw name="Execute Javascript" owner="SeleniumLibrary">
<msg time="2025-02-25T10:28:28.368118" level="INFO">Executing JavaScript:
window.scrollTo(0,3000)
Without any arguments.</msg>
<arg>window.scrollTo(0,3000)</arg>
<doc>Executes the given JavaScript code with possible arguments.</doc>
<status status="PASS" start="2025-02-25T10:28:28.367146" elapsed="0.004571"/>
</kw>
<kw name="Sleep" owner="BuiltIn">
<msg time="2025-02-25T10:28:33.373104" level="INFO">Slept 5 seconds.</msg>
<arg>5</arg>
<doc>Pauses the test executed for the given time.</doc>
<status status="PASS" start="2025-02-25T10:28:28.371964" elapsed="5.001232"/>
</kw>
<kw name="Execute Javascript" owner="SeleniumLibrary">
<msg time="2025-02-25T10:28:33.373616" level="INFO">Executing JavaScript:
window.scrollTo(0,4500)
Without any arguments.</msg>
<arg>window.scrollTo(0,4500)</arg>
<doc>Executes the given JavaScript code with possible arguments.</doc>
<status status="PASS" start="2025-02-25T10:28:33.373341" elapsed="0.003528"/>
</kw>
<kw name="Sleep" owner="BuiltIn">
<msg time="2025-02-25T10:28:38.378116" level="INFO">Slept 5 seconds.</msg>
<arg>5</arg>
<doc>Pauses the test executed for the given time.</doc>
<status status="PASS" start="2025-02-25T10:28:33.377057" elapsed="5.001682"/>
</kw>
<kw name="Wait Until Page Contains Element" owner="SeleniumLibrary">
<arg>${CookieSettings}</arg>
<doc>Waits until the element ``locator`` appears on the current page.</doc>
<status status="PASS" start="2025-02-25T10:28:38.380028" elapsed="0.008851"/>
</kw>
<kw name="Click Element" owner="SeleniumLibrary">
<msg time="2025-02-25T10:28:38.389342" level="INFO">Clicking element '//button[@class='body-3-bold no-underline text-default']'.</msg>
<arg>${CookieSettings}</arg>
<doc>Click the element identified by ``locator``.</doc>
<status status="PASS" start="2025-02-25T10:28:38.389105" elapsed="0.051850"/>
</kw>
<status status="PASS" start="2025-02-25T10:28:25.349935" elapsed="13.091393"/>
</kw>
<kw name="Validate all the toggle buttons are OFF" owner="CookieSettings_TC003_Pages">
<kw name="Wait Until Element Is Visible" owner="SeleniumLibrary">
<arg>${AllowAllCTA}</arg>
<doc>Waits until the element ``locator`` is visible.</doc>
<status status="PASS" start="2025-02-25T10:28:38.442058" elapsed="0.016471"/>
</kw>
<kw name="Element Should Be Visible" owner="SeleniumLibrary">
<msg time="2025-02-25T10:28:38.495441" level="INFO">Element 'css: #onetrust-consent-sdk #accept-recommended-btn-handler' is displayed.</msg>
<arg>${AllowAllCTA}</arg>
<doc>Verifies that the element identified by ``locator`` is visible.</doc>
<status status="PASS" start="2025-02-25T10:28:38.458976" elapsed="0.036597"/>
</kw>
<kw name="Set Selenium Implicit Wait" owner="SeleniumLibrary">
<arg>5</arg>
<doc>Sets the implicit wait value used by Selenium.</doc>
<status status="PASS" start="2025-02-25T10:28:38.496075" elapsed="0.002472"/>
</kw>
<kw name="Scroll Element Into View" owner="SeleniumLibrary">
<arg>${PerformanceCookies}</arg>
<doc>Scrolls the element identified by ``locator`` into view.</doc>
<status status="PASS" start="2025-02-25T10:28:38.498760" elapsed="0.268284"/>
</kw>
<kw name="Scroll Element Into View" owner="SeleniumLibrary">
<arg>${TargetingCookies}</arg>
<doc>Scrolls the element identified by ``locator`` into view.</doc>
<status status="PASS" start="2025-02-25T10:28:38.767286" elapsed="0.275638"/>
</kw>
<kw name="Scroll Element Into View" owner="SeleniumLibrary">
<arg>${MarketingCookies}</arg>
<doc>Scrolls the element identified by ``locator`` into view.</doc>
<status status="PASS" start="2025-02-25T10:28:39.043056" elapsed="0.270607"/>
</kw>
<kw name="Capture Page Screenshot" owner="SeleniumLibrary">
<msg time="2025-02-25T10:28:39.449859" level="INFO" html="true">&lt;/td&gt;&lt;/tr&gt;&lt;tr&gt;&lt;td colspan="3"&gt;&lt;a href="../../results/selenium-screenshot-562.png"&gt;&lt;img src="../../results/selenium-screenshot-562.png" width="800px"&gt;&lt;/a&gt;</msg>
<doc>Takes a screenshot of the current page and embeds it into a log file.</doc>
<status status="PASS" start="2025-02-25T10:28:39.313785" elapsed="0.136142"/>
</kw>
<status status="PASS" start="2025-02-25T10:28:38.441649" elapsed="1.008338"/>
</kw>
<kw name="Close Browser" owner="SeleniumLibrary" type="TEARDOWN">
<doc>Closes the current browser.</doc>
<status status="PASS" start="2025-02-25T10:28:39.450150" elapsed="0.333200"/>
</kw>
<status status="PASS" start="2025-02-25T10:27:20.877552" elapsed="78.905882"/>
</test>
<status status="PASS" start="2025-02-25T10:27:19.906705" elapsed="79.877232"/>
</suite>
<status status="PASS" start="2025-02-25T10:27:19.905226" elapsed="79.879057"/>
</suite>
<status status="PASS" start="2025-02-25T10:27:19.889669" elapsed="79.894822"/>
</suite>
<statistics>
<total>
<stat pass="1" fail="0" skip="0">All Tests</stat>
</total>
<tag>
</tag>
<suite>
<stat pass="1" fail="0" skip="0" id="s1" name="Tests">Tests</stat>
<stat pass="1" fail="0" skip="0" id="s1-s1" name="CookieSettings">Tests.CookieSettings</stat>
<stat pass="1" fail="0" skip="0" id="s1-s1-s1" name="CookieSettings TC003 Test">Tests.CookieSettings.CookieSettings TC003 Test</stat>
</suite>
</statistics>
<errors>
</errors>
</robot>
