<?xml version="1.0" encoding="UTF-8"?>
<robot generator="Robot 7.1.1 (Python 3.13.1 on darwin)" generated="2025-02-18T13:17:04.763364" rpa="false" schemaversion="5">
<suite id="s1" name="Tests" source="/Users/angeline.rohan/Desktop/QA Automation_Thinx.robot.py/ThinxAutomation1/Thinx-Automation1/tests">
<suite id="s1-s1" name="Login" source="/Users/angeline.rohan/Desktop/QA Automation_Thinx.robot.py/ThinxAutomation1/Thinx-Automation1/tests/Login">
<suite id="s1-s1-s1" name="Login TC003 Test" source="/Users/angeline.rohan/Desktop/QA Automation_Thinx.robot.py/ThinxAutomation1/Thinx-Automation1/tests/Login/Login_TC003_Test.robot">
<test id="s1-s1-s1-t1" name="Login to Thinx" line="24">
<kw name="Open Thinx Homepage Using Chrome Browser" owner="resources" type="SETUP">
<kw name="Open Browser" owner="SeleniumLibrary">
<msg time="2025-02-18T13:17:05.164151" level="INFO">Opening browser 'Chrome' to base url 'https://www.thinx.com/'.</msg>
<arg>${ThinxHomepage}</arg>
<arg>Chrome</arg>
<doc>Opens a new browser instance to the optional ``url``.</doc>
<status status="PASS" start="2025-02-18T13:17:05.163885" elapsed="5.656708"/>
</kw>
<kw name="Maximize Browser Window" owner="SeleniumLibrary">
<doc>Maximizes current browser window.</doc>
<status status="PASS" start="2025-02-18T13:17:10.821289" elapsed="0.397535"/>
</kw>
<status status="PASS" start="2025-02-18T13:17:05.163149" elapsed="6.056034"/>
</kw>
<kw name="Login Page Opened" owner="Login_TC001_Pages">
<kw name="Wait Until Element Is Visible" owner="SeleniumLibrary">
<arg>${SignIn_Nav}</arg>
<doc>Waits until the element ``locator`` is visible.</doc>
<status status="PASS" start="2025-02-18T13:17:11.221594" elapsed="0.128670"/>
</kw>
<kw name="Element Should Be Visible" owner="SeleniumLibrary">
<msg time="2025-02-18T13:17:11.364110" level="INFO">Element '//header[@class='flex justify-between items-center px-3 h-[3.25rem] lg:h-14.5 lg:px-8 bg-white border-b border-b-brand-tangerine']//a[contains(.,'Sign in')]' is displayed.</msg>
<arg>${SignIn_Nav}</arg>
<doc>Verifies that the element identified by ``locator`` is visible.</doc>
<status status="PASS" start="2025-02-18T13:17:11.350636" elapsed="0.013635"/>
</kw>
<kw name="Click Element" owner="SeleniumLibrary">
<msg time="2025-02-18T13:17:11.364820" level="INFO">Clicking element '//header[@class='flex justify-between items-center px-3 h-[3.25rem] lg:h-14.5 lg:px-8 bg-white border-b border-b-brand-tangerine']//a[contains(.,'Sign in')]'.</msg>
<arg>${SignIn_Nav}</arg>
<doc>Click the element identified by ``locator``.</doc>
<status status="PASS" start="2025-02-18T13:17:11.364496" elapsed="0.102378"/>
</kw>
<status status="PASS" start="2025-02-18T13:17:11.220985" elapsed="0.246059"/>
</kw>
<kw name="Enter Username" owner="Login_TC003_Pages">
<kw name="Wait Until Element Is Enabled" owner="SeleniumLibrary">
<arg>${Email}</arg>
<arg>5</arg>
<doc>Waits until the element ``locator`` is enabled.</doc>
<status status="PASS" start="2025-02-18T13:17:11.467715" elapsed="2.832406"/>
</kw>
<kw name="Input Text" owner="SeleniumLibrary">
<msg time="2025-02-18T13:17:14.301032" level="INFO">Typing text 'thinx.automation1@yopmail.com' into text field '//input[@id='CustomerEmail']'.</msg>
<arg>${Email}</arg>
<arg>${user}</arg>
<doc>Types the given ``text`` into the text field identified by ``locator``.</doc>
<status status="PASS" start="2025-02-18T13:17:14.300661" elapsed="0.230924"/>
</kw>
<arg>${user}</arg>
<status status="PASS" start="2025-02-18T13:17:11.467276" elapsed="3.064400"/>
</kw>
<kw name="Enter Password" owner="Login_TC003_Pages">
<kw name="Sleep" owner="BuiltIn">
<msg time="2025-02-18T13:17:19.533393" level="INFO">Slept 5 seconds.</msg>
<arg>5</arg>
<doc>Pauses the test executed for the given time.</doc>
<status status="PASS" start="2025-02-18T13:17:14.532110" elapsed="5.001386"/>
</kw>
<kw name="Scroll Element Into View" owner="SeleniumLibrary">
<arg>locator=${Password}</arg>
<doc>Scrolls the element identified by ``locator`` into view.</doc>
<status status="PASS" start="2025-02-18T13:17:19.533772" elapsed="0.264832"/>
</kw>
<kw name="Wait Until Element Is Visible" owner="SeleniumLibrary">
<arg>${Password}</arg>
<arg>timeout=10s</arg>
<doc>Waits until the element ``locator`` is visible.</doc>
<status status="PASS" start="2025-02-18T13:17:19.798728" elapsed="0.007727"/>
</kw>
<kw name="Wait Until Element Is Enabled" owner="SeleniumLibrary">
<arg>${Password}</arg>
<arg>10</arg>
<doc>Waits until the element ``locator`` is enabled.</doc>
<status status="PASS" start="2025-02-18T13:17:19.806582" elapsed="0.011564"/>
</kw>
<kw name="Input Text" owner="SeleniumLibrary">
<msg time="2025-02-18T13:17:19.818609" level="INFO">Typing text 'Test@kc1234' into text field '//input[@id='CustomerPassword']'.</msg>
<arg>${Password}</arg>
<arg>${pwd}</arg>
<doc>Types the given ``text`` into the text field identified by ``locator``.</doc>
<status status="PASS" start="2025-02-18T13:17:19.818350" elapsed="0.049647"/>
</kw>
<arg>${pwd}</arg>
<status status="PASS" start="2025-02-18T13:17:14.531799" elapsed="5.336444"/>
</kw>
<kw name="Click On SignIn CTA" owner="Login_TC003_Pages">
<kw name="Execute Javascript" owner="SeleniumLibrary">
<msg time="2025-02-18T13:17:19.869186" level="INFO">Executing JavaScript:
window.scrollTo(0,300)
Without any arguments.</msg>
<arg>window.scrollTo(0,300)</arg>
<doc>Executes the given JavaScript code with possible arguments.</doc>
<status status="PASS" start="2025-02-18T13:17:19.868828" elapsed="0.003249"/>
</kw>
<kw name="Sleep" owner="BuiltIn">
<msg time="2025-02-18T13:17:24.873214" level="INFO">Slept 5 seconds.</msg>
<arg>5</arg>
<doc>Pauses the test executed for the given time.</doc>
<status status="PASS" start="2025-02-18T13:17:19.872247" elapsed="5.001348"/>
</kw>
<kw name="Element Should Be Visible" owner="SeleniumLibrary">
<msg time="2025-02-18T13:17:24.894008" level="INFO">Element '//button[.='Sign in']' is displayed.</msg>
<arg>${LoginCTA}</arg>
<doc>Verifies that the element identified by ``locator`` is visible.</doc>
<status status="PASS" start="2025-02-18T13:17:24.873960" elapsed="0.020765"/>
</kw>
<kw name="Wait Until Page Contains Element" owner="SeleniumLibrary">
<arg>${LoginCTA}</arg>
<doc>Waits until the element ``locator`` appears on the current page.</doc>
<status status="PASS" start="2025-02-18T13:17:24.894988" elapsed="0.006838"/>
</kw>
<kw name="Click Button" owner="SeleniumLibrary">
<msg time="2025-02-18T13:17:24.902262" level="INFO">Clicking button '//button[.='Sign in']'.</msg>
<arg>${LoginCTA}</arg>
<doc>Clicks the button identified by ``locator``.</doc>
<status status="PASS" start="2025-02-18T13:17:24.902042" elapsed="0.099901"/>
</kw>
<status status="PASS" start="2025-02-18T13:17:19.868461" elapsed="5.133663"/>
</kw>
<kw name="Validate successfully landed on profile page" owner="Login_TC003_Pages">
<kw name="Wait Until Element Is Visible" owner="SeleniumLibrary">
<arg>locator=${AddressCard}</arg>
<doc>Waits until the element ``locator`` is visible.</doc>
<status status="PASS" start="2025-02-18T13:17:25.002811" elapsed="4.922261"/>
</kw>
<kw name="Element Should Be Visible" owner="SeleniumLibrary">
<msg time="2025-02-18T13:17:29.955401" level="INFO">Element '//address[@class='w-full md:w-1/3 mb-2 sm:mb-4 not-italic border border-black py-4 px-4 rounded-lg+ inline-block aspect-ratio-[1]']' is displayed.</msg>
<arg>${AddressCard}</arg>
<doc>Verifies that the element identified by ``locator`` is visible.</doc>
<status status="PASS" start="2025-02-18T13:17:29.925665" elapsed="0.029840"/>
</kw>
<kw name="Wait Until Element Is Visible" owner="SeleniumLibrary">
<arg>${LogoutCTA}</arg>
<doc>Waits until the element ``locator`` is visible.</doc>
<status status="PASS" start="2025-02-18T13:17:29.955825" elapsed="0.014650"/>
</kw>
<kw name="Element Should Be Visible" owner="SeleniumLibrary">
<msg time="2025-02-18T13:17:29.980463" level="INFO">Element '//a[.='Log out']' is displayed.</msg>
<arg>${LogoutCTA}</arg>
<doc>Verifies that the element identified by ``locator`` is visible.</doc>
<status status="PASS" start="2025-02-18T13:17:29.970736" elapsed="0.009914"/>
</kw>
<kw name="Wait Until Element Is Visible" owner="SeleniumLibrary">
<arg>${ProfilePageH1}</arg>
<doc>Waits until the element ``locator`` is visible.</doc>
<status status="PASS" start="2025-02-18T13:17:29.980808" elapsed="0.011458"/>
</kw>
<kw name="Get Text" owner="SeleniumLibrary">
<msg time="2025-02-18T13:17:30.013043" level="INFO">${ProfilePageH1} = Account</msg>
<var>${ProfilePageH1}</var>
<arg>${ProfilePageH1}</arg>
<doc>Returns the text value of the element identified by ``locator``.</doc>
<status status="PASS" start="2025-02-18T13:17:29.992693" elapsed="0.020390"/>
</kw>
<kw name="Should Contain" owner="BuiltIn">
<arg>${ProfilePageH1}</arg>
<arg>Account</arg>
<doc>Fails if ``container`` does not contain ``item`` one or more times.</doc>
<status status="PASS" start="2025-02-18T13:17:30.013215" elapsed="0.000384"/>
</kw>
<status status="PASS" start="2025-02-18T13:17:25.002394" elapsed="5.011286"/>
</kw>
<kw name="Capture Page Screenshot" owner="SeleniumLibrary">
<msg time="2025-02-18T13:17:30.271375" level="INFO" html="true">&lt;/td&gt;&lt;/tr&gt;&lt;tr&gt;&lt;td colspan="3"&gt;&lt;a href="../../results/selenium-screenshot-293.png"&gt;&lt;img src="../../results/selenium-screenshot-293.png" width="800px"&gt;&lt;/a&gt;</msg>
<doc>Takes a screenshot of the current page and embeds it into a log file.</doc>
<status status="PASS" start="2025-02-18T13:17:30.013908" elapsed="0.257654"/>
</kw>
<kw name="Close Browser" owner="SeleniumLibrary" type="TEARDOWN">
<doc>Closes the current browser.</doc>
<status status="PASS" start="2025-02-18T13:17:30.271982" elapsed="10.899390"/>
</kw>
<status status="PASS" start="2025-02-18T13:17:05.162543" elapsed="36.009240"/>
</test>
<status status="PASS" start="2025-02-18T13:17:04.807539" elapsed="36.365480"/>
</suite>
<status status="PASS" start="2025-02-18T13:17:04.804891" elapsed="36.368941"/>
</suite>
<status status="PASS" start="2025-02-18T13:17:04.791118" elapsed="36.383133"/>
</suite>
<statistics>
<total>
<stat pass="1" fail="0" skip="0">All Tests</stat>
</total>
<tag>
</tag>
<suite>
<stat pass="1" fail="0" skip="0" id="s1" name="Tests">Tests</stat>
<stat pass="1" fail="0" skip="0" id="s1-s1" name="Login">Tests.Login</stat>
<stat pass="1" fail="0" skip="0" id="s1-s1-s1" name="Login TC003 Test">Tests.Login.Login TC003 Test</stat>
</suite>
</statistics>
<errors>
</errors>
</robot>
