<?xml version="1.0" encoding="UTF-8"?>
<robot generator="Robot 7.1.1 (Python 3.13.1 on darwin)" generated="2025-02-11T11:35:33.504854" rpa="false" schemaversion="5">
<suite id="s1" name="Tests" source="/Users/angeline.rohan/Desktop/QA Automation_Thinx.robot.py/ThinxAutomation1/Thinx-Automation1/tests">
<suite id="s1-s1" name="PDP" source="/Users/angeline.rohan/Desktop/QA Automation_Thinx.robot.py/ThinxAutomation1/Thinx-Automation1/tests/PDP">
<suite id="s1-s1-s1" name="PDP TC003 Test" source="/Users/angeline.rohan/Desktop/QA Automation_Thinx.robot.py/ThinxAutomation1/Thinx-Automation1/tests/PDP/PDP_TC003_Test.robot">
<test id="s1-s1-s1-t1" name="Open Thinx PDP Using Chrome Browser options=--headless --disable-gpu" line="17">
<kw name="Open Thinx PDP Using Chrome Browser" owner="resources" type="SETUP">
<kw name="Open Browser" owner="SeleniumLibrary">
<msg time="2025-02-11T11:35:33.652822" level="INFO">Opening browser 'Chrome' to base url 'https://www.thinx.com/products/period-all-night-ultra-soft-sleep-shorts?variant=40174028750920'.</msg>
<arg>${ThinxPDP}</arg>
<arg>Chrome</arg>
<doc>Opens a new browser instance to the optional ``url``.</doc>
<status status="PASS" start="2025-02-11T11:35:33.652700" elapsed="3.778622"/>
</kw>
<kw name="Maximize Browser Window" owner="SeleniumLibrary">
<doc>Maximizes current browser window.</doc>
<status status="PASS" start="2025-02-11T11:35:37.433810" elapsed="0.392692"/>
</kw>
<kw name="Sleep" owner="BuiltIn">
<msg time="2025-02-11T11:35:42.828194" level="INFO">Slept 5 seconds.</msg>
<arg>5</arg>
<doc>Pauses the test executed for the given time.</doc>
<status status="PASS" start="2025-02-11T11:35:37.826809" elapsed="5.001478"/>
</kw>
<status status="PASS" start="2025-02-11T11:35:33.652373" elapsed="9.176038"/>
</kw>
<kw name="Click Accept Cookies Button" owner="CookieSettings_TC001_Pages">
<kw name="Wait Until Element Is Visible" owner="SeleniumLibrary">
<arg>${AcceptCookies}</arg>
<doc>Waits until the element ``locator`` is visible.</doc>
<status status="PASS" start="2025-02-11T11:35:42.829051" elapsed="0.014767"/>
</kw>
<kw name="Click Element" owner="SeleniumLibrary">
<msg time="2025-02-11T11:35:42.844225" level="INFO">Clicking element '//button[@id='onetrust-accept-btn-handler']'.</msg>
<arg>${AcceptCookies}</arg>
<doc>Click the element identified by ``locator``.</doc>
<status status="PASS" start="2025-02-11T11:35:42.843984" elapsed="0.052685"/>
</kw>
<kw name="Sleep" owner="BuiltIn">
<msg time="2025-02-11T11:35:45.897844" level="INFO">Slept 3 seconds.</msg>
<arg>3</arg>
<doc>Pauses the test executed for the given time.</doc>
<status status="PASS" start="2025-02-11T11:35:42.896799" elapsed="3.001161"/>
</kw>
<status status="PASS" start="2025-02-11T11:35:42.828651" elapsed="3.069520"/>
</kw>
<kw name="Sleep" owner="BuiltIn">
<msg time="2025-02-11T11:35:50.900235" level="INFO">Slept 5 seconds.</msg>
<arg>5</arg>
<doc>Pauses the test executed for the given time.</doc>
<status status="PASS" start="2025-02-11T11:35:45.898458" elapsed="5.001936"/>
</kw>
<kw name="Accept Cookies and Close Welcome Modal" owner="PDP_TC004_Steps">
<kw name="Sleep" owner="BuiltIn">
<msg time="2025-02-11T11:35:55.901899" level="INFO">Slept 5 seconds.</msg>
<arg>5</arg>
<doc>Pauses the test executed for the given time.</doc>
<status status="PASS" start="2025-02-11T11:35:50.901218" elapsed="5.000873"/>
</kw>
<kw name="Wait Until Page Contains Element" owner="SeleniumLibrary">
<arg>${CloseModal}</arg>
<doc>Waits until the element ``locator`` appears on the current page.</doc>
<status status="PASS" start="2025-02-11T11:35:55.902469" elapsed="0.021480"/>
</kw>
<kw name="Click Element" owner="SeleniumLibrary">
<msg time="2025-02-11T11:35:55.924293" level="INFO">Clicking element '//button[@class='absolute right-3 top-3 [&amp;&gt;svg]:size-6']'.</msg>
<arg>${CloseModal}</arg>
<doc>Click the element identified by ``locator``.</doc>
<status status="PASS" start="2025-02-11T11:35:55.924119" elapsed="0.071748"/>
</kw>
<status status="PASS" start="2025-02-11T11:35:50.900790" elapsed="5.095186"/>
</kw>
<kw name="Sleep" owner="BuiltIn">
<msg time="2025-02-11T11:36:00.997734" level="INFO">Slept 5 seconds.</msg>
<arg>5</arg>
<doc>Pauses the test executed for the given time.</doc>
<status status="PASS" start="2025-02-11T11:35:55.996372" elapsed="5.001435"/>
</kw>
<kw name="Validate You Can Increase Quantity on PDP" owner="PDP_TC003_Steps">
<kw name="Sleep" owner="BuiltIn">
<msg time="2025-02-11T11:36:06.000119" level="INFO">Slept 5 seconds.</msg>
<arg>5</arg>
<doc>Pauses the test executed for the given time.</doc>
<status status="PASS" start="2025-02-11T11:36:00.998162" elapsed="5.002109"/>
</kw>
<kw name="Wait Until Page Contains Element" owner="SeleniumLibrary">
<msg time="2025-02-11T11:36:11.333123" level="INFO" html="true">&lt;/td&gt;&lt;/tr&gt;&lt;tr&gt;&lt;td colspan="3"&gt;&lt;a href="selenium-screenshot-1.png"&gt;&lt;img src="selenium-screenshot-1.png" width="800px"&gt;&lt;/a&gt;</msg>
<msg time="2025-02-11T11:36:11.333620" level="FAIL">Element '//button[@class='absolute right-3 top-3 [&amp;&gt;svg]:size-6']' did not appear in 5 seconds.</msg>
<arg>${CloseModal}</arg>
<doc>Waits until the element ``locator`` appears on the current page.</doc>
<status status="FAIL" start="2025-02-11T11:36:06.000459" elapsed="5.335920">Element '//button[@class='absolute right-3 top-3 [&amp;&gt;svg]:size-6']' did not appear in 5 seconds.</status>
</kw>
<kw name="Click Element" owner="SeleniumLibrary">
<arg>${CloseModal}</arg>
<doc>Click the element identified by ``locator``.</doc>
<status status="NOT RUN" start="2025-02-11T11:36:11.336652" elapsed="0.000065"/>
</kw>
<kw name="Wait Until Page Contains Element" owner="SeleniumLibrary">
<arg>${QuantitySelector}</arg>
<doc>Waits until the element ``locator`` appears on the current page.</doc>
<status status="NOT RUN" start="2025-02-11T11:36:11.336782" elapsed="0.000019"/>
</kw>
<kw name="Element Should Be Visible" owner="SeleniumLibrary">
<arg>${QuantitySelector}</arg>
<doc>Verifies that the element identified by ``locator`` is visible.</doc>
<status status="NOT RUN" start="2025-02-11T11:36:11.336879" elapsed="0.000030"/>
</kw>
<kw name="Element Should Be Visible" owner="SeleniumLibrary">
<arg>${AddQuantity}</arg>
<doc>Verifies that the element identified by ``locator`` is visible.</doc>
<status status="NOT RUN" start="2025-02-11T11:36:11.336966" elapsed="0.000018"/>
</kw>
<kw name="Click Element" owner="SeleniumLibrary">
<arg>${AddQuantity}</arg>
<doc>Click the element identified by ``locator``.</doc>
<status status="NOT RUN" start="2025-02-11T11:36:11.337029" elapsed="0.000016"/>
</kw>
<kw name="Sleep" owner="BuiltIn">
<arg>5</arg>
<doc>Pauses the test executed for the given time.</doc>
<status status="NOT RUN" start="2025-02-11T11:36:11.337089" elapsed="0.000020"/>
</kw>
<kw name="Wait Until Page Contains Element" owner="SeleniumLibrary">
<arg>${AddtoBagCTA}</arg>
<doc>Waits until the element ``locator`` appears on the current page.</doc>
<status status="NOT RUN" start="2025-02-11T11:36:11.337225" elapsed="0.000031"/>
</kw>
<kw name="Element Should Be Visible" owner="SeleniumLibrary">
<arg>${AddtoBagCTA}</arg>
<doc>Verifies that the element identified by ``locator`` is visible.</doc>
<status status="NOT RUN" start="2025-02-11T11:36:11.337323" elapsed="0.000024"/>
</kw>
<kw name="Click Element" owner="SeleniumLibrary">
<arg>${AddtoBagCTA}</arg>
<doc>Click the element identified by ``locator``.</doc>
<status status="NOT RUN" start="2025-02-11T11:36:11.337391" elapsed="0.000015"/>
</kw>
<kw name="Capture Page Screenshot" owner="SeleniumLibrary">
<doc>Takes a screenshot of the current page and embeds it into a log file.</doc>
<status status="NOT RUN" start="2025-02-11T11:36:11.337459" elapsed="0.000015"/>
</kw>
<status status="FAIL" start="2025-02-11T11:36:00.997973" elapsed="10.339581">Element '//button[@class='absolute right-3 top-3 [&amp;&gt;svg]:size-6']' did not appear in 5 seconds.</status>
</kw>
<kw name="Validate Cart Count on Add to Cart" owner="PDP_TC003_Steps">
<status status="NOT RUN" start="2025-02-11T11:36:11.337706" elapsed="0.000032"/>
</kw>
<kw name="Go Back" owner="SeleniumLibrary">
<doc>Simulates the user clicking the back button on their browser.</doc>
<status status="NOT RUN" start="2025-02-11T11:36:11.337794" elapsed="0.000016"/>
</kw>
<kw name="Close Browser" owner="SeleniumLibrary" type="TEARDOWN">
<doc>Closes the current browser.</doc>
<status status="PASS" start="2025-02-11T11:36:11.338079" elapsed="0.252085"/>
</kw>
<status status="FAIL" start="2025-02-11T11:35:33.652000" elapsed="37.938265">Element '//button[@class='absolute right-3 top-3 [&amp;&gt;svg]:size-6']' did not appear in 5 seconds.</status>
</test>
<test id="s1-s1-s1-t2" name="Open Thinx PDP Using Chrome Browser options=--headless --disable-gpu" line="25">
<kw name="Open Thinx PDP Using Chrome Browser" owner="resources" type="SETUP">
<kw name="Open Browser" owner="SeleniumLibrary">
<msg time="2025-02-11T11:36:11.591427" level="INFO">Opening browser 'Chrome' to base url 'https://www.thinx.com/products/period-all-night-ultra-soft-sleep-shorts?variant=40174028750920'.</msg>
<arg>${ThinxPDP}</arg>
<arg>Chrome</arg>
<doc>Opens a new browser instance to the optional ``url``.</doc>
<status status="PASS" start="2025-02-11T11:36:11.591292" elapsed="2.929088"/>
</kw>
<kw name="Maximize Browser Window" owner="SeleniumLibrary">
<doc>Maximizes current browser window.</doc>
<status status="PASS" start="2025-02-11T11:36:14.520641" elapsed="0.370312"/>
</kw>
<kw name="Sleep" owner="BuiltIn">
<msg time="2025-02-11T11:36:19.891932" level="INFO">Slept 5 seconds.</msg>
<arg>5</arg>
<doc>Pauses the test executed for the given time.</doc>
<status status="PASS" start="2025-02-11T11:36:14.891100" elapsed="5.000948"/>
</kw>
<status status="PASS" start="2025-02-11T11:36:11.591105" elapsed="8.301026"/>
</kw>
<kw name="Click Accept Cookies Button" owner="CookieSettings_TC001_Pages">
<kw name="Wait Until Element Is Visible" owner="SeleniumLibrary">
<arg>${AcceptCookies}</arg>
<doc>Waits until the element ``locator`` is visible.</doc>
<status status="PASS" start="2025-02-11T11:36:19.892536" elapsed="0.016390"/>
</kw>
<kw name="Click Element" owner="SeleniumLibrary">
<msg time="2025-02-11T11:36:19.909554" level="INFO">Clicking element '//button[@id='onetrust-accept-btn-handler']'.</msg>
<arg>${AcceptCookies}</arg>
<doc>Click the element identified by ``locator``.</doc>
<status status="PASS" start="2025-02-11T11:36:19.909176" elapsed="0.091689"/>
</kw>
<kw name="Sleep" owner="BuiltIn">
<msg time="2025-02-11T11:36:23.002604" level="INFO">Slept 3 seconds.</msg>
<arg>3</arg>
<doc>Pauses the test executed for the given time.</doc>
<status status="PASS" start="2025-02-11T11:36:20.001132" elapsed="3.001659"/>
</kw>
<status status="PASS" start="2025-02-11T11:36:19.892316" elapsed="3.110669"/>
</kw>
<kw name="Sleep" owner="BuiltIn">
<msg time="2025-02-11T11:36:28.003668" level="INFO">Slept 5 seconds.</msg>
<arg>5</arg>
<doc>Pauses the test executed for the given time.</doc>
<status status="PASS" start="2025-02-11T11:36:23.003245" elapsed="5.000498"/>
</kw>
<kw name="Validate You Can Type In Quantity Selector to Add to Cart" owner="PDP_TC003_Steps">
<kw name="Sleep" owner="BuiltIn">
<msg time="2025-02-11T11:36:33.005139" level="INFO">Slept 5 seconds.</msg>
<arg>5</arg>
<doc>Pauses the test executed for the given time.</doc>
<status status="PASS" start="2025-02-11T11:36:28.004095" elapsed="5.001115"/>
</kw>
<kw name="Wait Until Page Contains Element" owner="SeleniumLibrary">
<arg>${CloseModal}</arg>
<doc>Waits until the element ``locator`` appears on the current page.</doc>
<status status="PASS" start="2025-02-11T11:36:33.005320" elapsed="0.014341"/>
</kw>
<kw name="Click Element" owner="SeleniumLibrary">
<msg time="2025-02-11T11:36:33.019978" level="INFO">Clicking element '//button[@class='absolute right-3 top-3 [&amp;&gt;svg]:size-6']'.</msg>
<arg>${CloseModal}</arg>
<doc>Click the element identified by ``locator``.</doc>
<status status="PASS" start="2025-02-11T11:36:33.019804" elapsed="0.042025"/>
</kw>
<kw name="Wait Until Page Contains Element" owner="SeleniumLibrary">
<arg>${PDPH1}</arg>
<doc>Waits until the element ``locator`` appears on the current page.</doc>
<status status="PASS" start="2025-02-11T11:36:33.062105" elapsed="0.011964"/>
</kw>
<kw name="Capture Page Screenshot" owner="SeleniumLibrary">
<msg time="2025-02-11T11:36:33.380322" level="INFO" html="true">&lt;/td&gt;&lt;/tr&gt;&lt;tr&gt;&lt;td colspan="3"&gt;&lt;a href="selenium-screenshot-2.png"&gt;&lt;img src="selenium-screenshot-2.png" width="800px"&gt;&lt;/a&gt;</msg>
<doc>Takes a screenshot of the current page and embeds it into a log file.</doc>
<status status="PASS" start="2025-02-11T11:36:33.074227" elapsed="0.306174"/>
</kw>
<kw name="Wait Until Page Contains Element" owner="SeleniumLibrary">
<arg>${QuantitySelector}</arg>
<doc>Waits until the element ``locator`` appears on the current page.</doc>
<status status="PASS" start="2025-02-11T11:36:33.380522" elapsed="0.006641"/>
</kw>
<kw name="Element Should Be Visible" owner="SeleniumLibrary">
<msg time="2025-02-11T11:36:33.395237" level="INFO">Element '//div[@class='w-[6.875rem] flex-none w-[6.875rem] flex-none']/div[@class='qty-input body-3 relative flex h-10 content-center justify-between rounded-3xl border px-5']' is displayed.</msg>
<arg>${QuantitySelector}</arg>
<doc>Verifies that the element identified by ``locator`` is visible.</doc>
<status status="PASS" start="2025-02-11T11:36:33.387302" elapsed="0.007998"/>
</kw>
<kw name="Input Text" owner="SeleniumLibrary">
<msg time="2025-02-11T11:36:33.395520" level="INFO">Typing text '3' into text field 'id:quantity'.</msg>
<arg>id:quantity</arg>
<arg>3</arg>
<doc>Types the given ``text`` into the text field identified by ``locator``.</doc>
<status status="PASS" start="2025-02-11T11:36:33.395403" elapsed="0.117906"/>
</kw>
<kw name="Element Should Be Visible" owner="SeleniumLibrary">
<msg time="2025-02-11T11:36:33.526808" level="INFO">Element '//button[@class='button button--primary flex-1 whitespace-nowrap']' is displayed.</msg>
<arg>${AddtoBagCTA}</arg>
<doc>Verifies that the element identified by ``locator`` is visible.</doc>
<status status="PASS" start="2025-02-11T11:36:33.513517" elapsed="0.013362"/>
</kw>
<kw name="Click Element" owner="SeleniumLibrary">
<msg time="2025-02-11T11:36:33.527162" level="INFO">Clicking element '//button[@class='button button--primary flex-1 whitespace-nowrap']'.</msg>
<arg>${AddtoBagCTA}</arg>
<doc>Click the element identified by ``locator``.</doc>
<status status="PASS" start="2025-02-11T11:36:33.526997" elapsed="0.113433"/>
</kw>
<kw name="Capture Page Screenshot" owner="SeleniumLibrary">
<msg time="2025-02-11T11:36:33.939397" level="INFO" html="true">&lt;/td&gt;&lt;/tr&gt;&lt;tr&gt;&lt;td colspan="3"&gt;&lt;a href="selenium-screenshot-3.png"&gt;&lt;img src="selenium-screenshot-3.png" width="800px"&gt;&lt;/a&gt;</msg>
<doc>Takes a screenshot of the current page and embeds it into a log file.</doc>
<status status="PASS" start="2025-02-11T11:36:33.640591" elapsed="0.298886"/>
</kw>
<kw name="Wait Until Page Contains Element" owner="SeleniumLibrary">
<msg time="2025-02-11T11:36:39.485289" level="INFO" html="true">&lt;/td&gt;&lt;/tr&gt;&lt;tr&gt;&lt;td colspan="3"&gt;&lt;a href="selenium-screenshot-4.png"&gt;&lt;img src="selenium-screenshot-4.png" width="800px"&gt;&lt;/a&gt;</msg>
<msg time="2025-02-11T11:36:39.485414" level="FAIL">Element '//div[@class='flex flex-col content-stretch gap-2 border-t border-t-brand-tangerine px-3 py-5 md:px-8']//div[.='$148.50']' did not appear in 5 seconds.</msg>
<arg>${CartTotal2}</arg>
<doc>Waits until the element ``locator`` appears on the current page.</doc>
<status status="FAIL" start="2025-02-11T11:36:33.939589" elapsed="5.546383">Element '//div[@class='flex flex-col content-stretch gap-2 border-t border-t-brand-tangerine px-3 py-5 md:px-8']//div[.='$148.50']' did not appear in 5 seconds.</status>
</kw>
<kw name="Element Text Should Be" owner="SeleniumLibrary">
<arg>${CartTotal2}</arg>
<arg>${Expected_Text_Cart_Total_2}</arg>
<doc>Verifies that element ``locator`` contains exact the text ``expected``.</doc>
<status status="NOT RUN" start="2025-02-11T11:36:39.486116" elapsed="0.000034"/>
</kw>
<status status="FAIL" start="2025-02-11T11:36:28.003908" elapsed="11.482313">Element '//div[@class='flex flex-col content-stretch gap-2 border-t border-t-brand-tangerine px-3 py-5 md:px-8']//div[.='$148.50']' did not appear in 5 seconds.</status>
</kw>
<kw name="Close Browser" owner="SeleniumLibrary" type="TEARDOWN">
<doc>Closes the current browser.</doc>
<status status="PASS" start="2025-02-11T11:36:39.486387" elapsed="0.164343"/>
</kw>
<status status="FAIL" start="2025-02-11T11:36:11.590779" elapsed="28.060036">Element '//div[@class='flex flex-col content-stretch gap-2 border-t border-t-brand-tangerine px-3 py-5 md:px-8']//div[.='$148.50']' did not appear in 5 seconds.</status>
</test>
<status status="FAIL" start="2025-02-11T11:35:33.525080" elapsed="66.126084"/>
</suite>
<status status="FAIL" start="2025-02-11T11:35:33.524660" elapsed="66.126886"/>
</suite>
<status status="FAIL" start="2025-02-11T11:35:33.517057" elapsed="66.134692"/>
</suite>
<statistics>
<total>
<stat pass="0" fail="2" skip="0">All Tests</stat>
</total>
<tag>
</tag>
<suite>
<stat pass="0" fail="2" skip="0" id="s1" name="Tests">Tests</stat>
<stat pass="0" fail="2" skip="0" id="s1-s1" name="PDP">Tests.PDP</stat>
<stat pass="0" fail="2" skip="0" id="s1-s1-s1" name="PDP TC003 Test">Tests.PDP.PDP TC003 Test</stat>
</suite>
</statistics>
<errors>
<msg time="2025-02-11T11:35:33.648714" level="ERROR">Error in file '/Users/angeline.rohan/Desktop/QA Automation_Thinx.robot.py/ThinxAutomation1/Thinx-Automation1/steps/PDP/PDP_TC003_Steps.robot' on line 4: Setting 'Suite Setup' is not allowed in resource file.</msg>
<msg time="2025-02-11T11:35:33.650532" level="ERROR">Error in file '/Users/angeline.rohan/Desktop/QA Automation_Thinx.robot.py/ThinxAutomation1/Thinx-Automation1/steps/PDP/PDP_TC004_Steps.robot' on line 4: Setting 'Suite Setup' is not allowed in resource file.</msg>
<msg time="2025-02-11T11:36:11.590683" level="WARN">Multiple tests with name 'Open Thinx PDP Using Chrome Browser options=${CHROME_OPTIONS}' executed in suite 'Tests.PDP.PDP TC003 Test'.</msg>
</errors>
</robot>
