<?xml version="1.0" encoding="UTF-8"?>
<robot generator="Robot 7.1.1 (Python 3.13.1 on darwin)" generated="2025-02-18T16:00:50.615863" rpa="false" schemaversion="5">
<suite id="s1" name="Tests" source="/Users/angeline.rohan/Desktop/QA Automation_Thinx.robot.py/ThinxAutomation1/Thinx-Automation1/tests">
<suite id="s1-s1" name="Login" source="/Users/angeline.rohan/Desktop/QA Automation_Thinx.robot.py/ThinxAutomation1/Thinx-Automation1/tests/Login">
<suite id="s1-s1-s1" name="Login TC003 Test" source="/Users/angeline.rohan/Desktop/QA Automation_Thinx.robot.py/ThinxAutomation1/Thinx-Automation1/tests/Login/Login_TC003_Test.robot">
<test id="s1-s1-s1-t1" name="Login to Thinx" line="24">
<kw name="Open Thinx Homepage Using Chrome Browser" owner="resources" type="SETUP">
<kw name="Open Browser" owner="SeleniumLibrary">
<msg time="2025-02-18T16:00:51.418280" level="INFO">Opening browser 'Chrome' to base url 'https://www.thinx.com/'.</msg>
<arg>${ThinxHomepage}</arg>
<arg>Chrome</arg>
<doc>Opens a new browser instance to the optional ``url``.</doc>
<status status="PASS" start="2025-02-18T16:00:51.418120" elapsed="3.393898"/>
</kw>
<kw name="Maximize Browser Window" owner="SeleniumLibrary">
<doc>Maximizes current browser window.</doc>
<status status="PASS" start="2025-02-18T16:00:54.812556" elapsed="0.389565"/>
</kw>
<status status="PASS" start="2025-02-18T16:00:51.417731" elapsed="3.784729"/>
</kw>
<kw name="Login Page Opened" owner="Login_TC001_Pages">
<kw name="Wait Until Element Is Visible" owner="SeleniumLibrary">
<arg>${SignIn_Nav}</arg>
<doc>Waits until the element ``locator`` is visible.</doc>
<status status="PASS" start="2025-02-18T16:00:55.203387" elapsed="0.099913"/>
</kw>
<kw name="Element Should Be Visible" owner="SeleniumLibrary">
<msg time="2025-02-18T16:00:55.320578" level="INFO">Element '//header[@class='flex justify-between items-center px-3 h-[3.25rem] lg:h-14.5 lg:px-8 bg-white border-b border-b-brand-tangerine']//a[contains(.,'Sign in')]' is displayed.</msg>
<arg>${SignIn_Nav}</arg>
<doc>Verifies that the element identified by ``locator`` is visible.</doc>
<status status="PASS" start="2025-02-18T16:00:55.303551" elapsed="0.017139"/>
</kw>
<kw name="Click Element" owner="SeleniumLibrary">
<msg time="2025-02-18T16:00:55.321346" level="INFO">Clicking element '//header[@class='flex justify-between items-center px-3 h-[3.25rem] lg:h-14.5 lg:px-8 bg-white border-b border-b-brand-tangerine']//a[contains(.,'Sign in')]'.</msg>
<arg>${SignIn_Nav}</arg>
<doc>Click the element identified by ``locator``.</doc>
<status status="PASS" start="2025-02-18T16:00:55.320937" elapsed="0.063686"/>
</kw>
<status status="PASS" start="2025-02-18T16:00:55.203025" elapsed="0.181796"/>
</kw>
<kw name="Enter Username" owner="Login_TC003_Pages">
<kw name="Wait Until Element Is Enabled" owner="SeleniumLibrary">
<arg>${Email}</arg>
<arg>5</arg>
<doc>Waits until the element ``locator`` is enabled.</doc>
<status status="PASS" start="2025-02-18T16:00:55.385231" elapsed="0.870534"/>
</kw>
<kw name="Input Text" owner="SeleniumLibrary">
<msg time="2025-02-18T16:00:56.256269" level="INFO">Typing text 'thinx.automation1@yopmail.com' into text field '//input[@id='CustomerEmail']'.</msg>
<arg>${Email}</arg>
<arg>${user}</arg>
<doc>Types the given ``text`` into the text field identified by ``locator``.</doc>
<status status="PASS" start="2025-02-18T16:00:56.255891" elapsed="0.224212"/>
</kw>
<arg>${user}</arg>
<status status="PASS" start="2025-02-18T16:00:55.384976" elapsed="1.095241"/>
</kw>
<kw name="Enter Password" owner="Login_TC003_Pages">
<kw name="Sleep" owner="BuiltIn">
<msg time="2025-02-18T16:01:01.481353" level="INFO">Slept 5 seconds.</msg>
<arg>5</arg>
<doc>Pauses the test executed for the given time.</doc>
<status status="PASS" start="2025-02-18T16:00:56.480692" elapsed="5.001110"/>
</kw>
<kw name="Scroll Element Into View" owner="SeleniumLibrary">
<arg>locator=${Password}</arg>
<doc>Scrolls the element identified by ``locator`` into view.</doc>
<status status="PASS" start="2025-02-18T16:01:01.482330" elapsed="0.281821"/>
</kw>
<kw name="Wait Until Element Is Visible" owner="SeleniumLibrary">
<arg>${Password}</arg>
<arg>timeout=10s</arg>
<doc>Waits until the element ``locator`` is visible.</doc>
<status status="PASS" start="2025-02-18T16:01:01.764514" elapsed="0.012434"/>
</kw>
<kw name="Wait Until Element Is Enabled" owner="SeleniumLibrary">
<arg>${Password}</arg>
<arg>10</arg>
<doc>Waits until the element ``locator`` is enabled.</doc>
<status status="PASS" start="2025-02-18T16:01:01.777093" elapsed="0.041191"/>
</kw>
<kw name="Input Text" owner="SeleniumLibrary">
<msg time="2025-02-18T16:01:01.819154" level="INFO">Typing text 'Test@kc1234' into text field '//input[@id='CustomerPassword']'.</msg>
<arg>${Password}</arg>
<arg>${pwd}</arg>
<doc>Types the given ``text`` into the text field identified by ``locator``.</doc>
<status status="PASS" start="2025-02-18T16:01:01.818880" elapsed="0.077069"/>
</kw>
<arg>${pwd}</arg>
<status status="PASS" start="2025-02-18T16:00:56.480356" elapsed="5.415689"/>
</kw>
<kw name="Click On SignIn CTA" owner="Login_TC003_Pages">
<kw name="Execute Javascript" owner="SeleniumLibrary">
<msg time="2025-02-18T16:01:01.896873" level="INFO">Executing JavaScript:
window.scrollTo(0,300)
Without any arguments.</msg>
<arg>window.scrollTo(0,300)</arg>
<doc>Executes the given JavaScript code with possible arguments.</doc>
<status status="PASS" start="2025-02-18T16:01:01.896394" elapsed="0.003420"/>
</kw>
<kw name="Sleep" owner="BuiltIn">
<msg time="2025-02-18T16:01:06.900464" level="INFO">Slept 5 seconds.</msg>
<arg>5</arg>
<doc>Pauses the test executed for the given time.</doc>
<status status="PASS" start="2025-02-18T16:01:01.899955" elapsed="5.000718"/>
</kw>
<kw name="Element Should Be Visible" owner="SeleniumLibrary">
<msg time="2025-02-18T16:01:06.917990" level="INFO">Element '//button[.='Sign in']' is displayed.</msg>
<arg>${LoginCTA}</arg>
<doc>Verifies that the element identified by ``locator`` is visible.</doc>
<status status="PASS" start="2025-02-18T16:01:06.900927" elapsed="0.017183"/>
</kw>
<kw name="Wait Until Page Contains Element" owner="SeleniumLibrary">
<arg>${LoginCTA}</arg>
<doc>Waits until the element ``locator`` appears on the current page.</doc>
<status status="PASS" start="2025-02-18T16:01:06.918312" elapsed="0.006068"/>
</kw>
<kw name="Click Button" owner="SeleniumLibrary">
<msg time="2025-02-18T16:01:06.924945" level="INFO">Clicking button '//button[.='Sign in']'.</msg>
<arg>${LoginCTA}</arg>
<doc>Clicks the button identified by ``locator``.</doc>
<status status="PASS" start="2025-02-18T16:01:06.924614" elapsed="0.064911"/>
</kw>
<status status="PASS" start="2025-02-18T16:01:01.896194" elapsed="5.093563"/>
</kw>
<kw name="Validate successfully landed on profile page" owner="Login_TC003_Pages">
<kw name="Wait Until Element Is Visible" owner="SeleniumLibrary">
<arg>locator=${AddressCard}</arg>
<doc>Waits until the element ``locator`` is visible.</doc>
<status status="PASS" start="2025-02-18T16:01:06.990653" elapsed="3.697581"/>
</kw>
<kw name="Element Should Be Visible" owner="SeleniumLibrary">
<msg time="2025-02-18T16:01:10.699333" level="INFO">Element '//address[@class='w-full md:w-1/3 mb-2 sm:mb-4 not-italic border border-black py-4 px-4 rounded-lg+ inline-block aspect-ratio-[1]']' is displayed.</msg>
<arg>${AddressCard}</arg>
<doc>Verifies that the element identified by ``locator`` is visible.</doc>
<status status="PASS" start="2025-02-18T16:01:10.688506" elapsed="0.010952"/>
</kw>
<kw name="Wait Until Element Is Visible" owner="SeleniumLibrary">
<arg>${LogoutCTA}</arg>
<doc>Waits until the element ``locator`` is visible.</doc>
<status status="PASS" start="2025-02-18T16:01:10.699699" elapsed="0.015265"/>
</kw>
<kw name="Element Should Be Visible" owner="SeleniumLibrary">
<msg time="2025-02-18T16:01:10.723982" level="INFO">Element '//a[.='Log out']' is displayed.</msg>
<arg>${LogoutCTA}</arg>
<doc>Verifies that the element identified by ``locator`` is visible.</doc>
<status status="PASS" start="2025-02-18T16:01:10.715190" elapsed="0.008918"/>
</kw>
<kw name="Wait Until Element Is Visible" owner="SeleniumLibrary">
<arg>${ProfilePageH1}</arg>
<doc>Waits until the element ``locator`` is visible.</doc>
<status status="PASS" start="2025-02-18T16:01:10.724312" elapsed="0.012942"/>
</kw>
<kw name="Get Text" owner="SeleniumLibrary">
<msg time="2025-02-18T16:01:10.752237" level="INFO">${ProfilePageH1} = Account</msg>
<var>${ProfilePageH1}</var>
<arg>${ProfilePageH1}</arg>
<doc>Returns the text value of the element identified by ``locator``.</doc>
<status status="PASS" start="2025-02-18T16:01:10.737518" elapsed="0.014799"/>
</kw>
<kw name="Should Contain" owner="BuiltIn">
<arg>${ProfilePageH1}</arg>
<arg>Account</arg>
<doc>Fails if ``container`` does not contain ``item`` one or more times.</doc>
<status status="PASS" start="2025-02-18T16:01:10.752535" elapsed="0.000313"/>
</kw>
<status status="PASS" start="2025-02-18T16:01:06.990172" elapsed="3.762811"/>
</kw>
<kw name="Capture Page Screenshot" owner="SeleniumLibrary">
<msg time="2025-02-18T16:01:11.007114" level="INFO" html="true">&lt;/td&gt;&lt;/tr&gt;&lt;tr&gt;&lt;td colspan="3"&gt;&lt;a href="../../results/selenium-screenshot-329.png"&gt;&lt;img src="../../results/selenium-screenshot-329.png" width="800px"&gt;&lt;/a&gt;</msg>
<doc>Takes a screenshot of the current page and embeds it into a log file.</doc>
<status status="PASS" start="2025-02-18T16:01:10.753107" elapsed="0.254197"/>
</kw>
<kw name="Close Browser" owner="SeleniumLibrary" type="TEARDOWN">
<doc>Closes the current browser.</doc>
<status status="PASS" start="2025-02-18T16:01:11.007702" elapsed="1.526415"/>
</kw>
<status status="PASS" start="2025-02-18T16:00:51.417295" elapsed="21.116906"/>
</test>
<status status="PASS" start="2025-02-18T16:00:50.684976" elapsed="21.849669"/>
</suite>
<status status="PASS" start="2025-02-18T16:00:50.684102" elapsed="21.851028"/>
</suite>
<status status="PASS" start="2025-02-18T16:00:50.656898" elapsed="21.878513"/>
</suite>
<statistics>
<total>
<stat pass="1" fail="0" skip="0">All Tests</stat>
</total>
<tag>
</tag>
<suite>
<stat pass="1" fail="0" skip="0" id="s1" name="Tests">Tests</stat>
<stat pass="1" fail="0" skip="0" id="s1-s1" name="Login">Tests.Login</stat>
<stat pass="1" fail="0" skip="0" id="s1-s1-s1" name="Login TC003 Test">Tests.Login.Login TC003 Test</stat>
</suite>
</statistics>
<errors>
</errors>
</robot>
