<?xml version="1.0" encoding="UTF-8"?>
<robot generator="Robot 7.1.1 (Python 3.13.1 on darwin)" generated="2025-02-25T10:28:41.041717" rpa="false" schemaversion="5">
<suite id="s1" name="Tests" source="/Users/angeline.rohan/Desktop/QA Automation_Thinx.robot.py/ThinxAutomation1/Thinx-Automation1/tests">
<suite id="s1-s1" name="Login" source="/Users/angeline.rohan/Desktop/QA Automation_Thinx.robot.py/ThinxAutomation1/Thinx-Automation1/tests/Login">
<suite id="s1-s1-s1" name="Login TC002 Test" source="/Users/angeline.rohan/Desktop/QA Automation_Thinx.robot.py/ThinxAutomation1/Thinx-Automation1/tests/Login/Login_TC002_Test.robot">
<test id="s1-s1-s1-t1" name="Login to Thinx" line="17">
<kw name="Open Thinx Homepage Using Chrome Browser" owner="resources" type="SETUP">
<kw name="Open Browser" owner="SeleniumLibrary">
<msg time="2025-02-25T10:28:41.176763" level="INFO">Opening browser 'Chrome' to base url 'https://www.thinx.com/'.</msg>
<arg>${ThinxHomepage}</arg>
<arg>Chrome</arg>
<doc>Opens a new browser instance to the optional ``url``.</doc>
<status status="PASS" start="2025-02-25T10:28:41.176510" elapsed="40.158651"/>
</kw>
<kw name="Maximize Browser Window" owner="SeleniumLibrary">
<doc>Maximizes current browser window.</doc>
<status status="PASS" start="2025-02-25T10:29:21.341393" elapsed="0.388640"/>
</kw>
<status status="PASS" start="2025-02-25T10:28:41.175993" elapsed="40.554335"/>
</kw>
<kw name="Login Page Opened" owner="Login_TC001_Pages">
<kw name="Wait Until Element Is Visible" owner="SeleniumLibrary">
<arg>${SignIn_Nav}</arg>
<doc>Waits until the element ``locator`` is visible.</doc>
<status status="PASS" start="2025-02-25T10:29:21.731320" elapsed="0.044007"/>
</kw>
<kw name="Element Should Be Visible" owner="SeleniumLibrary">
<msg time="2025-02-25T10:29:21.816837" level="INFO">Element '//header[@class='flex justify-between items-center px-3 h-[3.25rem] lg:h-14.5 lg:px-8 bg-white border-b border-b-brand-tangerine']//a[contains(.,'Sign in')]' is displayed.</msg>
<arg>${SignIn_Nav}</arg>
<doc>Verifies that the element identified by ``locator`` is visible.</doc>
<status status="PASS" start="2025-02-25T10:29:21.776089" elapsed="0.040883"/>
</kw>
<kw name="Click Element" owner="SeleniumLibrary">
<msg time="2025-02-25T10:29:21.817530" level="INFO">Clicking element '//header[@class='flex justify-between items-center px-3 h-[3.25rem] lg:h-14.5 lg:px-8 bg-white border-b border-b-brand-tangerine']//a[contains(.,'Sign in')]'.</msg>
<arg>${SignIn_Nav}</arg>
<doc>Click the element identified by ``locator``.</doc>
<status status="PASS" start="2025-02-25T10:29:21.817217" elapsed="0.079620"/>
</kw>
<status status="PASS" start="2025-02-25T10:29:21.730821" elapsed="0.166145"/>
</kw>
<kw name="Sleep" owner="BuiltIn">
<msg time="2025-02-25T10:29:26.898033" level="INFO">Slept 5 seconds.</msg>
<arg>5</arg>
<doc>Pauses the test executed for the given time.</doc>
<status status="PASS" start="2025-02-25T10:29:21.897147" elapsed="5.001106"/>
</kw>
<kw name="Click on forgot password link" owner="Login_TC002_Pages">
<kw name="Wait Until Element Is Visible" owner="SeleniumLibrary">
<arg>${ForgotPwdLink}</arg>
<doc>Waits until the element ``locator`` is visible.</doc>
<status status="PASS" start="2025-02-25T10:29:26.899261" elapsed="0.471419"/>
</kw>
<kw name="Click Element" owner="SeleniumLibrary">
<msg time="2025-02-25T10:29:27.371460" level="INFO">Clicking element '//a[contains(.,'Forgot your password?')]'.</msg>
<arg>${ForgotPwdLink}</arg>
<doc>Click the element identified by ``locator``.</doc>
<status status="PASS" start="2025-02-25T10:29:27.371156" elapsed="0.099463"/>
</kw>
<status status="PASS" start="2025-02-25T10:29:26.898873" elapsed="0.571906"/>
</kw>
<kw name="Validate successfully landed on forgot password page" owner="Login_TC002_Pages">
<kw name="Wait Until Location Is" owner="SeleniumLibrary">
<arg>${ForgotPwdPageURL}</arg>
<arg>10s</arg>
<doc>Waits until the current URL is ``expected``.</doc>
<status status="PASS" start="2025-02-25T10:29:27.475492" elapsed="0.044292"/>
</kw>
<kw name="Location Should Be" owner="SeleniumLibrary">
<msg time="2025-02-25T10:29:27.527951" level="INFO">Current location is 'https://www.thinx.com/account/login#recover'.</msg>
<arg>${ForgotPwdPageURL}</arg>
<doc>Verifies that the current URL is exactly ``url``.</doc>
<status status="PASS" start="2025-02-25T10:29:27.520019" elapsed="0.008083"/>
</kw>
<kw name="Wait Until Element Is Visible" owner="SeleniumLibrary">
<arg>${ForgotPwdPageH1}</arg>
<doc>Waits until the element ``locator`` is visible.</doc>
<status status="PASS" start="2025-02-25T10:29:27.530250" elapsed="0.024566"/>
</kw>
<kw name="Get Text" owner="SeleniumLibrary">
<msg time="2025-02-25T10:29:27.571012" level="INFO">${ForgotPwdPageH1} = Reset your password</msg>
<var>${ForgotPwdPageH1}</var>
<arg>${ForgotPwdPageH1}</arg>
<doc>Returns the text value of the element identified by ``locator``.</doc>
<status status="PASS" start="2025-02-25T10:29:27.555071" elapsed="0.015999"/>
</kw>
<kw name="Should Contain" owner="BuiltIn">
<arg>${ForgotPwdPageH1}</arg>
<arg>Reset your password</arg>
<doc>Fails if ``container`` does not contain ``item`` one or more times.</doc>
<status status="PASS" start="2025-02-25T10:29:27.571385" elapsed="0.000256"/>
</kw>
<status status="PASS" start="2025-02-25T10:29:27.472250" elapsed="0.099478"/>
</kw>
<kw name="Close Browser" owner="SeleniumLibrary" type="TEARDOWN">
<doc>Closes the current browser.</doc>
<status status="PASS" start="2025-02-25T10:29:27.571867" elapsed="1.614789"/>
</kw>
<status status="PASS" start="2025-02-25T10:28:41.175525" elapsed="48.011297"/>
</test>
<status status="PASS" start="2025-02-25T10:28:41.059723" elapsed="48.128043"/>
</suite>
<status status="PASS" start="2025-02-25T10:28:41.059308" elapsed="48.129020"/>
</suite>
<status status="PASS" start="2025-02-25T10:28:41.052996" elapsed="48.135544"/>
</suite>
<statistics>
<total>
<stat pass="1" fail="0" skip="0">All Tests</stat>
</total>
<tag>
</tag>
<suite>
<stat pass="1" fail="0" skip="0" id="s1" name="Tests">Tests</stat>
<stat pass="1" fail="0" skip="0" id="s1-s1" name="Login">Tests.Login</stat>
<stat pass="1" fail="0" skip="0" id="s1-s1-s1" name="Login TC002 Test">Tests.Login.Login TC002 Test</stat>
</suite>
</statistics>
<errors>
<msg time="2025-02-25T10:28:41.174015" level="ERROR">Error in file '/Users/angeline.rohan/Desktop/QA Automation_Thinx.robot.py/ThinxAutomation1/Thinx-Automation1/steps/Login/Login_TC002_Steps.robot' on line 4: Resource file '../../pages/Registration/Registration_TC004_Pages.robot' does not exist.</msg>
</errors>
</robot>
