<?xml version="1.0" encoding="UTF-8"?>
<robot generator="Robot 7.1.1 (Python 3.13.1 on darwin)" generated="2025-02-18T16:00:59.546770" rpa="false" schemaversion="5">
<suite id="s1" name="Tests" source="/Users/angeline.rohan/Desktop/QA Automation_Thinx.robot.py/ThinxAutomation1/Thinx-Automation1/tests">
<suite id="s1-s1" name="Meganav" source="/Users/angeline.rohan/Desktop/QA Automation_Thinx.robot.py/ThinxAutomation1/Thinx-Automation1/tests/Meganav">
<suite id="s1-s1-s1" name="Meganav TC001 Tests" source="/Users/angeline.rohan/Desktop/QA Automation_Thinx.robot.py/ThinxAutomation1/Thinx-Automation1/tests/Meganav/Meganav_TC001_Tests.robot">
<test id="s1-s1-s1-t1" name="Open Thinx Homepage Using Chrome Browser" line="14">
<kw name="Open Thinx Homepage Using Chrome Browser" owner="resources" type="SETUP">
<kw name="Open Browser" owner="SeleniumLibrary">
<msg time="2025-02-18T16:00:59.732660" level="INFO">Opening browser 'Chrome' to base url 'https://www.thinx.com/'.</msg>
<arg>${ThinxHomepage}</arg>
<arg>Chrome</arg>
<doc>Opens a new browser instance to the optional ``url``.</doc>
<status status="PASS" start="2025-02-18T16:00:59.732374" elapsed="5.487958"/>
</kw>
<kw name="Maximize Browser Window" owner="SeleniumLibrary">
<doc>Maximizes current browser window.</doc>
<status status="PASS" start="2025-02-18T16:01:05.221314" elapsed="0.367514"/>
</kw>
<status status="PASS" start="2025-02-18T16:00:59.731310" elapsed="5.857699"/>
</kw>
<kw name="Validate Meganav Displays" owner="Meganav_TC001_Steps">
<kw name="Wait Until Page Contains Element" owner="SeleniumLibrary">
<arg>${Meganav}</arg>
<doc>Waits until the element ``locator`` appears on the current page.</doc>
<status status="PASS" start="2025-02-18T16:01:05.589848" elapsed="0.009007"/>
</kw>
<kw name="Element Should Be Visible" owner="SeleniumLibrary">
<msg time="2025-02-18T16:01:05.626915" level="INFO">Element '//div[@id='shopify-section-header']' is displayed.</msg>
<arg>${Meganav}</arg>
<doc>Verifies that the element identified by ``locator`` is visible.</doc>
<status status="PASS" start="2025-02-18T16:01:05.599009" elapsed="0.028042"/>
</kw>
<kw name="Capture Element Screenshot" owner="SeleniumLibrary">
<msg time="2025-02-18T16:01:05.805930" level="INFO" html="true">&lt;/td&gt;&lt;/tr&gt;&lt;tr&gt;&lt;td colspan="3"&gt;&lt;a href="selenium-element-screenshot-1.png"&gt;&lt;img src="selenium-element-screenshot-1.png" width="400px"&gt;&lt;/a&gt;</msg>
<arg>${Meganav}</arg>
<doc>Captures a screenshot from the element identified by ``locator`` and embeds it into log file.</doc>
<status status="PASS" start="2025-02-18T16:01:05.627242" elapsed="0.178897"/>
</kw>
<status status="PASS" start="2025-02-18T16:01:05.589417" elapsed="0.216885"/>
</kw>
<kw name="Validate Scrolling Promo Banner Displays" owner="Meganav_TC001_Steps">
<kw name="Wait Until Page Contains Element" owner="SeleniumLibrary">
<arg>${PromoBanner}</arg>
<doc>Waits until the element ``locator`` appears on the current page.</doc>
<status status="PASS" start="2025-02-18T16:01:05.806875" elapsed="0.017639"/>
</kw>
<kw name="Element Should Be Visible" owner="SeleniumLibrary">
<msg time="2025-02-18T16:01:05.837290" level="INFO">Element '//div[@id='shopify-section-dynamic-banner']' is displayed.</msg>
<arg>${PromoBanner}</arg>
<doc>Verifies that the element identified by ``locator`` is visible.</doc>
<status status="PASS" start="2025-02-18T16:01:05.824831" elapsed="0.012566"/>
</kw>
<status status="PASS" start="2025-02-18T16:01:05.806528" elapsed="0.030975"/>
</kw>
<kw name="Validate Menu Items Display" owner="Meganav_TC001_Steps">
<kw name="Wait Until Page Contains Element" owner="SeleniumLibrary">
<arg>${ShopAllNav}</arg>
<doc>Waits until the element ``locator`` appears on the current page.</doc>
<status status="PASS" start="2025-02-18T16:01:05.838037" elapsed="0.007577"/>
</kw>
<kw name="Element Should Be Visible" owner="SeleniumLibrary">
<msg time="2025-02-18T16:01:05.861782" level="INFO">Element '//span[.='shop all']' is displayed.</msg>
<arg>${ShopAllNav}</arg>
<doc>Verifies that the element identified by ``locator`` is visible.</doc>
<status status="PASS" start="2025-02-18T16:01:05.845956" elapsed="0.015900"/>
</kw>
<kw name="Wait Until Page Contains Element" owner="SeleniumLibrary">
<arg>${PeriodNav}</arg>
<doc>Waits until the element ``locator`` appears on the current page.</doc>
<status status="PASS" start="2025-02-18T16:01:05.862000" elapsed="0.010751"/>
</kw>
<kw name="Element Should Be Visible" owner="SeleniumLibrary">
<msg time="2025-02-18T16:01:05.881289" level="INFO">Element '//span[.='period']' is displayed.</msg>
<arg>${PeriodNav}</arg>
<doc>Verifies that the element identified by ``locator`` is visible.</doc>
<status status="PASS" start="2025-02-18T16:01:05.872881" elapsed="0.008536"/>
</kw>
<kw name="Wait Until Page Contains Element" owner="SeleniumLibrary">
<arg>${BladderNav}</arg>
<doc>Waits until the element ``locator`` appears on the current page.</doc>
<status status="PASS" start="2025-02-18T16:01:05.881628" elapsed="0.007707"/>
</kw>
<kw name="Element Should Be Visible" owner="SeleniumLibrary">
<msg time="2025-02-18T16:01:05.899711" level="INFO">Element '//span[.='bladder']' is displayed.</msg>
<arg>${BladderNav}</arg>
<doc>Verifies that the element identified by ``locator`` is visible.</doc>
<status status="PASS" start="2025-02-18T16:01:05.889585" elapsed="0.010339"/>
</kw>
<kw name="Wait Until Page Contains Element" owner="SeleniumLibrary">
<arg>${TeensNav}</arg>
<doc>Waits until the element ``locator`` appears on the current page.</doc>
<status status="PASS" start="2025-02-18T16:01:05.900059" elapsed="0.005906"/>
</kw>
<kw name="Element Should Be Visible" owner="SeleniumLibrary">
<msg time="2025-02-18T16:01:05.916520" level="INFO">Element '//span[.='teens']' is displayed.</msg>
<arg>${TeensNav}</arg>
<doc>Verifies that the element identified by ``locator`` is visible.</doc>
<status status="PASS" start="2025-02-18T16:01:05.906229" elapsed="0.010397"/>
</kw>
<kw name="Wait Until Page Contains Element" owner="SeleniumLibrary">
<arg>${SetsNav}</arg>
<doc>Waits until the element ``locator`` appears on the current page.</doc>
<status status="PASS" start="2025-02-18T16:01:05.916916" elapsed="0.009375"/>
</kw>
<kw name="Element Should Be Visible" owner="SeleniumLibrary">
<msg time="2025-02-18T16:01:05.935278" level="INFO">Element '//span[.='saver sets']' is displayed.</msg>
<arg>${SetsNav}</arg>
<doc>Verifies that the element identified by ``locator`` is visible.</doc>
<status status="PASS" start="2025-02-18T16:01:05.926425" elapsed="0.008980"/>
</kw>
<kw name="Wait Until Page Contains Element" owner="SeleniumLibrary">
<arg>${LastCallNav}</arg>
<doc>Waits until the element ``locator`` appears on the current page.</doc>
<status status="PASS" start="2025-02-18T16:01:05.935649" elapsed="0.006757"/>
</kw>
<kw name="Element Should Be Visible" owner="SeleniumLibrary">
<msg time="2025-02-18T16:01:05.951447" level="INFO">Element '//span[.='last call']' is displayed.</msg>
<arg>${LastCallNav}</arg>
<doc>Verifies that the element identified by ``locator`` is visible.</doc>
<status status="PASS" start="2025-02-18T16:01:05.942804" elapsed="0.008711"/>
</kw>
<status status="PASS" start="2025-02-18T16:01:05.837725" elapsed="0.113855"/>
</kw>
<kw name="Validate Utility Nav Items Display" owner="Meganav_TC001_Steps">
<kw name="Wait Until Page Contains Element" owner="SeleniumLibrary">
<arg>${TakeTheQuizCTA}</arg>
<doc>Waits until the element ``locator`` appears on the current page.</doc>
<status status="PASS" start="2025-02-18T16:01:05.952061" elapsed="0.007208"/>
</kw>
<kw name="Element Should Be Visible" owner="SeleniumLibrary">
<msg time="2025-02-18T16:01:05.968221" level="INFO">Element '//span[.='take the quiz']' is displayed.</msg>
<arg>${TakeTheQuizCTA}</arg>
<doc>Verifies that the element identified by ``locator`` is visible.</doc>
<status status="PASS" start="2025-02-18T16:01:05.959531" elapsed="0.008763"/>
</kw>
<kw name="Wait Until Page Contains Element" owner="SeleniumLibrary">
<arg>${LearnNav}</arg>
<doc>Waits until the element ``locator`` appears on the current page.</doc>
<status status="PASS" start="2025-02-18T16:01:05.968418" elapsed="0.006217"/>
</kw>
<kw name="Element Should Be Visible" owner="SeleniumLibrary">
<msg time="2025-02-18T16:01:06.035416" level="INFO">Element '//span[.='learn']' is displayed.</msg>
<arg>${LearnNav}</arg>
<doc>Verifies that the element identified by ``locator`` is visible.</doc>
<status status="PASS" start="2025-02-18T16:01:05.975045" elapsed="0.060494"/>
</kw>
<kw name="Wait Until Page Contains Element" owner="SeleniumLibrary">
<arg>${SignInNav}</arg>
<doc>Waits until the element ``locator`` appears on the current page.</doc>
<status status="PASS" start="2025-02-18T16:01:06.035751" elapsed="0.219425"/>
</kw>
<kw name="Element Should Be Visible" owner="SeleniumLibrary">
<msg time="2025-02-18T16:01:06.277721" level="INFO">Element '//header[@class='flex justify-between items-center px-3 h-[3.25rem] lg:h-14.5 lg:px-8 bg-white border-b border-b-brand-tangerine']//a[contains(.,'Sign in')]' is displayed.</msg>
<arg>${SignInNav}</arg>
<doc>Verifies that the element identified by ``locator`` is visible.</doc>
<status status="PASS" start="2025-02-18T16:01:06.255433" elapsed="0.022354"/>
</kw>
<kw name="Wait Until Page Contains Element" owner="SeleniumLibrary">
<arg>${Cart}</arg>
<doc>Waits until the element ``locator`` appears on the current page.</doc>
<status status="PASS" start="2025-02-18T16:01:06.277893" elapsed="0.006174"/>
</kw>
<kw name="Element Should Be Visible" owner="SeleniumLibrary">
<msg time="2025-02-18T16:01:06.292673" level="INFO">Element '//button[@class='relative mr-4 lg:mr-0 lg:ml-5 group']' is displayed.</msg>
<arg>${Cart}</arg>
<doc>Verifies that the element identified by ``locator`` is visible.</doc>
<status status="PASS" start="2025-02-18T16:01:06.284187" elapsed="0.008606"/>
</kw>
<status status="PASS" start="2025-02-18T16:01:05.951749" elapsed="0.341168"/>
</kw>
<kw name="Close Browser" owner="SeleniumLibrary" type="TEARDOWN">
<doc>Closes the current browser.</doc>
<status status="PASS" start="2025-02-18T16:01:06.293550" elapsed="1.067527"/>
</kw>
<status status="PASS" start="2025-02-18T16:00:59.730190" elapsed="7.630969"/>
</test>
<status status="PASS" start="2025-02-18T16:00:59.573726" elapsed="7.787839"/>
</suite>
<status status="PASS" start="2025-02-18T16:00:59.572478" elapsed="7.789417"/>
</suite>
<status status="PASS" start="2025-02-18T16:00:59.562904" elapsed="7.799200"/>
</suite>
<statistics>
<total>
<stat pass="1" fail="0" skip="0">All Tests</stat>
</total>
<tag>
</tag>
<suite>
<stat pass="1" fail="0" skip="0" id="s1" name="Tests">Tests</stat>
<stat pass="1" fail="0" skip="0" id="s1-s1" name="Meganav">Tests.Meganav</stat>
<stat pass="1" fail="0" skip="0" id="s1-s1-s1" name="Meganav TC001 Tests">Tests.Meganav.Meganav TC001 Tests</stat>
</suite>
</statistics>
<errors>
</errors>
</robot>
