<?xml version="1.0" encoding="UTF-8"?>
<robot generator="Robot 7.1.1 (Python 3.13.1 on darwin)" generated="2025-02-11T11:35:58.620248" rpa="false" schemaversion="5">
<suite id="s1" name="Tests" source="/Users/angeline.rohan/Desktop/QA Automation_Thinx.robot.py/ThinxAutomation1/Thinx-Automation1/tests">
<suite id="s1-s1" name="PLP" source="/Users/angeline.rohan/Desktop/QA Automation_Thinx.robot.py/ThinxAutomation1/Thinx-Automation1/tests/PLP">
<suite id="s1-s1-s1" name="PLP TC001 Test" source="/Users/angeline.rohan/Desktop/QA Automation_Thinx.robot.py/ThinxAutomation1/Thinx-Automation1/tests/PLP/PLP_TC001_Test.robot">
<test id="s1-s1-s1-t1" name="Open Thinx Collections Page Using Chrome Browser" line="15">
<kw name="Open Thinx Collections Page Using Chrome Browser" owner="resources" type="SETUP">
<kw name="Open Browser" owner="SeleniumLibrary">
<msg time="2025-02-11T11:35:58.726849" level="INFO">Opening browser 'Chrome' to base url 'https://www.thinx.com/collections/shop-all'.</msg>
<arg>${CollectionsPage}</arg>
<arg>Chrome</arg>
<doc>Opens a new browser instance to the optional ``url``.</doc>
<status status="PASS" start="2025-02-11T11:35:58.726710" elapsed="5.654810"/>
</kw>
<kw name="Maximize Browser Window" owner="SeleniumLibrary">
<doc>Maximizes current browser window.</doc>
<status status="PASS" start="2025-02-11T11:36:04.382039" elapsed="0.371506"/>
</kw>
<status status="PASS" start="2025-02-11T11:35:58.726296" elapsed="6.027508"/>
</kw>
<kw name="Click Accept Cookies Button" owner="CookieSettings_TC001_Pages">
<kw name="Wait Until Element Is Visible" owner="SeleniumLibrary">
<arg>${AcceptCookies}</arg>
<doc>Waits until the element ``locator`` is visible.</doc>
<status status="PASS" start="2025-02-11T11:36:04.754939" elapsed="0.016060"/>
</kw>
<kw name="Click Element" owner="SeleniumLibrary">
<msg time="2025-02-11T11:36:04.771352" level="INFO">Clicking element '//button[@id='onetrust-accept-btn-handler']'.</msg>
<arg>${AcceptCookies}</arg>
<doc>Click the element identified by ``locator``.</doc>
<status status="PASS" start="2025-02-11T11:36:04.771175" elapsed="0.069272"/>
</kw>
<kw name="Sleep" owner="BuiltIn">
<msg time="2025-02-11T11:36:07.842044" level="INFO">Slept 3 seconds.</msg>
<arg>3</arg>
<doc>Pauses the test executed for the given time.</doc>
<status status="PASS" start="2025-02-11T11:36:04.840695" elapsed="3.001460"/>
</kw>
<status status="PASS" start="2025-02-11T11:36:04.754405" elapsed="3.087828"/>
</kw>
<kw name="Sleep" owner="BuiltIn">
<msg time="2025-02-11T11:36:17.842910" level="INFO">Slept 10 seconds.</msg>
<arg>10</arg>
<doc>Pauses the test executed for the given time.</doc>
<status status="PASS" start="2025-02-11T11:36:07.842342" elapsed="10.000681"/>
</kw>
<kw name="Close Email Modal" owner="PLP_TC001_Steps">
<kw name="Wait Until Element Is Visible" owner="SeleniumLibrary">
<arg>${CloseModal}</arg>
<doc>Waits until the element ``locator`` is visible.</doc>
<status status="PASS" start="2025-02-11T11:36:17.843442" elapsed="0.034418"/>
</kw>
<kw name="Element Should Be Visible" owner="SeleniumLibrary">
<msg time="2025-02-11T11:36:17.891048" level="INFO">Element '//button[@class='absolute right-3 top-3 [&amp;&gt;svg]:size-6']' is displayed.</msg>
<arg>${CloseModal}</arg>
<doc>Verifies that the element identified by ``locator`` is visible.</doc>
<status status="PASS" start="2025-02-11T11:36:17.878198" elapsed="0.013146"/>
</kw>
<kw name="Click Element" owner="SeleniumLibrary">
<msg time="2025-02-11T11:36:17.892740" level="INFO">Clicking element '//button[@class='absolute right-3 top-3 [&amp;&gt;svg]:size-6']'.</msg>
<arg>${CloseModal}</arg>
<doc>Click the element identified by ``locator``.</doc>
<status status="PASS" start="2025-02-11T11:36:17.891688" elapsed="0.054513"/>
</kw>
<status status="PASS" start="2025-02-11T11:36:17.843239" elapsed="0.103088"/>
</kw>
<kw name="Validate Filter Menu Opens On Click" owner="PLP_TC001_Steps">
<kw name="Element Should Be Visible" owner="SeleniumLibrary">
<msg time="2025-02-11T11:36:17.959592" level="INFO">Element '//button[@class='body-1-bold flex items-center gap-2']' is displayed.</msg>
<arg>${FilterButton}</arg>
<doc>Verifies that the element identified by ``locator`` is visible.</doc>
<status status="PASS" start="2025-02-11T11:36:17.946886" elapsed="0.012826"/>
</kw>
<kw name="Click Element" owner="SeleniumLibrary">
<msg time="2025-02-11T11:36:17.960222" level="INFO">Clicking element '//button[@class='body-1-bold flex items-center gap-2']'.</msg>
<arg>${FilterButton}</arg>
<doc>Click the element identified by ``locator``.</doc>
<status status="PASS" start="2025-02-11T11:36:17.959917" elapsed="0.062212"/>
</kw>
<kw name="Element Should Be Visible" owner="SeleniumLibrary">
<msg time="2025-02-11T11:36:18.036747" level="INFO">Element '//div[@class='isolate flex h-full flex-col']' is displayed.</msg>
<arg>${FilterMenu}</arg>
<doc>Verifies that the element identified by ``locator`` is visible.</doc>
<status status="PASS" start="2025-02-11T11:36:18.022422" elapsed="0.014423"/>
</kw>
<kw name="Capture Element Screenshot" owner="SeleniumLibrary">
<msg time="2025-02-11T11:36:18.141086" level="INFO" html="true">&lt;/td&gt;&lt;/tr&gt;&lt;tr&gt;&lt;td colspan="3"&gt;&lt;a href="selenium-element-screenshot-1.png"&gt;&lt;img src="selenium-element-screenshot-1.png" width="400px"&gt;&lt;/a&gt;</msg>
<arg>${FilterMenu}</arg>
<doc>Captures a screenshot from the element identified by ``locator`` and embeds it into log file.</doc>
<status status="PASS" start="2025-02-11T11:36:18.036967" elapsed="0.104291"/>
</kw>
<status status="PASS" start="2025-02-11T11:36:17.946478" elapsed="0.195081"/>
</kw>
<kw name="Validate Filter Menu Contains All Correct Filter Menu Options" owner="PLP_TC001_Steps">
<kw name="Wait Until Element Is Visible" owner="SeleniumLibrary">
<arg>${AbsorbencyFilter}</arg>
<arg>10s</arg>
<doc>Waits until the element ``locator`` is visible.</doc>
<status status="PASS" start="2025-02-11T11:36:18.142119" elapsed="0.025933"/>
</kw>
<kw name="Wait Until Element Is Visible" owner="SeleniumLibrary">
<arg>${StyleFilter}</arg>
<arg>10s</arg>
<doc>Waits until the element ``locator`` is visible.</doc>
<status status="PASS" start="2025-02-11T11:36:18.168170" elapsed="0.010558"/>
</kw>
<kw name="Wait Until Element Is Visible" owner="SeleniumLibrary">
<arg>${BestForFilter}</arg>
<arg>10s</arg>
<doc>Waits until the element ``locator`` is visible.</doc>
<status status="PASS" start="2025-02-11T11:36:18.178996" elapsed="0.008928"/>
</kw>
<kw name="Wait Until Element Is Visible" owner="SeleniumLibrary">
<arg>${CollectionFilter}</arg>
<arg>10s</arg>
<doc>Waits until the element ``locator`` is visible.</doc>
<status status="PASS" start="2025-02-11T11:36:18.188207" elapsed="0.008893"/>
</kw>
<kw name="Wait Until Element Is Visible" owner="SeleniumLibrary">
<arg>${ColorFilter}</arg>
<arg>10s</arg>
<doc>Waits until the element ``locator`` is visible.</doc>
<status status="PASS" start="2025-02-11T11:36:18.197243" elapsed="0.009243"/>
</kw>
<kw name="Wait Until Element Is Visible" owner="SeleniumLibrary">
<arg>${SizeFilter}</arg>
<arg>10s</arg>
<doc>Waits until the element ``locator`` is visible.</doc>
<status status="PASS" start="2025-02-11T11:36:18.206601" elapsed="0.008115"/>
</kw>
<kw name="Element Should Be Visible" owner="SeleniumLibrary">
<msg time="2025-02-11T11:36:18.222287" level="INFO">Element '//span[.='Absorbency']' is displayed.</msg>
<arg>${AbsorbencyFilter}</arg>
<doc>Verifies that the element identified by ``locator`` is visible.</doc>
<status status="PASS" start="2025-02-11T11:36:18.214926" elapsed="0.007433"/>
</kw>
<kw name="Element Should Be Visible" owner="SeleniumLibrary">
<msg time="2025-02-11T11:36:18.229342" level="INFO">Element '//summary[.='Style']' is displayed.</msg>
<arg>${StyleFilter}</arg>
<doc>Verifies that the element identified by ``locator`` is visible.</doc>
<status status="PASS" start="2025-02-11T11:36:18.222464" elapsed="0.006947"/>
</kw>
<kw name="Element Should Be Visible" owner="SeleniumLibrary">
<msg time="2025-02-11T11:36:18.236210" level="INFO">Element '//span[.='Best For']' is displayed.</msg>
<arg>${BestForFilter}</arg>
<doc>Verifies that the element identified by ``locator`` is visible.</doc>
<status status="PASS" start="2025-02-11T11:36:18.229516" elapsed="0.006772"/>
</kw>
<kw name="Element Should Be Visible" owner="SeleniumLibrary">
<msg time="2025-02-11T11:36:18.244217" level="INFO">Element '//summary[.='Collection']' is displayed.</msg>
<arg>${CollectionFilter}</arg>
<doc>Verifies that the element identified by ``locator`` is visible.</doc>
<status status="PASS" start="2025-02-11T11:36:18.236574" elapsed="0.007728"/>
</kw>
<kw name="Element Should Be Visible" owner="SeleniumLibrary">
<msg time="2025-02-11T11:36:18.251071" level="INFO">Element '//summary[.='Size']' is displayed.</msg>
<arg>${SizeFilter}</arg>
<doc>Verifies that the element identified by ``locator`` is visible.</doc>
<status status="PASS" start="2025-02-11T11:36:18.244405" elapsed="0.006735"/>
</kw>
<status status="PASS" start="2025-02-11T11:36:18.141742" elapsed="0.109465"/>
</kw>
<kw name="Validate Filter Menu Displays Apply Filters Button" owner="PLP_TC001_Steps">
<kw name="Wait Until Element Is Visible" owner="SeleniumLibrary">
<arg>${ApplyFiltersCTA}</arg>
<doc>Waits until the element ``locator`` is visible.</doc>
<status status="PASS" start="2025-02-11T11:36:18.251549" elapsed="0.008658"/>
</kw>
<kw name="Element Should Be Visible" owner="SeleniumLibrary">
<msg time="2025-02-11T11:36:18.266710" level="INFO">Element '//button[@class='button button--primary w-full']' is displayed.</msg>
<arg>${ApplyFiltersCTA}</arg>
<doc>Verifies that the element identified by ``locator`` is visible.</doc>
<status status="PASS" start="2025-02-11T11:36:18.260320" elapsed="0.006454"/>
</kw>
<status status="PASS" start="2025-02-11T11:36:18.251358" elapsed="0.015487"/>
</kw>
<kw name="Validate Filter Menu Closes On Click" owner="PLP_TC001_Steps">
<kw name="Wait Until Element Is Visible" owner="SeleniumLibrary">
<arg>${FilterClose}</arg>
<doc>Waits until the element ``locator`` is visible.</doc>
<status status="PASS" start="2025-02-11T11:36:18.267177" elapsed="0.009329"/>
</kw>
<kw name="Element Should Be Visible" owner="SeleniumLibrary">
<msg time="2025-02-11T11:36:18.283589" level="INFO">Element '//button[@class='size-6']' is displayed.</msg>
<arg>${FilterClose}</arg>
<doc>Verifies that the element identified by ``locator`` is visible.</doc>
<status status="PASS" start="2025-02-11T11:36:18.276655" elapsed="0.007144"/>
</kw>
<kw name="Click Element" owner="SeleniumLibrary">
<msg time="2025-02-11T11:36:18.284123" level="INFO">Clicking element '//button[@class='size-6']'.</msg>
<arg>${FilterClose}</arg>
<doc>Click the element identified by ``locator``.</doc>
<status status="PASS" start="2025-02-11T11:36:18.283938" elapsed="0.035185"/>
</kw>
<status status="PASS" start="2025-02-11T11:36:18.266962" elapsed="0.052251"/>
</kw>
<kw name="Close Browser" owner="SeleniumLibrary" type="TEARDOWN">
<doc>Closes the current browser.</doc>
<status status="PASS" start="2025-02-11T11:36:18.319371" elapsed="0.388669"/>
</kw>
<status status="PASS" start="2025-02-11T11:35:58.725892" elapsed="19.982746"/>
</test>
<status status="PASS" start="2025-02-11T11:35:58.637677" elapsed="20.072720"/>
</suite>
<status status="PASS" start="2025-02-11T11:35:58.637093" elapsed="20.074219"/>
</suite>
<status status="PASS" start="2025-02-11T11:35:58.630927" elapsed="20.080986"/>
</suite>
<statistics>
<total>
<stat pass="1" fail="0" skip="0">All Tests</stat>
</total>
<tag>
</tag>
<suite>
<stat pass="1" fail="0" skip="0" id="s1" name="Tests">Tests</stat>
<stat pass="1" fail="0" skip="0" id="s1-s1" name="PLP">Tests.PLP</stat>
<stat pass="1" fail="0" skip="0" id="s1-s1-s1" name="PLP TC001 Test">Tests.PLP.PLP TC001 Test</stat>
</suite>
</statistics>
<errors>
</errors>
</robot>
