<?xml version="1.0" encoding="UTF-8"?>
<robot generator="Robot 7.1.1 (Python 3.13.1 on darwin)" generated="2025-02-11T11:36:14.241554" rpa="false" schemaversion="5">
<suite id="s1" name="Tests" source="/Users/angeline.rohan/Desktop/QA Automation_Thinx.robot.py/ThinxAutomation1/Thinx-Automation1/tests">
<suite id="s1-s1" name="PLP" source="/Users/angeline.rohan/Desktop/QA Automation_Thinx.robot.py/ThinxAutomation1/Thinx-Automation1/tests/PLP">
<suite id="s1-s1-s1" name="PLP TC003 Test" source="/Users/angeline.rohan/Desktop/QA Automation_Thinx.robot.py/ThinxAutomation1/Thinx-Automation1/tests/PLP/PLP_TC003_Test.robot">
<test id="s1-s1-s1-t1" name="Open Thinx Collections" line="21">
<kw name="Open Thinx Collections Page Using Chrome Browser" owner="resources" type="SETUP">
<kw name="Open Browser" owner="SeleniumLibrary">
<msg time="2025-02-11T11:36:14.446676" level="INFO">Opening browser 'Chrome' to base url 'https://www.thinx.com/collections/shop-all'.</msg>
<arg>${CollectionsPage}</arg>
<arg>Chrome</arg>
<doc>Opens a new browser instance to the optional ``url``.</doc>
<status status="PASS" start="2025-02-11T11:36:14.446510" elapsed="2.389838"/>
</kw>
<kw name="Maximize Browser Window" owner="SeleniumLibrary">
<doc>Maximizes current browser window.</doc>
<status status="PASS" start="2025-02-11T11:36:16.837033" elapsed="0.368884"/>
</kw>
<status status="PASS" start="2025-02-11T11:36:14.446163" elapsed="2.760032"/>
</kw>
<kw name="Click Accept Cookies Button" owner="CookieSettings_TC001_Pages">
<kw name="Wait Until Element Is Visible" owner="SeleniumLibrary">
<arg>${AcceptCookies}</arg>
<doc>Waits until the element ``locator`` is visible.</doc>
<status status="PASS" start="2025-02-11T11:36:17.206892" elapsed="0.019723"/>
</kw>
<kw name="Click Element" owner="SeleniumLibrary">
<msg time="2025-02-11T11:36:17.227548" level="INFO">Clicking element '//button[@id='onetrust-accept-btn-handler']'.</msg>
<arg>${AcceptCookies}</arg>
<doc>Click the element identified by ``locator``.</doc>
<status status="PASS" start="2025-02-11T11:36:17.227109" elapsed="0.087828"/>
</kw>
<kw name="Sleep" owner="BuiltIn">
<msg time="2025-02-11T11:36:20.316129" level="INFO">Slept 3 seconds.</msg>
<arg>3</arg>
<doc>Pauses the test executed for the given time.</doc>
<status status="PASS" start="2025-02-11T11:36:17.315198" elapsed="3.001062"/>
</kw>
<status status="PASS" start="2025-02-11T11:36:17.206618" elapsed="3.109748"/>
</kw>
<kw name="Sleep" owner="BuiltIn">
<msg time="2025-02-11T11:36:30.317278" level="INFO">Slept 10 seconds.</msg>
<arg>10</arg>
<doc>Pauses the test executed for the given time.</doc>
<status status="PASS" start="2025-02-11T11:36:20.316473" elapsed="10.000904"/>
</kw>
<kw name="Close Email Modal" owner="PLP_TC001_Steps">
<kw name="Wait Until Element Is Visible" owner="SeleniumLibrary">
<arg>${CloseModal}</arg>
<doc>Waits until the element ``locator`` is visible.</doc>
<status status="PASS" start="2025-02-11T11:36:30.317741" elapsed="0.019179"/>
</kw>
<kw name="Element Should Be Visible" owner="SeleniumLibrary">
<msg time="2025-02-11T11:36:30.345385" level="INFO">Element '//button[@class='absolute right-3 top-3 [&amp;&gt;svg]:size-6']' is displayed.</msg>
<arg>${CloseModal}</arg>
<doc>Verifies that the element identified by ``locator`` is visible.</doc>
<status status="PASS" start="2025-02-11T11:36:30.337061" elapsed="0.008525"/>
</kw>
<kw name="Click Element" owner="SeleniumLibrary">
<msg time="2025-02-11T11:36:30.346270" level="INFO">Clicking element '//button[@class='absolute right-3 top-3 [&amp;&gt;svg]:size-6']'.</msg>
<arg>${CloseModal}</arg>
<doc>Click the element identified by ``locator``.</doc>
<status status="PASS" start="2025-02-11T11:36:30.345975" elapsed="0.049290"/>
</kw>
<status status="PASS" start="2025-02-11T11:36:30.317545" elapsed="0.078209"/>
</kw>
<kw name="Sleep" owner="BuiltIn">
<msg time="2025-02-11T11:36:33.398879" level="INFO">Slept 3 seconds.</msg>
<arg>3</arg>
<doc>Pauses the test executed for the given time.</doc>
<status status="PASS" start="2025-02-11T11:36:30.396054" elapsed="3.002942"/>
</kw>
<kw name="Validate Color Filter Displays Correct Absorbencies On Click" owner="PLP_TC003_Steps">
<kw name="Element Should Be Visible" owner="SeleniumLibrary">
<msg time="2025-02-11T11:36:33.408737" level="INFO">Element '//button[@class='body-1-bold flex items-center gap-2']' is displayed.</msg>
<arg>${FilterButton}</arg>
<doc>Verifies that the element identified by ``locator`` is visible.</doc>
<status status="PASS" start="2025-02-11T11:36:33.399413" elapsed="0.009454"/>
</kw>
<kw name="Click Element" owner="SeleniumLibrary">
<msg time="2025-02-11T11:36:33.409310" level="INFO">Clicking element '//button[@class='body-1-bold flex items-center gap-2']'.</msg>
<arg>${FilterButton}</arg>
<doc>Click the element identified by ``locator``.</doc>
<status status="PASS" start="2025-02-11T11:36:33.409037" elapsed="0.040150"/>
</kw>
<kw name="Wait Until Element Is Visible" owner="SeleniumLibrary">
<arg>${ColorFilter}</arg>
<arg>10s</arg>
<doc>Waits until the element ``locator`` is visible.</doc>
<status status="PASS" start="2025-02-11T11:36:33.449325" elapsed="0.022426"/>
</kw>
<kw name="Element Should Be Visible" owner="SeleniumLibrary">
<msg time="2025-02-11T11:36:33.479218" level="INFO">Element '//summary[.='Color']' is displayed.</msg>
<arg>${ColorFilter}</arg>
<doc>Verifies that the element identified by ``locator`` is visible.</doc>
<status status="PASS" start="2025-02-11T11:36:33.472014" elapsed="0.007265"/>
</kw>
<kw name="Click Element" owner="SeleniumLibrary">
<msg time="2025-02-11T11:36:33.479542" level="INFO">Clicking element '//summary[.='Color']'.</msg>
<arg>locator=${ColorFilter}</arg>
<doc>Click the element identified by ``locator``.</doc>
<status status="PASS" start="2025-02-11T11:36:33.479373" elapsed="0.032917"/>
</kw>
<kw name="Wait Until Element Is Visible" owner="SeleniumLibrary">
<arg>${MultiFilter}</arg>
<arg>10s</arg>
<doc>Waits until the element ``locator`` is visible.</doc>
<status status="PASS" start="2025-02-11T11:36:33.512579" elapsed="0.014025"/>
</kw>
<kw name="Wait Until Element Is Visible" owner="SeleniumLibrary">
<arg>${BeigeFilter}</arg>
<arg>10s</arg>
<doc>Waits until the element ``locator`` is visible.</doc>
<status status="PASS" start="2025-02-11T11:36:33.526738" elapsed="0.010448"/>
</kw>
<kw name="Wait Until Element Is Visible" owner="SeleniumLibrary">
<arg>${RedFilter}</arg>
<arg>10s</arg>
<doc>Waits until the element ``locator`` is visible.</doc>
<status status="PASS" start="2025-02-11T11:36:33.537434" elapsed="0.010570"/>
</kw>
<kw name="Wait Until Element Is Visible" owner="SeleniumLibrary">
<arg>${BlueFilter}</arg>
<arg>10s</arg>
<doc>Waits until the element ``locator`` is visible.</doc>
<status status="PASS" start="2025-02-11T11:36:33.548220" elapsed="0.010711"/>
</kw>
<kw name="Wait Until Element Is Visible" owner="SeleniumLibrary">
<arg>${PinkFilter}</arg>
<arg>10s</arg>
<doc>Waits until the element ``locator`` is visible.</doc>
<status status="PASS" start="2025-02-11T11:36:33.559089" elapsed="0.010477"/>
</kw>
<kw name="Wait Until Element Is Visible" owner="SeleniumLibrary">
<arg>${GreyFilter}</arg>
<arg>10s</arg>
<doc>Waits until the element ``locator`` is visible.</doc>
<status status="PASS" start="2025-02-11T11:36:33.569768" elapsed="0.009960"/>
</kw>
<kw name="Wait Until Element Is Visible" owner="SeleniumLibrary">
<arg>${BlackFilter}</arg>
<doc>Waits until the element ``locator`` is visible.</doc>
<status status="PASS" start="2025-02-11T11:36:33.579862" elapsed="0.014119"/>
</kw>
<kw name="Element Should Be Visible" owner="SeleniumLibrary">
<msg time="2025-02-11T11:36:33.606627" level="INFO">Element '//span[.='Multi']' is displayed.</msg>
<arg>${MultiFilter}</arg>
<doc>Verifies that the element identified by ``locator`` is visible.</doc>
<status status="PASS" start="2025-02-11T11:36:33.594108" elapsed="0.012594"/>
</kw>
<kw name="Element Should Be Visible" owner="SeleniumLibrary">
<msg time="2025-02-11T11:36:33.622575" level="INFO">Element '//span[.='Beige']' is displayed.</msg>
<arg>${BeigeFilter}</arg>
<doc>Verifies that the element identified by ``locator`` is visible.</doc>
<status status="PASS" start="2025-02-11T11:36:33.606827" elapsed="0.015816"/>
</kw>
<kw name="Element Should Be Visible" owner="SeleniumLibrary">
<msg time="2025-02-11T11:36:33.635634" level="INFO">Element '//span[.='Red']' is displayed.</msg>
<arg>${RedFilter}</arg>
<doc>Verifies that the element identified by ``locator`` is visible.</doc>
<status status="PASS" start="2025-02-11T11:36:33.622918" elapsed="0.012809"/>
</kw>
<kw name="Element Should Be Visible" owner="SeleniumLibrary">
<msg time="2025-02-11T11:36:33.643915" level="INFO">Element '//span[.='Blue']' is displayed.</msg>
<arg>${BlueFilter}</arg>
<doc>Verifies that the element identified by ``locator`` is visible.</doc>
<status status="PASS" start="2025-02-11T11:36:33.635874" elapsed="0.008113"/>
</kw>
<kw name="Element Should Be Visible" owner="SeleniumLibrary">
<msg time="2025-02-11T11:36:33.650146" level="INFO">Element '//span[.='Pink']' is displayed.</msg>
<arg>${PinkFilter}</arg>
<doc>Verifies that the element identified by ``locator`` is visible.</doc>
<status status="PASS" start="2025-02-11T11:36:33.644122" elapsed="0.006099"/>
</kw>
<kw name="Element Should Be Visible" owner="SeleniumLibrary">
<msg time="2025-02-11T11:36:33.656237" level="INFO">Element '//span[.='Grey']' is displayed.</msg>
<arg>${GreyFilter}</arg>
<doc>Verifies that the element identified by ``locator`` is visible.</doc>
<status status="PASS" start="2025-02-11T11:36:33.650377" elapsed="0.005932"/>
</kw>
<kw name="Element Should Be Visible" owner="SeleniumLibrary">
<msg time="2025-02-11T11:36:33.663897" level="INFO">Element '//span[.='Black']' is displayed.</msg>
<arg>${BlackFilter}</arg>
<doc>Verifies that the element identified by ``locator`` is visible.</doc>
<status status="PASS" start="2025-02-11T11:36:33.656416" elapsed="0.007538"/>
</kw>
<status status="PASS" start="2025-02-11T11:36:33.399219" elapsed="0.264792"/>
</kw>
<kw name="Validate You Can Apply Multi Color Filter" owner="PLP_TC003_Steps">
<kw name="Wait Until Element Is Visible" owner="SeleniumLibrary">
<arg>${MultiButton}</arg>
<doc>Waits until the element ``locator`` is visible.</doc>
<status status="PASS" start="2025-02-11T11:36:33.664263" elapsed="0.011324"/>
</kw>
<kw name="Element Should Be Visible" owner="SeleniumLibrary">
<msg time="2025-02-11T11:36:33.683760" level="INFO">Element '//input[@value='Multi']' is displayed.</msg>
<arg>${MultiButton}</arg>
<doc>Verifies that the element identified by ``locator`` is visible.</doc>
<status status="PASS" start="2025-02-11T11:36:33.675908" elapsed="0.007922"/>
</kw>
<kw name="Capture Element Screenshot" owner="SeleniumLibrary">
<msg time="2025-02-11T11:36:33.764525" level="INFO" html="true">&lt;/td&gt;&lt;/tr&gt;&lt;tr&gt;&lt;td colspan="3"&gt;&lt;a href="selenium-element-screenshot-1.png"&gt;&lt;img src="selenium-element-screenshot-1.png" width="400px"&gt;&lt;/a&gt;</msg>
<arg>${MultiButton}</arg>
<doc>Captures a screenshot from the element identified by ``locator`` and embeds it into log file.</doc>
<status status="PASS" start="2025-02-11T11:36:33.683940" elapsed="0.080656"/>
</kw>
<kw name="Click Element" owner="SeleniumLibrary">
<msg time="2025-02-11T11:36:33.764869" level="INFO">Clicking element '//input[@value='Multi']'.</msg>
<arg>${MultiButton}</arg>
<doc>Click the element identified by ``locator``.</doc>
<status status="PASS" start="2025-02-11T11:36:33.764701" elapsed="0.128515"/>
</kw>
<kw name="Wait Until Element Is Visible" owner="SeleniumLibrary">
<arg>locator=${ApplyFiltersCTA}</arg>
<doc>Waits until the element ``locator`` is visible.</doc>
<status status="PASS" start="2025-02-11T11:36:33.893600" elapsed="0.016090"/>
</kw>
<status status="PASS" start="2025-02-11T11:36:33.664118" elapsed="0.245661"/>
</kw>
<kw name="Validate PLP Results When Multi Color Is Applied" owner="PLP_TC003_Steps">
<kw name="Wait Until Element Is Visible" owner="SeleniumLibrary">
<arg>${FilterClose}</arg>
<doc>Waits until the element ``locator`` is visible.</doc>
<status status="PASS" start="2025-02-11T11:36:33.910062" elapsed="0.010266"/>
</kw>
<kw name="Element Should Be Visible" owner="SeleniumLibrary">
<msg time="2025-02-11T11:36:33.926630" level="INFO">Element '//button[@class='size-6']' is displayed.</msg>
<arg>${FilterClose}</arg>
<doc>Verifies that the element identified by ``locator`` is visible.</doc>
<status status="PASS" start="2025-02-11T11:36:33.920438" elapsed="0.006270"/>
</kw>
<kw name="Click Element" owner="SeleniumLibrary">
<msg time="2025-02-11T11:36:33.926973" level="INFO">Clicking element '//button[@class='size-6']'.</msg>
<arg>${FilterClose}</arg>
<doc>Click the element identified by ``locator``.</doc>
<status status="PASS" start="2025-02-11T11:36:33.926826" elapsed="0.041673"/>
</kw>
<kw name="Wait Until Location Is" owner="SeleniumLibrary">
<arg>${AppliedFilterURL}</arg>
<arg>10s</arg>
<doc>Waits until the current URL is ``expected``.</doc>
<status status="PASS" start="2025-02-11T11:36:33.968618" elapsed="0.620196"/>
</kw>
<kw name="Location Should Be" owner="SeleniumLibrary">
<msg time="2025-02-11T11:36:34.590304" level="INFO">Current location is 'https://www.thinx.com/collections/shop-all?filter.v.option.color=Multi'.</msg>
<arg>${AppliedFilterURL}</arg>
<doc>Verifies that the current URL is exactly ``url``.</doc>
<status status="PASS" start="2025-02-11T11:36:34.588920" elapsed="0.001431"/>
</kw>
<kw name="Capture Page Screenshot" owner="SeleniumLibrary">
<msg time="2025-02-11T11:36:34.815485" level="INFO" html="true">&lt;/td&gt;&lt;/tr&gt;&lt;tr&gt;&lt;td colspan="3"&gt;&lt;a href="selenium-screenshot-1.png"&gt;&lt;img src="selenium-screenshot-1.png" width="800px"&gt;&lt;/a&gt;</msg>
<doc>Takes a screenshot of the current page and embeds it into a log file.</doc>
<status status="PASS" start="2025-02-11T11:36:34.590459" elapsed="0.225129"/>
</kw>
<status status="PASS" start="2025-02-11T11:36:33.909900" elapsed="0.905768"/>
</kw>
<kw name="Validate Product Display When Multi Color Filter Is Applied" owner="PLP_TC003_Steps">
<kw name="Wait Until Element Is Visible" owner="SeleniumLibrary">
<arg>${FirstProduct}</arg>
<doc>Waits until the element ``locator`` is visible.</doc>
<status status="PASS" start="2025-02-11T11:36:34.815944" elapsed="0.008060"/>
</kw>
<kw name="Element Should Be Visible" owner="SeleniumLibrary">
<msg time="2025-02-11T11:36:34.829383" level="INFO">Element '//article[.='9-1011-1213-1415-16TeensAll-Day Bikini$16Lucky StarsBlack']' is displayed.</msg>
<arg>locator=${FirstProduct}</arg>
<doc>Verifies that the element identified by ``locator`` is visible.</doc>
<status status="PASS" start="2025-02-11T11:36:34.824113" elapsed="0.005326"/>
</kw>
<kw name="Wait Until Element Is Visible" owner="SeleniumLibrary">
<arg>${SecondProduct}</arg>
<doc>Waits until the element ``locator`` is visible.</doc>
<status status="PASS" start="2025-02-11T11:36:34.829539" elapsed="0.007532"/>
</kw>
<kw name="Element Should Be Visible" owner="SeleniumLibrary">
<msg time="2025-02-11T11:36:34.843169" level="INFO">Element '//article[.='9-1011-1213-1415-16Teens3-Pair All-Day Bikini Kit$48BlackMulti']' is displayed.</msg>
<arg>locator=${SecondProduct}</arg>
<doc>Verifies that the element identified by ``locator`` is visible.</doc>
<status status="PASS" start="2025-02-11T11:36:34.837184" elapsed="0.006049"/>
</kw>
<kw name="Capture Page Screenshot" owner="SeleniumLibrary">
<msg time="2025-02-11T11:36:35.063876" level="INFO" html="true">&lt;/td&gt;&lt;/tr&gt;&lt;tr&gt;&lt;td colspan="3"&gt;&lt;a href="selenium-screenshot-2.png"&gt;&lt;img src="selenium-screenshot-2.png" width="800px"&gt;&lt;/a&gt;</msg>
<doc>Takes a screenshot of the current page and embeds it into a log file.</doc>
<status status="PASS" start="2025-02-11T11:36:34.843342" elapsed="0.220610"/>
</kw>
<status status="PASS" start="2025-02-11T11:36:34.815787" elapsed="0.248235"/>
</kw>
<kw name="Validate You Can Quick Add Multi Color to Cart &amp; Color Displays" owner="PLP_TC003_Steps">
<kw name="Mouse Over" owner="SeleniumLibrary">
<msg time="2025-02-11T11:36:35.064423" level="INFO">Simulating Mouse Over on element '//article[.='9-1011-1213-1415-16TeensAll-Day Bikini$16Lucky StarsBlack']'.</msg>
<arg>${FirstProduct}</arg>
<doc>Simulates hovering the mouse over the element ``locator``.</doc>
<status status="PASS" start="2025-02-11T11:36:35.064310" elapsed="0.263980"/>
</kw>
<kw name="Wait Until Element Is Visible" owner="SeleniumLibrary">
<arg>locator=${QuickAddMulti}</arg>
<doc>Waits until the element ``locator`` is visible.</doc>
<status status="PASS" start="2025-02-11T11:36:35.328478" elapsed="0.008441"/>
</kw>
<kw name="Click Element" owner="SeleniumLibrary">
<msg time="2025-02-11T11:36:35.337189" level="INFO">Clicking element '//div[@class='mb-8 grid grid-cols-1 gap-7.5 md:grid-cols-2 lg:grid-cols-4']/article[1]//span[.='9-10']'.</msg>
<arg>${QuickAddMulti}</arg>
<doc>Click the element identified by ``locator``.</doc>
<status status="PASS" start="2025-02-11T11:36:35.337038" elapsed="0.067930"/>
</kw>
<kw name="Sleep" owner="BuiltIn">
<msg time="2025-02-11T11:36:40.405593" level="INFO">Slept 5 seconds.</msg>
<arg>5</arg>
<doc>Pauses the test executed for the given time.</doc>
<status status="PASS" start="2025-02-11T11:36:35.405097" elapsed="5.000773"/>
</kw>
<kw name="Wait Until Element Is Visible" owner="SeleniumLibrary">
<msg time="2025-02-11T11:36:45.826540" level="INFO" html="true">&lt;/td&gt;&lt;/tr&gt;&lt;tr&gt;&lt;td colspan="3"&gt;&lt;a href="selenium-screenshot-3.png"&gt;&lt;img src="selenium-screenshot-3.png" width="800px"&gt;&lt;/a&gt;</msg>
<msg time="2025-02-11T11:36:45.826686" level="FAIL">Element '//div[@class='mb-3 flex flex-col gap-y-8 p-8']//div[.='Lucky Stars']' not visible after 5 seconds.</msg>
<arg>${CartColor}</arg>
<doc>Waits until the element ``locator`` is visible.</doc>
<status status="FAIL" start="2025-02-11T11:36:40.406439" elapsed="5.425752">Element '//div[@class='mb-3 flex flex-col gap-y-8 p-8']//div[.='Lucky Stars']' not visible after 5 seconds.</status>
</kw>
<kw name="Element Should Be Visible" owner="SeleniumLibrary">
<arg>${CartColor}</arg>
<doc>Verifies that the element identified by ``locator`` is visible.</doc>
<status status="NOT RUN" start="2025-02-11T11:36:45.832447" elapsed="0.000075"/>
</kw>
<status status="FAIL" start="2025-02-11T11:36:35.064152" elapsed="10.768587">Element '//div[@class='mb-3 flex flex-col gap-y-8 p-8']//div[.='Lucky Stars']' not visible after 5 seconds.</status>
</kw>
<kw name="Close Browser" owner="SeleniumLibrary" type="TEARDOWN">
<doc>Closes the current browser.</doc>
<status status="PASS" start="2025-02-11T11:36:45.833130" elapsed="0.145805"/>
</kw>
<status status="FAIL" start="2025-02-11T11:36:14.445797" elapsed="31.533202">Element '//div[@class='mb-3 flex flex-col gap-y-8 p-8']//div[.='Lucky Stars']' not visible after 5 seconds.</status>
</test>
<status status="FAIL" start="2025-02-11T11:36:14.274691" elapsed="31.704646"/>
</suite>
<status status="FAIL" start="2025-02-11T11:36:14.272817" elapsed="31.706787"/>
</suite>
<status status="FAIL" start="2025-02-11T11:36:14.260708" elapsed="31.719069"/>
</suite>
<statistics>
<total>
<stat pass="0" fail="1" skip="0">All Tests</stat>
</total>
<tag>
</tag>
<suite>
<stat pass="0" fail="1" skip="0" id="s1" name="Tests">Tests</stat>
<stat pass="0" fail="1" skip="0" id="s1-s1" name="PLP">Tests.PLP</stat>
<stat pass="0" fail="1" skip="0" id="s1-s1-s1" name="PLP TC003 Test">Tests.PLP.PLP TC003 Test</stat>
</suite>
</statistics>
<errors>
</errors>
</robot>
