<?xml version="1.0" encoding="UTF-8"?>
<robot generator="Robot 7.1.1 (Python 3.13.1 on darwin)" generated="2025-02-18T13:17:15.030576" rpa="false" schemaversion="5">
<suite id="s1" name="Tests" source="/Users/angeline.rohan/Desktop/QA Automation_Thinx.robot.py/ThinxAutomation1/Thinx-Automation1/tests">
<suite id="s1-s1" name="PDP" source="/Users/angeline.rohan/Desktop/QA Automation_Thinx.robot.py/ThinxAutomation1/Thinx-Automation1/tests/PDP">
<suite id="s1-s1-s1" name="PDP TC001 Test" source="/Users/angeline.rohan/Desktop/QA Automation_Thinx.robot.py/ThinxAutomation1/Thinx-Automation1/tests/PDP/PDP_TC001_Test.robot">
<test id="s1-s1-s1-t1" name="Open Thinx PDP Using Chrome Browser" line="15">
<kw name="Open Thinx PDP Using Chrome Browser" owner="resources" type="SETUP">
<kw name="Open Browser" owner="SeleniumLibrary">
<msg time="2025-02-18T13:17:15.324113" level="INFO">Opening browser 'Chrome' to base url 'https://www.thinx.com/products/period-all-night-ultra-soft-sleep-shorts?variant=40174028750920'.</msg>
<arg>${ThinxPDP}</arg>
<arg>Chrome</arg>
<doc>Opens a new browser instance to the optional ``url``.</doc>
<status status="PASS" start="2025-02-18T13:17:15.323757" elapsed="9.421971"/>
</kw>
<kw name="Maximize Browser Window" owner="SeleniumLibrary">
<doc>Maximizes current browser window.</doc>
<status status="PASS" start="2025-02-18T13:17:24.746671" elapsed="0.556617"/>
</kw>
<kw name="Sleep" owner="BuiltIn">
<msg time="2025-02-18T13:17:30.315611" level="INFO">Slept 5 seconds.</msg>
<arg>5</arg>
<doc>Pauses the test executed for the given time.</doc>
<status status="PASS" start="2025-02-18T13:17:25.303607" elapsed="5.014377"/>
</kw>
<status status="PASS" start="2025-02-18T13:17:15.322792" elapsed="14.996443"/>
</kw>
<kw name="Check Top of PDP Is Visible" owner="PDP_TC001_Steps">
<kw name="Wait Until Element Is Visible" owner="SeleniumLibrary">
<arg>${Breadcrumbs}</arg>
<doc>Waits until the element ``locator`` is visible.</doc>
<status status="PASS" start="2025-02-18T13:17:30.321965" elapsed="0.032117"/>
</kw>
<kw name="Element Should Be Visible" owner="SeleniumLibrary">
<msg time="2025-02-18T13:17:30.371342" level="INFO">Element '//ol[@class='flex flex-wrap']' is displayed.</msg>
<arg>${Breadcrumbs}</arg>
<doc>Verifies that the element identified by ``locator`` is visible.</doc>
<status status="PASS" start="2025-02-18T13:17:30.354261" elapsed="0.017204"/>
</kw>
<kw name="Element Should Be Visible" owner="SeleniumLibrary">
<msg time="2025-02-18T13:17:30.388401" level="INFO">Element '//div[@class='relative flex justify-between ']' is displayed.</msg>
<arg>${BrandEyebrow}</arg>
<doc>Verifies that the element identified by ``locator`` is visible.</doc>
<status status="PASS" start="2025-02-18T13:17:30.371680" elapsed="0.016789"/>
</kw>
<kw name="Wait Until Element Is Visible" owner="SeleniumLibrary">
<arg>${PDPH1}</arg>
<doc>Waits until the element ``locator`` is visible.</doc>
<status status="PASS" start="2025-02-18T13:17:30.388742" elapsed="0.016677"/>
</kw>
<kw name="Element Text Should Be" owner="SeleniumLibrary">
<msg time="2025-02-18T13:17:30.406047" level="INFO">Verifying element '//h1[@class='h4 flex-1']' contains exact text 'Ultra Soft Sleep Shorts'.</msg>
<arg>${PDPH1}</arg>
<arg>${Expected_Text2}</arg>
<doc>Verifies that element ``locator`` contains exact the text ``expected``.</doc>
<status status="PASS" start="2025-02-18T13:17:30.405670" elapsed="0.021056"/>
</kw>
<kw name="Wait Until Element Is Visible" owner="SeleniumLibrary">
<arg>${PDPPrice}</arg>
<doc>Waits until the element ``locator`` is visible.</doc>
<status status="PASS" start="2025-02-18T13:17:30.426969" elapsed="0.017903"/>
</kw>
<kw name="Element Should Be Visible" owner="SeleniumLibrary">
<msg time="2025-02-18T13:17:30.461919" level="INFO">Element '//div[@class='h5 flex flex-none gap-1']/span[.='$55']' is displayed.</msg>
<arg>${PDPPrice}</arg>
<doc>Verifies that the element identified by ``locator`` is visible.</doc>
<status status="PASS" start="2025-02-18T13:17:30.445106" elapsed="0.017203"/>
</kw>
<kw name="Sleep" owner="BuiltIn">
<msg time="2025-02-18T13:17:35.463320" level="INFO">Slept 5 seconds.</msg>
<arg>5</arg>
<doc>Pauses the test executed for the given time.</doc>
<status status="PASS" start="2025-02-18T13:17:30.462765" elapsed="5.000848"/>
</kw>
<status status="PASS" start="2025-02-18T13:17:30.320466" elapsed="5.143427"/>
</kw>
<kw name="Sleep" owner="BuiltIn">
<msg time="2025-02-18T13:17:40.465278" level="INFO">Slept 5 seconds.</msg>
<arg>5</arg>
<doc>Pauses the test executed for the given time.</doc>
<status status="PASS" start="2025-02-18T13:17:35.464236" elapsed="5.002042"/>
</kw>
<kw name="Validate PDP Details Are Visible" owner="PDP_TC001_Steps">
<kw name="Sleep" owner="BuiltIn">
<msg time="2025-02-18T13:17:45.472925" level="INFO">Slept 5 seconds.</msg>
<arg>5</arg>
<doc>Pauses the test executed for the given time.</doc>
<status status="PASS" start="2025-02-18T13:17:40.470165" elapsed="5.003036"/>
</kw>
<kw name="Wait Until Page Contains Element" owner="SeleniumLibrary">
<arg>${ReviewsJumplinks}</arg>
<doc>Waits until the element ``locator`` appears on the current page.</doc>
<status status="PASS" start="2025-02-18T13:17:45.473815" elapsed="0.017341"/>
</kw>
<kw name="Element Should Be Visible" owner="SeleniumLibrary">
<msg time="2025-02-18T13:17:45.502947" level="INFO">Element '//div[@class='yotpo-sr-bottom-line-summary']' is displayed.</msg>
<arg>${ReviewsJumplinks}</arg>
<doc>Verifies that the element identified by ``locator`` is visible.</doc>
<status status="PASS" start="2025-02-18T13:17:45.491470" elapsed="0.011607"/>
</kw>
<kw name="Wait Until Page Contains Element" owner="SeleniumLibrary">
<arg>${ColorSwatch}</arg>
<doc>Waits until the element ``locator`` appears on the current page.</doc>
<status status="PASS" start="2025-02-18T13:17:45.503313" elapsed="0.011659"/>
</kw>
<kw name="Wait Until Page Contains Element" owner="SeleniumLibrary">
<arg>${ColorSwatch}</arg>
<doc>Waits until the element ``locator`` appears on the current page.</doc>
<status status="PASS" start="2025-02-18T13:17:45.515273" elapsed="0.005497"/>
</kw>
<kw name="Capture Element Screenshot" owner="SeleniumLibrary">
<msg time="2025-02-18T13:17:45.695286" level="INFO" html="true">&lt;/td&gt;&lt;/tr&gt;&lt;tr&gt;&lt;td colspan="3"&gt;&lt;a href="../../results/selenium-element-screenshot-22.png"&gt;&lt;img src="../../results/selenium-element-screenshot-22.png" width="400px"&gt;&lt;/a&gt;</msg>
<arg>${ColorSwatch}</arg>
<doc>Captures a screenshot from the element identified by ``locator`` and embeds it into log file.</doc>
<status status="PASS" start="2025-02-18T13:17:45.521009" elapsed="0.174532"/>
</kw>
<status status="PASS" start="2025-02-18T13:17:40.468581" elapsed="5.227136"/>
</kw>
<kw name="Validate Remaining Layout of PDP" owner="PDP_TC001_Steps">
<kw name="Execute Javascript" owner="SeleniumLibrary">
<msg time="2025-02-18T13:17:45.698049" level="INFO">Executing JavaScript:
window.scrollTo(0,2000)
Without any arguments.</msg>
<arg>window.scrollTo(0,2000)</arg>
<doc>Executes the given JavaScript code with possible arguments.</doc>
<status status="PASS" start="2025-02-18T13:17:45.697432" elapsed="0.048143"/>
</kw>
<kw name="Sleep" owner="BuiltIn">
<msg time="2025-02-18T13:17:50.746755" level="INFO">Slept 5 seconds.</msg>
<arg>5</arg>
<doc>Pauses the test executed for the given time.</doc>
<status status="PASS" start="2025-02-18T13:17:45.745739" elapsed="5.002009"/>
</kw>
<kw name="Wait Until Page Contains Element" owner="SeleniumLibrary">
<arg>${ProductRecommendations}</arg>
<doc>Waits until the element ``locator`` appears on the current page.</doc>
<status status="PASS" start="2025-02-18T13:17:50.749029" elapsed="0.010099"/>
</kw>
<kw name="Element Should Be Visible" owner="SeleniumLibrary">
<msg time="2025-02-18T13:17:50.769265" level="INFO">Element '//div[@id='product-recommendations']' is displayed.</msg>
<arg>${ProductRecommendations}</arg>
<doc>Verifies that the element identified by ``locator`` is visible.</doc>
<status status="PASS" start="2025-02-18T13:17:50.759418" elapsed="0.009931"/>
</kw>
<kw name="Wait Until Page Contains Element" owner="SeleniumLibrary">
<arg>${FAQsSection}</arg>
<doc>Waits until the element ``locator`` appears on the current page.</doc>
<status status="PASS" start="2025-02-18T13:17:50.769610" elapsed="0.010492"/>
</kw>
<kw name="Element Should Be Visible" owner="SeleniumLibrary">
<msg time="2025-02-18T13:17:50.790837" level="INFO">Element '//section[@class='flex flex-col md:flex-row p-3 pb-10 md:px-8 md:py-10 gap-x-7 gap-y-2 color-scheme-6']' is displayed.</msg>
<arg>${FAQsSection}</arg>
<doc>Verifies that the element identified by ``locator`` is visible.</doc>
<status status="PASS" start="2025-02-18T13:17:50.780593" elapsed="0.010363"/>
</kw>
<kw name="Execute Javascript" owner="SeleniumLibrary">
<msg time="2025-02-18T13:17:50.791562" level="INFO">Executing JavaScript:
window.scrollTo(0,2500)
Without any arguments.</msg>
<arg>window.scrollTo(0,2500)</arg>
<doc>Executes the given JavaScript code with possible arguments.</doc>
<status status="PASS" start="2025-02-18T13:17:50.791209" elapsed="0.004347"/>
</kw>
<kw name="Sleep" owner="BuiltIn">
<msg time="2025-02-18T13:17:53.796892" level="INFO">Slept 3 seconds.</msg>
<arg>3</arg>
<doc>Pauses the test executed for the given time.</doc>
<status status="PASS" start="2025-02-18T13:17:50.795691" elapsed="3.001444"/>
</kw>
<kw name="Wait Until Page Contains Element" owner="SeleniumLibrary">
<arg>${FinalReviewsSection}</arg>
<doc>Waits until the element ``locator`` appears on the current page.</doc>
<status status="PASS" start="2025-02-18T13:17:53.797451" elapsed="0.013199"/>
</kw>
<kw name="Element Should Be Visible" owner="SeleniumLibrary">
<msg time="2025-02-18T13:17:53.824624" level="INFO">Element '//div[@class='yotpo-main-widget-layout yotpo-align-text']' is displayed.</msg>
<arg>${FinalReviewsSection}</arg>
<doc>Verifies that the element identified by ``locator`` is visible.</doc>
<status status="PASS" start="2025-02-18T13:17:53.810812" elapsed="0.013949"/>
</kw>
<kw name="Capture Element Screenshot" owner="SeleniumLibrary">
<msg time="2025-02-18T13:17:54.317105" level="INFO" html="true">&lt;/td&gt;&lt;/tr&gt;&lt;tr&gt;&lt;td colspan="3"&gt;&lt;a href="../../results/selenium-element-screenshot-24.png"&gt;&lt;img src="../../results/selenium-element-screenshot-24.png" width="400px"&gt;&lt;/a&gt;</msg>
<arg>${FinalReviewsSection}</arg>
<doc>Captures a screenshot from the element identified by ``locator`` and embeds it into log file.</doc>
<status status="PASS" start="2025-02-18T13:17:53.825014" elapsed="0.492263"/>
</kw>
<status status="PASS" start="2025-02-18T13:17:45.696785" elapsed="8.620665"/>
</kw>
<kw name="Close Browser" owner="SeleniumLibrary" type="TEARDOWN">
<doc>Closes the current browser.</doc>
<status status="PASS" start="2025-02-18T13:17:54.317928" elapsed="1.191990"/>
</kw>
<status status="PASS" start="2025-02-18T13:17:15.321697" elapsed="40.188465"/>
</test>
<status status="PASS" start="2025-02-18T13:17:15.068452" elapsed="40.442667"/>
</suite>
<status status="PASS" start="2025-02-18T13:17:15.067721" elapsed="40.444416"/>
</suite>
<status status="PASS" start="2025-02-18T13:17:15.055507" elapsed="40.456974"/>
</suite>
<statistics>
<total>
<stat pass="1" fail="0" skip="0">All Tests</stat>
</total>
<tag>
</tag>
<suite>
<stat pass="1" fail="0" skip="0" id="s1" name="Tests">Tests</stat>
<stat pass="1" fail="0" skip="0" id="s1-s1" name="PDP">Tests.PDP</stat>
<stat pass="1" fail="0" skip="0" id="s1-s1-s1" name="PDP TC001 Test">Tests.PDP.PDP TC001 Test</stat>
</suite>
</statistics>
<errors>
</errors>
</robot>
