<?xml version="1.0" encoding="UTF-8"?>
<robot generator="Robot 7.1.1 (Python 3.13.1 on darwin)" generated="2025-02-18T16:01:08.526006" rpa="false" schemaversion="5">
<suite id="s1" name="Tests" source="/Users/angeline.rohan/Desktop/QA Automation_Thinx.robot.py/ThinxAutomation1/Thinx-Automation1/tests">
<suite id="s1-s1" name="PDP" source="/Users/angeline.rohan/Desktop/QA Automation_Thinx.robot.py/ThinxAutomation1/Thinx-Automation1/tests/PDP">
<suite id="s1-s1-s1" name="PDP TC001 Test" source="/Users/angeline.rohan/Desktop/QA Automation_Thinx.robot.py/ThinxAutomation1/Thinx-Automation1/tests/PDP/PDP_TC001_Test.robot">
<test id="s1-s1-s1-t1" name="Open Thinx PDP Using Chrome Browser" line="15">
<kw name="Open Thinx PDP Using Chrome Browser" owner="resources" type="SETUP">
<kw name="Open Browser" owner="SeleniumLibrary">
<msg time="2025-02-18T16:01:09.215005" level="INFO">Opening browser 'Chrome' to base url 'https://www.thinx.com/products/period-all-night-ultra-soft-sleep-shorts?variant=40174028750920'.</msg>
<arg>${ThinxPDP}</arg>
<arg>Chrome</arg>
<doc>Opens a new browser instance to the optional ``url``.</doc>
<status status="PASS" start="2025-02-18T16:01:09.214627" elapsed="4.099084"/>
</kw>
<kw name="Maximize Browser Window" owner="SeleniumLibrary">
<doc>Maximizes current browser window.</doc>
<status status="PASS" start="2025-02-18T16:01:13.318236" elapsed="3.903600"/>
</kw>
<kw name="Sleep" owner="BuiltIn">
<msg time="2025-02-18T16:01:22.223070" level="INFO">Slept 5 seconds.</msg>
<arg>5</arg>
<doc>Pauses the test executed for the given time.</doc>
<status status="PASS" start="2025-02-18T16:01:17.222279" elapsed="5.000981"/>
</kw>
<status status="PASS" start="2025-02-18T16:01:09.214210" elapsed="13.009273"/>
</kw>
<kw name="Check Top of PDP Is Visible" owner="PDP_TC001_Steps">
<kw name="Wait Until Element Is Visible" owner="SeleniumLibrary">
<arg>${Breadcrumbs}</arg>
<doc>Waits until the element ``locator`` is visible.</doc>
<status status="PASS" start="2025-02-18T16:01:22.224330" elapsed="0.032453"/>
</kw>
<kw name="Element Should Be Visible" owner="SeleniumLibrary">
<msg time="2025-02-18T16:01:22.268732" level="INFO">Element '//ol[@class='flex flex-wrap']' is displayed.</msg>
<arg>${Breadcrumbs}</arg>
<doc>Verifies that the element identified by ``locator`` is visible.</doc>
<status status="PASS" start="2025-02-18T16:01:22.257015" elapsed="0.011865"/>
</kw>
<kw name="Element Should Be Visible" owner="SeleniumLibrary">
<msg time="2025-02-18T16:01:22.282205" level="INFO">Element '//div[@class='relative flex justify-between ']' is displayed.</msg>
<arg>${BrandEyebrow}</arg>
<doc>Verifies that the element identified by ``locator`` is visible.</doc>
<status status="PASS" start="2025-02-18T16:01:22.269326" elapsed="0.012954"/>
</kw>
<kw name="Wait Until Element Is Visible" owner="SeleniumLibrary">
<arg>${PDPH1}</arg>
<doc>Waits until the element ``locator`` is visible.</doc>
<status status="PASS" start="2025-02-18T16:01:22.282485" elapsed="0.014081"/>
</kw>
<kw name="Element Text Should Be" owner="SeleniumLibrary">
<msg time="2025-02-18T16:01:22.297177" level="INFO">Verifying element '//h1[@class='h4 flex-1']' contains exact text 'Ultra Soft Sleep Shorts'.</msg>
<arg>${PDPH1}</arg>
<arg>${Expected_Text2}</arg>
<doc>Verifies that element ``locator`` contains exact the text ``expected``.</doc>
<status status="PASS" start="2025-02-18T16:01:22.296812" elapsed="0.017172"/>
</kw>
<kw name="Wait Until Element Is Visible" owner="SeleniumLibrary">
<arg>${PDPPrice}</arg>
<doc>Waits until the element ``locator`` is visible.</doc>
<status status="PASS" start="2025-02-18T16:01:22.314289" elapsed="0.016741"/>
</kw>
<kw name="Element Should Be Visible" owner="SeleniumLibrary">
<msg time="2025-02-18T16:01:22.345998" level="INFO">Element '//div[@class='h5 flex flex-none gap-1']/span[.='$55']' is displayed.</msg>
<arg>${PDPPrice}</arg>
<doc>Verifies that the element identified by ``locator`` is visible.</doc>
<status status="PASS" start="2025-02-18T16:01:22.331194" elapsed="0.014891"/>
</kw>
<kw name="Sleep" owner="BuiltIn">
<msg time="2025-02-18T16:01:27.347787" level="INFO">Slept 5 seconds.</msg>
<arg>5</arg>
<doc>Pauses the test executed for the given time.</doc>
<status status="PASS" start="2025-02-18T16:01:22.346385" elapsed="5.001945"/>
</kw>
<status status="PASS" start="2025-02-18T16:01:22.223960" elapsed="5.124788"/>
</kw>
<kw name="Sleep" owner="BuiltIn">
<msg time="2025-02-18T16:01:32.351971" level="INFO">Slept 5 seconds.</msg>
<arg>5</arg>
<doc>Pauses the test executed for the given time.</doc>
<status status="PASS" start="2025-02-18T16:01:27.349146" elapsed="5.004123"/>
</kw>
<kw name="Validate PDP Details Are Visible" owner="PDP_TC001_Steps">
<kw name="Sleep" owner="BuiltIn">
<msg time="2025-02-18T16:01:37.356370" level="INFO">Slept 5 seconds.</msg>
<arg>5</arg>
<doc>Pauses the test executed for the given time.</doc>
<status status="PASS" start="2025-02-18T16:01:32.355699" elapsed="5.001122"/>
</kw>
<kw name="Wait Until Page Contains Element" owner="SeleniumLibrary">
<arg>${ReviewsJumplinks}</arg>
<doc>Waits until the element ``locator`` appears on the current page.</doc>
<status status="PASS" start="2025-02-18T16:01:37.357512" elapsed="0.020992"/>
</kw>
<kw name="Element Should Be Visible" owner="SeleniumLibrary">
<msg time="2025-02-18T16:01:37.390186" level="INFO">Element '//div[@class='yotpo-sr-bottom-line-summary']' is displayed.</msg>
<arg>${ReviewsJumplinks}</arg>
<doc>Verifies that the element identified by ``locator`` is visible.</doc>
<status status="PASS" start="2025-02-18T16:01:37.378838" elapsed="0.011440"/>
</kw>
<kw name="Wait Until Page Contains Element" owner="SeleniumLibrary">
<arg>${ColorSwatch}</arg>
<doc>Waits until the element ``locator`` appears on the current page.</doc>
<status status="PASS" start="2025-02-18T16:01:37.390404" elapsed="0.010767"/>
</kw>
<kw name="Wait Until Page Contains Element" owner="SeleniumLibrary">
<arg>${ColorSwatch}</arg>
<doc>Waits until the element ``locator`` appears on the current page.</doc>
<status status="PASS" start="2025-02-18T16:01:37.401311" elapsed="0.006572"/>
</kw>
<kw name="Capture Element Screenshot" owner="SeleniumLibrary">
<msg time="2025-02-18T16:01:37.645765" level="INFO" html="true">&lt;/td&gt;&lt;/tr&gt;&lt;tr&gt;&lt;td colspan="3"&gt;&lt;a href="../../results/selenium-element-screenshot-79.png"&gt;&lt;img src="../../results/selenium-element-screenshot-79.png" width="400px"&gt;&lt;/a&gt;</msg>
<arg>${ColorSwatch}</arg>
<doc>Captures a screenshot from the element identified by ``locator`` and embeds it into log file.</doc>
<status status="PASS" start="2025-02-18T16:01:37.407996" elapsed="0.237992"/>
</kw>
<status status="PASS" start="2025-02-18T16:01:32.354809" elapsed="5.291392"/>
</kw>
<kw name="Validate Remaining Layout of PDP" owner="PDP_TC001_Steps">
<kw name="Execute Javascript" owner="SeleniumLibrary">
<msg time="2025-02-18T16:01:37.647412" level="INFO">Executing JavaScript:
window.scrollTo(0,2000)
Without any arguments.</msg>
<arg>window.scrollTo(0,2000)</arg>
<doc>Executes the given JavaScript code with possible arguments.</doc>
<status status="PASS" start="2025-02-18T16:01:37.646647" elapsed="0.004179"/>
</kw>
<kw name="Sleep" owner="BuiltIn">
<msg time="2025-02-18T16:01:42.652125" level="INFO">Slept 5 seconds.</msg>
<arg>5</arg>
<doc>Pauses the test executed for the given time.</doc>
<status status="PASS" start="2025-02-18T16:01:37.651212" elapsed="5.001099"/>
</kw>
<kw name="Wait Until Page Contains Element" owner="SeleniumLibrary">
<arg>${ProductRecommendations}</arg>
<doc>Waits until the element ``locator`` appears on the current page.</doc>
<status status="PASS" start="2025-02-18T16:01:42.652512" elapsed="0.007557"/>
</kw>
<kw name="Element Should Be Visible" owner="SeleniumLibrary">
<msg time="2025-02-18T16:01:42.668804" level="INFO">Element '//div[@id='product-recommendations']' is displayed.</msg>
<arg>${ProductRecommendations}</arg>
<doc>Verifies that the element identified by ``locator`` is visible.</doc>
<status status="PASS" start="2025-02-18T16:01:42.660253" elapsed="0.008631"/>
</kw>
<kw name="Wait Until Page Contains Element" owner="SeleniumLibrary">
<arg>${FAQsSection}</arg>
<doc>Waits until the element ``locator`` appears on the current page.</doc>
<status status="PASS" start="2025-02-18T16:01:42.669057" elapsed="0.007899"/>
</kw>
<kw name="Element Should Be Visible" owner="SeleniumLibrary">
<msg time="2025-02-18T16:01:42.685043" level="INFO">Element '//section[@class='flex flex-col md:flex-row p-3 pb-10 md:px-8 md:py-10 gap-x-7 gap-y-2 color-scheme-6']' is displayed.</msg>
<arg>${FAQsSection}</arg>
<doc>Verifies that the element identified by ``locator`` is visible.</doc>
<status status="PASS" start="2025-02-18T16:01:42.677266" elapsed="0.007844"/>
</kw>
<kw name="Execute Javascript" owner="SeleniumLibrary">
<msg time="2025-02-18T16:01:42.685510" level="INFO">Executing JavaScript:
window.scrollTo(0,2500)
Without any arguments.</msg>
<arg>window.scrollTo(0,2500)</arg>
<doc>Executes the given JavaScript code with possible arguments.</doc>
<status status="PASS" start="2025-02-18T16:01:42.685236" elapsed="0.002953"/>
</kw>
<kw name="Sleep" owner="BuiltIn">
<msg time="2025-02-18T16:01:45.688721" level="INFO">Slept 3 seconds.</msg>
<arg>3</arg>
<doc>Pauses the test executed for the given time.</doc>
<status status="PASS" start="2025-02-18T16:01:42.688314" elapsed="3.000565"/>
</kw>
<kw name="Wait Until Page Contains Element" owner="SeleniumLibrary">
<arg>${FinalReviewsSection}</arg>
<doc>Waits until the element ``locator`` appears on the current page.</doc>
<status status="PASS" start="2025-02-18T16:01:45.689073" elapsed="0.011066"/>
</kw>
<kw name="Element Should Be Visible" owner="SeleniumLibrary">
<msg time="2025-02-18T16:01:45.710599" level="INFO">Element '//div[@class='yotpo-main-widget-layout yotpo-align-text']' is displayed.</msg>
<arg>${FinalReviewsSection}</arg>
<doc>Verifies that the element identified by ``locator`` is visible.</doc>
<status status="PASS" start="2025-02-18T16:01:45.700412" elapsed="0.010260"/>
</kw>
<kw name="Capture Element Screenshot" owner="SeleniumLibrary">
<msg time="2025-02-18T16:01:46.097820" level="INFO" html="true">&lt;/td&gt;&lt;/tr&gt;&lt;tr&gt;&lt;td colspan="3"&gt;&lt;a href="../../results/selenium-element-screenshot-81.png"&gt;&lt;img src="../../results/selenium-element-screenshot-81.png" width="400px"&gt;&lt;/a&gt;</msg>
<arg>${FinalReviewsSection}</arg>
<doc>Captures a screenshot from the element identified by ``locator`` and embeds it into log file.</doc>
<status status="PASS" start="2025-02-18T16:01:45.710938" elapsed="0.386984"/>
</kw>
<status status="PASS" start="2025-02-18T16:01:37.646405" elapsed="8.451742"/>
</kw>
<kw name="Close Browser" owner="SeleniumLibrary" type="TEARDOWN">
<doc>Closes the current browser.</doc>
<status status="PASS" start="2025-02-18T16:01:46.098536" elapsed="0.554497"/>
</kw>
<status status="PASS" start="2025-02-18T16:01:09.213818" elapsed="37.439332"/>
</test>
<status status="PASS" start="2025-02-18T16:01:08.558675" elapsed="38.095028"/>
</suite>
<status status="PASS" start="2025-02-18T16:01:08.557792" elapsed="38.096266"/>
</suite>
<status status="PASS" start="2025-02-18T16:01:08.544837" elapsed="38.109617"/>
</suite>
<statistics>
<total>
<stat pass="1" fail="0" skip="0">All Tests</stat>
</total>
<tag>
</tag>
<suite>
<stat pass="1" fail="0" skip="0" id="s1" name="Tests">Tests</stat>
<stat pass="1" fail="0" skip="0" id="s1-s1" name="PDP">Tests.PDP</stat>
<stat pass="1" fail="0" skip="0" id="s1-s1-s1" name="PDP TC001 Test">Tests.PDP.PDP TC001 Test</stat>
</suite>
</statistics>
<errors>
</errors>
</robot>
