<?xml version="1.0" encoding="UTF-8"?>
<robot generator="Robot 7.1.1 (Python 3.13.1 on darwin)" generated="2025-02-25T10:29:04.069652" rpa="false" schemaversion="5">
<suite id="s1" name="Tests" source="/Users/angeline.rohan/Desktop/QA Automation_Thinx.robot.py/ThinxAutomation1/Thinx-Automation1/tests">
<suite id="s1-s1" name="Meganav" source="/Users/angeline.rohan/Desktop/QA Automation_Thinx.robot.py/ThinxAutomation1/Thinx-Automation1/tests/Meganav">
<suite id="s1-s1-s1" name="Meganav TC002 Tests" source="/Users/angeline.rohan/Desktop/QA Automation_Thinx.robot.py/ThinxAutomation1/Thinx-Automation1/tests/Meganav/Meganav_TC002_Tests.robot">
<test id="s1-s1-s1-t1" name="Open Thinx Homepage Using Chrome Browser" line="14">
<kw name="Open Thinx Homepage Using Chrome Browser" owner="resources" type="SETUP">
<kw name="Open Browser" owner="SeleniumLibrary">
<msg time="2025-02-25T10:29:04.270205" level="INFO">Opening browser 'Chrome' to base url 'https://www.thinx.com/'.</msg>
<arg>${ThinxHomepage}</arg>
<arg>Chrome</arg>
<doc>Opens a new browser instance to the optional ``url``.</doc>
<status status="PASS" start="2025-02-25T10:29:04.269752" elapsed="16.986349"/>
</kw>
<kw name="Maximize Browser Window" owner="SeleniumLibrary">
<doc>Maximizes current browser window.</doc>
<status status="PASS" start="2025-02-25T10:29:21.257779" elapsed="0.398608"/>
</kw>
<status status="PASS" start="2025-02-25T10:29:04.267661" elapsed="17.389080"/>
</kw>
<kw name="Validate Meganav Displays" owner="Meganav_TC002_Steps">
<kw name="Wait Until Element Is Visible" owner="SeleniumLibrary">
<arg>${PeriodNav}</arg>
<arg>10s</arg>
<doc>Waits until the element ``locator`` is visible.</doc>
<status status="PASS" start="2025-02-25T10:29:21.658375" elapsed="0.029779"/>
</kw>
<kw name="Mouse Over" owner="SeleniumLibrary">
<msg time="2025-02-25T10:29:21.689104" level="INFO">Simulating Mouse Over on element '//span[.='period']'.</msg>
<arg>${PeriodNav}</arg>
<doc>Simulates hovering the mouse over the element ``locator``.</doc>
<status status="PASS" start="2025-02-25T10:29:21.688634" elapsed="0.274073"/>
</kw>
<kw name="Wait Until Element Is Visible" owner="SeleniumLibrary">
<arg>${PeriodSubMenu}</arg>
<arg>10s</arg>
<doc>Waits until the element ``locator`` is visible.</doc>
<status status="PASS" start="2025-02-25T10:29:21.962936" elapsed="0.017594"/>
</kw>
<status status="PASS" start="2025-02-25T10:29:21.657213" elapsed="0.323498"/>
</kw>
<kw name="Validate Shop All Nav Directs to Right Page" owner="Meganav_TC002_Steps">
<kw name="Click Element" owner="SeleniumLibrary">
<msg time="2025-02-25T10:29:21.982180" level="INFO">Clicking element '//span[.='shop all']'.</msg>
<arg>${ShopAllNav}</arg>
<doc>Click the element identified by ``locator``.</doc>
<status status="PASS" start="2025-02-25T10:29:21.981760" elapsed="0.061470"/>
</kw>
<kw name="Wait Until Element Is Visible" owner="SeleniumLibrary">
<arg>${H1}</arg>
<doc>Waits until the element ``locator`` is visible.</doc>
<status status="PASS" start="2025-02-25T10:29:22.047142" elapsed="3.776687"/>
</kw>
<kw name="Get Text" owner="SeleniumLibrary">
<msg time="2025-02-25T10:29:25.853923" level="INFO">${h1_text} = shop all</msg>
<var>${h1_text}</var>
<arg>${H1}</arg>
<doc>Returns the text value of the element identified by ``locator``.</doc>
<status status="PASS" start="2025-02-25T10:29:25.824159" elapsed="0.029965"/>
</kw>
<kw name="Should Contain" owner="BuiltIn">
<arg>${h1_text}</arg>
<arg>shop all</arg>
<doc>Fails if ``container`` does not contain ``item`` one or more times.</doc>
<status status="PASS" start="2025-02-25T10:29:25.854380" elapsed="0.000287"/>
</kw>
<kw name="Wait Until Location Is" owner="SeleniumLibrary">
<arg>${ShopAllURL}</arg>
<arg>10s</arg>
<doc>Waits until the current URL is ``expected``.</doc>
<status status="PASS" start="2025-02-25T10:29:25.854742" elapsed="0.014209"/>
</kw>
<kw name="Location Should Be" owner="SeleniumLibrary">
<msg time="2025-02-25T10:29:25.874090" level="INFO">Current location is 'https://www.thinx.com/collections/shop-all'.</msg>
<arg>${ShopAllURL}</arg>
<doc>Verifies that the current URL is exactly ``url``.</doc>
<status status="PASS" start="2025-02-25T10:29:25.870494" elapsed="0.003740"/>
</kw>
<status status="PASS" start="2025-02-25T10:29:21.981137" elapsed="3.893247"/>
</kw>
<kw name="Validate Period Nav Directs to Right Page" owner="Meganav_TC002_Steps">
<kw name="Click Element" owner="SeleniumLibrary">
<msg time="2025-02-25T10:29:25.875444" level="INFO">Clicking element '//span[.='period']'.</msg>
<arg>${PeriodNav}</arg>
<doc>Click the element identified by ``locator``.</doc>
<status status="PASS" start="2025-02-25T10:29:25.875142" elapsed="0.083920"/>
</kw>
<kw name="Wait Until Location Is" owner="SeleniumLibrary">
<arg>${PeriodURL}</arg>
<arg>10s</arg>
<doc>Waits until the current URL is ``expected``.</doc>
<status status="PASS" start="2025-02-25T10:29:25.959403" elapsed="2.733711"/>
</kw>
<kw name="Location Should Be" owner="SeleniumLibrary">
<msg time="2025-02-25T10:29:28.709257" level="INFO">Current location is 'https://www.thinx.com/collections/period-shop-all'.</msg>
<arg>${PeriodURL}</arg>
<doc>Verifies that the current URL is exactly ``url``.</doc>
<status status="PASS" start="2025-02-25T10:29:28.693388" elapsed="0.016005"/>
</kw>
<kw name="Wait Until Element Is Visible" owner="SeleniumLibrary">
<arg>${H1}</arg>
<doc>Waits until the element ``locator`` is visible.</doc>
<status status="PASS" start="2025-02-25T10:29:28.709668" elapsed="0.016641"/>
</kw>
<kw name="Get Text" owner="SeleniumLibrary">
<msg time="2025-02-25T10:29:28.737884" level="INFO">${h1_text} = shop period</msg>
<var>${h1_text}</var>
<arg>${H1}</arg>
<doc>Returns the text value of the element identified by ``locator``.</doc>
<status status="PASS" start="2025-02-25T10:29:28.726599" elapsed="0.011338"/>
</kw>
<kw name="Should Contain" owner="BuiltIn">
<arg>${h1_text}</arg>
<arg>shop period</arg>
<doc>Fails if ``container`` does not contain ``item`` one or more times.</doc>
<status status="PASS" start="2025-02-25T10:29:28.738140" elapsed="0.000320"/>
</kw>
<status status="PASS" start="2025-02-25T10:29:25.874668" elapsed="2.863920"/>
</kw>
<kw name="Validate Bladder Nav Directs to Right Page" owner="Meganav_TC002_Steps">
<kw name="Click Element" owner="SeleniumLibrary">
<msg time="2025-02-25T10:29:28.739113" level="INFO">Clicking element '//span[.='bladder']'.</msg>
<arg>${BladderNav}</arg>
<doc>Click the element identified by ``locator``.</doc>
<status status="PASS" start="2025-02-25T10:29:28.738973" elapsed="0.053145"/>
</kw>
<kw name="Wait Until Location Is" owner="SeleniumLibrary">
<arg>${BladderURL}</arg>
<arg>10s</arg>
<doc>Waits until the current URL is ``expected``.</doc>
<status status="PASS" start="2025-02-25T10:29:28.792364" elapsed="1.869471"/>
</kw>
<kw name="Location Should Be" owner="SeleniumLibrary">
<msg time="2025-02-25T10:29:30.665471" level="INFO">Current location is 'https://www.thinx.com/collections/bladder-shop-all'.</msg>
<arg>${BladderURL}</arg>
<doc>Verifies that the current URL is exactly ``url``.</doc>
<status status="PASS" start="2025-02-25T10:29:30.662064" elapsed="0.003556"/>
</kw>
<kw name="Wait Until Element Is Visible" owner="SeleniumLibrary">
<arg>${H1}</arg>
<doc>Waits until the element ``locator`` is visible.</doc>
<status status="PASS" start="2025-02-25T10:29:30.665838" elapsed="0.025152"/>
</kw>
<kw name="Get Text" owner="SeleniumLibrary">
<msg time="2025-02-25T10:29:30.732427" level="INFO">${h1_text} = shop all bladder</msg>
<var>${h1_text}</var>
<arg>${H1}</arg>
<doc>Returns the text value of the element identified by ``locator``.</doc>
<status status="PASS" start="2025-02-25T10:29:30.691225" elapsed="0.041233"/>
</kw>
<kw name="Should Contain" owner="BuiltIn">
<arg>${h1_text}</arg>
<arg>shop all bladder</arg>
<doc>Fails if ``container`` does not contain ``item`` one or more times.</doc>
<status status="PASS" start="2025-02-25T10:29:30.732993" elapsed="0.000485"/>
</kw>
<status status="PASS" start="2025-02-25T10:29:28.738759" elapsed="1.994797"/>
</kw>
<kw name="Validate Teens Nav Directs to Right Page" owner="Meganav_TC002_Steps">
<kw name="Click Element" owner="SeleniumLibrary">
<msg time="2025-02-25T10:29:30.734180" level="INFO">Clicking element '//span[.='teens']'.</msg>
<arg>${TeensNav}</arg>
<doc>Click the element identified by ``locator``.</doc>
<status status="PASS" start="2025-02-25T10:29:30.733910" elapsed="0.067363"/>
</kw>
<kw name="Wait Until Location Is" owner="SeleniumLibrary">
<arg>${TeensURL}</arg>
<arg>10s</arg>
<doc>Waits until the current URL is ``expected``.</doc>
<status status="PASS" start="2025-02-25T10:29:30.801728" elapsed="2.809252"/>
</kw>
<kw name="Location Should Be" owner="SeleniumLibrary">
<msg time="2025-02-25T10:29:33.613100" level="INFO">Current location is 'https://www.thinx.com/collections/teens-shop-all'.</msg>
<arg>${TeensURL}</arg>
<doc>Verifies that the current URL is exactly ``url``.</doc>
<status status="PASS" start="2025-02-25T10:29:33.611106" elapsed="0.002064"/>
</kw>
<kw name="Wait Until Element Is Visible" owner="SeleniumLibrary">
<arg>${H1}</arg>
<doc>Waits until the element ``locator`` is visible.</doc>
<status status="PASS" start="2025-02-25T10:29:33.613270" elapsed="0.007438"/>
</kw>
<kw name="Get Text" owner="SeleniumLibrary">
<msg time="2025-02-25T10:29:33.627943" level="INFO">${h1_text} = shop all Thinx Teens</msg>
<var>${h1_text}</var>
<arg>${H1}</arg>
<doc>Returns the text value of the element identified by ``locator``.</doc>
<status status="PASS" start="2025-02-25T10:29:33.620832" elapsed="0.007137"/>
</kw>
<kw name="Should Contain" owner="BuiltIn">
<arg>${h1_text}</arg>
<arg>shop all Thinx Teens</arg>
<doc>Fails if ``container`` does not contain ``item`` one or more times.</doc>
<status status="PASS" start="2025-02-25T10:29:33.628067" elapsed="0.000236"/>
</kw>
<status status="PASS" start="2025-02-25T10:29:30.733676" elapsed="2.894784"/>
</kw>
<kw name="Validate Sets Nav Directs to Right Page" owner="Meganav_TC002_Steps">
<kw name="Click Element" owner="SeleniumLibrary">
<msg time="2025-02-25T10:29:33.629271" level="INFO">Clicking element '//span[.='saver sets']'.</msg>
<arg>${SetsNav}</arg>
<doc>Click the element identified by ``locator``.</doc>
<status status="PASS" start="2025-02-25T10:29:33.629017" elapsed="0.051450"/>
</kw>
<kw name="Wait Until Location Is" owner="SeleniumLibrary">
<arg>${SetsURL}</arg>
<arg>10s</arg>
<doc>Waits until the current URL is ``expected``.</doc>
<status status="PASS" start="2025-02-25T10:29:33.680731" elapsed="1.483868"/>
</kw>
<kw name="Location Should Be" owner="SeleniumLibrary">
<msg time="2025-02-25T10:29:35.221379" level="INFO">Current location is 'https://www.thinx.com/collections/sets'.</msg>
<arg>${SetsURL}</arg>
<doc>Verifies that the current URL is exactly ``url``.</doc>
<status status="PASS" start="2025-02-25T10:29:35.165087" elapsed="0.056359"/>
</kw>
<kw name="Wait Until Element Is Visible" owner="SeleniumLibrary">
<arg>${H1}</arg>
<doc>Waits until the element ``locator`` is visible.</doc>
<status status="PASS" start="2025-02-25T10:29:35.221565" elapsed="0.096745"/>
</kw>
<kw name="Get Text" owner="SeleniumLibrary">
<msg time="2025-02-25T10:29:35.358606" level="INFO">${h1_text} = shop sets</msg>
<var>${h1_text}</var>
<arg>${H1}</arg>
<doc>Returns the text value of the element identified by ``locator``.</doc>
<status status="PASS" start="2025-02-25T10:29:35.318471" elapsed="0.040175"/>
</kw>
<kw name="Should Contain" owner="BuiltIn">
<arg>${h1_text}</arg>
<arg>shop sets</arg>
<doc>Fails if ``container`` does not contain ``item`` one or more times.</doc>
<status status="PASS" start="2025-02-25T10:29:35.358841" elapsed="0.000193"/>
</kw>
<status status="PASS" start="2025-02-25T10:29:33.628680" elapsed="1.730410"/>
</kw>
<kw name="Validate Last Call Nav Directs to Right Page" owner="Meganav_TC002_Steps">
<kw name="Click Element" owner="SeleniumLibrary">
<msg time="2025-02-25T10:29:35.359420" level="INFO">Clicking element '//span[.='last call']'.</msg>
<arg>${LastCallNav}</arg>
<doc>Click the element identified by ``locator``.</doc>
<status status="PASS" start="2025-02-25T10:29:35.359315" elapsed="0.075649"/>
</kw>
<kw name="Wait Until Location Is" owner="SeleniumLibrary">
<arg>${LastCallURL}</arg>
<arg>10s</arg>
<doc>Waits until the current URL is ``expected``.</doc>
<status status="PASS" start="2025-02-25T10:29:35.435110" elapsed="2.338817"/>
</kw>
<kw name="Location Should Be" owner="SeleniumLibrary">
<msg time="2025-02-25T10:29:37.780057" level="INFO">Current location is 'https://www.thinx.com/collections/last-call-sale'.</msg>
<arg>${LastCallURL}</arg>
<doc>Verifies that the current URL is exactly ``url``.</doc>
<status status="PASS" start="2025-02-25T10:29:37.775397" elapsed="0.004830"/>
</kw>
<kw name="Wait Until Element Is Visible" owner="SeleniumLibrary">
<arg>${H1}</arg>
<doc>Waits until the element ``locator`` is visible.</doc>
<status status="PASS" start="2025-02-25T10:29:37.780517" elapsed="0.016674"/>
</kw>
<kw name="Get Text" owner="SeleniumLibrary">
<msg time="2025-02-25T10:29:37.812935" level="INFO">${h1_text} = shop last call</msg>
<var>${h1_text}</var>
<arg>${H1}</arg>
<doc>Returns the text value of the element identified by ``locator``.</doc>
<status status="PASS" start="2025-02-25T10:29:37.797454" elapsed="0.015512"/>
</kw>
<kw name="Should Contain" owner="BuiltIn">
<arg>${h1_text}</arg>
<arg>shop last call</arg>
<doc>Fails if ``container`` does not contain ``item`` one or more times.</doc>
<status status="PASS" start="2025-02-25T10:29:37.813102" elapsed="0.000375"/>
</kw>
<status status="PASS" start="2025-02-25T10:29:35.359190" elapsed="2.454545"/>
</kw>
<kw name="Validate Take Quiz Nav Directs to Right Page" owner="Meganav_TC002_Steps">
<kw name="Click Element" owner="SeleniumLibrary">
<msg time="2025-02-25T10:29:37.814490" level="INFO">Clicking element '//span[.='take the quiz']'.</msg>
<arg>${TakeTheQuizCTA}</arg>
<doc>Click the element identified by ``locator``.</doc>
<status status="PASS" start="2025-02-25T10:29:37.814302" elapsed="0.070557"/>
</kw>
<kw name="Wait Until Location Is" owner="SeleniumLibrary">
<arg>${QuizURL}</arg>
<arg>10s</arg>
<doc>Waits until the current URL is ``expected``.</doc>
<status status="PASS" start="2025-02-25T10:29:37.885271" elapsed="3.742266"/>
</kw>
<kw name="Location Should Be" owner="SeleniumLibrary">
<msg time="2025-02-25T10:29:41.639673" level="INFO">Current location is 'https://www.thinx.com/pages/find-your-perfect-pair'.</msg>
<arg>${QuizURL}</arg>
<doc>Verifies that the current URL is exactly ``url``.</doc>
<status status="PASS" start="2025-02-25T10:29:41.628647" elapsed="0.011288"/>
</kw>
<status status="PASS" start="2025-02-25T10:29:37.814011" elapsed="3.826108"/>
</kw>
<kw name="Validate Learn Nav Directs to Right Page" owner="Meganav_TC002_Steps">
<kw name="Click Element" owner="SeleniumLibrary">
<msg time="2025-02-25T10:29:41.641373" level="INFO">Clicking element '//span[.='learn']'.</msg>
<arg>${LearnNav}</arg>
<doc>Click the element identified by ``locator``.</doc>
<status status="PASS" start="2025-02-25T10:29:41.640858" elapsed="0.065499"/>
</kw>
<kw name="Wait Until Location Is" owner="SeleniumLibrary">
<arg>${HowWorksURL}</arg>
<arg>10s</arg>
<doc>Waits until the current URL is ``expected``.</doc>
<status status="PASS" start="2025-02-25T10:29:41.706667" elapsed="2.726985"/>
</kw>
<kw name="Location Should Be" owner="SeleniumLibrary">
<msg time="2025-02-25T10:29:44.436753" level="INFO">Current location is 'https://www.thinx.com/pages/how-they-work'.</msg>
<arg>${HowWorksURL}</arg>
<doc>Verifies that the current URL is exactly ``url``.</doc>
<status status="PASS" start="2025-02-25T10:29:44.433915" elapsed="0.002956"/>
</kw>
<kw name="Wait Until Element Is Visible" owner="SeleniumLibrary">
<arg>${LearnH1}</arg>
<doc>Waits until the element ``locator`` is visible.</doc>
<status status="PASS" start="2025-02-25T10:29:44.437151" elapsed="0.016995"/>
</kw>
<kw name="Get Text" owner="SeleniumLibrary">
<msg time="2025-02-25T10:29:44.468048" level="INFO">${h1_text} = how our period underwear works</msg>
<var>${h1_text}</var>
<arg>${LearnH1}</arg>
<doc>Returns the text value of the element identified by ``locator``.</doc>
<status status="PASS" start="2025-02-25T10:29:44.454259" elapsed="0.013874"/>
</kw>
<kw name="Should Contain" owner="BuiltIn">
<arg>${h1_text}</arg>
<arg>how our period underwear works</arg>
<doc>Fails if ``container`` does not contain ``item`` one or more times.</doc>
<status status="PASS" start="2025-02-25T10:29:44.468354" elapsed="0.000303"/>
</kw>
<status status="PASS" start="2025-02-25T10:29:41.640366" elapsed="2.828850"/>
</kw>
<kw name="Validate Sign In Nav Directs to Right Page" owner="Meganav_TC002_Steps">
<kw name="Click Element" owner="SeleniumLibrary">
<msg time="2025-02-25T10:29:44.470560" level="INFO">Clicking element '//header[@class='flex justify-between items-center px-3 h-[3.25rem] lg:h-14.5 lg:px-8 bg-white border-b border-b-brand-tangerine']//a[contains(.,'Sign in')]'.</msg>
<arg>${SignInNav}</arg>
<doc>Click the element identified by ``locator``.</doc>
<status status="PASS" start="2025-02-25T10:29:44.470236" elapsed="0.084189"/>
</kw>
<kw name="Wait Until Location Is" owner="SeleniumLibrary">
<arg>${SignInURL}</arg>
<arg>10s</arg>
<doc>Waits until the current URL is ``expected``.</doc>
<status status="PASS" start="2025-02-25T10:29:44.554539" elapsed="3.123162"/>
</kw>
<kw name="Location Should Be" owner="SeleniumLibrary">
<msg time="2025-02-25T10:29:47.682079" level="INFO">Current location is 'https://www.thinx.com/account/login'.</msg>
<arg>${SignInURL}</arg>
<doc>Verifies that the current URL is exactly ``url``.</doc>
<status status="PASS" start="2025-02-25T10:29:47.678039" elapsed="0.004206"/>
</kw>
<kw name="Wait Until Element Is Visible" owner="SeleniumLibrary">
<arg>${SignInH1}</arg>
<doc>Waits until the element ``locator`` is visible.</doc>
<status status="PASS" start="2025-02-25T10:29:47.682489" elapsed="0.017665"/>
</kw>
<kw name="Get Text" owner="SeleniumLibrary">
<msg time="2025-02-25T10:29:47.712201" level="INFO">${h1_text} = Login</msg>
<var>${h1_text}</var>
<arg>${SignInH1}</arg>
<doc>Returns the text value of the element identified by ``locator``.</doc>
<status status="PASS" start="2025-02-25T10:29:47.700633" elapsed="0.011630"/>
</kw>
<kw name="Should Contain" owner="BuiltIn">
<arg>${h1_text}</arg>
<arg>Login</arg>
<doc>Fails if ``container`` does not contain ``item`` one or more times.</doc>
<status status="PASS" start="2025-02-25T10:29:47.712582" elapsed="0.000295"/>
</kw>
<status status="PASS" start="2025-02-25T10:29:44.469748" elapsed="3.243208"/>
</kw>
<kw name="Validate Cart Nav Directs to Right Page" owner="Meganav_TC002_Steps">
<kw name="Click Element" owner="SeleniumLibrary">
<msg time="2025-02-25T10:29:47.713705" level="INFO">Clicking element '//button[@class='relative mr-4 lg:mr-0 lg:ml-5 group']'.</msg>
<arg>${Cart}</arg>
<doc>Click the element identified by ``locator``.</doc>
<status status="PASS" start="2025-02-25T10:29:47.713447" elapsed="0.163849"/>
</kw>
<kw name="Wait Until Element Is Visible" owner="SeleniumLibrary">
<arg>${CartSlideOut}</arg>
<doc>Waits until the element ``locator`` is visible.</doc>
<status status="PASS" start="2025-02-25T10:29:47.877464" elapsed="0.024126"/>
</kw>
<status status="PASS" start="2025-02-25T10:29:47.713059" elapsed="0.188617"/>
</kw>
<kw name="Capture Element Screenshot" owner="SeleniumLibrary">
<msg time="2025-02-25T10:29:48.284860" level="INFO" html="true">&lt;/td&gt;&lt;/tr&gt;&lt;tr&gt;&lt;td colspan="3"&gt;&lt;a href="selenium-element-screenshot-1.png"&gt;&lt;img src="selenium-element-screenshot-1.png" width="400px"&gt;&lt;/a&gt;</msg>
<arg>locator=${Cart}</arg>
<doc>Captures a screenshot from the element identified by ``locator`` and embeds it into log file.</doc>
<status status="PASS" start="2025-02-25T10:29:47.901781" elapsed="0.383447"/>
</kw>
<kw name="Close Browser" owner="SeleniumLibrary" type="TEARDOWN">
<doc>Closes the current browser.</doc>
<status status="PASS" start="2025-02-25T10:29:48.286452" elapsed="2.150718"/>
</kw>
<status status="PASS" start="2025-02-25T10:29:04.265609" elapsed="46.171652"/>
</test>
<status status="PASS" start="2025-02-25T10:29:04.107723" elapsed="46.330195"/>
</suite>
<status status="PASS" start="2025-02-25T10:29:04.106796" elapsed="46.331508"/>
</suite>
<status status="PASS" start="2025-02-25T10:29:04.095916" elapsed="46.342804"/>
</suite>
<statistics>
<total>
<stat pass="1" fail="0" skip="0">All Tests</stat>
</total>
<tag>
</tag>
<suite>
<stat pass="1" fail="0" skip="0" id="s1" name="Tests">Tests</stat>
<stat pass="1" fail="0" skip="0" id="s1-s1" name="Meganav">Tests.Meganav</stat>
<stat pass="1" fail="0" skip="0" id="s1-s1-s1" name="Meganav TC002 Tests">Tests.Meganav.Meganav TC002 Tests</stat>
</suite>
</statistics>
<errors>
</errors>
</robot>
