<?xml version="1.0" encoding="UTF-8"?>
<robot generator="Robot 7.1.1 (Python 3.13.1 on darwin)" generated="2025-02-18T13:17:29.765470" rpa="false" schemaversion="5">
<suite id="s1" name="Tests" source="/Users/angeline.rohan/Desktop/QA Automation_Thinx.robot.py/ThinxAutomation1/Thinx-Automation1/tests">
<suite id="s1-s1" name="PLP" source="/Users/angeline.rohan/Desktop/QA Automation_Thinx.robot.py/ThinxAutomation1/Thinx-Automation1/tests/PLP">
<suite id="s1-s1-s1" name="PLP TC001 Test" source="/Users/angeline.rohan/Desktop/QA Automation_Thinx.robot.py/ThinxAutomation1/Thinx-Automation1/tests/PLP/PLP_TC001_Test.robot">
<test id="s1-s1-s1-t1" name="Open Thinx Collections Page Using Chrome Browser" line="15">
<kw name="Open Thinx Collections Page Using Chrome Browser" owner="resources" type="SETUP">
<kw name="Open Browser" owner="SeleniumLibrary">
<msg time="2025-02-18T13:17:30.674221" level="INFO">Opening browser 'Chrome' to base url 'https://www.thinx.com/collections/shop-all'.</msg>
<arg>${CollectionsPage}</arg>
<arg>Chrome</arg>
<doc>Opens a new browser instance to the optional ``url``.</doc>
<status status="PASS" start="2025-02-18T13:17:30.674044" elapsed="7.262677"/>
</kw>
<kw name="Maximize Browser Window" owner="SeleniumLibrary">
<doc>Maximizes current browser window.</doc>
<status status="PASS" start="2025-02-18T13:17:37.937580" elapsed="0.382467"/>
</kw>
<status status="PASS" start="2025-02-18T13:17:30.673559" elapsed="7.646650"/>
</kw>
<kw name="Click Accept Cookies Button" owner="CookieSettings_TC001_Pages">
<kw name="Wait Until Element Is Visible" owner="SeleniumLibrary">
<arg>${AcceptCookies}</arg>
<doc>Waits until the element ``locator`` is visible.</doc>
<status status="PASS" start="2025-02-18T13:17:38.321336" elapsed="0.156982"/>
</kw>
<kw name="Click Element" owner="SeleniumLibrary">
<msg time="2025-02-18T13:17:38.479023" level="INFO">Clicking element '//button[@id='onetrust-accept-btn-handler']'.</msg>
<arg>${AcceptCookies}</arg>
<doc>Click the element identified by ``locator``.</doc>
<status status="PASS" start="2025-02-18T13:17:38.478600" elapsed="0.110086"/>
</kw>
<kw name="Sleep" owner="BuiltIn">
<msg time="2025-02-18T13:17:41.590827" level="INFO">Slept 3 seconds.</msg>
<arg>3</arg>
<doc>Pauses the test executed for the given time.</doc>
<status status="PASS" start="2025-02-18T13:17:38.588990" elapsed="3.001963"/>
</kw>
<status status="PASS" start="2025-02-18T13:17:38.320822" elapsed="3.270208"/>
</kw>
<kw name="Sleep" owner="BuiltIn">
<msg time="2025-02-18T13:17:51.592683" level="INFO">Slept 10 seconds.</msg>
<arg>10</arg>
<doc>Pauses the test executed for the given time.</doc>
<status status="PASS" start="2025-02-18T13:17:41.591135" elapsed="10.003223"/>
</kw>
<kw name="Close Email Modal" owner="PLP_TC001_Steps">
<kw name="Wait Until Element Is Visible" owner="SeleniumLibrary">
<arg>${CloseModal}</arg>
<doc>Waits until the element ``locator`` is visible.</doc>
<status status="PASS" start="2025-02-18T13:17:51.597320" elapsed="0.024851"/>
</kw>
<kw name="Element Should Be Visible" owner="SeleniumLibrary">
<msg time="2025-02-18T13:17:51.633290" level="INFO">Element '//button[@class='absolute right-3 top-3 [&amp;&gt;svg]:size-6']' is displayed.</msg>
<arg>${CloseModal}</arg>
<doc>Verifies that the element identified by ``locator`` is visible.</doc>
<status status="PASS" start="2025-02-18T13:17:51.622523" elapsed="0.010856"/>
</kw>
<kw name="Click Element" owner="SeleniumLibrary">
<msg time="2025-02-18T13:17:51.633793" level="INFO">Clicking element '//button[@class='absolute right-3 top-3 [&amp;&gt;svg]:size-6']'.</msg>
<arg>${CloseModal}</arg>
<doc>Click the element identified by ``locator``.</doc>
<status status="PASS" start="2025-02-18T13:17:51.633539" elapsed="0.047436"/>
</kw>
<status status="PASS" start="2025-02-18T13:17:51.595977" elapsed="0.085213"/>
</kw>
<kw name="Validate Filter Menu Opens On Click" owner="PLP_TC001_Steps">
<kw name="Element Should Be Visible" owner="SeleniumLibrary">
<msg time="2025-02-18T13:17:51.696164" level="INFO">Element '//button[@class='body-1-bold flex items-center gap-2']' is displayed.</msg>
<arg>${FilterButton}</arg>
<doc>Verifies that the element identified by ``locator`` is visible.</doc>
<status status="PASS" start="2025-02-18T13:17:51.682168" elapsed="0.014185"/>
</kw>
<kw name="Click Element" owner="SeleniumLibrary">
<msg time="2025-02-18T13:17:51.696682" level="INFO">Clicking element '//button[@class='body-1-bold flex items-center gap-2']'.</msg>
<arg>${FilterButton}</arg>
<doc>Click the element identified by ``locator``.</doc>
<status status="PASS" start="2025-02-18T13:17:51.696519" elapsed="0.058398"/>
</kw>
<kw name="Element Should Be Visible" owner="SeleniumLibrary">
<msg time="2025-02-18T13:17:51.771072" level="INFO">Element '//div[@class='isolate flex h-full flex-col']' is displayed.</msg>
<arg>${FilterMenu}</arg>
<doc>Verifies that the element identified by ``locator`` is visible.</doc>
<status status="PASS" start="2025-02-18T13:17:51.755419" elapsed="0.015720"/>
</kw>
<kw name="Capture Element Screenshot" owner="SeleniumLibrary">
<msg time="2025-02-18T13:17:51.984844" level="INFO" html="true">&lt;/td&gt;&lt;/tr&gt;&lt;tr&gt;&lt;td colspan="3"&gt;&lt;a href="../../results/selenium-element-screenshot-23.png"&gt;&lt;img src="../../results/selenium-element-screenshot-23.png" width="400px"&gt;&lt;/a&gt;</msg>
<arg>${FilterMenu}</arg>
<doc>Captures a screenshot from the element identified by ``locator`` and embeds it into log file.</doc>
<status status="PASS" start="2025-02-18T13:17:51.771457" elapsed="0.213469"/>
</kw>
<status status="PASS" start="2025-02-18T13:17:51.681534" elapsed="0.303467"/>
</kw>
<kw name="Validate Filter Menu Contains All Correct Filter Menu Options" owner="PLP_TC001_Steps">
<kw name="Wait Until Element Is Visible" owner="SeleniumLibrary">
<arg>${AbsorbencyFilter}</arg>
<arg>10s</arg>
<doc>Waits until the element ``locator`` is visible.</doc>
<status status="PASS" start="2025-02-18T13:17:51.985600" elapsed="0.018422"/>
</kw>
<kw name="Wait Until Element Is Visible" owner="SeleniumLibrary">
<arg>${StyleFilter}</arg>
<arg>10s</arg>
<doc>Waits until the element ``locator`` is visible.</doc>
<status status="PASS" start="2025-02-18T13:17:52.004289" elapsed="0.015669"/>
</kw>
<kw name="Wait Until Element Is Visible" owner="SeleniumLibrary">
<arg>${BestForFilter}</arg>
<arg>10s</arg>
<doc>Waits until the element ``locator`` is visible.</doc>
<status status="PASS" start="2025-02-18T13:17:52.020362" elapsed="0.017509"/>
</kw>
<kw name="Wait Until Element Is Visible" owner="SeleniumLibrary">
<arg>${CollectionFilter}</arg>
<arg>10s</arg>
<doc>Waits until the element ``locator`` is visible.</doc>
<status status="PASS" start="2025-02-18T13:17:52.038113" elapsed="0.015677"/>
</kw>
<kw name="Wait Until Element Is Visible" owner="SeleniumLibrary">
<arg>${ColorFilter}</arg>
<arg>10s</arg>
<doc>Waits until the element ``locator`` is visible.</doc>
<status status="PASS" start="2025-02-18T13:17:52.054045" elapsed="0.030679"/>
</kw>
<kw name="Wait Until Element Is Visible" owner="SeleniumLibrary">
<arg>${SizeFilter}</arg>
<arg>10s</arg>
<doc>Waits until the element ``locator`` is visible.</doc>
<status status="PASS" start="2025-02-18T13:17:52.085026" elapsed="0.013330"/>
</kw>
<kw name="Element Should Be Visible" owner="SeleniumLibrary">
<msg time="2025-02-18T13:17:52.110780" level="INFO">Element '//span[.='Absorbency']' is displayed.</msg>
<arg>${AbsorbencyFilter}</arg>
<doc>Verifies that the element identified by ``locator`` is visible.</doc>
<status status="PASS" start="2025-02-18T13:17:52.098587" elapsed="0.012342"/>
</kw>
<kw name="Element Should Be Visible" owner="SeleniumLibrary">
<msg time="2025-02-18T13:17:52.121919" level="INFO">Element '//summary[.='Style']' is displayed.</msg>
<arg>${StyleFilter}</arg>
<doc>Verifies that the element identified by ``locator`` is visible.</doc>
<status status="PASS" start="2025-02-18T13:17:52.111226" elapsed="0.010977"/>
</kw>
<kw name="Element Should Be Visible" owner="SeleniumLibrary">
<msg time="2025-02-18T13:17:52.131776" level="INFO">Element '//span[.='Best For']' is displayed.</msg>
<arg>${BestForFilter}</arg>
<doc>Verifies that the element identified by ``locator`` is visible.</doc>
<status status="PASS" start="2025-02-18T13:17:52.122442" elapsed="0.009512"/>
</kw>
<kw name="Element Should Be Visible" owner="SeleniumLibrary">
<msg time="2025-02-18T13:17:52.141123" level="INFO">Element '//summary[.='Collection']' is displayed.</msg>
<arg>${CollectionFilter}</arg>
<doc>Verifies that the element identified by ``locator`` is visible.</doc>
<status status="PASS" start="2025-02-18T13:17:52.132284" elapsed="0.009033"/>
</kw>
<kw name="Element Should Be Visible" owner="SeleniumLibrary">
<msg time="2025-02-18T13:17:52.153288" level="INFO">Element '//summary[.='Size']' is displayed.</msg>
<arg>${SizeFilter}</arg>
<doc>Verifies that the element identified by ``locator`` is visible.</doc>
<status status="PASS" start="2025-02-18T13:17:52.141538" elapsed="0.011906"/>
</kw>
<status status="PASS" start="2025-02-18T13:17:51.985230" elapsed="0.168350"/>
</kw>
<kw name="Validate Filter Menu Displays Apply Filters Button" owner="PLP_TC001_Steps">
<kw name="Wait Until Element Is Visible" owner="SeleniumLibrary">
<arg>${ApplyFiltersCTA}</arg>
<doc>Waits until the element ``locator`` is visible.</doc>
<status status="PASS" start="2025-02-18T13:17:52.154277" elapsed="0.013892"/>
</kw>
<kw name="Element Should Be Visible" owner="SeleniumLibrary">
<msg time="2025-02-18T13:17:52.179947" level="INFO">Element '//button[@class='button button--primary w-full']' is displayed.</msg>
<arg>${ApplyFiltersCTA}</arg>
<doc>Verifies that the element identified by ``locator`` is visible.</doc>
<status status="PASS" start="2025-02-18T13:17:52.168293" elapsed="0.011725"/>
</kw>
<status status="PASS" start="2025-02-18T13:17:52.153866" elapsed="0.026498"/>
</kw>
<kw name="Validate Filter Menu Closes On Click" owner="PLP_TC001_Steps">
<kw name="Wait Until Element Is Visible" owner="SeleniumLibrary">
<arg>${FilterClose}</arg>
<doc>Waits until the element ``locator`` is visible.</doc>
<status status="PASS" start="2025-02-18T13:17:52.181054" elapsed="0.017149"/>
</kw>
<kw name="Element Should Be Visible" owner="SeleniumLibrary">
<msg time="2025-02-18T13:17:52.212286" level="INFO">Element '//button[@class='size-6']' is displayed.</msg>
<arg>${FilterClose}</arg>
<doc>Verifies that the element identified by ``locator`` is visible.</doc>
<status status="PASS" start="2025-02-18T13:17:52.198445" elapsed="0.014058"/>
</kw>
<kw name="Click Element" owner="SeleniumLibrary">
<msg time="2025-02-18T13:17:52.213019" level="INFO">Clicking element '//button[@class='size-6']'.</msg>
<arg>${FilterClose}</arg>
<doc>Click the element identified by ``locator``.</doc>
<status status="PASS" start="2025-02-18T13:17:52.212729" elapsed="0.081519"/>
</kw>
<status status="PASS" start="2025-02-18T13:17:52.180590" elapsed="0.113873"/>
</kw>
<kw name="Close Browser" owner="SeleniumLibrary" type="TEARDOWN">
<doc>Closes the current browser.</doc>
<status status="PASS" start="2025-02-18T13:17:52.295180" elapsed="2.570035"/>
</kw>
<status status="PASS" start="2025-02-18T13:17:30.672959" elapsed="24.192398"/>
</test>
<status status="PASS" start="2025-02-18T13:17:29.812856" elapsed="25.053276"/>
</suite>
<status status="PASS" start="2025-02-18T13:17:29.811353" elapsed="25.055349"/>
</suite>
<status status="PASS" start="2025-02-18T13:17:29.792510" elapsed="25.074399"/>
</suite>
<statistics>
<total>
<stat pass="1" fail="0" skip="0">All Tests</stat>
</total>
<tag>
</tag>
<suite>
<stat pass="1" fail="0" skip="0" id="s1" name="Tests">Tests</stat>
<stat pass="1" fail="0" skip="0" id="s1-s1" name="PLP">Tests.PLP</stat>
<stat pass="1" fail="0" skip="0" id="s1-s1-s1" name="PLP TC001 Test">Tests.PLP.PLP TC001 Test</stat>
</suite>
</statistics>
<errors>
</errors>
</robot>
