<?xml version="1.0" encoding="UTF-8"?>
<robot generator="Robot 7.1.1 (Python 3.13.1 on darwin)" generated="2025-02-18T16:01:13.200641" rpa="false" schemaversion="5">
<suite id="s1" name="Tests" source="/Users/angeline.rohan/Desktop/QA Automation_Thinx.robot.py/ThinxAutomation1/Thinx-Automation1/tests">
<suite id="s1-s1" name="PLP" source="/Users/angeline.rohan/Desktop/QA Automation_Thinx.robot.py/ThinxAutomation1/Thinx-Automation1/tests/PLP">
<suite id="s1-s1-s1" name="PLP TC001 Test" source="/Users/angeline.rohan/Desktop/QA Automation_Thinx.robot.py/ThinxAutomation1/Thinx-Automation1/tests/PLP/PLP_TC001_Test.robot">
<test id="s1-s1-s1-t1" name="Open Thinx Collections Page Using Chrome Browser" line="15">
<kw name="Open Thinx Collections Page Using Chrome Browser" owner="resources" type="SETUP">
<kw name="Open Browser" owner="SeleniumLibrary">
<msg time="2025-02-18T16:01:14.031477" level="INFO">Opening browser 'Chrome' to base url 'https://www.thinx.com/collections/shop-all'.</msg>
<arg>${CollectionsPage}</arg>
<arg>Chrome</arg>
<doc>Opens a new browser instance to the optional ``url``.</doc>
<status status="PASS" start="2025-02-18T16:01:14.031074" elapsed="11.253599"/>
</kw>
<kw name="Maximize Browser Window" owner="SeleniumLibrary">
<doc>Maximizes current browser window.</doc>
<status status="PASS" start="2025-02-18T16:01:25.285381" elapsed="0.846448"/>
</kw>
<status status="PASS" start="2025-02-18T16:01:14.030094" elapsed="12.105775"/>
</kw>
<kw name="Click Accept Cookies Button" owner="CookieSettings_TC001_Pages">
<kw name="Wait Until Element Is Visible" owner="SeleniumLibrary">
<arg>${AcceptCookies}</arg>
<doc>Waits until the element ``locator`` is visible.</doc>
<status status="PASS" start="2025-02-18T16:01:26.138811" elapsed="0.020793"/>
</kw>
<kw name="Click Element" owner="SeleniumLibrary">
<msg time="2025-02-18T16:01:26.160316" level="INFO">Clicking element '//button[@id='onetrust-accept-btn-handler']'.</msg>
<arg>${AcceptCookies}</arg>
<doc>Click the element identified by ``locator``.</doc>
<status status="PASS" start="2025-02-18T16:01:26.159847" elapsed="0.096830"/>
</kw>
<kw name="Sleep" owner="BuiltIn">
<msg time="2025-02-18T16:01:29.259347" level="INFO">Slept 3 seconds.</msg>
<arg>3</arg>
<doc>Pauses the test executed for the given time.</doc>
<status status="PASS" start="2025-02-18T16:01:26.256941" elapsed="3.002520"/>
</kw>
<status status="PASS" start="2025-02-18T16:01:26.137243" elapsed="3.122750"/>
</kw>
<kw name="Sleep" owner="BuiltIn">
<msg time="2025-02-18T16:01:39.262148" level="INFO">Slept 10 seconds.</msg>
<arg>10</arg>
<doc>Pauses the test executed for the given time.</doc>
<status status="PASS" start="2025-02-18T16:01:29.260489" elapsed="10.002864"/>
</kw>
<kw name="Close Email Modal" owner="PLP_TC001_Steps">
<kw name="Wait Until Element Is Visible" owner="SeleniumLibrary">
<arg>${CloseModal}</arg>
<doc>Waits until the element ``locator`` is visible.</doc>
<status status="PASS" start="2025-02-18T16:01:39.266483" elapsed="0.024179"/>
</kw>
<kw name="Element Should Be Visible" owner="SeleniumLibrary">
<msg time="2025-02-18T16:01:39.301297" level="INFO">Element '//button[@class='absolute right-3 top-3 [&amp;&gt;svg]:size-6']' is displayed.</msg>
<arg>${CloseModal}</arg>
<doc>Verifies that the element identified by ``locator`` is visible.</doc>
<status status="PASS" start="2025-02-18T16:01:39.291131" elapsed="0.010229"/>
</kw>
<kw name="Click Element" owner="SeleniumLibrary">
<msg time="2025-02-18T16:01:39.301666" level="INFO">Clicking element '//button[@class='absolute right-3 top-3 [&amp;&gt;svg]:size-6']'.</msg>
<arg>${CloseModal}</arg>
<doc>Click the element identified by ``locator``.</doc>
<status status="PASS" start="2025-02-18T16:01:39.301498" elapsed="0.095649"/>
</kw>
<status status="PASS" start="2025-02-18T16:01:39.265269" elapsed="0.132176"/>
</kw>
<kw name="Validate Filter Menu Opens On Click" owner="PLP_TC001_Steps">
<kw name="Element Should Be Visible" owner="SeleniumLibrary">
<msg time="2025-02-18T16:01:39.419515" level="INFO">Element '//button[@class='body-1-bold flex items-center gap-2']' is displayed.</msg>
<arg>${FilterButton}</arg>
<doc>Verifies that the element identified by ``locator`` is visible.</doc>
<status status="PASS" start="2025-02-18T16:01:39.399702" elapsed="0.019879"/>
</kw>
<kw name="Click Element" owner="SeleniumLibrary">
<msg time="2025-02-18T16:01:39.419924" level="INFO">Clicking element '//button[@class='body-1-bold flex items-center gap-2']'.</msg>
<arg>${FilterButton}</arg>
<doc>Click the element identified by ``locator``.</doc>
<status status="PASS" start="2025-02-18T16:01:39.419715" elapsed="0.070808"/>
</kw>
<kw name="Element Should Be Visible" owner="SeleniumLibrary">
<msg time="2025-02-18T16:01:39.509089" level="INFO">Element '//div[@class='isolate flex h-full flex-col']' is displayed.</msg>
<arg>${FilterMenu}</arg>
<doc>Verifies that the element identified by ``locator`` is visible.</doc>
<status status="PASS" start="2025-02-18T16:01:39.490806" elapsed="0.018396"/>
</kw>
<kw name="Capture Element Screenshot" owner="SeleniumLibrary">
<msg time="2025-02-18T16:01:39.667994" level="INFO" html="true">&lt;/td&gt;&lt;/tr&gt;&lt;tr&gt;&lt;td colspan="3"&gt;&lt;a href="../../results/selenium-element-screenshot-80.png"&gt;&lt;img src="../../results/selenium-element-screenshot-80.png" width="400px"&gt;&lt;/a&gt;</msg>
<arg>${FilterMenu}</arg>
<doc>Captures a screenshot from the element identified by ``locator`` and embeds it into log file.</doc>
<status status="PASS" start="2025-02-18T16:01:39.509388" elapsed="0.158989"/>
</kw>
<status status="PASS" start="2025-02-18T16:01:39.398750" elapsed="0.269774"/>
</kw>
<kw name="Validate Filter Menu Contains All Correct Filter Menu Options" owner="PLP_TC001_Steps">
<kw name="Wait Until Element Is Visible" owner="SeleniumLibrary">
<arg>${AbsorbencyFilter}</arg>
<arg>10s</arg>
<doc>Waits until the element ``locator`` is visible.</doc>
<status status="PASS" start="2025-02-18T16:01:39.669577" elapsed="0.019164"/>
</kw>
<kw name="Wait Until Element Is Visible" owner="SeleniumLibrary">
<arg>${StyleFilter}</arg>
<arg>10s</arg>
<doc>Waits until the element ``locator`` is visible.</doc>
<status status="PASS" start="2025-02-18T16:01:39.690404" elapsed="0.018792"/>
</kw>
<kw name="Wait Until Element Is Visible" owner="SeleniumLibrary">
<arg>${BestForFilter}</arg>
<arg>10s</arg>
<doc>Waits until the element ``locator`` is visible.</doc>
<status status="PASS" start="2025-02-18T16:01:39.709342" elapsed="0.012546"/>
</kw>
<kw name="Wait Until Element Is Visible" owner="SeleniumLibrary">
<arg>${CollectionFilter}</arg>
<arg>10s</arg>
<doc>Waits until the element ``locator`` is visible.</doc>
<status status="PASS" start="2025-02-18T16:01:39.722036" elapsed="0.016604"/>
</kw>
<kw name="Wait Until Element Is Visible" owner="SeleniumLibrary">
<arg>${ColorFilter}</arg>
<arg>10s</arg>
<doc>Waits until the element ``locator`` is visible.</doc>
<status status="PASS" start="2025-02-18T16:01:39.738876" elapsed="0.014414"/>
</kw>
<kw name="Wait Until Element Is Visible" owner="SeleniumLibrary">
<arg>${SizeFilter}</arg>
<arg>10s</arg>
<doc>Waits until the element ``locator`` is visible.</doc>
<status status="PASS" start="2025-02-18T16:01:39.753426" elapsed="0.014523"/>
</kw>
<kw name="Element Should Be Visible" owner="SeleniumLibrary">
<msg time="2025-02-18T16:01:39.840973" level="INFO">Element '//span[.='Absorbency']' is displayed.</msg>
<arg>${AbsorbencyFilter}</arg>
<doc>Verifies that the element identified by ``locator`` is visible.</doc>
<status status="PASS" start="2025-02-18T16:01:39.768082" elapsed="0.073018"/>
</kw>
<kw name="Element Should Be Visible" owner="SeleniumLibrary">
<msg time="2025-02-18T16:01:39.852449" level="INFO">Element '//summary[.='Style']' is displayed.</msg>
<arg>${StyleFilter}</arg>
<doc>Verifies that the element identified by ``locator`` is visible.</doc>
<status status="PASS" start="2025-02-18T16:01:39.841319" elapsed="0.011216"/>
</kw>
<kw name="Element Should Be Visible" owner="SeleniumLibrary">
<msg time="2025-02-18T16:01:39.861274" level="INFO">Element '//span[.='Best For']' is displayed.</msg>
<arg>${BestForFilter}</arg>
<doc>Verifies that the element identified by ``locator`` is visible.</doc>
<status status="PASS" start="2025-02-18T16:01:39.852666" elapsed="0.008680"/>
</kw>
<kw name="Element Should Be Visible" owner="SeleniumLibrary">
<msg time="2025-02-18T16:01:39.873814" level="INFO">Element '//summary[.='Collection']' is displayed.</msg>
<arg>${CollectionFilter}</arg>
<doc>Verifies that the element identified by ``locator`` is visible.</doc>
<status status="PASS" start="2025-02-18T16:01:39.861723" elapsed="0.012164"/>
</kw>
<kw name="Element Should Be Visible" owner="SeleniumLibrary">
<msg time="2025-02-18T16:01:39.885378" level="INFO">Element '//summary[.='Size']' is displayed.</msg>
<arg>${SizeFilter}</arg>
<doc>Verifies that the element identified by ``locator`` is visible.</doc>
<status status="PASS" start="2025-02-18T16:01:39.874092" elapsed="0.011515"/>
</kw>
<status status="PASS" start="2025-02-18T16:01:39.669039" elapsed="0.216874"/>
</kw>
<kw name="Validate Filter Menu Displays Apply Filters Button" owner="PLP_TC001_Steps">
<kw name="Wait Until Element Is Visible" owner="SeleniumLibrary">
<arg>${ApplyFiltersCTA}</arg>
<doc>Waits until the element ``locator`` is visible.</doc>
<status status="PASS" start="2025-02-18T16:01:39.886405" elapsed="0.014258"/>
</kw>
<kw name="Element Should Be Visible" owner="SeleniumLibrary">
<msg time="2025-02-18T16:01:39.911527" level="INFO">Element '//button[@class='button button--primary w-full']' is displayed.</msg>
<arg>${ApplyFiltersCTA}</arg>
<doc>Verifies that the element identified by ``locator`` is visible.</doc>
<status status="PASS" start="2025-02-18T16:01:39.900793" elapsed="0.010873"/>
</kw>
<status status="PASS" start="2025-02-18T16:01:39.886187" elapsed="0.025626"/>
</kw>
<kw name="Validate Filter Menu Closes On Click" owner="PLP_TC001_Steps">
<kw name="Wait Until Element Is Visible" owner="SeleniumLibrary">
<arg>${FilterClose}</arg>
<doc>Waits until the element ``locator`` is visible.</doc>
<status status="PASS" start="2025-02-18T16:01:39.912447" elapsed="0.013889"/>
</kw>
<kw name="Element Should Be Visible" owner="SeleniumLibrary">
<msg time="2025-02-18T16:01:39.936131" level="INFO">Element '//button[@class='size-6']' is displayed.</msg>
<arg>${FilterClose}</arg>
<doc>Verifies that the element identified by ``locator`` is visible.</doc>
<status status="PASS" start="2025-02-18T16:01:39.926457" elapsed="0.009749"/>
</kw>
<kw name="Click Element" owner="SeleniumLibrary">
<msg time="2025-02-18T16:01:39.936558" level="INFO">Clicking element '//button[@class='size-6']'.</msg>
<arg>${FilterClose}</arg>
<doc>Click the element identified by ``locator``.</doc>
<status status="PASS" start="2025-02-18T16:01:39.936335" elapsed="0.051124"/>
</kw>
<status status="PASS" start="2025-02-18T16:01:39.912201" elapsed="0.075342"/>
</kw>
<kw name="Close Browser" owner="SeleniumLibrary" type="TEARDOWN">
<doc>Closes the current browser.</doc>
<status status="PASS" start="2025-02-18T16:01:39.987920" elapsed="0.948123"/>
</kw>
<status status="PASS" start="2025-02-18T16:01:14.028935" elapsed="26.907188"/>
</test>
<status status="PASS" start="2025-02-18T16:01:13.246579" elapsed="27.689956"/>
</suite>
<status status="PASS" start="2025-02-18T16:01:13.245432" elapsed="27.691469"/>
</suite>
<status status="PASS" start="2025-02-18T16:01:13.233071" elapsed="27.704045"/>
</suite>
<statistics>
<total>
<stat pass="1" fail="0" skip="0">All Tests</stat>
</total>
<tag>
</tag>
<suite>
<stat pass="1" fail="0" skip="0" id="s1" name="Tests">Tests</stat>
<stat pass="1" fail="0" skip="0" id="s1-s1" name="PLP">Tests.PLP</stat>
<stat pass="1" fail="0" skip="0" id="s1-s1-s1" name="PLP TC001 Test">Tests.PLP.PLP TC001 Test</stat>
</suite>
</statistics>
<errors>
</errors>
</robot>
